GROUP,PACKAGE,CLASS,INSTRUCTION_MISSED,INSTRUCTION_COVERED,BRANCH_MISSED,BRANCH_COVERED,LINE_MISSED,LINE_COVERED,COMPLEXITY_MISSED,COMPLEXITY_COVERED,METHOD_MISSED,METHOD_COVERED
Entando Plugin: CMS,org.entando.entando.plugins.jacms.apsadmin.content.bulk,ContentBulkAction,50,112,4,2,11,32,10,18,7,18
Entando Plugin: CMS,org.entando.entando.plugins.jacms.apsadmin.content.bulk,ContentCategoryBulkAction,64,219,11,11,19,65,14,29,4,28
Entando Plugin: CMS,org.entando.entando.plugins.jacms.apsadmin.content.bulk,ContentGroupBulkAction,40,191,4,8,14,58,7,30,3,28
Entando Plugin: CMS,com.agiletec.plugins.jacms.apsadmin.content.attribute.manager.util,SymbolicLinkErrorMessenger,232,0,41,0,59,0,32,0,10,0
Entando Plugin: CMS,com.agiletec.plugins.jacms.aps.system.services.resource.parse,ImageDimensionDOM,12,131,5,7,3,37,5,5,0,4
Entando Plugin: CMS,com.agiletec.plugins.jacms.aps.system.services.resource.parse,ResourceDOM,22,185,3,5,7,42,4,14,1,13
Entando Plugin: CMS,com.agiletec.plugins.jacms.aps.system.services.resource.parse,ResourceHandler,35,345,10,42,8,91,13,33,3,17
Entando Plugin: CMS,com.agiletec.plugins.jacms.aps.system.services.renderer,BaseContentRenderer,12,137,2,6,4,36,2,10,0,8
Entando Plugin: CMS,com.agiletec.plugins.jacms.aps.system.services.renderer,ContentWrapper,142,26,14,0,34,9,18,5,11,5
Entando Plugin: CMS,com.agiletec.plugins.jacms.aps.system.services.renderer,SystemInfoWrapper,140,14,6,0,42,6,11,3,8,3
Entando Plugin: CMS,org.entando.entando.plugins.jacms.apsadmin.content.executor,PreviewWidgetExecutorAspect,137,10,26,0,29,3,14,2,1,2
Entando Plugin: CMS,org.entando.entando.plugins.jacms.aps.system.services.resource,ResourcesService,374,1326,30,110,86,302,46,86,19,40
Entando Plugin: CMS,org.entando.entando.plugins.jacms.web.contentmodel.validator,ContentModelReferencesValidator,5,5,0,0,2,2,2,2,2,2
Entando Plugin: CMS,org.entando.entando.plugins.jacms.web.contentmodel.validator,ContentModelUsageDetailsValidator,5,5,0,0,2,2,2,2,2,2
Entando Plugin: CMS,org.entando.entando.plugins.jacms.web.contentmodel.validator,ContentModelValidator,22,50,3,11,3,10,5,8,2,4
Entando Plugin: CMS,com.agiletec.plugins.jacms.apsadmin.tags,ContentInfoTag,217,0,12,0,48,0,19,0,13,0
Entando Plugin: CMS,com.agiletec.plugins.jacms.apsadmin.tags,ContentTypeInfoTag,67,0,4,0,14,0,6,0,4,0
Entando Plugin: CMS,com.agiletec.plugins.jacms.apsadmin.tags,ResourceInfoTag,44,0,0,0,10,0,4,0,4,0
Entando Plugin: CMS,org.entando.entando.plugins.jacms.web.resource.model,FileAssetDto,124,30,24,0,2,7,18,4,6,4
Entando Plugin: CMS,org.entando.entando.plugins.jacms.web.resource.model,ImageAssetDto,129,34,24,0,2,8,18,5,6,5
Entando Plugin: CMS,org.entando.entando.plugins.jacms.web.resource.model,ImageMetadataDto.ImageMetadataDtoBuilder,22,28,0,0,0,1,1,5,1,5
Entando Plugin: CMS,org.entando.entando.plugins.jacms.web.resource.model,AssetDto,476,73,94,0,1,13,62,13,15,13
Entando Plugin: CMS,org.entando.entando.plugins.jacms.web.resource.model,ListAssetsFolderResponse,157,24,30,0,1,5,20,7,5,7
Entando Plugin: CMS,org.entando.entando.plugins.jacms.web.resource.model,ImageAssetDto.ImageAssetDtoBuilder,128,148,13,9,0,1,14,17,5,14
Entando Plugin: CMS,org.entando.entando.plugins.jacms.web.resource.model,FileAssetDto.FileAssetDtoBuilder,92,125,6,5,0,1,7,16,3,14
Entando Plugin: CMS,org.entando.entando.plugins.jacms.web.resource.model,ImageMetadataDto,157,25,30,0,1,4,22,5,7,5
Entando Plugin: CMS,com.agiletec.plugins.jacms.aps.system.services.content.model,Content,12,260,3,5,4,81,4,34,1,33
Entando Plugin: CMS,com.agiletec.plugins.jacms.aps.system.services.content.model,SmallContentType,7,3,0,0,3,1,2,1,2,1
Entando Plugin: CMS,com.agiletec.plugins.jacms.aps.system.services.content.model,ContentRecordVO,4,104,0,0,2,44,1,30,1,30
Entando Plugin: CMS,com.agiletec.plugins.jacms.aps.system.services.content.model,SymbolicLink,25,261,8,24,2,73,9,24,1,14
Entando Plugin: CMS,com.agiletec.plugins.jacms.aps.system.services.content.model,ContentCategoryReferenceDto,56,0,2,0,21,0,11,0,10,0
Entando Plugin: CMS,com.agiletec.plugins.jacms.aps.system.services.content.model,CmsAttributeReference,0,21,0,0,0,8,0,4,0,4
Entando Plugin: CMS,com.agiletec.plugins.jacms.aps.system.services.content.model,ContentDto,14,409,1,27,2,124,2,51,1,36
Entando Plugin: CMS,com.agiletec.plugins.jacms.aps.servlet,ResourceWardenServlet,3,0,0,0,1,0,1,0,1,0
Entando Plugin: CMS,org.entando.entando.plugins.jacms.aps.system.init.portdb,ContentAttributeRole,13,31,1,1,2,6,1,2,0,2
Entando Plugin: CMS,org.entando.entando.plugins.jacms.aps.system.init.portdb,WorkContentRelation,22,35,1,1,2,6,1,2,0,2
Entando Plugin: CMS,org.entando.entando.plugins.jacms.aps.system.init.portdb,ContentRelation,46,125,1,1,5,9,1,2,0,2
Entando Plugin: CMS,org.entando.entando.plugins.jacms.aps.system.init.portdb,Content,0,3,0,0,0,1,0,1,0,1
Entando Plugin: CMS,org.entando.entando.plugins.jacms.aps.system.init.portdb,Resource,0,3,0,0,0,1,0,1,0,1
Entando Plugin: CMS,org.entando.entando.plugins.jacms.aps.system.init.portdb,ResourceRelation,33,58,1,1,3,7,1,2,0,2
Entando Plugin: CMS,org.entando.entando.plugins.jacms.aps.system.init.portdb,ContentModel,0,3,0,0,0,1,0,1,0,1
Entando Plugin: CMS,org.entando.entando.plugins.jacms.aps.system.init.portdb,ContentSearch,22,35,1,1,2,6,1,2,0,2
Entando Plugin: CMS,org.entando.entando.plugins.jacms.aps.system.init.portdb,WorkContentSearch,13,35,1,1,2,6,1,2,0,2
Entando Plugin: CMS,org.entando.entando.plugins.jacms.aps.system.init.portdb,WorkContentAttributeRole,13,31,1,1,2,6,1,2,0,2
Entando Plugin: CMS,org.entando.entando.plugins.jacms.web.resource,ResourcesController,17,361,5,25,0,66,5,20,0,10
Entando Plugin: CMS,org.entando.entando.plugins.jacms.web.resource.request,UpdateResourceRequest,0,24,0,0,0,10,0,7,0,7
Entando Plugin: CMS,org.entando.entando.plugins.jacms.web.resource.request,ListResourceRequest,70,24,14,0,11,10,9,7,2,7
Entando Plugin: CMS,org.entando.entando.plugins.jacms.web.resource.request,CreateResourceRequest,0,38,0,0,0,16,0,11,0,11
Entando Plugin: CMS,com.agiletec.plugins.jacms.apsadmin.content.attribute.manager,ResourceAttributeManager,24,111,5,9,5,25,6,7,1,5
Entando Plugin: CMS,com.agiletec.plugins.jacms.apsadmin.content.attribute.manager,HypertextAttributeManager,62,3,12,0,16,1,7,1,1,1
Entando Plugin: CMS,com.agiletec.plugins.jacms.apsadmin.content.attribute.manager,LinkAttributeManager,19,37,6,6,6,11,7,2,1,2
Entando Plugin: CMS,com.agiletec.plugins.jacms.apsadmin.content.attribute.action.link,LinkAttributeAction,157,147,13,3,53,53,21,25,12,23
Entando Plugin: CMS,com.agiletec.plugins.jacms.apsadmin.content.attribute.action.link,UrlLinkAction,101,94,9,3,24,27,14,13,8,13
Entando Plugin: CMS,com.agiletec.plugins.jacms.apsadmin.content.attribute.action.link,PageLinkAction,111,186,10,10,30,50,16,22,8,20
Entando Plugin: CMS,com.agiletec.plugins.jacms.apsadmin.content.attribute.action.link,ContentLinkAction,115,199,9,11,30,55,13,24,6,21
Entando Plugin: CMS,org.entando.entando.plugins.jacms.aps.system.services.contentsettings,ContentSettingsService,546,8,26,0,147,2,46,1,33,1
Entando Plugin: CMS,com.agiletec.plugins.jacms.aps.system.services.resource.cache,ResourceManagerCacheWrapper,11,46,0,0,3,14,2,7,2,7
Entando Plugin: CMS,org.entando.entando.plugins.jacms.aps.system.services.widgettype.validators,ContentViewerWidgetValidator,15,86,1,1,3,23,1,8,0,8
Entando Plugin: CMS,org.entando.entando.plugins.jacms.aps.system.services.widgettype.validators,RowContentListConfigurationEntry,82,21,2,0,9,10,5,6,4,6
Entando Plugin: CMS,org.entando.entando.plugins.jacms.aps.system.services.widgettype.validators,ContentListViewerWidgetValidator,46,145,12,8,9,38,9,13,0,12
Entando Plugin: CMS,org.entando.entando.plugins.jacms.aps.system.services.widgettype.validators,WidgetValidatorCmsHelper,87,290,14,32,11,58,15,18,1,9
Entando Plugin: CMS,org.entando.entando.plugins.jacms.aps.system.services.widgettype.validators,AbstractListViewerWidgetValidator,46,27,0,0,9,9,1,6,1,6
Entando Plugin: CMS,org.entando.entando.plugins.jacms.aps.system.services.widgettype.validators,RowContentListViewerWidgetValidator,46,189,7,11,7,43,7,13,0,11
Entando Plugin: CMS,org.entando.entando.plugins.jacms.aps.system.services.widgettype.validators,RowContentListViewerConfigProcessor,0,43,0,0,0,12,0,4,0,4
Entando Plugin: CMS,com.agiletec.plugins.jacms.aps.system.services.content.helper,PublicContentAuthorizationInfo,52,203,10,24,13,52,13,14,5,5
Entando Plugin: CMS,com.agiletec.plugins.jacms.aps.system.services.content.helper,ContentAuthorizationHelper,94,142,13,13,27,37,14,17,4,14
Entando Plugin: CMS,com.agiletec.plugins.jacms.aps.system.services.content.helper,BaseContentListHelper,138,285,29,29,33,65,27,21,5,14
Entando Plugin: CMS,com.agiletec.plugins.jacms.aps.system.services.resource.model,AbstractMonoInstanceResource,31,100,2,2,9,24,3,10,1,10
Entando Plugin: CMS,com.agiletec.plugins.jacms.aps.system.services.resource.model,AbstractResource,79,612,9,27,17,169,12,61,3,52
Entando Plugin: CMS,com.agiletec.plugins.jacms.aps.system.services.resource.model,ResourceRecordVO,3,77,0,0,1,33,1,22,1,22
Entando Plugin: CMS,com.agiletec.plugins.jacms.aps.system.services.resource.model,BaseResourceDataBean,43,148,5,9,9,55,4,33,1,29
Entando Plugin: CMS,com.agiletec.plugins.jacms.aps.system.services.resource.model,ResourceInterface,0,6,0,0,0,2,0,1,0,1
Entando Plugin: CMS,com.agiletec.plugins.jacms.aps.system.services.resource.model,AbstractMultiInstanceResource,11,142,2,8,3,33,2,11,0,8
Entando Plugin: CMS,com.agiletec.plugins.jacms.aps.system.services.resource.model,ResourceInstance,12,99,2,2,3,27,3,12,1,12
Entando Plugin: CMS,com.agiletec.plugins.jacms.aps.system.services.resource.model,ResourceCategoryReferenceDto,56,0,2,0,21,0,11,0,10,0
Entando Plugin: CMS,com.agiletec.plugins.jacms.aps.system.services.resource.model,ImageResourceDimension,0,24,0,0,0,10,0,7,0,7
Entando Plugin: CMS,com.agiletec.plugins.jacms.aps.system.services.resource.model,ResourceDto,225,0,8,0,68,0,35,0,31,0
Entando Plugin: CMS,com.agiletec.plugins.jacms.aps.system.services.resource.model,ResourceInstanceDto,73,0,0,0,26,0,12,0,12,0
Entando Plugin: CMS,com.agiletec.plugins.jacms.aps.system.services.resource.model,JaxbMetadataMapping,1,67,2,2,1,20,2,5,0,5
Entando Plugin: CMS,com.agiletec.plugins.jacms.aps.system.services.resource.model,AttachResource,15,71,0,0,5,17,2,4,2,4
Entando Plugin: CMS,com.agiletec.plugins.jacms.aps.system.services.resource.model,JaxbMetadataMapping.MetadataFieldMapping,0,17,0,0,0,7,0,5,0,5
Entando Plugin: CMS,com.agiletec.plugins.jacms.aps.system.services.resource.model,ImageResource,419,418,15,15,79,100,18,24,8,19
Entando Plugin: CMS,org.entando.entando.plugins.jacms.aps.system.services.content.command.common,BaseContentPropertyBulkCommand,0,8,0,0,0,2,0,2,0,2
Entando Plugin: CMS,org.entando.entando.plugins.jacms.aps.system.services.content.command.common,BaseContentBulkCommand,114,69,25,5,27,20,19,10,4,10
Entando Plugin: CMS,org.entando.entando.plugins.jacms.aps.system.services.content.command.common,ContentBulkCommandContext,0,15,0,0,0,6,0,3,0,3
Entando Plugin: CMS,org.entando.entando.plugins.jacms.aps.system.services.content.command.common,ContentPropertyBulkCommandContext,0,16,0,0,0,6,0,3,0,3
Entando Plugin: CMS,com.agiletec.plugins.jacms.apsadmin.content.model,ContentModelFinderAction,14,48,1,3,3,15,4,8,3,7
Entando Plugin: CMS,com.agiletec.plugins.jacms.apsadmin.content.model,ContentModelAction,255,391,21,29,60,117,27,45,14,33
Entando Plugin: CMS,com.agiletec.plugins.jacms.aps.system.services.contentpagemapper,ContentPageMapper,14,21,0,0,4,6,3,3,3,3
Entando Plugin: CMS,com.agiletec.plugins.jacms.aps.system.services.contentpagemapper,ContentPageMapperManager,0,74,0,2,0,24,0,12,0,11
Entando Plugin: CMS,com.agiletec.plugins.jacms.aps.system.services.resource.event,ResourceChangedEvent,0,17,0,0,0,7,0,5,0,5
Entando Plugin: CMS,com.agiletec.plugins.jacms.apsadmin.resource,ResourceAdminAction,29,0,0,0,10,0,4,0,4,0
Entando Plugin: CMS,com.agiletec.plugins.jacms.apsadmin.resource,ResourceAction,624,263,63,17,173,84,63,36,29,30
Entando Plugin: CMS,com.agiletec.plugins.jacms.apsadmin.resource,ResourceFileChunksUploadAction,316,183,20,14,79,43,33,13,19,10
Entando Plugin: CMS,com.agiletec.plugins.jacms.apsadmin.resource,ResourceFileChunksStopUploadAndDeleteAction,116,0,6,0,26,0,10,0,7,0
Entando Plugin: CMS,com.agiletec.plugins.jacms.apsadmin.resource,ResourceFinderAction,269,277,41,29,60,76,35,36,12,24
Entando Plugin: CMS,com.agiletec.plugins.jacms.apsadmin.resource,AbstractResourceAction,7,40,0,0,2,15,2,11,2,11
Entando Plugin: CMS,com.agiletec.plugins.jacms.apsadmin.resource,MultipleResourceAction,466,595,48,46,88,154,50,34,13,24
Entando Plugin: CMS,org.entando.entando.plugins.jacms.aps.system.services.content.command.group,JoinGroupBulkCommand,18,45,5,5,4,10,6,2,1,2
Entando Plugin: CMS,org.entando.entando.plugins.jacms.aps.system.services.content.command.group,BaseContentGroupBulkCommand,21,134,12,14,7,40,10,13,0,10
Entando Plugin: CMS,org.entando.entando.plugins.jacms.aps.system.services.content.command.group,RemoveGroupBulkCommand,18,45,5,5,4,10,6,2,1,2
Entando Plugin: CMS,com.agiletec.plugins.jacms.aps.system.services.dispenser,BaseContentDispenser,59,470,17,31,19,95,17,34,0,27
Entando Plugin: CMS,com.agiletec.plugins.jacms.aps.system.services.dispenser,ContentRenderizationInfo,71,101,4,10,23,27,14,11,10,8
Entando Plugin: CMS,com.agiletec.plugins.jacms.aps.system.services.content.widget.util,FilterUtils,150,63,5,5,30,13,9,6,6,4
Entando Plugin: CMS,com.agiletec.plugins.jacms.aps.system.services.content.widget.util,EntitySearchFilterDOM,29,0,0,0,7,0,5,0,5,0
Entando Plugin: CMS,org.entando.entando.plugins.jacms.web.contentmodel.model,ContentModelReferenceDTO,0,24,0,0,0,10,0,7,0,7
Entando Plugin: CMS,org.entando.entando.plugins.jacms.aps.system.services.page,CmsPageServiceWrapper,20,27,0,0,7,7,2,6,2,6
Entando Plugin: CMS,org.entando.entando.plugins.jacms.aps.system.services.page,CmsPageManagerWrapper,77,148,15,23,14,38,11,16,0,8
Entando Plugin: CMS,org.entando.entando.plugins.jacms.web.content.validator,RestContentListRequest,0,69,0,0,0,29,0,19,0,19
Entando Plugin: CMS,org.entando.entando.plugins.jacms.web.content.validator,BatchContentStatusRequest,17,22,0,0,1,8,1,5,1,5
Entando Plugin: CMS,org.entando.entando.plugins.jacms.web.content.validator,ContentValidator,12,21,0,2,3,4,0,4,0,3
Entando Plugin: CMS,org.entando.entando.plugins.jacms.web.content.validator,ContentStatusRequest,12,10,0,0,1,4,1,3,1,3
Entando Plugin: CMS,org.entando.entando.plugins.jacms.web.content.validator,ContentTypeValidator,3,6,0,0,1,3,1,1,1,1
Entando Plugin: CMS,com.agiletec.plugins.jacms.aps.system.services.linkresolver,LinkResolverManager,49,341,8,32,11,98,12,33,4,21
Entando Plugin: CMS,org.entando.entando.plugins.jacms.aps.system.services.content.command,RemoveOnlineContentBulkCommand,52,0,6,0,13,0,9,0,6,0
Entando Plugin: CMS,org.entando.entando.plugins.jacms.aps.system.services.content.command,InsertOnlineContentBulkCommand,12,87,9,9,3,23,10,8,1,8
Entando Plugin: CMS,org.entando.entando.plugins.jacms.aps.system.services.content.command,DeleteContentBulkCommand,28,0,2,0,8,0,4,0,3,0
Entando Plugin: CMS,com.agiletec.plugins.jacms.aps.system.services.content.event,PublicContentChangedEvent,0,24,0,0,0,10,0,7,0,7
Entando Plugin: CMS,com.agiletec.plugins.jacms.apsadmin.resource.helper,ResourceActionHelper,21,77,3,7,7,18,3,6,0,4
Entando Plugin: CMS,com.agiletec.plugins.jacms.aps.system.services.resource.model.imageresizer,PNGImageResizer,161,145,2,6,34,38,4,8,2,6
Entando Plugin: CMS,com.agiletec.plugins.jacms.aps.system.services.resource.model.imageresizer,DefaultImageResizer,44,77,0,0,11,16,1,3,1,3
Entando Plugin: CMS,com.agiletec.plugins.jacms.aps.system.services.resource.model.imageresizer,AbstractImageResizer,23,142,2,4,6,28,2,8,0,7
Entando Plugin: CMS,org.entando.entando.plugins.jacms.web.contentmodel,ContentModelResourceController,5,226,1,5,1,46,1,12,0,10
Entando Plugin: CMS,com.agiletec.plugins.jacms.aps.system.services.contentpagemapper.cache,ContentMapperCacheWrapper,2,137,5,13,1,34,5,11,0,7
Entando Plugin: CMS,org.entando.entando.plugins.jacms.web.content,ContentController.new AbstractPaginationValidator() {...},5,17,1,1,3,4,3,3,2,3
Entando Plugin: CMS,org.entando.entando.plugins.jacms.web.content,ContentTypeResourceController,86,501,4,4,16,95,5,24,1,24
Entando Plugin: CMS,org.entando.entando.plugins.jacms.web.content,ContentController,113,398,11,23,22,77,10,28,2,19
Entando Plugin: CMS,org.entando.entando.plugins.jacms.web.contentsettings,ContentSettingsController,157,11,0,0,30,4,10,1,10,1
Entando Plugin: CMS,org.entando.entando.plugins.jacms.aps.util,CmsPageUtil,168,211,33,31,42,50,27,17,4,8
Entando Plugin: CMS,com.agiletec.plugins.jacms.aps.system.services.contentmodel.model,ContentTypeRefreshRequest,0,14,0,0,0,5,0,3,0,3
Entando Plugin: CMS,com.agiletec.plugins.jacms.aps.system.services.contentmodel.model,ContentModelDto,0,38,0,0,0,16,0,11,0,11
Entando Plugin: CMS,com.agiletec.plugins.jacms.aps.system.services.contentmodel.model,ContentTypeDto,88,100,8,10,13,29,11,13,4,11
Entando Plugin: CMS,com.agiletec.plugins.jacms.aps.system.services.contentmodel.model,ContentModelReference,0,31,0,0,0,13,0,9,0,9
Entando Plugin: CMS,com.agiletec.plugins.jacms.aps.system.services.contentmodel.model,ContentTypeDtoBuilder,0,11,0,0,0,3,0,2,0,2
Entando Plugin: CMS,com.agiletec.plugins.jacms.aps.system.services.contentmodel.model,ContentTypeDtoRequest,16,56,1,1,3,20,1,9,0,9
Entando Plugin: CMS,com.agiletec.plugins.jacms.aps.system.services.resource.model.util,ImageDimensionReader,16,38,1,1,4,14,1,7,0,7
Entando Plugin: CMS,com.agiletec.plugins.jacms.aps.system.services.contentmodel.event,ContentModelChangedEvent,3,21,0,0,1,9,1,6,1,6
Entando Plugin: CMS,org.entando.entando.plugins.jacms.apsadmin.portal.specialwidget.rowcontentlist,RowContentListViewerWidgetAction,592,0,62,0,163,0,64,0,33,0
Entando Plugin: CMS,com.agiletec.plugins.jacms.apsadmin.content.helper,ContentActionHelper,103,503,30,66,26,115,28,36,0,16
Entando Plugin: CMS,com.agiletec.plugins.jacms.aps.tags.util,SearcherTagHelper,71,0,6,0,16,0,5,0,2,0
Entando Plugin: CMS,org.entando.entando.plugins.jacms.web.analysis,AnalysisControllerCms.CmsObjectType,0,44,0,0,0,2,0,1,0,1
Entando Plugin: CMS,org.entando.entando.plugins.jacms.web.analysis,AnalysisControllerCms,45,38,2,3,7,9,2,5,0,3
Entando Plugin: CMS,com.agiletec.plugins.jacms.aps.system.services.content.model.attribute,ImageAttribute,0,32,0,2,0,10,0,6,0,5
Entando Plugin: CMS,com.agiletec.plugins.jacms.aps.system.services.content.model.attribute,AttachAttribute,10,93,3,7,4,28,3,8,0,6
Entando Plugin: CMS,com.agiletec.plugins.jacms.aps.system.services.content.model.attribute,JAXBLinkValue,0,24,0,0,0,10,0,7,0,7
Entando Plugin: CMS,com.agiletec.plugins.jacms.aps.system.services.content.model.attribute,CmsHypertextAttribute,175,149,16,10,33,43,13,16,3,13
Entando Plugin: CMS,com.agiletec.plugins.jacms.aps.system.services.content.model.attribute,JAXBResourceAttribute,0,10,0,0,0,4,0,3,0,3
Entando Plugin: CMS,com.agiletec.plugins.jacms.aps.system.services.content.model.attribute,LinkAttribute,15,554,9,45,6,138,9,45,0,25
Entando Plugin: CMS,com.agiletec.plugins.jacms.aps.system.services.content.model.attribute,ContentStatusState,83,0,8,0,16,0,7,0,3,0
Entando Plugin: CMS,com.agiletec.plugins.jacms.aps.system.services.content.model.attribute,JAXBResourceValue,0,31,0,0,0,13,0,9,0,9
Entando Plugin: CMS,com.agiletec.plugins.jacms.aps.system.services.content.model.attribute,JAXBLinkAttribute,0,10,0,0,0,4,0,3,0,3
Entando Plugin: CMS,com.agiletec.plugins.jacms.aps.system.services.content.model.attribute,AbstractResourceAttribute,171,577,28,46,45,145,31,53,10,37
Entando Plugin: CMS,org.entando.entando.plugins.jacms.aps.system.services.contentmodel,ContentModelRequestListProcessor,7,75,1,6,3,12,2,15,1,11
Entando Plugin: CMS,org.entando.entando.plugins.jacms.aps.system.services.contentmodel,ContentModelReferencesRequestListProcessor,52,25,6,1,9,6,11,5,6,5
Entando Plugin: CMS,com.agiletec.plugins.jacms.apsadmin.portal.specialwidget.viewer,ContentViewerWidgetAction,88,107,2,10,22,33,5,15,4,10
Entando Plugin: CMS,com.agiletec.plugins.jacms.apsadmin.portal.specialwidget.viewer,ContentFinderViewerAction,161,90,14,2,47,31,23,13,15,13
Entando Plugin: CMS,com.agiletec.plugins.jacms.aps.system.services.content.parse.attribute,ResourceAttributeHandler,10,235,10,26,3,64,10,25,0,17
Entando Plugin: CMS,com.agiletec.plugins.jacms.aps.system.services.content.parse.attribute,LinkAttributeHandler,0,289,7,45,0,79,7,36,0,17
Entando Plugin: CMS,org.entando.entando.plugins.jacms.apsadmin.content.rs.model,ContentsStatusResponse,59,0,0,0,21,0,11,0,11,0
Entando Plugin: CMS,org.entando.entando.plugins.jacms.apsadmin.content.rs.model,ContentJO,75,0,2,0,26,0,14,0,13,0
Entando Plugin: CMS,com.agiletec.plugins.jacms.aps.system.services.searchengine,SearchEngineDAOFactory,107,243,17,11,19,68,13,24,0,23
Entando Plugin: CMS,com.agiletec.plugins.jacms.aps.system.services.searchengine,LastReloadInfo,3,14,0,0,1,6,1,4,1,4
Entando Plugin: CMS,com.agiletec.plugins.jacms.aps.system.services.searchengine,IndexerDAO,58,598,18,56,15,122,18,35,1,15
Entando Plugin: CMS,com.agiletec.plugins.jacms.aps.system.services.searchengine,SearchEngineManager,99,512,18,44,23,148,17,51,1,35
Entando Plugin: CMS,com.agiletec.plugins.jacms.aps.system.services.searchengine,IndexLoaderThread,21,85,0,4,8,26,0,7,0,5
Entando Plugin: CMS,com.agiletec.plugins.jacms.aps.system.services.searchengine,NumericSearchEngineFilter,0,36,0,0,0,11,0,4,0,4
Entando Plugin: CMS,com.agiletec.plugins.jacms.aps.system.services.searchengine,SearcherDAO,57,1023,17,135,16,207,17,76,1,16
Entando Plugin: CMS,com.agiletec.plugins.jacms.apsadmin.content.attribute.action.list,ListAttributeAction,48,109,7,7,11,29,9,11,3,10
Entando Plugin: CMS,com.agiletec.plugins.jacms.apsadmin.system,ContentTypeConfigAction,122,42,14,2,34,14,16,8,8,8
Entando Plugin: CMS,com.agiletec.plugins.jacms.apsadmin.system,ContentTypesAction,35,0,0,0,13,0,6,0,6,0
Entando Plugin: CMS,com.agiletec.plugins.jacms.aps.system.services.cache,CmsCacheWrapperManager,33,309,6,12,8,63,6,18,0,15
Entando Plugin: CMS,org.entando.entando.plugins.jacms.apsadmin.portal.helper,ContentPageValidator,85,239,18,24,18,57,15,19,0,13
Entando Plugin: CMS,org.entando.entando.plugins.jacms.apsadmin.tags,CmsAdminPagerTag,105,0,0,0,24,0,8,0,8,0
Entando Plugin: CMS,org.entando.entando.plugins.jacms.apsadmin.tags,ContentPreviewTag,47,0,0,0,12,0,3,0,3,0
Entando Plugin: CMS,org.entando.entando.plugins.jacms.web.contentsettings.model,LastReloadInfoDto,27,0,0,0,7,0,6,0,6,0
Entando Plugin: CMS,org.entando.entando.plugins.jacms.web.contentsettings.model,LastReloadInfoDto.LastReloadInfoDtoBuilder,38,0,0,0,1,0,5,0,5,0
Entando Plugin: CMS,org.entando.entando.plugins.jacms.web.contentsettings.model,ContentSettingsCropRatioRequest,10,0,0,0,3,0,3,0,3,0
Entando Plugin: CMS,org.entando.entando.plugins.jacms.web.contentsettings.model,ContentSettingsEditorRequest,10,0,0,0,4,0,3,0,3,0
Entando Plugin: CMS,org.entando.entando.plugins.jacms.web.contentsettings.model,CreateContentSettingsMetadataRequest,17,0,0,0,7,0,5,0,5,0
Entando Plugin: CMS,org.entando.entando.plugins.jacms.web.contentsettings.model,EditContentSettingsMetadataRequest,10,0,0,0,4,0,3,0,3,0
Entando Plugin: CMS,org.entando.entando.plugins.jacms.web.contentsettings.model,ContentSettingsDto,92,0,2,0,27,0,16,0,15,0
Entando Plugin: CMS,org.entando.entando.plugins.jacms.web.contentsettings.model,ContentSettingsDto.Editor,68,0,4,0,14,0,7,0,5,0
Entando Plugin: CMS,com.agiletec.plugins.jacms.apsadmin.content.attribute.action.hypertext,PageLinkAttributeAction,5,63,1,1,2,17,1,7,0,7
Entando Plugin: CMS,com.agiletec.plugins.jacms.apsadmin.content.attribute.action.hypertext,ContentLinkAttributeAction,51,63,2,0,14,17,2,7,1,7
Entando Plugin: CMS,com.agiletec.plugins.jacms.apsadmin.content.attribute.action.hypertext,HypertextAttributeAction,17,0,0,0,7,0,5,0,5,0
Entando Plugin: CMS,org.entando.entando.plugins.jacms.aps.tags,RowContentListTag,94,0,6,0,29,0,8,0,5,0
Entando Plugin: CMS,org.entando.entando.plugins.jacms.aps.system.services.api.model,ApiContentListBean,127,0,8,0,36,0,15,0,11,0
Entando Plugin: CMS,org.entando.entando.plugins.jacms.aps.system.services.api.model,JAXBContentAttribute,31,0,0,0,14,0,9,0,9,0
Entando Plugin: CMS,org.entando.entando.plugins.jacms.aps.system.services.api.model,JAXBContentType,0,28,0,0,0,12,0,8,0,8
Entando Plugin: CMS,org.entando.entando.plugins.jacms.aps.system.services.api.model,JAXBContent,0,52,0,0,0,20,0,10,0,10
Entando Plugin: CMS,org.entando.entando.plugins.jacms.aps.system.services.api.model,JAXBCmsResult,3,14,0,0,1,6,1,4,1,4
Entando Plugin: CMS,org.entando.entando.plugins.jacms.aps.system.services.api.model,JAXBResource,419,4,36,0,116,1,38,1,20,1
Entando Plugin: CMS,org.entando.entando.plugins.jacms.aps.system.services.api.model,CmsApiResponse,16,11,0,0,5,4,2,3,2,3
Entando Plugin: CMS,org.entando.entando.plugins.jacms.aps.system.services.api.model,CmsApiResponseResult,6,0,0,0,2,0,2,0,2,0
Entando Plugin: CMS,com.agiletec.plugins.jacms.aps.system,JacmsSystemConstants,3,0,0,0,1,0,1,0,1,0
Entando Plugin: CMS,com.agiletec.plugins.jacms.aps.system.services.resource,ResourceService,92,23,2,0,23,8,8,4,7,4
Entando Plugin: CMS,com.agiletec.plugins.jacms.aps.system.services.resource,ResourceService.new DtoBuilder() {...},8,6,0,0,2,1,1,1,1,1
Entando Plugin: CMS,com.agiletec.plugins.jacms.aps.system.services.resource,ResourceManager,536,741,23,25,126,195,25,53,10,44
Entando Plugin: CMS,com.agiletec.plugins.jacms.aps.system.services.resource,ResourceReloaderThread,94,0,12,0,27,0,13,0,7,0
Entando Plugin: CMS,com.agiletec.plugins.jacms.aps.system.services.resource,ResourceDAO,250,929,9,49,54,235,11,51,3,30
Entando Plugin: CMS,org.entando.entando.plugins.jacms.aps.system.services.content.helper,ContentHelper,17,114,3,9,5,28,3,10,0,7
Entando Plugin: CMS,com.agiletec.plugins.jacms.aps.system.services.contentmodel,ContentRestriction,3,11,0,4,1,1,1,3,1,1
Entando Plugin: CMS,com.agiletec.plugins.jacms.aps.system.services.contentmodel,ContentModelManager,56,666,13,75,11,165,11,62,0,28
Entando Plugin: CMS,com.agiletec.plugins.jacms.aps.system.services.contentmodel,ContentModel,1,98,3,13,0,31,3,20,0,15
Entando Plugin: CMS,com.agiletec.plugins.jacms.aps.system.services.contentmodel,ContentModelDAO,86,225,0,2,15,65,0,8,0,7
Entando Plugin: CMS,com.agiletec.plugins.jacms.apsadmin.content.attribute.action.resource,ResourceAttributeActionHelper,168,309,29,19,34,80,24,15,3,12
Entando Plugin: CMS,com.agiletec.plugins.jacms.apsadmin.content.attribute.action.resource,ExtendedResourceFinderAction,111,118,8,2,29,34,10,12,5,12
Entando Plugin: CMS,com.agiletec.plugins.jacms.apsadmin.content.attribute.action.resource,ResourceAttributeAction,89,111,4,0,29,34,8,17,6,17
Entando Plugin: CMS,com.agiletec.plugins.jacms.apsadmin.content.attribute.action.resource,ExtendedResourceAction,397,63,34,4,92,14,27,7,9,6
Entando Plugin: CMS,com.agiletec.plugins.jacms.aps.system.services.content.parse,ContentDOM,0,81,1,7,0,25,1,12,0,9
Entando Plugin: CMS,com.agiletec.plugins.jacms.aps.system.services.content.parse,ContentTypeDOM,0,104,1,9,0,27,1,10,0,6
Entando Plugin: CMS,com.agiletec.plugins.jacms.aps.system.services.content.parse,ContentHandler,33,227,9,33,9,71,9,30,0,18
Entando Plugin: CMS,com.agiletec.plugins.jacms.aps.system.services.contentmodel.cache,ContentModelManagerCacheWrapper,12,106,0,2,3,25,0,12,0,11
Entando Plugin: CMS,org.entando.entando.plugins.jacms.aps.system.services.content.command.category,RemoveCategoryBulkCommand,10,47,4,6,3,10,5,3,1,2
Entando Plugin: CMS,org.entando.entando.plugins.jacms.aps.system.services.content.command.category,JoinCategoryBulkCommand,10,60,5,7,3,11,6,4,1,3
Entando Plugin: CMS,org.entando.entando.plugins.jacms.apsadmin.content,ContentPreviewAction,45,223,9,17,11,63,8,22,0,17
Entando Plugin: CMS,org.entando.entando.plugins.jacms.aps.system.services.api.response,ContentTypeResponseResult,4,3,0,0,1,1,1,1,1,1
Entando Plugin: CMS,org.entando.entando.plugins.jacms.aps.system.services.api.response,ContentTypeResponse,4,7,0,0,1,2,1,2,1,2
Entando Plugin: CMS,org.entando.entando.plugins.jacms.aps.system.services.api.response,ContentResponse,4,7,0,0,1,2,1,2,1,2
Entando Plugin: CMS,org.entando.entando.plugins.jacms.aps.system.services.api.response,ContentModelResponse,11,0,0,0,3,0,3,0,3,0
Entando Plugin: CMS,org.entando.entando.plugins.jacms.aps.system.services.api.response,ContentModelResponseResult,7,0,0,0,2,0,2,0,2,0
Entando Plugin: CMS,org.entando.entando.plugins.jacms.aps.system.services.api.response,ContentResponseResult,4,3,0,0,1,1,1,1,1,1
Entando Plugin: CMS,org.entando.entando.plugins.jacms.aps.system.services.api.response,ResourceResponseResult,7,0,0,0,2,0,2,0,2,0
Entando Plugin: CMS,org.entando.entando.plugins.jacms.aps.system.services.api.response,ResourceResponse,11,0,0,0,3,0,3,0,3,0
Entando Plugin: CMS,org.entando.entando.plugins.jacms.aps.system.services.api,AbstractCmsApiInterface,3,14,0,0,1,6,1,4,1,4
Entando Plugin: CMS,org.entando.entando.plugins.jacms.aps.system.services.api,ApiContentTypeInterface,154,167,16,10,33,47,17,14,4,14
Entando Plugin: CMS,org.entando.entando.plugins.jacms.aps.system.services.api,ApiContentModelInterface,365,7,26,0,69,2,18,2,5,2
Entando Plugin: CMS,org.entando.entando.plugins.jacms.aps.system.services.api,ApiResourceInterface,949,31,96,0,203,14,75,8,27,8
Entando Plugin: CMS,org.entando.entando.plugins.jacms.aps.system.services.api,ApiContentInterface,1263,273,105,15,266,83,82,22,22,22
Entando Plugin: CMS,com.agiletec.plugins.jacms.aps.system.services.contentmodel.dictionary,ContentModelDictionary,0,16,0,0,0,4,0,2,0,2
Entando Plugin: CMS,com.agiletec.plugins.jacms.aps.system.services.contentmodel.dictionary,ContentModelDictionaryProvider,15,44,0,0,5,14,5,8,5,8
Entando Plugin: CMS,com.agiletec.plugins.jacms.aps.system.services.content,ContentDAO,576,1332,13,35,121,354,17,59,6,46
Entando Plugin: CMS,com.agiletec.plugins.jacms.aps.system.services.content,ContentManager,304,594,8,42,76,153,17,64,10,46
Entando Plugin: CMS,com.agiletec.plugins.jacms.aps.system.services.content,PublicContentSearcherDAO,22,331,2,30,6,74,2,25,0,11
Entando Plugin: CMS,com.agiletec.plugins.jacms.aps.system.services.content,IContentManager,0,60,0,0,0,1,0,1,0,1
Entando Plugin: CMS,com.agiletec.plugins.jacms.aps.system.services.content,ContentsStatus,62,0,0,0,15,0,11,0,11,0
Entando Plugin: CMS,com.agiletec.plugins.jacms.aps.system.services.content,ContentUpdaterDAO,108,0,2,0,26,0,4,0,3,0
Entando Plugin: CMS,com.agiletec.plugins.jacms.aps.system.services.content,ContentUpdaterService,254,0,10,0,64,0,18,0,13,0
Entando Plugin: CMS,com.agiletec.plugins.jacms.aps.system.services.content,AbstractContentSearcherDAO,97,617,14,80,17,152,17,52,4,18
Entando Plugin: CMS,com.agiletec.plugins.jacms.aps.system.services.content,WorkContentSearcherDAO,0,35,1,3,0,11,1,9,0,8
Entando Plugin: CMS,org.entando.entando.plugins.jacms.apsadmin.content.bulk.util,SmallBulkCommandReport,52,0,0,0,22,0,15,0,15,0
Entando Plugin: CMS,org.entando.entando.plugins.jacms.apsadmin.content.bulk.util,ContentBulkActionHelper,134,147,20,20,36,37,19,14,3,10
Entando Plugin: CMS,org.entando.entando.plugins.jacms.apsadmin.content.bulk.util,ContentBulkActionSummary,45,0,0,0,13,0,7,0,7,0
Entando Plugin: CMS,com.agiletec.plugins.jacms.aps.tags,ContentListFilterTag,208,0,14,0,62,0,28,0,21,0
Entando Plugin: CMS,com.agiletec.plugins.jacms.aps.tags,ContentInfoTag,236,0,28,0,59,0,25,0,11,0
Entando Plugin: CMS,com.agiletec.plugins.jacms.aps.tags,ContentListUserFilterOptionTag,160,0,14,0,43,0,22,0,15,0
Entando Plugin: CMS,com.agiletec.plugins.jacms.aps.tags,SearcherTag,60,0,0,0,17,0,5,0,5,0
Entando Plugin: CMS,com.agiletec.plugins.jacms.aps.tags,ContentListTag,447,0,40,0,125,0,56,0,36,0
Entando Plugin: CMS,com.agiletec.plugins.jacms.aps.tags,ContentTag,149,0,12,0,41,0,20,0,14,0
Entando Plugin: CMS,com.agiletec.plugins.jacms.apsadmin.portal,PageAction,203,15,10,0,53,6,17,4,12,4
Entando Plugin: CMS,org.entando.entando.plugins.jacms.aps.system.services.security,VelocityNonceInjector,13,55,4,8,1,13,3,5,0,2
Entando Plugin: CMS,com.agiletec.plugins.jacms.aps.system.services.content.widget,ContentViewerHelper,33,417,12,60,6,106,11,46,1,20
Entando Plugin: CMS,com.agiletec.plugins.jacms.aps.system.services.content.widget,UserFilterOptionBean.AttributeFormFieldError,30,0,0,0,10,0,5,0,5,0
Entando Plugin: CMS,com.agiletec.plugins.jacms.aps.system.services.content.widget,UserFilterOptionBean,1150,0,152,0,239,0,111,0,35,0
Entando Plugin: CMS,com.agiletec.plugins.jacms.aps.system.services.content.widget,ContentListHelper,340,420,68,46,72,96,53,26,7,15
Entando Plugin: CMS,com.agiletec.plugins.jacms.aps.system.services.content.widget,IContentListWidgetHelper,39,0,0,0,2,0,1,0,1,0
Entando Plugin: CMS,org.entando.entando.plugins.jacms.aps.system.init.portdb.enums,AttributeType,273,0,4,0,30,0,6,0,4,0
Entando Plugin: CMS,org.entando.entando.plugins.jacms.aps.system.services,ContentTypeService,54,168,1,3,13,36,3,24,2,23
Entando Plugin: CMS,org.entando.entando.plugins.jacms.aps.system.services,ContentModelService,0,5,0,0,0,1,0,1,0,1
Entando Plugin: CMS,org.entando.entando.plugins.jacms.aps.system.services,ContentModelUsageDetailsRequestListProcessor,56,25,6,1,9,6,12,5,7,5
Entando Plugin: CMS,org.entando.entando.plugins.jacms.aps.system.services,ContentModelServiceImpl.new DtoBuilder() {...},0,33,0,0,0,8,0,2,0,2
Entando Plugin: CMS,org.entando.entando.plugins.jacms.aps.system.services,ContentModelServiceImpl,52,833,4,42,11,200,5,49,1,30
Entando Plugin: CMS,com.agiletec.plugins.jacms.apsadmin.content.attribute.action.link.helper,LinkAttributeActionHelper,142,281,17,17,26,74,15,15,0,11
Entando Plugin: CMS,org.entando.entando.plugins.jacms.aps.system.services.content.widget,RowContentListHelper,20,115,12,12,5,18,12,3,2,1
Entando Plugin: CMS,org.entando.entando.plugins.jacms.aps.system.services.content,ContentService.new DtoBuilder() {...},0,20,0,0,0,4,0,2,0,2
Entando Plugin: CMS,org.entando.entando.plugins.jacms.aps.system.services.content,ContentService,342,1507,43,135,70,333,43,111,3,62
Entando Plugin: CMS,org.entando.entando.plugins.jacms.apsadmin.content.preview,ContentPreviewViewerHelper,133,7,12,0,28,2,7,2,1,2
Entando Plugin: CMS,org.entando.entando.plugins.jacms.apsadmin.content.preview,ContentPreviewDispenser,124,11,12,0,27,4,10,3,4,3
Entando Plugin: CMS,org.entando.entando.plugins.jacms.aps.servlet,ProtectedResourceProvider,335,39,36,0,85,18,31,10,13,10
Entando Plugin: CMS,com.agiletec.plugins.jacms.aps.system.services.content.model.attribute.util,HypertextAttributeUtil,241,28,35,5,55,8,24,3,5,2
Entando Plugin: CMS,com.agiletec.plugins.jacms.aps.system.services.content.model.attribute.util,SymbolicLinkValidator,74,240,11,23,14,71,10,22,1,12
Entando Plugin: CMS,com.agiletec.plugins.jacms.apsadmin.portal.specialwidget.listviewer,NumberAttributeFilterAction,0,68,0,6,0,22,0,13,0,10
Entando Plugin: CMS,com.agiletec.plugins.jacms.apsadmin.portal.specialwidget.listviewer,BaseFilterAction,146,163,17,11,37,55,22,24,10,22
Entando Plugin: CMS,com.agiletec.plugins.jacms.apsadmin.portal.specialwidget.listviewer,TextAttributeFilterAction,78,12,10,0,22,5,13,4,8,4
Entando Plugin: CMS,com.agiletec.plugins.jacms.apsadmin.portal.specialwidget.listviewer,BooleanAttributeFilterAction,32,0,4,0,9,0,7,0,5,0
Entando Plugin: CMS,com.agiletec.plugins.jacms.apsadmin.portal.specialwidget.listviewer,ContentListViewerWidgetAction,908,399,114,30,218,122,104,39,38,33
Entando Plugin: CMS,com.agiletec.plugins.jacms.apsadmin.portal.specialwidget.listviewer,DateAttributeFilterAction,28,137,2,10,9,40,6,23,4,19
Entando Plugin: CMS,org.entando.entando.plugins.jacms.web.resource.validator,ResourcesValidator,23,89,3,7,5,22,5,9,2,7
Entando Plugin: CMS,com.agiletec.plugins.jacms.apsadmin.content,ContentAdminAction,52,453,12,34,14,122,13,50,3,37
Entando Plugin: CMS,com.agiletec.plugins.jacms.apsadmin.content,ContentInspectionAction,187,257,11,25,33,72,10,25,1,16
Entando Plugin: CMS,com.agiletec.plugins.jacms.apsadmin.content,ContentCategoryAction,18,115,2,6,7,34,3,16,1,14
Entando Plugin: CMS,com.agiletec.plugins.jacms.apsadmin.content,ContentAction,354,409,35,23,90,106,38,29,14,24
Entando Plugin: CMS,com.agiletec.plugins.jacms.apsadmin.content,ContentFinderAction,1007,921,112,72,262,264,113,73,47,47
Entando Plugin: CMS,com.agiletec.plugins.jacms.apsadmin.content,ContentFinderSearchInfo,103,119,9,13,30,31,19,12,13,7
Entando Plugin: CMS,com.agiletec.plugins.jacms.apsadmin.content,AbstractContentAction,106,143,3,3,23,36,9,22,7,20
Entando Plugin: CMS,com.agiletec.plugins.jacms.apsadmin.content,IntroNewContentAction,32,161,2,6,12,46,2,17,0,15
Entando Plugin: CMS,com.agiletec.plugins.jacms.apsadmin.util,CmsPageActionUtil,15,0,0,0,4,0,4,0,4,0
Entando Plugin: CMS,com.agiletec.plugins.jacms.apsadmin.util,ResourceIconUtil,59,11,8,0,14,5,9,3,5,3
