<?xml version="1.0" encoding="UTF-8"?><testsuites failures="0" name="dependency-check" tests="270"><testsuite failures="0" id="0" name="/home/jenkins/.mvnrepository/com/sun/xml/fastinfoset/FastInfoset/1.2.16/FastInfoset-1.2.16.jar" package="FastInfoset-1.2.16.jar" skipped="0" tests="1" timestamp="2020-12-10T21:25:17.417953"><testcase classname="dependency-check" name="FastInfoset-1.2.16.jar"/></testsuite><testsuite failures="0" id="1" name="/home/jenkins/.mvnrepository/com/zaxxer/HikariCP-java7/2.4.13/HikariCP-java7-2.4.13.jar" package="HikariCP-java7-2.4.13.jar" skipped="0" tests="1" timestamp="2020-12-10T21:25:17.417953"><testcase classname="dependency-check" name="HikariCP-java7-2.4.13.jar"/></testsuite><testsuite failures="0" id="2" name="/home/jenkins/.mvnrepository/com/zaxxer/SparseBitSet/1.2/SparseBitSet-1.2.jar" package="SparseBitSet-1.2.jar" skipped="0" tests="1" timestamp="2020-12-10T21:25:17.417953"><testcase classname="dependency-check" name="SparseBitSet-1.2.jar"/></testsuite><testsuite failures="0" id="3" name="/home/jenkins/.mvnrepository/javax/activation/activation/1.1/activation-1.1.jar" package="activation-1.1.jar" skipped="0" tests="1" timestamp="2020-12-10T21:25:17.417953"><testcase classname="dependency-check" name="activation-1.1.jar"/></testsuite><testsuite failures="0" id="4" name="/home/jenkins/.mvnrepository/aopalliance/aopalliance/1.0/aopalliance-1.0.jar" package="aopalliance-1.0.jar" skipped="0" tests="1" timestamp="2020-12-10T21:25:17.417953"><testcase classname="dependency-check" name="aopalliance-1.0.jar"/></testsuite><testsuite failures="0" id="5" name="/home/jenkins/.mvnrepository/org/apache/james/apache-mime4j-core/0.8.3/apache-mime4j-core-0.8.3.jar" package="apache-mime4j-core-0.8.3.jar" skipped="0" tests="1" timestamp="2020-12-10T21:25:17.417953"><testcase classname="dependency-check" name="apache-mime4j-core-0.8.3.jar"/></testsuite><testsuite failures="0" id="6" name="/home/jenkins/.mvnrepository/org/apache/james/apache-mime4j-dom/0.8.3/apache-mime4j-dom-0.8.3.jar" package="apache-mime4j-dom-0.8.3.jar" skipped="0" tests="1" timestamp="2020-12-10T21:25:17.417953"><testcase classname="dependency-check" name="apache-mime4j-dom-0.8.3.jar"/></testsuite><testsuite failures="0" id="7" name="/home/jenkins/.mvnrepository/de/mkammerer/argon2-jvm/2.2/argon2-jvm-2.2.jar" package="argon2-jvm-2.2.jar" skipped="0" tests="1" timestamp="2020-12-10T21:25:17.417953"><testcase classname="dependency-check" name="argon2-jvm-2.2.jar"/></testsuite><testsuite failures="0" id="8" name="/home/jenkins/.mvnrepository/de/mkammerer/argon2-jvm/2.2/argon2-jvm-2.2.jar/win32-x86/argon2.dll" package="argon2-jvm-2.2.jar: argon2.dll" skipped="0" tests="1" timestamp="2020-12-10T21:25:17.417953"><testcase classname="dependency-check" name="argon2-jvm-2.2.jar: argon2.dll"/></testsuite><testsuite failures="0" id="9" name="/home/jenkins/.mvnrepository/de/mkammerer/argon2-jvm/2.2/argon2-jvm-2.2.jar/win32-x86-64/argon2.dll" package="argon2-jvm-2.2.jar: argon2.dll" skipped="0" tests="1" timestamp="2020-12-10T21:25:17.417953"><testcase classname="dependency-check" name="argon2-jvm-2.2.jar: argon2.dll"/></testsuite><testsuite failures="0" id="10" name="/home/jenkins/.mvnrepository/org/ow2/asm/asm/8.0.1/asm-8.0.1.jar" package="asm-8.0.1.jar" skipped="0" tests="1" timestamp="2020-12-10T21:25:17.417953"><testcase classname="dependency-check" name="asm-8.0.1.jar"/></testsuite><testsuite failures="0" id="11" name="/home/jenkins/.mvnrepository/org/aspectj/aspectjrt/1.8.0/aspectjrt-1.8.0.jar" package="aspectjrt-1.8.0.jar" skipped="0" tests="1" timestamp="2020-12-10T21:25:17.417953"><testcase classname="dependency-check" name="aspectjrt-1.8.0.jar"/></testsuite><testsuite failures="0" id="12" name="/home/jenkins/.mvnrepository/org/aspectj/aspectjweaver/1.8.0/aspectjweaver-1.8.0.jar" package="aspectjweaver-1.8.0.jar" skipped="0" tests="1" timestamp="2020-12-10T21:25:17.417953"><testcase classname="dependency-check" name="aspectjweaver-1.8.0.jar"/></testsuite><testsuite failures="0" id="13" name="/home/jenkins/.mvnrepository/org/bouncycastle/bcmail-jdk15on/1.65/bcmail-jdk15on-1.65.jar" package="bcmail-jdk15on-1.65.jar" skipped="0" tests="1" timestamp="2020-12-10T21:25:17.417953"><testcase classname="dependency-check" name="bcmail-jdk15on-1.65.jar"/></testsuite><testsuite failures="0" id="14" name="/home/jenkins/.mvnrepository/org/bouncycastle/bcpkix-jdk15on/1.65/bcpkix-jdk15on-1.65.jar" package="bcpkix-jdk15on-1.65.jar" skipped="0" tests="1" timestamp="2020-12-10T21:25:17.417953"><testcase classname="dependency-check" name="bcpkix-jdk15on-1.65.jar"/></testsuite><testsuite failures="0" id="15" name="/home/jenkins/.mvnrepository/org/bouncycastle/bcprov-jdk15on/1.65/bcprov-jdk15on-1.65.jar" package="bcprov-jdk15on-1.65.jar" skipped="0" tests="1" timestamp="2020-12-10T21:25:17.417953"><testcase classname="dependency-check" name="bcprov-jdk15on-1.65.jar"/></testsuite><testsuite failures="0" id="16" name="/home/jenkins/.mvnrepository/de/l3s/boilerpipe/boilerpipe/1.1.0/boilerpipe-1.1.0.jar" package="boilerpipe-1.1.0.jar" skipped="0" tests="1" timestamp="2020-12-10T21:25:17.417953"><testcase classname="dependency-check" name="boilerpipe-1.1.0.jar"/></testsuite><testsuite failures="0" id="17" name="/home/jenkins/.mvnrepository/net/bytebuddy/byte-buddy/1.9.10/byte-buddy-1.9.10.jar" package="byte-buddy-1.9.10.jar" skipped="0" tests="1" timestamp="2020-12-10T21:25:17.417953"><testcase classname="dependency-check" name="byte-buddy-1.9.10.jar"/></testsuite><testsuite failures="0" id="18" name="/home/jenkins/.mvnrepository/net/bytebuddy/byte-buddy/1.9.10/byte-buddy-1.9.10.jar/META-INF/maven/net.bytebuddy/byte-buddy-dep/pom.xml" package="byte-buddy-1.9.10.jar (shaded: net.bytebuddy:byte-buddy-dep:1.9.10)" skipped="0" tests="1" timestamp="2020-12-10T21:25:17.417953"><testcase classname="dependency-check" name="byte-buddy-1.9.10.jar (shaded: net.bytebuddy:byte-buddy-dep:1.9.10)"/></testsuite><testsuite failures="0" id="19" name="/home/jenkins/.mvnrepository/org/itadaki/bzip2/0.9.1/bzip2-0.9.1.jar" package="bzip2-0.9.1.jar" skipped="0" tests="1" timestamp="2020-12-10T21:25:17.417953"><testcase classname="dependency-check" name="bzip2-0.9.1.jar"/></testsuite><testsuite failures="0" id="20" name="/home/jenkins/.mvnrepository/com/mchange/c3p0/0.9.5.4/c3p0-0.9.5.4.jar" package="c3p0-0.9.5.4.jar" skipped="0" tests="1" timestamp="2020-12-10T21:25:17.417953"><testcase classname="dependency-check" name="c3p0-0.9.5.4.jar"/></testsuite><testsuite failures="0" id="21" name="/home/jenkins/.mvnrepository/edu/ucar/cdm/4.5.5/cdm-4.5.5.jar" package="cdm-4.5.5.jar" skipped="0" tests="1" timestamp="2020-12-10T21:25:17.417953"><testcase classname="dependency-check" name="cdm-4.5.5.jar"/></testsuite><testsuite failures="0" id="22" name="/home/jenkins/.mvnrepository/org/checkerframework/checker-qual/2.10.0/checker-qual-2.10.0.jar" package="checker-qual-2.10.0.jar" skipped="0" tests="1" timestamp="2020-12-10T21:25:17.417953"><testcase classname="dependency-check" name="checker-qual-2.10.0.jar"/></testsuite><testsuite failures="0" id="23" name="/home/jenkins/.mvnrepository/com/fasterxml/classmate/1.3.4/classmate-1.3.4.jar" package="classmate-1.3.4.jar" skipped="0" tests="1" timestamp="2020-12-10T21:25:17.417953"><testcase classname="dependency-check" name="classmate-1.3.4.jar"/></testsuite><testsuite failures="0" id="24" name="/home/jenkins/.mvnrepository/commons-beanutils/commons-beanutils/1.9.4/commons-beanutils-1.9.4.jar" package="commons-beanutils-1.9.4.jar" skipped="0" tests="1" timestamp="2020-12-10T21:25:17.417953"><testcase classname="dependency-check" name="commons-beanutils-1.9.4.jar"/></testsuite><testsuite failures="0" id="25" name="/home/jenkins/.mvnrepository/commons-chain/commons-chain/1.2/commons-chain-1.2.jar" package="commons-chain-1.2.jar" skipped="0" tests="1" timestamp="2020-12-10T21:25:17.417953"><testcase classname="dependency-check" name="commons-chain-1.2.jar"/></testsuite><testsuite failures="0" id="26" name="/home/jenkins/.mvnrepository/commons-codec/commons-codec/1.12/commons-codec-1.12.jar" package="commons-codec-1.12.jar" skipped="0" tests="1" timestamp="2020-12-10T21:25:17.417953"><testcase classname="dependency-check" name="commons-codec-1.12.jar"/></testsuite><testsuite failures="0" id="27" name="/home/jenkins/.mvnrepository/commons-collections/commons-collections/3.2.2/commons-collections-3.2.2.jar" package="commons-collections-3.2.2.jar" skipped="0" tests="1" timestamp="2020-12-10T21:25:17.417953"><testcase classname="dependency-check" name="commons-collections-3.2.2.jar"/></testsuite><testsuite failures="0" id="28" name="/home/jenkins/.mvnrepository/org/apache/commons/commons-collections4/4.1/commons-collections4-4.1.jar" package="commons-collections4-4.1.jar" skipped="0" tests="1" timestamp="2020-12-10T21:25:17.417953"><testcase classname="dependency-check" name="commons-collections4-4.1.jar"/></testsuite><testsuite failures="0" id="29" name="/home/jenkins/.mvnrepository/org/apache/commons/commons-compress/1.20/commons-compress-1.20.jar" package="commons-compress-1.20.jar" skipped="0" tests="1" timestamp="2020-12-10T21:25:17.417953"><testcase classname="dependency-check" name="commons-compress-1.20.jar"/></testsuite><testsuite failures="0" id="30" name="/home/jenkins/.mvnrepository/commons-configuration/commons-configuration/1.10/commons-configuration-1.10.jar" package="commons-configuration-1.10.jar" skipped="0" tests="1" timestamp="2020-12-10T21:25:17.417953"><testcase classname="dependency-check" name="commons-configuration-1.10.jar"/></testsuite><testsuite failures="0" id="31" name="/home/jenkins/.mvnrepository/org/apache/commons/commons-csv/1.8/commons-csv-1.8.jar" package="commons-csv-1.8.jar" skipped="0" tests="1" timestamp="2020-12-10T21:25:17.417953"><testcase classname="dependency-check" name="commons-csv-1.8.jar"/></testsuite><testsuite failures="0" id="32" name="/home/jenkins/.mvnrepository/org/apache/commons/commons-dbcp2/2.5.0/commons-dbcp2-2.5.0.jar" package="commons-dbcp2-2.5.0.jar" skipped="0" tests="1" timestamp="2020-12-10T21:25:17.417953"><testcase classname="dependency-check" name="commons-dbcp2-2.5.0.jar"/></testsuite><testsuite failures="0" id="33" name="/home/jenkins/.mvnrepository/commons-digester/commons-digester/1.8/commons-digester-1.8.jar" package="commons-digester-1.8.jar" skipped="0" tests="1" timestamp="2020-12-10T21:25:17.417953"><testcase classname="dependency-check" name="commons-digester-1.8.jar"/></testsuite><testsuite failures="0" id="34" name="/home/jenkins/.mvnrepository/org/apache/commons/commons-exec/1.3/commons-exec-1.3.jar" package="commons-exec-1.3.jar" skipped="0" tests="1" timestamp="2020-12-10T21:25:17.417953"><testcase classname="dependency-check" name="commons-exec-1.3.jar"/></testsuite><testsuite failures="0" id="35" name="/home/jenkins/.mvnrepository/commons-fileupload/commons-fileupload/1.4/commons-fileupload-1.4.jar" package="commons-fileupload-1.4.jar" skipped="0" tests="1" timestamp="2020-12-10T21:25:17.417953"><testcase classname="dependency-check" name="commons-fileupload-1.4.jar"/></testsuite><testsuite failures="0" id="36" name="/home/jenkins/.mvnrepository/commons-io/commons-io/2.6/commons-io-2.6.jar" package="commons-io-2.6.jar" skipped="0" tests="1" timestamp="2020-12-10T21:25:17.417953"><testcase classname="dependency-check" name="commons-io-2.6.jar"/></testsuite><testsuite failures="0" id="37" name="/home/jenkins/.mvnrepository/commons-lang/commons-lang/2.6/commons-lang-2.6.jar" package="commons-lang-2.6.jar" skipped="0" tests="1" timestamp="2020-12-10T21:25:17.417953"><testcase classname="dependency-check" name="commons-lang-2.6.jar"/></testsuite><testsuite failures="0" id="38" name="/home/jenkins/.mvnrepository/org/apache/commons/commons-lang3/3.9/commons-lang3-3.9.jar" package="commons-lang3-3.9.jar" skipped="0" tests="1" timestamp="2020-12-10T21:25:17.417953"><testcase classname="dependency-check" name="commons-lang3-3.9.jar"/></testsuite><testsuite failures="0" id="39" name="/home/jenkins/.mvnrepository/commons-logging/commons-logging/1.2/commons-logging-1.2.jar" package="commons-logging-1.2.jar" skipped="0" tests="1" timestamp="2020-12-10T21:25:17.417953"><testcase classname="dependency-check" name="commons-logging-1.2.jar"/></testsuite><testsuite failures="0" id="40" name="/home/jenkins/.mvnrepository/commons-logging/commons-logging-api/1.1/commons-logging-api-1.1.jar" package="commons-logging-api-1.1.jar" skipped="0" tests="1" timestamp="2020-12-10T21:25:17.417953"><testcase classname="dependency-check" name="commons-logging-api-1.1.jar"/></testsuite><testsuite failures="0" id="41" name="/home/jenkins/.mvnrepository/org/apache/commons/commons-math3/3.6.1/commons-math3-3.6.1.jar" package="commons-math3-3.6.1.jar" skipped="0" tests="1" timestamp="2020-12-10T21:25:17.417953"><testcase classname="dependency-check" name="commons-math3-3.6.1.jar"/></testsuite><testsuite failures="0" id="42" name="/home/jenkins/.mvnrepository/commons-pool/commons-pool/1.3/commons-pool-1.3.jar" package="commons-pool-1.3.jar" skipped="0" tests="1" timestamp="2020-12-10T21:25:17.417953"><testcase classname="dependency-check" name="commons-pool-1.3.jar"/></testsuite><testsuite failures="0" id="43" name="/home/jenkins/.mvnrepository/org/apache/commons/commons-pool2/2.6.0/commons-pool2-2.6.0.jar" package="commons-pool2-2.6.0.jar" skipped="0" tests="1" timestamp="2020-12-10T21:25:17.417953"><testcase classname="dependency-check" name="commons-pool2-2.6.0.jar"/></testsuite><testsuite failures="0" id="44" name="/home/jenkins/.mvnrepository/commons-validator/commons-validator/1.3.1/commons-validator-1.3.1.jar" package="commons-validator-1.3.1.jar" skipped="0" tests="1" timestamp="2020-12-10T21:25:17.417953"><testcase classname="dependency-check" name="commons-validator-1.3.1.jar"/></testsuite><testsuite failures="0" id="45" name="/home/jenkins/.mvnrepository/com/github/virtuald/curvesapi/1.06/curvesapi-1.06.jar" package="curvesapi-1.06.jar" skipped="0" tests="1" timestamp="2020-12-10T21:25:17.417953"><testcase classname="dependency-check" name="curvesapi-1.06.jar"/></testsuite><testsuite failures="0" id="46" name="/home/jenkins/.mvnrepository/org/apache/cxf/cxf-core/3.3.8/cxf-core-3.3.8.jar" package="cxf-core-3.3.8.jar" skipped="0" tests="1" timestamp="2020-12-10T21:25:17.417953"><testcase classname="dependency-check" name="cxf-core-3.3.8.jar"/></testsuite><testsuite failures="0" id="47" name="/home/jenkins/.mvnrepository/org/apache/cxf/cxf-rt-bindings-soap/3.3.8/cxf-rt-bindings-soap-3.3.8.jar" package="cxf-rt-bindings-soap-3.3.8.jar" skipped="0" tests="1" timestamp="2020-12-10T21:25:17.417953"><testcase classname="dependency-check" name="cxf-rt-bindings-soap-3.3.8.jar"/></testsuite><testsuite failures="0" id="48" name="/home/jenkins/.mvnrepository/org/apache/cxf/cxf-rt-bindings-xml/3.3.8/cxf-rt-bindings-xml-3.3.8.jar" package="cxf-rt-bindings-xml-3.3.8.jar" skipped="0" tests="1" timestamp="2020-12-10T21:25:17.417953"><testcase classname="dependency-check" name="cxf-rt-bindings-xml-3.3.8.jar"/></testsuite><testsuite failures="0" id="49" name="/home/jenkins/.mvnrepository/org/apache/cxf/cxf-rt-databinding-jaxb/3.3.8/cxf-rt-databinding-jaxb-3.3.8.jar" package="cxf-rt-databinding-jaxb-3.3.8.jar" skipped="0" tests="1" timestamp="2020-12-10T21:25:17.417953"><testcase classname="dependency-check" name="cxf-rt-databinding-jaxb-3.3.8.jar"/></testsuite><testsuite failures="0" id="50" name="/home/jenkins/.mvnrepository/org/apache/cxf/cxf-rt-frontend-jaxrs/3.3.8/cxf-rt-frontend-jaxrs-3.3.8.jar" package="cxf-rt-frontend-jaxrs-3.3.8.jar" skipped="0" tests="1" timestamp="2020-12-10T21:25:17.417953"><testcase classname="dependency-check" name="cxf-rt-frontend-jaxrs-3.3.8.jar"/></testsuite><testsuite failures="0" id="51" name="/home/jenkins/.mvnrepository/org/apache/cxf/cxf-rt-frontend-jaxws/3.3.8/cxf-rt-frontend-jaxws-3.3.8.jar" package="cxf-rt-frontend-jaxws-3.3.8.jar" skipped="0" tests="1" timestamp="2020-12-10T21:25:17.417953"><testcase classname="dependency-check" name="cxf-rt-frontend-jaxws-3.3.8.jar"/></testsuite><testsuite failures="0" id="52" name="/home/jenkins/.mvnrepository/org/apache/cxf/cxf-rt-frontend-simple/3.3.8/cxf-rt-frontend-simple-3.3.8.jar" package="cxf-rt-frontend-simple-3.3.8.jar" skipped="0" tests="1" timestamp="2020-12-10T21:25:17.417953"><testcase classname="dependency-check" name="cxf-rt-frontend-simple-3.3.8.jar"/></testsuite><testsuite failures="0" id="53" name="/home/jenkins/.mvnrepository/org/apache/cxf/cxf-rt-rs-client/3.3.6/cxf-rt-rs-client-3.3.6.jar" package="cxf-rt-rs-client-3.3.6.jar" skipped="0" tests="1" timestamp="2020-12-10T21:25:17.417953"><testcase classname="dependency-check" name="cxf-rt-rs-client-3.3.6.jar"/></testsuite><testsuite failures="0" id="54" name="/home/jenkins/.mvnrepository/org/apache/cxf/cxf-rt-rs-extension-providers/3.3.8/cxf-rt-rs-extension-providers-3.3.8.jar" package="cxf-rt-rs-extension-providers-3.3.8.jar" skipped="0" tests="1" timestamp="2020-12-10T21:25:17.417953"><testcase classname="dependency-check" name="cxf-rt-rs-extension-providers-3.3.8.jar"/></testsuite><testsuite failures="0" id="55" name="/home/jenkins/.mvnrepository/org/apache/cxf/cxf-rt-security/3.3.8/cxf-rt-security-3.3.8.jar" package="cxf-rt-security-3.3.8.jar" skipped="0" tests="1" timestamp="2020-12-10T21:25:17.417953"><testcase classname="dependency-check" name="cxf-rt-security-3.3.8.jar"/></testsuite><testsuite failures="0" id="56" name="/home/jenkins/.mvnrepository/org/apache/cxf/cxf-rt-transports-http/3.3.8/cxf-rt-transports-http-3.3.8.jar" package="cxf-rt-transports-http-3.3.8.jar" skipped="0" tests="1" timestamp="2020-12-10T21:25:17.417953"><testcase classname="dependency-check" name="cxf-rt-transports-http-3.3.8.jar"/></testsuite><testsuite failures="0" id="57" name="/home/jenkins/.mvnrepository/org/apache/cxf/cxf-rt-ws-addr/3.3.8/cxf-rt-ws-addr-3.3.8.jar" package="cxf-rt-ws-addr-3.3.8.jar" skipped="0" tests="1" timestamp="2020-12-10T21:25:17.417953"><testcase classname="dependency-check" name="cxf-rt-ws-addr-3.3.8.jar"/></testsuite><testsuite failures="0" id="58" name="/home/jenkins/.mvnrepository/org/apache/cxf/cxf-rt-ws-policy/3.3.8/cxf-rt-ws-policy-3.3.8.jar" package="cxf-rt-ws-policy-3.3.8.jar" skipped="0" tests="1" timestamp="2020-12-10T21:25:17.417953"><testcase classname="dependency-check" name="cxf-rt-ws-policy-3.3.8.jar"/></testsuite><testsuite failures="0" id="59" name="/home/jenkins/.mvnrepository/org/apache/cxf/cxf-rt-wsdl/3.3.8/cxf-rt-wsdl-3.3.8.jar" package="cxf-rt-wsdl-3.3.8.jar" skipped="0" tests="1" timestamp="2020-12-10T21:25:17.417953"><testcase classname="dependency-check" name="cxf-rt-wsdl-3.3.8.jar"/></testsuite><testsuite failures="0" id="60" name="/home/jenkins/.mvnrepository/org/brotli/dec/0.1.2/dec-0.1.2.jar" package="dec-0.1.2.jar" skipped="0" tests="1" timestamp="2020-12-10T21:25:17.417953"><testcase classname="dependency-check" name="dec-0.1.2.jar"/></testsuite><testsuite failures="0" id="61" name="/home/jenkins/.mvnrepository/net/sf/ehcache/ehcache-core/2.6.2/ehcache-core-2.6.2.jar" package="ehcache-core-2.6.2.jar" skipped="0" tests="1" timestamp="2020-12-10T21:25:17.417953"><testcase classname="dependency-check" name="ehcache-core-2.6.2.jar"/></testsuite><testsuite failures="0" id="62" name="/home/jenkins/.mvnrepository/net/sf/ehcache/ehcache-core/2.6.2/ehcache-core-2.6.2.jar/net/sf/ehcache/pool/sizeof/sizeof-agent.jar" package="ehcache-core-2.6.2.jar: sizeof-agent.jar" skipped="0" tests="1" timestamp="2020-12-10T21:25:17.417953"><testcase classname="dependency-check" name="ehcache-core-2.6.2.jar: sizeof-agent.jar"/></testsuite><testsuite failures="0" id="63" name="/home/jenkins/.mvnrepository/org/owasp/encoder/encoder/1.2.2/encoder-1.2.2.jar" package="encoder-1.2.2.jar" skipped="0" tests="1" timestamp="2020-12-10T21:25:17.417953"><testcase classname="dependency-check" name="encoder-1.2.2.jar"/></testsuite><testsuite failures="0" id="64" name="/home/jenkins/.mvnrepository/org/entando/entando/entando-admin-console/6.3.0/entando-admin-console-6.3.0-classes.jar" package="entando-admin-console-6.3.0-classes.jar" skipped="0" tests="1" timestamp="2020-12-10T21:25:17.417953"><testcase classname="dependency-check" name="entando-admin-console-6.3.0-classes.jar"/></testsuite><testsuite failures="0" id="65" name="/home/jenkins/.mvnrepository/org/entando/entando/entando-engine/6.3.7/entando-engine-6.3.7.jar" package="entando-engine-6.3.7.jar" skipped="0" tests="1" timestamp="2020-12-10T21:25:17.417953"><testcase classname="dependency-check" name="entando-engine-6.3.7.jar"/></testsuite><testsuite failures="0" id="66" name="/home/jenkins/.mvnrepository/org/entando/entando/plugins/entando-plugin-jacms/6.3.0/entando-plugin-jacms-6.3.0-classes.jar" package="entando-plugin-jacms-6.3.0-classes.jar" skipped="0" tests="1" timestamp="2020-12-10T21:25:17.417953"><testcase classname="dependency-check" name="entando-plugin-jacms-6.3.0-classes.jar"/></testsuite><testsuite failures="0" id="67" name="/home/jenkins/.mvnrepository/org/entando/entando/plugins/entando-plugin-jpmail/6.3.0/entando-plugin-jpmail-6.3.0-classes.jar" package="entando-plugin-jpmail-6.3.0-classes.jar" skipped="0" tests="1" timestamp="2020-12-10T21:25:17.417953"><testcase classname="dependency-check" name="entando-plugin-jpmail-6.3.0-classes.jar"/></testsuite><testsuite failures="0" id="68" name="/home/jenkins/.mvnrepository/org/entando/entando/entando-portal-ui/6.3.0/entando-portal-ui-6.3.0-classes.jar" package="entando-portal-ui-6.3.0-classes.jar" skipped="0" tests="1" timestamp="2020-12-10T21:25:17.417953"><testcase classname="dependency-check" name="entando-portal-ui-6.3.0-classes.jar"/></testsuite><testsuite failures="0" id="69" name="/home/jenkins/.mvnrepository/com/google/errorprone/error_prone_annotations/2.3.4/error_prone_annotations-2.3.4.jar" package="error_prone_annotations-2.3.4.jar" skipped="0" tests="1" timestamp="2020-12-10T21:25:17.417953"><testcase classname="dependency-check" name="error_prone_annotations-2.3.4.jar"/></testsuite><testsuite failures="0" id="70" name="/home/jenkins/.mvnrepository/org/owasp/esapi/esapi/2.1.0.1/esapi-2.1.0.1.jar" package="esapi-2.1.0.1.jar" skipped="0" tests="1" timestamp="2020-12-10T21:25:17.417953"><testcase classname="dependency-check" name="esapi-2.1.0.1.jar"/></testsuite><testsuite failures="0" id="71" name="/home/jenkins/.mvnrepository/org/atteo/evo-inflector/1.2.2/evo-inflector-1.2.2.jar" package="evo-inflector-1.2.2.jar" skipped="0" tests="1" timestamp="2020-12-10T21:25:17.417953"><testcase classname="dependency-check" name="evo-inflector-1.2.2.jar"/></testsuite><testsuite failures="0" id="72" name="/home/jenkins/.mvnrepository/com/google/guava/failureaccess/1.0.1/failureaccess-1.0.1.jar" package="failureaccess-1.0.1.jar" skipped="0" tests="1" timestamp="2020-12-10T21:25:17.417953"><testcase classname="dependency-check" name="failureaccess-1.0.1.jar"/></testsuite><testsuite failures="0" id="73" name="/home/jenkins/.mvnrepository/org/apache/pdfbox/fontbox/2.0.19/fontbox-2.0.19.jar" package="fontbox-2.0.19.jar" skipped="0" tests="1" timestamp="2020-12-10T21:25:17.417953"><testcase classname="dependency-check" name="fontbox-2.0.19.jar"/></testsuite><testsuite failures="0" id="74" name="/home/jenkins/.mvnrepository/org/freemarker/freemarker/2.3.28/freemarker-2.3.28.jar" package="freemarker-2.3.28.jar" skipped="0" tests="1" timestamp="2020-12-10T21:25:17.417953"><testcase classname="dependency-check" name="freemarker-2.3.28.jar"/></testsuite><testsuite failures="0" id="75" name="/home/jenkins/.mvnrepository/org/opengis/geoapi/3.0.1/geoapi-3.0.1.jar" package="geoapi-3.0.1.jar" skipped="0" tests="1" timestamp="2020-12-10T21:25:17.417953"><testcase classname="dependency-check" name="geoapi-3.0.1.jar"/></testsuite><testsuite failures="0" id="76" name="/home/jenkins/.mvnrepository/org/apache/geronimo/specs/geronimo-jta_1.1_spec/1.1.1/geronimo-jta_1.1_spec-1.1.1.jar" package="geronimo-jta_1.1_spec-1.1.1.jar" skipped="0" tests="1" timestamp="2020-12-10T21:25:17.417953"><testcase classname="dependency-check" name="geronimo-jta_1.1_spec-1.1.1.jar"/></testsuite><testsuite failures="0" id="77" name="/home/jenkins/.mvnrepository/org/apache/geronimo/specs/geronimo-ws-metadata_2.0_spec/1.1.3/geronimo-ws-metadata_2.0_spec-1.1.3.jar" package="geronimo-ws-metadata_2.0_spec-1.1.3.jar" skipped="0" tests="1" timestamp="2020-12-10T21:25:17.417953"><testcase classname="dependency-check" name="geronimo-ws-metadata_2.0_spec-1.1.3.jar"/></testsuite><testsuite failures="0" id="78" name="/home/jenkins/.mvnrepository/edu/ucar/grib/4.5.5/grib-4.5.5.jar" package="grib-4.5.5.jar" skipped="0" tests="1" timestamp="2020-12-10T21:25:17.417953"><testcase classname="dependency-check" name="grib-4.5.5.jar"/></testsuite><testsuite failures="0" id="79" name="/home/jenkins/.mvnrepository/com/google/code/gson/gson/2.8.6/gson-2.8.6.jar" package="gson-2.8.6.jar" skipped="0" tests="1" timestamp="2020-12-10T21:25:17.417953"><testcase classname="dependency-check" name="gson-2.8.6.jar"/></testsuite><testsuite failures="0" id="80" name="/home/jenkins/.mvnrepository/com/google/guava/guava/28.2-jre/guava-28.2-jre.jar" package="guava-28.2-jre.jar" skipped="0" tests="1" timestamp="2020-12-10T21:25:17.417953"><testcase classname="dependency-check" name="guava-28.2-jre.jar"/></testsuite><testsuite failures="0" id="81" name="/home/jenkins/.mvnrepository/org/hibernate/validator/hibernate-validator/6.0.17.Final/hibernate-validator-6.0.17.Final.jar" package="hibernate-validator-6.0.17.Final.jar" skipped="0" tests="1" timestamp="2020-12-10T21:25:17.417953"><testcase classname="dependency-check" name="hibernate-validator-6.0.17.Final.jar"/></testsuite><testsuite failures="0" id="82" name="/home/jenkins/.mvnrepository/org/apache/httpcomponents/httpclient/4.5.13/httpclient-4.5.13.jar" package="httpclient-4.5.13.jar" skipped="0" tests="1" timestamp="2020-12-10T21:25:17.417953"><testcase classname="dependency-check" name="httpclient-4.5.13.jar"/></testsuite><testsuite failures="0" id="83" name="/home/jenkins/.mvnrepository/org/apache/httpcomponents/httpcore/4.4.13/httpcore-4.4.13.jar" package="httpcore-4.4.13.jar" skipped="0" tests="1" timestamp="2020-12-10T21:25:17.417953"><testcase classname="dependency-check" name="httpcore-4.4.13.jar"/></testsuite><testsuite failures="0" id="84" name="/home/jenkins/.mvnrepository/org/apache/httpcomponents/httpmime/4.5.12/httpmime-4.5.12.jar" package="httpmime-4.5.12.jar" skipped="0" tests="1" timestamp="2020-12-10T21:25:17.417953"><testcase classname="dependency-check" name="httpmime-4.5.12.jar"/></testsuite><testsuite failures="0" id="85" name="/home/jenkins/.mvnrepository/edu/ucar/httpservices/4.5.5/httpservices-4.5.5.jar" package="httpservices-4.5.5.jar" skipped="0" tests="1" timestamp="2020-12-10T21:25:17.417953"><testcase classname="dependency-check" name="httpservices-4.5.5.jar"/></testsuite><testsuite failures="0" id="86" name="/home/jenkins/.mvnrepository/org/im4java/im4java/1.2.0/im4java-1.2.0.jar" package="im4java-1.2.0.jar" skipped="0" tests="1" timestamp="2020-12-10T21:25:17.417953"><testcase classname="dependency-check" name="im4java-1.2.0.jar"/></testsuite><testsuite failures="0" id="87" name="/home/jenkins/.mvnrepository/org/tallison/isoparser/1.9.41.2/isoparser-1.9.41.2.jar" package="isoparser-1.9.41.2.jar" skipped="0" tests="1" timestamp="2020-12-10T21:25:17.417953"><testcase classname="dependency-check" name="isoparser-1.9.41.2.jar"/></testsuite><testsuite failures="0" id="88" name="/home/jenkins/.mvnrepository/com/sun/istack/istack-commons-runtime/3.0.8/istack-commons-runtime-3.0.8.jar" package="istack-commons-runtime-3.0.8.jar" skipped="0" tests="1" timestamp="2020-12-10T21:25:17.417953"><testcase classname="dependency-check" name="istack-commons-runtime-3.0.8.jar"/></testsuite><testsuite failures="0" id="89" name="/home/jenkins/.mvnrepository/com/google/j2objc/j2objc-annotations/1.3/j2objc-annotations-1.3.jar" package="j2objc-annotations-1.3.jar" skipped="0" tests="1" timestamp="2020-12-10T21:25:17.417953"><testcase classname="dependency-check" name="j2objc-annotations-1.3.jar"/></testsuite><testsuite failures="0" id="90" name="/home/jenkins/.mvnrepository/com/healthmarketscience/jackcess/jackcess/3.0.1/jackcess-3.0.1.jar" package="jackcess-3.0.1.jar" skipped="0" tests="1" timestamp="2020-12-10T21:25:17.417953"><testcase classname="dependency-check" name="jackcess-3.0.1.jar"/></testsuite><testsuite failures="0" id="91" name="/home/jenkins/.mvnrepository/com/healthmarketscience/jackcess/jackcess-encrypt/3.0.0/jackcess-encrypt-3.0.0.jar" package="jackcess-encrypt-3.0.0.jar" skipped="0" tests="1" timestamp="2020-12-10T21:25:17.417953"><testcase classname="dependency-check" name="jackcess-encrypt-3.0.0.jar"/></testsuite><testsuite failures="0" id="92" name="/home/jenkins/.mvnrepository/com/fasterxml/jackson/core/jackson-annotations/2.10.0/jackson-annotations-2.10.0.jar" package="jackson-annotations-2.10.0.jar" skipped="0" tests="1" timestamp="2020-12-10T21:25:17.417953"><testcase classname="dependency-check" name="jackson-annotations-2.10.0.jar"/></testsuite><testsuite failures="0" id="93" name="/home/jenkins/.mvnrepository/com/fasterxml/jackson/core/jackson-core/2.10.0/jackson-core-2.10.0.jar" package="jackson-core-2.10.0.jar" skipped="0" tests="1" timestamp="2020-12-10T21:25:17.417953"><testcase classname="dependency-check" name="jackson-core-2.10.0.jar"/></testsuite><testsuite failures="0" id="94" name="/home/jenkins/.mvnrepository/com/fasterxml/jackson/core/jackson-databind/2.10.0/jackson-databind-2.10.0.jar" package="jackson-databind-2.10.0.jar" skipped="0" tests="1" timestamp="2020-12-10T21:25:17.417953"><testcase classname="dependency-check" name="jackson-databind-2.10.0.jar"/></testsuite><testsuite failures="0" id="95" name="/home/jenkins/.mvnrepository/com/fasterxml/jackson/dataformat/jackson-dataformat-xml/2.10.0/jackson-dataformat-xml-2.10.0.jar" package="jackson-dataformat-xml-2.10.0.jar" skipped="0" tests="1" timestamp="2020-12-10T21:25:17.417953"><testcase classname="dependency-check" name="jackson-dataformat-xml-2.10.0.jar"/></testsuite><testsuite failures="0" id="96" name="/home/jenkins/.mvnrepository/com/fasterxml/jackson/datatype/jackson-datatype-jdk8/2.9.7/jackson-datatype-jdk8-2.9.7.jar" package="jackson-datatype-jdk8-2.9.7.jar" skipped="0" tests="1" timestamp="2020-12-10T21:25:17.417953"><testcase classname="dependency-check" name="jackson-datatype-jdk8-2.9.7.jar"/></testsuite><testsuite failures="0" id="97" name="/home/jenkins/.mvnrepository/com/fasterxml/jackson/module/jackson-module-jaxb-annotations/2.10.0/jackson-module-jaxb-annotations-2.10.0.jar" package="jackson-module-jaxb-annotations-2.10.0.jar" skipped="0" tests="1" timestamp="2020-12-10T21:25:17.417953"><testcase classname="dependency-check" name="jackson-module-jaxb-annotations-2.10.0.jar"/></testsuite><testsuite failures="0" id="98" name="/home/jenkins/.mvnrepository/org/jacorb/jacorb-omgapi/3.9/jacorb-omgapi-3.9.jar" package="jacorb-omgapi-3.9.jar" skipped="0" tests="1" timestamp="2020-12-10T21:25:17.417953"><testcase classname="dependency-check" name="jacorb-omgapi-3.9.jar"/></testsuite><testsuite failures="0" id="99" name="/home/jenkins/.mvnrepository/com/github/jai-imageio/jai-imageio-core/1.4.0/jai-imageio-core-1.4.0.jar" package="jai-imageio-core-1.4.0.jar" skipped="0" tests="1" timestamp="2020-12-10T21:25:17.417953"><testcase classname="dependency-check" name="jai-imageio-core-1.4.0.jar"/></testsuite><testsuite failures="0" id="100" name="/home/jenkins/.mvnrepository/com/sun/activation/jakarta.activation/1.2.1/jakarta.activation-1.2.1.jar" package="jakarta.activation-1.2.1.jar" skipped="0" tests="1" timestamp="2020-12-10T21:25:17.417953"><testcase classname="dependency-check" name="jakarta.activation-1.2.1.jar"/></testsuite><testsuite failures="0" id="101" name="/home/jenkins/.mvnrepository/jakarta/activation/jakarta.activation-api/1.2.1/jakarta.activation-api-1.2.1.jar" package="jakarta.activation-api-1.2.1.jar" skipped="0" tests="1" timestamp="2020-12-10T21:25:17.417953"><testcase classname="dependency-check" name="jakarta.activation-api-1.2.1.jar"/></testsuite><testsuite failures="0" id="102" name="/home/jenkins/.mvnrepository/jakarta/ws/rs/jakarta.ws.rs-api/2.1.5/jakarta.ws.rs-api-2.1.5.jar" package="jakarta.ws.rs-api-2.1.5.jar" skipped="0" tests="1" timestamp="2020-12-10T21:25:17.417953"><testcase classname="dependency-check" name="jakarta.ws.rs-api-2.1.5.jar"/></testsuite><testsuite failures="0" id="103" name="/home/jenkins/.mvnrepository/jakarta/xml/bind/jakarta.xml.bind-api/2.3.2/jakarta.xml.bind-api-2.3.2.jar" package="jakarta.xml.bind-api-2.3.2.jar" skipped="0" tests="1" timestamp="2020-12-10T21:25:17.417953"><testcase classname="dependency-check" name="jakarta.xml.bind-api-2.3.2.jar"/></testsuite><testsuite failures="0" id="104" name="/home/jenkins/.mvnrepository/com/pff/java-libpst/0.9.3/java-libpst-0.9.3.jar" package="java-libpst-0.9.3.jar" skipped="0" tests="1" timestamp="2020-12-10T21:25:17.417953"><testcase classname="dependency-check" name="java-libpst-0.9.3.jar"/></testsuite><testsuite failures="0" id="105" name="/home/jenkins/.mvnrepository/org/javassist/javassist/3.20.0-GA/javassist-3.20.0-GA.jar" package="javassist-3.20.0-GA.jar" skipped="0" tests="1" timestamp="2020-12-10T21:25:17.417953"><testcase classname="dependency-check" name="javassist-3.20.0-GA.jar"/></testsuite><testsuite failures="0" id="106" name="/home/jenkins/.mvnrepository/com/sun/activation/javax.activation/1.2.0/javax.activation-1.2.0.jar" package="javax.activation-1.2.0.jar" skipped="0" tests="1" timestamp="2020-12-10T21:25:17.417953"><testcase classname="dependency-check" name="javax.activation-1.2.0.jar"/></testsuite><testsuite failures="0" id="107" name="/home/jenkins/.mvnrepository/javax/annotation/javax.annotation-api/1.3.2/javax.annotation-api-1.3.2.jar" package="javax.annotation-api-1.3.2.jar" skipped="0" tests="1" timestamp="2020-12-10T21:25:17.417953"><testcase classname="dependency-check" name="javax.annotation-api-1.3.2.jar"/></testsuite><testsuite failures="0" id="108" name="/home/jenkins/.mvnrepository/org/glassfish/web/javax.el/2.2.4/javax.el-2.2.4.jar" package="javax.el-2.2.4.jar" skipped="0" tests="1" timestamp="2020-12-10T21:25:17.417953"><testcase classname="dependency-check" name="javax.el-2.2.4.jar"/></testsuite><testsuite failures="0" id="109" name="/home/jenkins/.mvnrepository/javax/el/javax.el-api/3.0.0/javax.el-api-3.0.0.jar" package="javax.el-api-3.0.0.jar" skipped="0" tests="1" timestamp="2020-12-10T21:25:17.417953"><testcase classname="dependency-check" name="javax.el-api-3.0.0.jar"/></testsuite><testsuite failures="0" id="110" name="/home/jenkins/.mvnrepository/javax/servlet/javax.servlet-api/3.1.0/javax.servlet-api-3.1.0.jar" package="javax.servlet-api-3.1.0.jar" skipped="0" tests="1" timestamp="2020-12-10T21:25:17.417953"><testcase classname="dependency-check" name="javax.servlet-api-3.1.0.jar"/></testsuite><testsuite failures="0" id="111" name="/home/jenkins/.mvnrepository/javax/xml/soap/javax.xml.soap-api/1.4.0/javax.xml.soap-api-1.4.0.jar" package="javax.xml.soap-api-1.4.0.jar" skipped="0" tests="1" timestamp="2020-12-10T21:25:17.417953"><testcase classname="dependency-check" name="javax.xml.soap-api-1.4.0.jar"/></testsuite><testsuite failures="0" id="112" name="/home/jenkins/.mvnrepository/com/sun/xml/bind/jaxb-impl/2.2.11/jaxb-impl-2.2.11.jar" package="jaxb-impl-2.2.11.jar" skipped="0" tests="1" timestamp="2020-12-10T21:25:17.417953"><testcase classname="dependency-check" name="jaxb-impl-2.2.11.jar"/></testsuite><testsuite failures="0" id="113" name="/home/jenkins/.mvnrepository/com/sun/xml/bind/jaxb-impl/2.2.11/jaxb-impl-2.2.11.jar/META-INF/maven/org.glassfish.jaxb/jaxb-runtime/pom.xml" package="jaxb-impl-2.2.11.jar (shaded: org.glassfish.jaxb:jaxb-runtime:2.2.11)" skipped="0" tests="1" timestamp="2020-12-10T21:25:17.417953"><testcase classname="dependency-check" name="jaxb-impl-2.2.11.jar (shaded: org.glassfish.jaxb:jaxb-runtime:2.2.11)"/></testsuite><testsuite failures="0" id="114" name="/home/jenkins/.mvnrepository/org/glassfish/jaxb/jaxb-runtime/2.3.2/jaxb-runtime-2.3.2.jar" package="jaxb-runtime-2.3.2.jar" skipped="0" tests="1" timestamp="2020-12-10T21:25:17.417953"><testcase classname="dependency-check" name="jaxb-runtime-2.3.2.jar"/></testsuite><testsuite failures="0" id="115" name="/home/jenkins/.mvnrepository/com/sun/xml/bind/jaxb-xjc/2.2.6/jaxb-xjc-2.2.6.jar" package="jaxb-xjc-2.2.6.jar" skipped="0" tests="1" timestamp="2020-12-10T21:25:17.417953"><testcase classname="dependency-check" name="jaxb-xjc-2.2.6.jar"/></testsuite><testsuite failures="0" id="116" name="/home/jenkins/.mvnrepository/com/sun/xml/bind/jaxb-xjc/2.2.6/jaxb-xjc-2.2.6.jar/META-INF/maven/com.sun.codemodel/codemodel/pom.xml" package="jaxb-xjc-2.2.6.jar (shaded: com.sun.codemodel:codemodel:2.6)" skipped="0" tests="1" timestamp="2020-12-10T21:25:17.417953"><testcase classname="dependency-check" name="jaxb-xjc-2.2.6.jar (shaded: com.sun.codemodel:codemodel:2.6)"/></testsuite><testsuite failures="0" id="117" name="/home/jenkins/.mvnrepository/com/sun/xml/bind/jaxb-xjc/2.2.6/jaxb-xjc-2.2.6.jar/META-INF/maven/com.sun.istack/istack-commons-tools/pom.xml" package="jaxb-xjc-2.2.6.jar (shaded: com.sun.istack:istack-commons-tools:2.13)" skipped="0" tests="1" timestamp="2020-12-10T21:25:17.417953"><testcase classname="dependency-check" name="jaxb-xjc-2.2.6.jar (shaded: com.sun.istack:istack-commons-tools:2.13)"/></testsuite><testsuite failures="0" id="118" name="/home/jenkins/.mvnrepository/com/sun/xml/bind/jaxb-xjc/2.2.6/jaxb-xjc-2.2.6.jar/META-INF/maven/com.sun.xml.dtd-parser/dtd-parser/pom.xml" package="jaxb-xjc-2.2.6.jar (shaded: com.sun.xml.dtd-parser:dtd-parser:1.2-SNAPSHOT)" skipped="0" tests="1" timestamp="2020-12-10T21:25:17.417953"><testcase classname="dependency-check" name="jaxb-xjc-2.2.6.jar (shaded: com.sun.xml.dtd-parser:dtd-parser:1.2-SNAPSHOT)"/></testsuite><testsuite failures="0" id="119" name="/home/jenkins/.mvnrepository/com/sun/xml/bind/jaxb-xjc/2.2.6/jaxb-xjc-2.2.6.jar/META-INF/maven/com.sun.xsom/xsom/pom.xml" package="jaxb-xjc-2.2.6.jar (shaded: com.sun.xsom:xsom:20110809)" skipped="0" tests="1" timestamp="2020-12-10T21:25:17.417953"><testcase classname="dependency-check" name="jaxb-xjc-2.2.6.jar (shaded: com.sun.xsom:xsom:20110809)"/></testsuite><testsuite failures="0" id="120" name="/home/jenkins/.mvnrepository/com/sun/xml/bind/jaxb-xjc/2.2.6/jaxb-xjc-2.2.6.jar/META-INF/maven/org.kohsuke.rngom/rngom/pom.xml" package="jaxb-xjc-2.2.6.jar (shaded: org.kohsuke.rngom:rngom:201103-SNAPSHOT)" skipped="0" tests="1" timestamp="2020-12-10T21:25:17.417953"><testcase classname="dependency-check" name="jaxb-xjc-2.2.6.jar (shaded: org.kohsuke.rngom:rngom:201103-SNAPSHOT)"/></testsuite><testsuite failures="0" id="121" name="/home/jenkins/.mvnrepository/javax/xml/ws/jaxws-api/2.3.1/jaxws-api-2.3.1.jar" package="jaxws-api-2.3.1.jar" skipped="0" tests="1" timestamp="2020-12-10T21:25:17.417953"><testcase classname="dependency-check" name="jaxws-api-2.3.1.jar"/></testsuite><testsuite failures="0" id="122" name="/home/jenkins/.mvnrepository/org/apache/pdfbox/jbig2-imageio/3.0.3/jbig2-imageio-3.0.3.jar" package="jbig2-imageio-3.0.3.jar" skipped="0" tests="1" timestamp="2020-12-10T21:25:17.417953"><testcase classname="dependency-check" name="jbig2-imageio-3.0.3.jar"/></testsuite><testsuite failures="0" id="123" name="/home/jenkins/.mvnrepository/org/jboss/logging/jboss-logging/3.3.2.Final/jboss-logging-3.3.2.Final.jar" package="jboss-logging-3.3.2.Final.jar" skipped="0" tests="1" timestamp="2020-12-10T21:25:17.417953"><testcase classname="dependency-check" name="jboss-logging-3.3.2.Final.jar"/></testsuite><testsuite failures="0" id="124" name="/home/jenkins/.mvnrepository/org/jboss/spec/javax/rmi/jboss-rmi-api_1.0_spec/1.0.6.Final/jboss-rmi-api_1.0_spec-1.0.6.Final.jar" package="jboss-rmi-api_1.0_spec-1.0.6.Final.jar" skipped="0" tests="1" timestamp="2020-12-10T21:25:17.417953"><testcase classname="dependency-check" name="jboss-rmi-api_1.0_spec-1.0.6.Final.jar"/></testsuite><testsuite failures="0" id="125" name="/home/jenkins/.mvnrepository/net/jcip/jcip-annotations/1.0/jcip-annotations-1.0.jar" package="jcip-annotations-1.0.jar" skipped="0" tests="1" timestamp="2020-12-10T21:25:17.417953"><testcase classname="dependency-check" name="jcip-annotations-1.0.jar"/></testsuite><testsuite failures="0" id="126" name="/home/jenkins/.mvnrepository/org/slf4j/jcl-over-slf4j/1.7.26/jcl-over-slf4j-1.7.26.jar" package="jcl-over-slf4j-1.7.26.jar" skipped="0" tests="1" timestamp="2020-12-10T21:25:17.417953"><testcase classname="dependency-check" name="jcl-over-slf4j-1.7.26.jar"/></testsuite><testsuite failures="0" id="127" name="/home/jenkins/.mvnrepository/com/beust/jcommander/1.78/jcommander-1.78.jar" package="jcommander-1.78.jar" skipped="0" tests="1" timestamp="2020-12-10T21:25:17.417953"><testcase classname="dependency-check" name="jcommander-1.78.jar"/></testsuite><testsuite failures="0" id="128" name="/home/jenkins/.mvnrepository/org/jdom/jdom/1.1.3/jdom-1.1.3.jar" package="jdom-1.1.3.jar" skipped="0" tests="1" timestamp="2020-12-10T21:25:17.417953"><testcase classname="dependency-check" name="jdom-1.1.3.jar"/></testsuite><testsuite failures="0" id="129" name="/home/jenkins/.mvnrepository/org/jdom/jdom2/2.0.6/jdom2-2.0.6.jar" package="jdom2-2.0.6.jar" skipped="0" tests="1" timestamp="2020-12-10T21:25:17.417953"><testcase classname="dependency-check" name="jdom2-2.0.6.jar"/></testsuite><testsuite failures="0" id="130" name="/home/jenkins/.mvnrepository/org/apache/pdfbox/jempbox/1.8.16/jempbox-1.8.16.jar" package="jempbox-1.8.16.jar" skipped="0" tests="1" timestamp="2020-12-10T21:25:17.417953"><testcase classname="dependency-check" name="jempbox-1.8.16.jar"/></testsuite><testsuite failures="0" id="131" name="/home/jenkins/.mvnrepository/org/codehaus/jettison/jettison/1.3.7/jettison-1.3.7.jar" package="jettison-1.3.7.jar" skipped="0" tests="1" timestamp="2020-12-10T21:25:17.417953"><testcase classname="dependency-check" name="jettison-1.3.7.jar"/></testsuite><testsuite failures="0" id="132" name="/home/jenkins/.mvnrepository/org/codelibs/jhighlight/1.0.3/jhighlight-1.0.3.jar" package="jhighlight-1.0.3.jar" skipped="0" tests="1" timestamp="2020-12-10T21:25:17.417953"><testcase classname="dependency-check" name="jhighlight-1.0.3.jar"/></testsuite><testsuite failures="0" id="133" name="/home/jenkins/.mvnrepository/org/tallison/jmatio/1.5/jmatio-1.5.jar" package="jmatio-1.5.jar" skipped="0" tests="1" timestamp="2020-12-10T21:25:17.417953"><testcase classname="dependency-check" name="jmatio-1.5.jar"/></testsuite><testsuite failures="0" id="134" name="/home/jenkins/.mvnrepository/net/java/dev/jna/jna/5.5.0/jna-5.5.0.jar" package="jna-5.5.0.jar" skipped="0" tests="1" timestamp="2020-12-10T21:25:17.417953"><testcase classname="dependency-check" name="jna-5.5.0.jar"/></testsuite><testsuite failures="0" id="135" name="/home/jenkins/.mvnrepository/net/java/dev/jna/jna/5.5.0/jna-5.5.0.jar/com/sun/jna/win32-x86/jnidispatch.dll" package="jna-5.5.0.jar: jnidispatch.dll" skipped="0" tests="1" timestamp="2020-12-10T21:25:17.417953"><testcase classname="dependency-check" name="jna-5.5.0.jar: jnidispatch.dll"/></testsuite><testsuite failures="0" id="136" name="/home/jenkins/.mvnrepository/net/java/dev/jna/jna/5.5.0/jna-5.5.0.jar/com/sun/jna/win32-x86-64/jnidispatch.dll" package="jna-5.5.0.jar: jnidispatch.dll" skipped="0" tests="1" timestamp="2020-12-10T21:25:17.417953"><testcase classname="dependency-check" name="jna-5.5.0.jar: jnidispatch.dll"/></testsuite><testsuite failures="0" id="137" name="/home/jenkins/.mvnrepository/joda-time/joda-time/2.1/joda-time-2.1.jar" package="joda-time-2.1.jar" skipped="0" tests="1" timestamp="2020-12-10T21:25:17.417953"><testcase classname="dependency-check" name="joda-time-2.1.jar"/></testsuite><testsuite failures="0" id="138" name="/home/jenkins/.mvnrepository/org/json/json/20180130/json-20180130.jar" package="json-20180130.jar" skipped="0" tests="1" timestamp="2020-12-10T21:25:17.417953"><testcase classname="dependency-check" name="json-20180130.jar"/></testsuite><testsuite failures="0" id="139" name="/home/jenkins/.mvnrepository/com/googlecode/json-simple/json-simple/1.1.1/json-simple-1.1.1.jar" package="json-simple-1.1.1.jar" skipped="0" tests="1" timestamp="2020-12-10T21:25:17.417953"><testcase classname="dependency-check" name="json-simple-1.1.1.jar"/></testsuite><testsuite failures="0" id="140" name="/home/jenkins/.mvnrepository/org/jsoup/jsoup/1.13.1/jsoup-1.13.1.jar" package="jsoup-1.13.1.jar" skipped="0" tests="1" timestamp="2020-12-10T21:25:17.417953"><testcase classname="dependency-check" name="jsoup-1.13.1.jar"/></testsuite><testsuite failures="0" id="141" name="/home/jenkins/.mvnrepository/javax/servlet/jsp/jsp-api/2.2/jsp-api-2.2.jar" package="jsp-api-2.2.jar" skipped="0" tests="1" timestamp="2020-12-10T21:25:17.417953"><testcase classname="dependency-check" name="jsp-api-2.2.jar"/></testsuite><testsuite failures="0" id="142" name="/home/jenkins/.mvnrepository/com/google/code/findbugs/jsr305/3.0.2/jsr305-3.0.2.jar" package="jsr305-3.0.2.jar" skipped="0" tests="1" timestamp="2020-12-10T21:25:17.417953"><testcase classname="dependency-check" name="jsr305-3.0.2.jar"/></testsuite><testsuite failures="0" id="143" name="/home/jenkins/.mvnrepository/org/slf4j/jul-to-slf4j/1.7.28/jul-to-slf4j-1.7.28.jar" package="jul-to-slf4j-1.7.28.jar" skipped="0" tests="1" timestamp="2020-12-10T21:25:17.417953"><testcase classname="dependency-check" name="jul-to-slf4j-1.7.28.jar"/></testsuite><testsuite failures="0" id="144" name="/home/jenkins/.mvnrepository/com/googlecode/juniversalchardet/juniversalchardet/1.0.3/juniversalchardet-1.0.3.jar" package="juniversalchardet-1.0.3.jar" skipped="0" tests="1" timestamp="2020-12-10T21:25:17.417953"><testcase classname="dependency-check" name="juniversalchardet-1.0.3.jar"/></testsuite><testsuite failures="0" id="145" name="/home/jenkins/.mvnrepository/com/github/junrar/junrar/4.0.0/junrar-4.0.0.jar" package="junrar-4.0.0.jar" skipped="0" tests="1" timestamp="2020-12-10T21:25:17.417953"><testcase classname="dependency-check" name="junrar-4.0.0.jar"/></testsuite><testsuite failures="0" id="146" name="/home/jenkins/.mvnrepository/com/google/guava/listenablefuture/9999.0-empty-to-avoid-conflict-with-guava/listenablefuture-9999.0-empty-to-avoid-conflict-with-guava.jar" package="listenablefuture-9999.0-empty-to-avoid-conflict-with-guava.jar" skipped="0" tests="1" timestamp="2020-12-10T21:25:17.417953"><testcase classname="dependency-check" name="listenablefuture-9999.0-empty-to-avoid-conflict-with-guava.jar"/></testsuite><testsuite failures="0" id="147" name="/home/jenkins/.mvnrepository/org/apache/logging/log4j/log4j-api/2.13.3/log4j-api-2.13.3.jar" package="log4j-api-2.13.3.jar" skipped="0" tests="1" timestamp="2020-12-10T21:25:17.417953"><testcase classname="dependency-check" name="log4j-api-2.13.3.jar"/></testsuite><testsuite failures="0" id="148" name="/home/jenkins/.mvnrepository/org/apache/logging/log4j/log4j-core/2.13.3/log4j-core-2.13.3.jar" package="log4j-core-2.13.3.jar" skipped="0" tests="1" timestamp="2020-12-10T21:25:17.417953"><testcase classname="dependency-check" name="log4j-core-2.13.3.jar"/></testsuite><testsuite failures="0" id="149" name="/home/jenkins/.mvnrepository/org/apache/logging/log4j/log4j-slf4j-impl/2.13.3/log4j-slf4j-impl-2.13.3.jar" package="log4j-slf4j-impl-2.13.3.jar" skipped="0" tests="1" timestamp="2020-12-10T21:25:17.417953"><testcase classname="dependency-check" name="log4j-slf4j-impl-2.13.3.jar"/></testsuite><testsuite failures="0" id="150" name="/home/jenkins/.mvnrepository/org/projectlombok/lombok/1.18.2/lombok-1.18.2.jar" package="lombok-1.18.2.jar" skipped="0" tests="1" timestamp="2020-12-10T21:25:17.417953"><testcase classname="dependency-check" name="lombok-1.18.2.jar"/></testsuite><testsuite failures="0" id="151" name="/home/jenkins/.mvnrepository/org/projectlombok/lombok/1.18.2/lombok-1.18.2.jar/lombok/installer/WindowsDriveInfo-i386.dll" package="lombok-1.18.2.jar: WindowsDriveInfo-i386.dll" skipped="0" tests="1" timestamp="2020-12-10T21:25:17.417953"><testcase classname="dependency-check" name="lombok-1.18.2.jar: WindowsDriveInfo-i386.dll"/></testsuite><testsuite failures="0" id="152" name="/home/jenkins/.mvnrepository/org/projectlombok/lombok/1.18.2/lombok-1.18.2.jar/lombok/installer/WindowsDriveInfo-x86_64.dll" package="lombok-1.18.2.jar: WindowsDriveInfo-x86_64.dll" skipped="0" tests="1" timestamp="2020-12-10T21:25:17.417953"><testcase classname="dependency-check" name="lombok-1.18.2.jar: WindowsDriveInfo-x86_64.dll"/></testsuite><testsuite failures="0" id="153" name="/home/jenkins/.mvnrepository/org/apache/lucene/lucene-analyzers-common/7.2.0/lucene-analyzers-common-7.2.0.jar" package="lucene-analyzers-common-7.2.0.jar" skipped="0" tests="1" timestamp="2020-12-10T21:25:17.417953"><testcase classname="dependency-check" name="lucene-analyzers-common-7.2.0.jar"/></testsuite><testsuite failures="0" id="154" name="/home/jenkins/.mvnrepository/org/apache/lucene/lucene-core/7.2.0/lucene-core-7.2.0.jar" package="lucene-core-7.2.0.jar" skipped="0" tests="1" timestamp="2020-12-10T21:25:17.417953"><testcase classname="dependency-check" name="lucene-core-7.2.0.jar"/></testsuite><testsuite failures="0" id="155" name="/home/jenkins/.mvnrepository/com/sun/mail/mailapi/1.4.5/mailapi-1.4.5.jar" package="mailapi-1.4.5.jar" skipped="0" tests="1" timestamp="2020-12-10T21:25:17.417953"><testcase classname="dependency-check" name="mailapi-1.4.5.jar"/></testsuite><testsuite failures="0" id="156" name="/home/jenkins/.mvnrepository/org/mapstruct/mapstruct/1.2.0.Final/mapstruct-1.2.0.Final.jar" package="mapstruct-1.2.0.Final.jar" skipped="0" tests="1" timestamp="2020-12-10T21:25:17.417953"><testcase classname="dependency-check" name="mapstruct-1.2.0.Final.jar"/></testsuite><testsuite failures="0" id="157" name="/home/jenkins/.mvnrepository/com/mchange/mchange-commons-java/0.2.15/mchange-commons-java-0.2.15.jar" package="mchange-commons-java-0.2.15.jar" skipped="0" tests="1" timestamp="2020-12-10T21:25:17.417953"><testcase classname="dependency-check" name="mchange-commons-java-0.2.15.jar"/></testsuite><testsuite failures="0" id="158" name="/home/jenkins/.mvnrepository/org/tallison/metadata-extractor/2.13.0/metadata-extractor-2.13.0.jar" package="metadata-extractor-2.13.0.jar" skipped="0" tests="1" timestamp="2020-12-10T21:25:17.417953"><testcase classname="dependency-check" name="metadata-extractor-2.13.0.jar"/></testsuite><testsuite failures="0" id="159" name="/home/jenkins/.mvnrepository/org/jvnet/mimepull/mimepull/1.9.7/mimepull-1.9.7.jar" package="mimepull-1.9.7.jar" skipped="0" tests="1" timestamp="2020-12-10T21:25:17.417953"><testcase classname="dependency-check" name="mimepull-1.9.7.jar"/></testsuite><testsuite failures="0" id="160" name="/home/jenkins/.mvnrepository/org/apache/neethi/neethi/3.1.1/neethi-3.1.1.jar" package="neethi-3.1.1.jar" skipped="0" tests="1" timestamp="2020-12-10T21:25:17.417953"><testcase classname="dependency-check" name="neethi-3.1.1.jar"/></testsuite><testsuite failures="0" id="161" name="/home/jenkins/.mvnrepository/edu/ucar/netcdf4/4.5.5/netcdf4-4.5.5.jar" package="netcdf4-4.5.5.jar" skipped="0" tests="1" timestamp="2020-12-10T21:25:17.417953"><testcase classname="dependency-check" name="netcdf4-4.5.5.jar"/></testsuite><testsuite failures="0" id="162" name="/home/jenkins/.mvnrepository/ognl/ognl/3.1.26/ognl-3.1.26.jar" package="ognl-3.1.26.jar" skipped="0" tests="1" timestamp="2020-12-10T21:25:17.417953"><testcase classname="dependency-check" name="ognl-3.1.26.jar"/></testsuite><testsuite failures="0" id="163" name="/home/jenkins/.mvnrepository/com/github/openjson/openjson/1.0.12/openjson-1.0.12.jar" package="openjson-1.0.12.jar" skipped="0" tests="1" timestamp="2020-12-10T21:25:17.417953"><testcase classname="dependency-check" name="openjson-1.0.12.jar"/></testsuite><testsuite failures="0" id="164" name="/home/jenkins/.mvnrepository/org/apache/opennlp/opennlp-tools/1.9.2/opennlp-tools-1.9.2.jar" package="opennlp-tools-1.9.2.jar" skipped="0" tests="1" timestamp="2020-12-10T21:25:17.417953"><testcase classname="dependency-check" name="opennlp-tools-1.9.2.jar"/></testsuite><testsuite failures="0" id="165" name="/home/jenkins/.mvnrepository/com/j256/ormlite/ormlite-core/4.40/ormlite-core-4.40.jar" package="ormlite-core-4.40.jar" skipped="0" tests="1" timestamp="2020-12-10T21:25:17.417953"><testcase classname="dependency-check" name="ormlite-core-4.40.jar"/></testsuite><testsuite failures="0" id="166" name="/home/jenkins/.mvnrepository/com/j256/ormlite/ormlite-jdbc/4.40/ormlite-jdbc-4.40.jar" package="ormlite-jdbc-4.40.jar" skipped="0" tests="1" timestamp="2020-12-10T21:25:17.417953"><testcase classname="dependency-check" name="ormlite-jdbc-4.40.jar"/></testsuite><testsuite failures="0" id="167" name="/home/jenkins/.mvnrepository/oro/oro/2.0.8/oro-2.0.8.jar" package="oro-2.0.8.jar" skipped="0" tests="1" timestamp="2020-12-10T21:25:17.417953"><testcase classname="dependency-check" name="oro-2.0.8.jar"/></testsuite><testsuite failures="0" id="168" name="/home/jenkins/.mvnrepository/com/epam/parso/2.0.11/parso-2.0.11.jar" package="parso-2.0.11.jar" skipped="0" tests="1" timestamp="2020-12-10T21:25:17.417953"><testcase classname="dependency-check" name="parso-2.0.11.jar"/></testsuite><testsuite failures="0" id="169" name="/home/jenkins/.mvnrepository/org/apache/pdfbox/pdfbox/2.0.19/pdfbox-2.0.19.jar" package="pdfbox-2.0.19.jar" skipped="0" tests="1" timestamp="2020-12-10T21:25:17.417953"><testcase classname="dependency-check" name="pdfbox-2.0.19.jar"/></testsuite><testsuite failures="0" id="170" name="/home/jenkins/.mvnrepository/org/apache/pdfbox/pdfbox-tools/2.0.19/pdfbox-tools-2.0.19.jar" package="pdfbox-tools-2.0.19.jar" skipped="0" tests="1" timestamp="2020-12-10T21:25:17.417953"><testcase classname="dependency-check" name="pdfbox-tools-2.0.19.jar"/></testsuite><testsuite failures="0" id="171" name="/home/jenkins/.mvnrepository/org/apache/poi/poi/4.1.2/poi-4.1.2.jar" package="poi-4.1.2.jar" skipped="0" tests="1" timestamp="2020-12-10T21:25:17.417953"><testcase classname="dependency-check" name="poi-4.1.2.jar"/></testsuite><testsuite failures="0" id="172" name="/home/jenkins/.mvnrepository/org/apache/poi/poi-ooxml/4.1.2/poi-ooxml-4.1.2.jar" package="poi-ooxml-4.1.2.jar" skipped="0" tests="1" timestamp="2020-12-10T21:25:17.417953"><testcase classname="dependency-check" name="poi-ooxml-4.1.2.jar"/></testsuite><testsuite failures="0" id="173" name="/home/jenkins/.mvnrepository/org/apache/poi/poi-ooxml-schemas/4.1.2/poi-ooxml-schemas-4.1.2.jar" package="poi-ooxml-schemas-4.1.2.jar" skipped="0" tests="1" timestamp="2020-12-10T21:25:17.417953"><testcase classname="dependency-check" name="poi-ooxml-schemas-4.1.2.jar"/></testsuite><testsuite failures="0" id="174" name="/home/jenkins/.mvnrepository/org/apache/poi/poi-scratchpad/4.1.2/poi-scratchpad-4.1.2.jar" package="poi-scratchpad-4.1.2.jar" skipped="0" tests="1" timestamp="2020-12-10T21:25:17.417953"><testcase classname="dependency-check" name="poi-scratchpad-4.1.2.jar"/></testsuite><testsuite failures="0" id="175" name="/home/jenkins/.mvnrepository/org/apache/pdfbox/preflight/2.0.19/preflight-2.0.19.jar" package="preflight-2.0.19.jar" skipped="0" tests="1" timestamp="2020-12-10T21:25:17.417953"><testcase classname="dependency-check" name="preflight-2.0.19.jar"/></testsuite><testsuite failures="0" id="176" name="/home/jenkins/.mvnrepository/com/google/protobuf/protobuf-java/3.11.4/protobuf-java-3.11.4.jar" package="protobuf-java-3.11.4.jar" skipped="0" tests="1" timestamp="2020-12-10T21:25:17.417953"><testcase classname="dependency-check" name="protobuf-java-3.11.4.jar"/></testsuite><testsuite failures="0" id="177" name="/home/jenkins/.mvnrepository/org/quartz-scheduler/quartz/2.3.2/quartz-2.3.2.jar" package="quartz-2.3.2.jar" skipped="0" tests="1" timestamp="2020-12-10T21:25:17.417953"><testcase classname="dependency-check" name="quartz-2.3.2.jar"/></testsuite><testsuite failures="0" id="178" name="/home/jenkins/.mvnrepository/org/reflections/reflections/0.9.11/reflections-0.9.11.jar" package="reflections-0.9.11.jar" skipped="0" tests="1" timestamp="2020-12-10T21:25:17.417953"><testcase classname="dependency-check" name="reflections-0.9.11.jar"/></testsuite><testsuite failures="0" id="179" name="/home/jenkins/.mvnrepository/com/rometools/rome/1.12.2/rome-1.12.2.jar" package="rome-1.12.2.jar" skipped="0" tests="1" timestamp="2020-12-10T21:25:17.417953"><testcase classname="dependency-check" name="rome-1.12.2.jar"/></testsuite><testsuite failures="0" id="180" name="/home/jenkins/.mvnrepository/com/rometools/rome-utils/1.12.2/rome-utils-1.12.2.jar" package="rome-utils-1.12.2.jar" skipped="0" tests="1" timestamp="2020-12-10T21:25:17.417953"><testcase classname="dependency-check" name="rome-utils-1.12.2.jar"/></testsuite><testsuite failures="0" id="181" name="/home/jenkins/.mvnrepository/com/sun/xml/messaging/saaj/saaj-impl/1.4.0-b03/saaj-impl-1.4.0-b03.jar" package="saaj-impl-1.4.0-b03.jar" skipped="0" tests="1" timestamp="2020-12-10T21:25:17.417953"><testcase classname="dependency-check" name="saaj-impl-1.4.0-b03.jar"/></testsuite><testsuite failures="0" id="182" name="/home/jenkins/.mvnrepository/org/apache/sis/core/sis-feature/1.0/sis-feature-1.0.jar" package="sis-feature-1.0.jar" skipped="0" tests="1" timestamp="2020-12-10T21:25:17.417953"><testcase classname="dependency-check" name="sis-feature-1.0.jar"/></testsuite><testsuite failures="0" id="183" name="/home/jenkins/.mvnrepository/org/apache/sis/core/sis-metadata/1.0/sis-metadata-1.0.jar" package="sis-metadata-1.0.jar" skipped="0" tests="1" timestamp="2020-12-10T21:25:17.417953"><testcase classname="dependency-check" name="sis-metadata-1.0.jar"/></testsuite><testsuite failures="0" id="184" name="/home/jenkins/.mvnrepository/org/apache/sis/storage/sis-netcdf/1.0/sis-netcdf-1.0.jar" package="sis-netcdf-1.0.jar" skipped="0" tests="1" timestamp="2020-12-10T21:25:17.417953"><testcase classname="dependency-check" name="sis-netcdf-1.0.jar"/></testsuite><testsuite failures="0" id="185" name="/home/jenkins/.mvnrepository/org/apache/sis/core/sis-referencing/1.0/sis-referencing-1.0.jar" package="sis-referencing-1.0.jar" skipped="0" tests="1" timestamp="2020-12-10T21:25:17.417953"><testcase classname="dependency-check" name="sis-referencing-1.0.jar"/></testsuite><testsuite failures="0" id="186" name="/home/jenkins/.mvnrepository/org/apache/sis/storage/sis-storage/1.0/sis-storage-1.0.jar" package="sis-storage-1.0.jar" skipped="0" tests="1" timestamp="2020-12-10T21:25:17.417953"><testcase classname="dependency-check" name="sis-storage-1.0.jar"/></testsuite><testsuite failures="0" id="187" name="/home/jenkins/.mvnrepository/org/apache/sis/core/sis-utility/1.0/sis-utility-1.0.jar" package="sis-utility-1.0.jar" skipped="0" tests="1" timestamp="2020-12-10T21:25:17.417953"><testcase classname="dependency-check" name="sis-utility-1.0.jar"/></testsuite><testsuite failures="0" id="188" name="/home/jenkins/.mvnrepository/org/slf4j/slf4j-api/1.7.26/slf4j-api-1.7.26.jar" package="slf4j-api-1.7.26.jar" skipped="0" tests="1" timestamp="2020-12-10T21:25:17.417953"><testcase classname="dependency-check" name="slf4j-api-1.7.26.jar"/></testsuite><testsuite failures="0" id="189" name="/home/jenkins/.mvnrepository/org/slf4j/slf4j-jdk14/1.7.26/slf4j-jdk14-1.7.26.jar" package="slf4j-jdk14-1.7.26.jar" skipped="0" tests="1" timestamp="2020-12-10T21:25:17.417953"><testcase classname="dependency-check" name="slf4j-jdk14-1.7.26.jar"/></testsuite><testsuite failures="0" id="190" name="/home/jenkins/.mvnrepository/com/sun/mail/smtp/1.4.5/smtp-1.4.5.jar" package="smtp-1.4.5.jar" skipped="0" tests="1" timestamp="2020-12-10T21:25:17.417953"><testcase classname="dependency-check" name="smtp-1.4.5.jar"/></testsuite><testsuite failures="0" id="191" name="/home/jenkins/.mvnrepository/org/springframework/spring-aop/5.1.18.RELEASE/spring-aop-5.1.18.RELEASE.jar" package="spring-aop-5.1.18.RELEASE.jar" skipped="0" tests="1" timestamp="2020-12-10T21:25:17.417953"><testcase classname="dependency-check" name="spring-aop-5.1.18.RELEASE.jar"/></testsuite><testsuite failures="0" id="192" name="/home/jenkins/.mvnrepository/org/springframework/spring-beans/5.1.18.RELEASE/spring-beans-5.1.18.RELEASE.jar" package="spring-beans-5.1.18.RELEASE.jar" skipped="0" tests="1" timestamp="2020-12-10T21:25:17.417953"><testcase classname="dependency-check" name="spring-beans-5.1.18.RELEASE.jar"/></testsuite><testsuite failures="0" id="193" name="/home/jenkins/.mvnrepository/org/springframework/spring-context/5.1.18.RELEASE/spring-context-5.1.18.RELEASE.jar" package="spring-context-5.1.18.RELEASE.jar" skipped="0" tests="1" timestamp="2020-12-10T21:25:17.417953"><testcase classname="dependency-check" name="spring-context-5.1.18.RELEASE.jar"/></testsuite><testsuite failures="0" id="194" name="/home/jenkins/.mvnrepository/org/springframework/spring-context-support/5.1.18.RELEASE/spring-context-support-5.1.18.RELEASE.jar" package="spring-context-support-5.1.18.RELEASE.jar" skipped="0" tests="1" timestamp="2020-12-10T21:25:17.417953"><testcase classname="dependency-check" name="spring-context-support-5.1.18.RELEASE.jar"/></testsuite><testsuite failures="0" id="195" name="/home/jenkins/.mvnrepository/org/springframework/spring-core/5.1.18.RELEASE/spring-core-5.1.18.RELEASE.jar" package="spring-core-5.1.18.RELEASE.jar" skipped="0" tests="1" timestamp="2020-12-10T21:25:17.417953"><testcase classname="dependency-check" name="spring-core-5.1.18.RELEASE.jar"/></testsuite><testsuite failures="0" id="196" name="/home/jenkins/.mvnrepository/org/springframework/data/spring-data-commons/2.1.3.RELEASE/spring-data-commons-2.1.3.RELEASE.jar" package="spring-data-commons-2.1.3.RELEASE.jar" skipped="0" tests="1" timestamp="2020-12-10T21:25:17.417953"><testcase classname="dependency-check" name="spring-data-commons-2.1.3.RELEASE.jar"/></testsuite><testsuite failures="0" id="197" name="/home/jenkins/.mvnrepository/org/springframework/data/spring-data-rest-core/3.1.3.RELEASE/spring-data-rest-core-3.1.3.RELEASE.jar" package="spring-data-rest-core-3.1.3.RELEASE.jar" skipped="0" tests="1" timestamp="2020-12-10T21:25:17.417953"><testcase classname="dependency-check" name="spring-data-rest-core-3.1.3.RELEASE.jar"/></testsuite><testsuite failures="0" id="198" name="/home/jenkins/.mvnrepository/org/springframework/data/spring-data-rest-webmvc/3.1.3.RELEASE/spring-data-rest-webmvc-3.1.3.RELEASE.jar" package="spring-data-rest-webmvc-3.1.3.RELEASE.jar" skipped="0" tests="1" timestamp="2020-12-10T21:25:17.417953"><testcase classname="dependency-check" name="spring-data-rest-webmvc-3.1.3.RELEASE.jar"/></testsuite><testsuite failures="0" id="199" name="/home/jenkins/.mvnrepository/org/springframework/spring-expression/5.1.18.RELEASE/spring-expression-5.1.18.RELEASE.jar" package="spring-expression-5.1.18.RELEASE.jar" skipped="0" tests="1" timestamp="2020-12-10T21:25:17.417953"><testcase classname="dependency-check" name="spring-expression-5.1.18.RELEASE.jar"/></testsuite><testsuite failures="0" id="200" name="/home/jenkins/.mvnrepository/org/springframework/hateoas/spring-hateoas/0.25.0.RELEASE/spring-hateoas-0.25.0.RELEASE.jar" package="spring-hateoas-0.25.0.RELEASE.jar" skipped="0" tests="1" timestamp="2020-12-10T21:25:17.417953"><testcase classname="dependency-check" name="spring-hateoas-0.25.0.RELEASE.jar"/></testsuite><testsuite failures="0" id="201" name="/home/jenkins/.mvnrepository/org/springframework/spring-jcl/5.1.18.RELEASE/spring-jcl-5.1.18.RELEASE.jar" package="spring-jcl-5.1.18.RELEASE.jar" skipped="0" tests="1" timestamp="2020-12-10T21:25:17.417953"><testcase classname="dependency-check" name="spring-jcl-5.1.18.RELEASE.jar"/></testsuite><testsuite failures="0" id="202" name="/home/jenkins/.mvnrepository/org/springframework/plugin/spring-plugin-core/1.2.0.RELEASE/spring-plugin-core-1.2.0.RELEASE.jar" package="spring-plugin-core-1.2.0.RELEASE.jar" skipped="0" tests="1" timestamp="2020-12-10T21:25:17.417953"><testcase classname="dependency-check" name="spring-plugin-core-1.2.0.RELEASE.jar"/></testsuite><testsuite failures="0" id="203" name="/home/jenkins/.mvnrepository/org/springframework/plugin/spring-plugin-metadata/1.2.0.RELEASE/spring-plugin-metadata-1.2.0.RELEASE.jar" package="spring-plugin-metadata-1.2.0.RELEASE.jar" skipped="0" tests="1" timestamp="2020-12-10T21:25:17.417953"><testcase classname="dependency-check" name="spring-plugin-metadata-1.2.0.RELEASE.jar"/></testsuite><testsuite failures="0" id="204" name="/home/jenkins/.mvnrepository/org/springframework/security/spring-security-config/5.1.12.RELEASE/spring-security-config-5.1.12.RELEASE.jar" package="spring-security-config-5.1.12.RELEASE.jar" skipped="1" tests="1" timestamp="2020-12-10T21:25:17.417953"><testcase classname="CVE-2018-1258" name="pkg:maven/org.springframework.security/spring-security-config@5.1.12.RELEASE"><skipped message="Spring is pivotal and can only be upgraded with a lot of testing" /><system-out>Spring Framework version 5.0.5 when used in combination with any versions of Spring Security contains an authorization bypass when using method security. An unauthorized malicious user can gain unauthorized access to methods that should be restricted.</system-out><system-err>location: /home/jenkins/.mvnrepository/org/springframework/security/spring-security-config/5.1.12.RELEASE/spring-security-config-5.1.12.RELEASE.jar</system-err></testcase></testsuite><testsuite failures="0" id="205" name="/home/jenkins/.mvnrepository/org/springframework/security/spring-security-core/5.1.12.RELEASE/spring-security-core-5.1.12.RELEASE.jar" package="spring-security-core-5.1.12.RELEASE.jar" skipped="1" tests="1" timestamp="2020-12-10T21:25:17.417953"><testcase classname="CVE-2018-1258" name="pkg:maven/org.springframework.security/spring-security-core@5.1.12.RELEASE"><skipped message="Spring is pivotal and can only be upgraded with a lot of testing" /><system-out>Spring Framework version 5.0.5 when used in combination with any versions of Spring Security contains an authorization bypass when using method security. An unauthorized malicious user can gain unauthorized access to methods that should be restricted.</system-out><system-err>location: /home/jenkins/.mvnrepository/org/springframework/security/spring-security-core/5.1.12.RELEASE/spring-security-core-5.1.12.RELEASE.jar</system-err></testcase></testsuite><testsuite failures="0" id="206" name="/home/jenkins/.mvnrepository/org/springframework/security/oauth/spring-security-oauth2/2.3.6.RELEASE/spring-security-oauth2-2.3.6.RELEASE.jar" package="spring-security-oauth2-2.3.6.RELEASE.jar" skipped="0" tests="1" timestamp="2020-12-10T21:25:17.417953"><testcase classname="dependency-check" name="spring-security-oauth2-2.3.6.RELEASE.jar"/></testsuite><testsuite failures="0" id="207" name="/home/jenkins/.mvnrepository/org/springframework/security/spring-security-web/5.1.12.RELEASE/spring-security-web-5.1.12.RELEASE.jar" package="spring-security-web-5.1.12.RELEASE.jar" skipped="1" tests="1" timestamp="2020-12-10T21:25:17.417953"><testcase classname="CVE-2018-1258" name="pkg:maven/org.springframework.security/spring-security-web@5.1.12.RELEASE"><skipped message="Spring is pivotal and can only be upgraded with a lot of testing" /><system-out>Spring Framework version 5.0.5 when used in combination with any versions of Spring Security contains an authorization bypass when using method security. An unauthorized malicious user can gain unauthorized access to methods that should be restricted.</system-out><system-err>location: /home/jenkins/.mvnrepository/org/springframework/security/spring-security-web/5.1.12.RELEASE/spring-security-web-5.1.12.RELEASE.jar</system-err></testcase></testsuite><testsuite failures="0" id="208" name="/home/jenkins/.mvnrepository/org/springframework/spring-tx/5.1.18.RELEASE/spring-tx-5.1.18.RELEASE.jar" package="spring-tx-5.1.18.RELEASE.jar" skipped="0" tests="1" timestamp="2020-12-10T21:25:17.417953"><testcase classname="dependency-check" name="spring-tx-5.1.18.RELEASE.jar"/></testsuite><testsuite failures="0" id="209" name="/home/jenkins/.mvnrepository/org/springframework/spring-web/5.1.18.RELEASE/spring-web-5.1.18.RELEASE.jar" package="spring-web-5.1.18.RELEASE.jar" skipped="0" tests="1" timestamp="2020-12-10T21:25:17.417953"><testcase classname="dependency-check" name="spring-web-5.1.18.RELEASE.jar"/></testsuite><testsuite failures="0" id="210" name="/home/jenkins/.mvnrepository/org/springframework/spring-webmvc/5.1.18.RELEASE/spring-webmvc-5.1.18.RELEASE.jar" package="spring-webmvc-5.1.18.RELEASE.jar" skipped="0" tests="1" timestamp="2020-12-10T21:25:17.417953"><testcase classname="dependency-check" name="spring-webmvc-5.1.18.RELEASE.jar"/></testsuite><testsuite failures="0" id="211" name="/home/jenkins/.mvnrepository/io/springfox/springfox-core/2.8.0/springfox-core-2.8.0.jar" package="springfox-core-2.8.0.jar" skipped="0" tests="1" timestamp="2020-12-10T21:25:17.417953"><testcase classname="dependency-check" name="springfox-core-2.8.0.jar"/></testsuite><testsuite failures="0" id="212" name="/home/jenkins/.mvnrepository/io/springfox/springfox-schema/2.8.0/springfox-schema-2.8.0.jar" package="springfox-schema-2.8.0.jar" skipped="0" tests="1" timestamp="2020-12-10T21:25:17.417953"><testcase classname="dependency-check" name="springfox-schema-2.8.0.jar"/></testsuite><testsuite failures="0" id="213" name="/home/jenkins/.mvnrepository/io/springfox/springfox-spi/2.8.0/springfox-spi-2.8.0.jar" package="springfox-spi-2.8.0.jar" skipped="0" tests="1" timestamp="2020-12-10T21:25:17.417953"><testcase classname="dependency-check" name="springfox-spi-2.8.0.jar"/></testsuite><testsuite failures="0" id="214" name="/home/jenkins/.mvnrepository/io/springfox/springfox-spring-web/2.8.0/springfox-spring-web-2.8.0.jar" package="springfox-spring-web-2.8.0.jar" skipped="0" tests="1" timestamp="2020-12-10T21:25:17.417953"><testcase classname="dependency-check" name="springfox-spring-web-2.8.0.jar"/></testsuite><testsuite failures="0" id="215" name="/home/jenkins/.mvnrepository/io/springfox/springfox-swagger-common/2.8.0/springfox-swagger-common-2.8.0.jar" package="springfox-swagger-common-2.8.0.jar" skipped="0" tests="1" timestamp="2020-12-10T21:25:17.417953"><testcase classname="dependency-check" name="springfox-swagger-common-2.8.0.jar"/></testsuite><testsuite failures="0" id="216" name="/home/jenkins/.mvnrepository/io/springfox/springfox-swagger-ui/2.8.0/springfox-swagger-ui-2.8.0.jar" package="springfox-swagger-ui-2.8.0.jar" skipped="0" tests="1" timestamp="2020-12-10T21:25:17.417953"><testcase classname="dependency-check" name="springfox-swagger-ui-2.8.0.jar"/></testsuite><testsuite failures="0" id="217" name="/home/jenkins/.mvnrepository/io/springfox/springfox-swagger2/2.8.0/springfox-swagger2-2.8.0.jar" package="springfox-swagger2-2.8.0.jar" skipped="0" tests="1" timestamp="2020-12-10T21:25:17.417953"><testcase classname="dependency-check" name="springfox-swagger2-2.8.0.jar"/></testsuite><testsuite failures="0" id="218" name="/home/jenkins/.mvnrepository/org/jvnet/staxex/stax-ex/1.8.1/stax-ex-1.8.1.jar" package="stax-ex-1.8.1.jar" skipped="0" tests="1" timestamp="2020-12-10T21:25:17.417953"><testcase classname="dependency-check" name="stax-ex-1.8.1.jar"/></testsuite><testsuite failures="0" id="219" name="/home/jenkins/.mvnrepository/org/codehaus/woodstox/stax2-api/4.2/stax2-api-4.2.jar" package="stax2-api-4.2.jar" skipped="0" tests="1" timestamp="2020-12-10T21:25:17.417953"><testcase classname="dependency-check" name="stax2-api-4.2.jar"/></testsuite><testsuite failures="0" id="220" name="/home/jenkins/.mvnrepository/org/apache/struts/struts2-core/2.5.22/struts2-core-2.5.22.jar" package="struts2-core-2.5.22.jar" skipped="0" tests="1" timestamp="2020-12-10T21:25:17.417953"><testcase classname="dependency-check" name="struts2-core-2.5.22.jar"/></testsuite><testsuite failures="0" id="221" name="/home/jenkins/.mvnrepository/com/jgeppert/struts2/jquery/struts2-jquery-grid-plugin/4.0.3/struts2-jquery-grid-plugin-4.0.3.jar" package="struts2-jquery-grid-plugin-4.0.3.jar" skipped="0" tests="1" timestamp="2020-12-10T21:25:17.417953"><testcase classname="dependency-check" name="struts2-jquery-grid-plugin-4.0.3.jar"/></testsuite><testsuite failures="0" id="222" name="/home/jenkins/.mvnrepository/com/jgeppert/struts2/jquery/struts2-jquery-mobile-plugin/4.0.3/struts2-jquery-mobile-plugin-4.0.3.jar" package="struts2-jquery-mobile-plugin-4.0.3.jar" skipped="0" tests="1" timestamp="2020-12-10T21:25:17.417953"><testcase classname="dependency-check" name="struts2-jquery-mobile-plugin-4.0.3.jar"/></testsuite><testsuite failures="0" id="223" name="/home/jenkins/.mvnrepository/com/jgeppert/struts2/jquery/struts2-jquery-plugin/4.0.3/struts2-jquery-plugin-4.0.3.jar" package="struts2-jquery-plugin-4.0.3.jar" skipped="0" tests="1" timestamp="2020-12-10T21:25:17.417953"><testcase classname="dependency-check" name="struts2-jquery-plugin-4.0.3.jar"/></testsuite><testsuite failures="0" id="224" name="/home/jenkins/.mvnrepository/com/jgeppert/struts2/jquery/struts2-jquery-richtext-plugin/4.0.3/struts2-jquery-richtext-plugin-4.0.3.jar" package="struts2-jquery-richtext-plugin-4.0.3.jar" skipped="0" tests="1" timestamp="2020-12-10T21:25:17.417953"><testcase classname="dependency-check" name="struts2-jquery-richtext-plugin-4.0.3.jar"/></testsuite><testsuite failures="0" id="225" name="/home/jenkins/.mvnrepository/com/jgeppert/struts2/jquery/struts2-jquery-tree-plugin/4.0.3/struts2-jquery-tree-plugin-4.0.3.jar" package="struts2-jquery-tree-plugin-4.0.3.jar" skipped="0" tests="1" timestamp="2020-12-10T21:25:17.417953"><testcase classname="dependency-check" name="struts2-jquery-tree-plugin-4.0.3.jar"/></testsuite><testsuite failures="0" id="226" name="/home/jenkins/.mvnrepository/org/apache/struts/struts2-json-plugin/2.5.22/struts2-json-plugin-2.5.22.jar" package="struts2-json-plugin-2.5.22.jar" skipped="0" tests="1" timestamp="2020-12-10T21:25:17.417953"><testcase classname="dependency-check" name="struts2-json-plugin-2.5.22.jar"/></testsuite><testsuite failures="0" id="227" name="/home/jenkins/.mvnrepository/org/apache/struts/struts2-spring-plugin/2.5.22/struts2-spring-plugin-2.5.22.jar" package="struts2-spring-plugin-2.5.22.jar" skipped="0" tests="1" timestamp="2020-12-10T21:25:17.417953"><testcase classname="dependency-check" name="struts2-spring-plugin-2.5.22.jar"/></testsuite><testsuite failures="0" id="228" name="/home/jenkins/.mvnrepository/org/apache/struts/struts2-tiles-plugin/2.5.22/struts2-tiles-plugin-2.5.22.jar" package="struts2-tiles-plugin-2.5.22.jar" skipped="0" tests="1" timestamp="2020-12-10T21:25:17.417953"><testcase classname="dependency-check" name="struts2-tiles-plugin-2.5.22.jar"/></testsuite><testsuite failures="0" id="229" name="/home/jenkins/.mvnrepository/io/swagger/swagger-annotations/1.5.14/swagger-annotations-1.5.14.jar" package="swagger-annotations-1.5.14.jar" skipped="0" tests="1" timestamp="2020-12-10T21:25:17.417953"><testcase classname="dependency-check" name="swagger-annotations-1.5.14.jar"/></testsuite><testsuite failures="0" id="230" name="/home/jenkins/.mvnrepository/io/swagger/swagger-models/1.5.14/swagger-models-1.5.14.jar" package="swagger-models-1.5.14.jar" skipped="0" tests="1" timestamp="2020-12-10T21:25:17.417953"><testcase classname="dependency-check" name="swagger-models-1.5.14.jar"/></testsuite><testsuite failures="0" id="231" name="/home/jenkins/.mvnrepository/org/apache/taglibs/taglibs-standard-impl/1.2.5/taglibs-standard-impl-1.2.5.jar" package="taglibs-standard-impl-1.2.5.jar" skipped="0" tests="1" timestamp="2020-12-10T21:25:17.417953"><testcase classname="dependency-check" name="taglibs-standard-impl-1.2.5.jar"/></testsuite><testsuite failures="0" id="232" name="/home/jenkins/.mvnrepository/org/ccil/cowan/tagsoup/tagsoup/1.2.1/tagsoup-1.2.1.jar" package="tagsoup-1.2.1.jar" skipped="0" tests="1" timestamp="2020-12-10T21:25:17.417953"><testcase classname="dependency-check" name="tagsoup-1.2.1.jar"/></testsuite><testsuite failures="0" id="233" name="/home/jenkins/.mvnrepository/org/apache/tika/tika-core/1.24.1/tika-core-1.24.1.jar" package="tika-core-1.24.1.jar" skipped="0" tests="1" timestamp="2020-12-10T21:25:17.417953"><testcase classname="dependency-check" name="tika-core-1.24.1.jar"/></testsuite><testsuite failures="0" id="234" name="/home/jenkins/.mvnrepository/org/apache/tika/tika-parsers/1.24.1/tika-parsers-1.24.1.jar" package="tika-parsers-1.24.1.jar" skipped="0" tests="1" timestamp="2020-12-10T21:25:17.417953"><testcase classname="dependency-check" name="tika-parsers-1.24.1.jar"/></testsuite><testsuite failures="0" id="235" name="/home/jenkins/.mvnrepository/org/apache/tiles/tiles-api/3.0.8/tiles-api-3.0.8.jar" package="tiles-api-3.0.8.jar" skipped="0" tests="1" timestamp="2020-12-10T21:25:17.417953"><testcase classname="dependency-check" name="tiles-api-3.0.8.jar"/></testsuite><testsuite failures="0" id="236" name="/home/jenkins/.mvnrepository/org/apache/tiles/tiles-autotag-core-runtime/1.2/tiles-autotag-core-runtime-1.2.jar" package="tiles-autotag-core-runtime-1.2.jar" skipped="0" tests="1" timestamp="2020-12-10T21:25:17.417953"><testcase classname="dependency-check" name="tiles-autotag-core-runtime-1.2.jar"/></testsuite><testsuite failures="0" id="237" name="/home/jenkins/.mvnrepository/org/apache/tiles/tiles-core/3.0.8/tiles-core-3.0.8.jar" package="tiles-core-3.0.8.jar" skipped="0" tests="1" timestamp="2020-12-10T21:25:17.417953"><testcase classname="dependency-check" name="tiles-core-3.0.8.jar"/></testsuite><testsuite failures="0" id="238" name="/home/jenkins/.mvnrepository/org/apache/tiles/tiles-el/3.0.8/tiles-el-3.0.8.jar" package="tiles-el-3.0.8.jar" skipped="0" tests="1" timestamp="2020-12-10T21:25:17.417953"><testcase classname="dependency-check" name="tiles-el-3.0.8.jar"/></testsuite><testsuite failures="0" id="239" name="/home/jenkins/.mvnrepository/org/apache/tiles/tiles-freemarker/3.0.8/tiles-freemarker-3.0.8.jar" package="tiles-freemarker-3.0.8.jar" skipped="0" tests="1" timestamp="2020-12-10T21:25:17.417953"><testcase classname="dependency-check" name="tiles-freemarker-3.0.8.jar"/></testsuite><testsuite failures="0" id="240" name="/home/jenkins/.mvnrepository/org/apache/tiles/tiles-jsp/3.0.8/tiles-jsp-3.0.8.jar" package="tiles-jsp-3.0.8.jar" skipped="0" tests="1" timestamp="2020-12-10T21:25:17.417953"><testcase classname="dependency-check" name="tiles-jsp-3.0.8.jar"/></testsuite><testsuite failures="0" id="241" name="/home/jenkins/.mvnrepository/org/apache/tiles/tiles-ognl/3.0.8/tiles-ognl-3.0.8.jar" package="tiles-ognl-3.0.8.jar" skipped="1" tests="1" timestamp="2020-12-10T21:25:17.417953"><testcase classname="CVE-2016-3093" name="pkg:maven/org.apache.tiles/tiles-ognl@3.0.8"><skipped message="Struts is also  pivotal and can only be upgraded with a lot of testing." /><system-out>Apache Struts 2.0.0 through 2.3.24.1 does not properly cache method references when used with OGNL before 3.0.12, which allows remote attackers to cause a denial of service (block access to a web site) via unspecified vectors.</system-out><system-err>location: /home/jenkins/.mvnrepository/org/apache/tiles/tiles-ognl/3.0.8/tiles-ognl-3.0.8.jar</system-err></testcase></testsuite><testsuite failures="0" id="242" name="/home/jenkins/.mvnrepository/org/apache/tiles/tiles-request-api/1.0.7/tiles-request-api-1.0.7.jar" package="tiles-request-api-1.0.7.jar" skipped="0" tests="1" timestamp="2020-12-10T21:25:17.417953"><testcase classname="dependency-check" name="tiles-request-api-1.0.7.jar"/></testsuite><testsuite failures="0" id="243" name="/home/jenkins/.mvnrepository/org/apache/tiles/tiles-request-freemarker/1.0.7/tiles-request-freemarker-1.0.7.jar" package="tiles-request-freemarker-1.0.7.jar" skipped="0" tests="1" timestamp="2020-12-10T21:25:17.417953"><testcase classname="dependency-check" name="tiles-request-freemarker-1.0.7.jar"/></testsuite><testsuite failures="0" id="244" name="/home/jenkins/.mvnrepository/org/apache/tiles/tiles-request-jsp/1.0.7/tiles-request-jsp-1.0.7.jar" package="tiles-request-jsp-1.0.7.jar" skipped="0" tests="1" timestamp="2020-12-10T21:25:17.417953"><testcase classname="dependency-check" name="tiles-request-jsp-1.0.7.jar"/></testsuite><testsuite failures="0" id="245" name="/home/jenkins/.mvnrepository/org/apache/tiles/tiles-request-servlet/1.0.7/tiles-request-servlet-1.0.7.jar" package="tiles-request-servlet-1.0.7.jar" skipped="0" tests="1" timestamp="2020-12-10T21:25:17.417953"><testcase classname="dependency-check" name="tiles-request-servlet-1.0.7.jar"/></testsuite><testsuite failures="0" id="246" name="/home/jenkins/.mvnrepository/org/apache/tiles/tiles-servlet/3.0.8/tiles-servlet-3.0.8.jar" package="tiles-servlet-3.0.8.jar" skipped="0" tests="1" timestamp="2020-12-10T21:25:17.417953"><testcase classname="dependency-check" name="tiles-servlet-3.0.8.jar"/></testsuite><testsuite failures="0" id="247" name="/home/jenkins/.mvnrepository/org/apache/tiles/tiles-template/3.0.8/tiles-template-3.0.8.jar" package="tiles-template-3.0.8.jar" skipped="0" tests="1" timestamp="2020-12-10T21:25:17.417953"><testcase classname="dependency-check" name="tiles-template-3.0.8.jar"/></testsuite><testsuite failures="0" id="248" name="/home/jenkins/.mvnrepository/org/glassfish/jaxb/txw2/2.3.2/txw2-2.3.2.jar" package="txw2-2.3.2.jar" skipped="0" tests="1" timestamp="2020-12-10T21:25:17.417953"><testcase classname="dependency-check" name="txw2-2.3.2.jar"/></testsuite><testsuite failures="0" id="249" name="/home/jenkins/.mvnrepository/edu/ucar/udunits/4.5.5/udunits-4.5.5.jar" package="udunits-4.5.5.jar" skipped="0" tests="1" timestamp="2020-12-10T21:25:17.417953"><testcase classname="dependency-check" name="udunits-4.5.5.jar"/></testsuite><testsuite failures="0" id="250" name="/home/jenkins/.mvnrepository/javax/measure/unit-api/1.0/unit-api-1.0.jar" package="unit-api-1.0.jar" skipped="0" tests="1" timestamp="2020-12-10T21:25:17.417953"><testcase classname="dependency-check" name="unit-api-1.0.jar"/></testsuite><testsuite failures="0" id="251" name="/home/jenkins/.mvnrepository/javax/validation/validation-api/2.0.1.Final/validation-api-2.0.1.Final.jar" package="validation-api-2.0.1.Final.jar" skipped="0" tests="1" timestamp="2020-12-10T21:25:17.417953"><testcase classname="dependency-check" name="validation-api-2.0.1.Final.jar"/></testsuite><testsuite failures="0" id="252" name="/home/jenkins/.mvnrepository/org/apache/velocity/velocity/1.7/velocity-1.7.jar" package="velocity-1.7.jar" skipped="0" tests="1" timestamp="2020-12-10T21:25:17.417953"><testcase classname="dependency-check" name="velocity-1.7.jar"/></testsuite><testsuite failures="0" id="253" name="/home/jenkins/.mvnrepository/org/gagravarr/vorbis-java-core/0.8/vorbis-java-core-0.8.jar" package="vorbis-java-core-0.8.jar" skipped="0" tests="1" timestamp="2020-12-10T21:25:17.417953"><testcase classname="dependency-check" name="vorbis-java-core-0.8.jar"/></testsuite><testsuite failures="0" id="254" name="/home/jenkins/.mvnrepository/org/gagravarr/vorbis-java-tika/0.8/vorbis-java-tika-0.8.jar" package="vorbis-java-tika-0.8.jar" skipped="0" tests="1" timestamp="2020-12-10T21:25:17.417953"><testcase classname="dependency-check" name="vorbis-java-tika-0.8.jar"/></testsuite><testsuite failures="0" id="255" name="/home/jenkins/.mvnrepository/com/fasterxml/woodstox/woodstox-core/6.0.1/woodstox-core-6.0.1.jar" package="woodstox-core-6.0.1.jar" skipped="0" tests="1" timestamp="2020-12-10T21:25:17.417953"><testcase classname="dependency-check" name="woodstox-core-6.0.1.jar"/></testsuite><testsuite failures="0" id="256" name="/home/jenkins/.mvnrepository/com/fasterxml/woodstox/woodstox-core/6.0.1/woodstox-core-6.0.1.jar/META-INF/maven/com.sun.xml.bind.jaxb/isorelax/pom.xml" package="woodstox-core-6.0.1.jar (shaded: com.sun.xml.bind.jaxb:isorelax:20090621)" skipped="0" tests="1" timestamp="2020-12-10T21:25:17.417953"><testcase classname="dependency-check" name="woodstox-core-6.0.1.jar (shaded: com.sun.xml.bind.jaxb:isorelax:20090621)"/></testsuite><testsuite failures="0" id="257" name="/home/jenkins/.mvnrepository/com/fasterxml/woodstox/woodstox-core/6.0.1/woodstox-core-6.0.1.jar/META-INF/maven/net.java.dev.msv/msv-core/pom.xml" package="woodstox-core-6.0.1.jar (shaded: net.java.dev.msv:msv-core:2013.6.1)" skipped="0" tests="1" timestamp="2020-12-10T21:25:17.417953"><testcase classname="dependency-check" name="woodstox-core-6.0.1.jar (shaded: net.java.dev.msv:msv-core:2013.6.1)"/></testsuite><testsuite failures="0" id="258" name="/home/jenkins/.mvnrepository/com/fasterxml/woodstox/woodstox-core/6.0.1/woodstox-core-6.0.1.jar/META-INF/maven/net.java.dev.msv/xsdlib/pom.xml" package="woodstox-core-6.0.1.jar (shaded: net.java.dev.msv:xsdlib:2013.6.1)" skipped="0" tests="1" timestamp="2020-12-10T21:25:17.417953"><testcase classname="dependency-check" name="woodstox-core-6.0.1.jar (shaded: net.java.dev.msv:xsdlib:2013.6.1)"/></testsuite><testsuite failures="0" id="259" name="/home/jenkins/.mvnrepository/wsdl4j/wsdl4j/1.6.3/wsdl4j-1.6.3.jar" package="wsdl4j-1.6.3.jar" skipped="0" tests="1" timestamp="2020-12-10T21:25:17.417953"><testcase classname="dependency-check" name="wsdl4j-1.6.3.jar"/></testsuite><testsuite failures="0" id="260" name="/home/jenkins/.mvnrepository/xerces/xercesImpl/2.12.0/xercesImpl-2.12.0.jar" package="xercesImpl-2.12.0.jar" skipped="0" tests="1" timestamp="2020-12-10T21:25:17.417953"><testcase classname="dependency-check" name="xercesImpl-2.12.0.jar"/></testsuite><testsuite failures="0" id="261" name="/home/jenkins/.mvnrepository/xml-apis/xml-apis/1.4.01/xml-apis-1.4.01.jar" package="xml-apis-1.4.01.jar" skipped="0" tests="1" timestamp="2020-12-10T21:25:17.417953"><testcase classname="dependency-check" name="xml-apis-1.4.01.jar"/></testsuite><testsuite failures="0" id="262" name="/home/jenkins/.mvnrepository/xml-resolver/xml-resolver/1.2/xml-resolver-1.2.jar" package="xml-resolver-1.2.jar" skipped="0" tests="1" timestamp="2020-12-10T21:25:17.417953"><testcase classname="dependency-check" name="xml-resolver-1.2.jar"/></testsuite><testsuite failures="0" id="263" name="/home/jenkins/.mvnrepository/org/apache/xmlbeans/xmlbeans/3.1.0/xmlbeans-3.1.0.jar" package="xmlbeans-3.1.0.jar" skipped="0" tests="1" timestamp="2020-12-10T21:25:17.417953"><testcase classname="dependency-check" name="xmlbeans-3.1.0.jar"/></testsuite><testsuite failures="0" id="264" name="/home/jenkins/.mvnrepository/org/apache/ws/xmlschema/xmlschema-core/2.2.5/xmlschema-core-2.2.5.jar" package="xmlschema-core-2.2.5.jar" skipped="0" tests="1" timestamp="2020-12-10T21:25:17.417953"><testcase classname="dependency-check" name="xmlschema-core-2.2.5.jar"/></testsuite><testsuite failures="0" id="265" name="/home/jenkins/.mvnrepository/org/apache/pdfbox/xmpbox/2.0.19/xmpbox-2.0.19.jar" package="xmpbox-2.0.19.jar" skipped="0" tests="1" timestamp="2020-12-10T21:25:17.417953"><testcase classname="dependency-check" name="xmpbox-2.0.19.jar"/></testsuite><testsuite failures="0" id="266" name="/home/jenkins/.mvnrepository/com/adobe/xmp/xmpcore/6.1.10/xmpcore-6.1.10.jar" package="xmpcore-6.1.10.jar" skipped="0" tests="1" timestamp="2020-12-10T21:25:17.417953"><testcase classname="dependency-check" name="xmpcore-6.1.10.jar"/></testsuite><testsuite failures="0" id="267" name="/home/jenkins/.mvnrepository/org/tallison/xmp/xmpcore-shaded/6.1.10/xmpcore-shaded-6.1.10.jar" package="xmpcore-shaded-6.1.10.jar" skipped="0" tests="1" timestamp="2020-12-10T21:25:17.417953"><testcase classname="dependency-check" name="xmpcore-shaded-6.1.10.jar"/></testsuite><testsuite failures="0" id="268" name="/home/jenkins/.mvnrepository/xom/xom/1.2.5/xom-1.2.5.jar" package="xom-1.2.5.jar" skipped="0" tests="1" timestamp="2020-12-10T21:25:17.417953"><testcase classname="dependency-check" name="xom-1.2.5.jar"/></testsuite><testsuite failures="0" id="269" name="/home/jenkins/.mvnrepository/org/tukaani/xz/1.8/xz-1.8.jar" package="xz-1.8.jar" skipped="1" tests="1" timestamp="2020-12-10T21:25:17.417953"><testcase classname="CVE-2015-4035" name="pkg:maven/org.tukaani/xz@1.8"><skipped message="False positive - this vulnerability talks about xzgrep. We don&apos;t use it. There is no later version of this
         dependency to upgrade to either." /><system-out>scripts/xzgrep.in in xzgrep 5.2.x before 5.2.0, before 5.0.0 does not properly process file names containing semicolons, which allows remote attackers to execute arbitrary code by having a user run xzgrep on a crafted file name.</system-out><system-err>location: /home/jenkins/.mvnrepository/org/tukaani/xz/1.8/xz-1.8.jar</system-err></testcase></testsuite></testsuites>