
Showing logs for build [32mentando-k8s-entando-de-app-pr-1-927fw-5[0m stage [32mfrom-build-pack[0m and container [32mstep-credential-initializer-ps69l[0m
{"level":"warn","ts":1610097968.3987384,"logger":"fallback-logger","caller":"logging/config.go:69","msg":"Fetch GitHub commit ID from kodata failed: \"ref: refs/heads/0.8.0-**-support-backwards-incompats\" is not a valid GitHub commit ID"}
{"level":"info","ts":1610097968.409218,"logger":"fallback-logger","caller":"creds-init/main.go:40","msg":"Credentials initialized."}

Showing logs for build [32mentando-k8s-entando-de-app-pr-1-927fw-5[0m stage [32mfrom-build-pack[0m and container [32mstep-working-dir-initializer-ccsxm[0m
{"level":"warn","ts":1610097971.522702,"logger":"fallback-logger","caller":"logging/config.go:69","msg":"Fetch GitHub commit ID from kodata failed: open /var/run/ko/HEAD: no such file or directory"}
{"level":"info","ts":1610097971.54401,"logger":"fallback-logger","caller":"bash/main.go:64","msg":"Successfully e**cuted command \"sh -c mkdir -p /workspace/source\"; output "}

Showing logs for build [32mentando-k8s-entando-de-app-pr-1-927fw-5[0m stage [32mfrom-build-pack[0m and container [32mstep-place-tools[0m

Showing logs for build [32mentando-k8s-entando-de-app-pr-1-927fw-5[0m stage [32mfrom-build-pack[0m and container [32mstep-git-source-entando-k8s-entando-de-app-pr-1-7nqct[0m
{"level":"warn","ts":1610098039.0869684,"logger":"fallback-logger","caller":"logging/config.go:69","msg":"Fetch GitHub commit ID from kodata failed: \"ref: refs/heads/0.8.0-**-support-backwards-incompats\" is not a valid GitHub commit ID"}
{"level":"info","ts":1610098041.5398357,"logger":"fallback-logger","caller":"git/git.go:103","msg":"Successfully cloned https://github.com/entando-k8s/entando-de-app.git @ master in path /workspace/source"}

Showing logs for build [32mentando-k8s-entando-de-app-pr-1-927fw-5[0m stage [32mfrom-build-pack[0m and container [32mstep-git-merge[0m
Using SHAs from PULL_REFS=master:6cabc405109e705f94984a6569887095a9a41f51,181:3618e253711839bb0d7def48576642296b128416
DEBUG: ran git fetch --unshallow origin 3618e253711839bb0d7def48576642296b128416: 6cabc405109e705f94984a6569887095a9a41f51: in 
DEBUG: ran git checkout master in 
DEBUG: ran git reset --hard 6cabc405109e705f94984a6569887095a9a41f51 in 
DEBUG: ran clean --force -d . in 
DEBUG: ran git merge 3618e253711839bb0d7def48576642296b128416 in 
Merged SHA 3618e253711839bb0d7def48576642296b128416 with commit message 'Merge branch 'master' into ENG-1658-add-*****istration-function-to-enable-disable-content-security-policy' into base branch master
Merged SHA c506de87a5a6c18ae13ec49a617e0e2fa80231a6 with commit message 'ENG-1658: Upgrade dependencies version' into base branch master
Merged SHA 1bf843ce3c9ff98be62be441d39aa914acee771c with commit message 'ENG-1658: Added reference of parameter "CSP extra config" on environment variable' into base branch master
Merged SHA bd34dad16c850b14963f0838531f8282321b0bbc with commit message 'Merge branch 'master' into ENG-1658-add-*****istration-function-to-enable-disable-content-security-policy' into base branch master
Merged SHA 714ecd8fd0a8efc7fb1a8038823c927891b5c757 with commit message 'ENG:1658: Added reference of parameter "CSP Policy enabled" on environment variable' into base branch master

Showing logs for build [32mentando-k8s-entando-de-app-pr-1-927fw-5[0m stage [32mfrom-build-pack[0m and container [32mstep-build-set-version[0m
Picked up _JAVA_OPTIONS: -XX:+UnlockExperimentalVMOptions -Dsun.zip.disableMemoryMapping=**** -XX:+UseParallelGC -XX:MinHeapFreeRatio=5 -XX:MaxHeapFreeRatio=10 -XX:GCTimeRatio=4 -XX:AdaptiveSizePolicyWeight=90 -Xms1000m -Xmx12000m
[INFO] Scanning for projects...
[INFO] 
[INFO] -----------------< org.entando.entando:entando-de-app >-----------------
[INFO] Building entando-de-app 6.3.0-SNAPSHOT
[INFO] --------------------------------[ war ]---------------------------------
[INFO] 
[INFO] --- versions-maven-plugin:2.8.1:set (default-cli) @ entando-de-app ---
[INFO] Local aggregation ****: /workspace/source
[INFO] Processing change of org.entando.entando:entando-de-app:6.3.0-SNAPSHOT -> 0.0.0-SNAPSHOT-PR-181-5
[INFO] Processing org.entando.entando:entando-de-app
[INFO]     Updating project org.entando.entando:entando-de-app
[INFO]         from version 6.3.0-SNAPSHOT to 0.0.0-SNAPSHOT-PR-181-5
[INFO] 
[INFO] ------------------------------------------------------------------------
[INFO] BUILD SUCCESS
[INFO] ------------------------------------------------------------------------
[INFO] Total time:  8.426 s
[INFO] Finished at: 2021-01-08T09:27:34Z
[INFO] ------------------------------------------------------------------------

Showing logs for build [32mentando-k8s-entando-de-app-pr-1-927fw-5[0m stage [32mfrom-build-pack[0m and container [32mstep-build-mvn-verify[0m
Picked up _JAVA_OPTIONS: -XX:+UnlockExperimentalVMOptions -Dsun.zip.disableMemoryMapping=**** -XX:+UseParallelGC -XX:MinHeapFreeRatio=5 -XX:MaxHeapFreeRatio=10 -XX:GCTimeRatio=4 -XX:AdaptiveSizePolicyWeight=90 -Xms1000m -Xmx12000m
[INFO] Scanning for projects...
[INFO] 
[INFO] -----------------< org.entando.entando:entando-de-app >-----------------
[INFO] Building entando-de-app 0.0.0-SNAPSHOT-PR-181-5
[INFO] --------------------------------[ war ]---------------------------------
[WARNING] The POM for org.entando.entando:entando-engine:jar:6.3.18 is missing, no dependency information available
[WARNING] The POM for org.entando.entando:entando-engine:jar:tests:6.3.18 is missing, no dependency information available
[INFO] ------------------------------------------------------------------------
[INFO] BUILD FAILURE
[INFO] ------------------------------------------------------------------------
[INFO] Total time:  17.603 s
[INFO] Finished at: 2021-01-08T09:27:55Z
[INFO] ------------------------------------------------------------------------
[ERROR] Failed to e**cute goal on project entando-de-app: Could not resolve dependencies for project org.entando.entando:entando-de-app:war:0.0.0-SNAPSHOT-PR-181-5: The following artifacts could not be resolved: org.entando.entando:entando-engine:jar:6.3.18, org.entando.entando:entando-engine:jar:tests:6.3.18: Could not find artifact org.entando.entando:entando-engine:jar:6.3.18 in nexus (http://nexus/repository/maven-group/) -> [Help 1]
[ERROR] 
[ERROR] To see the full stack trace of the errors, re-run Maven with the -e switch.
[ERROR] Re-run Maven using the -X switch to enable full debug logging.
[ERROR] 
[ERROR] For more information about the errors and possible solutions, please read the following articles:
[ERROR] [Help 1] http://cwiki.apache.org/confluence/display/MAVEN/DependencyResolutionException
[31m
Pipeline failed on stage 'from-build-pack' : container 'step-build-mvn-verify'. The execution of the pipeline has stopped.[0m
