
Showing logs for build [32mentando-entando-engine-pr-95-pr-wjsgt-1[0m stage [32mfrom-build-pack[0m and container [32mstep-credential-initializer-k797s[0m
{"level":"warn","ts":1607634935.3061993,"logger":"fallback-logger","caller":"logging/config.go:69","msg":"Fetch GitHub commit ID from kodata failed: \"ref: refs/heads/0.8.0-**-support-backwards-incompats\" is not a valid GitHub commit ID"}
{"level":"info","ts":1607634935.3261235,"logger":"fallback-logger","caller":"creds-init/main.go:40","msg":"Credentials initialized."}

Showing logs for build [32mentando-entando-engine-pr-95-pr-wjsgt-1[0m stage [32mfrom-build-pack[0m and container [32mstep-working-dir-initializer-2s85r[0m
{"level":"warn","ts":1607634942.4195588,"logger":"fallback-logger","caller":"logging/config.go:69","msg":"Fetch GitHub commit ID from kodata failed: open /var/run/ko/HEAD: no such file or directory"}
{"level":"info","ts":1607634942.4383707,"logger":"fallback-logger","caller":"bash/main.go:64","msg":"Successfully e**cuted command \"sh -c mkdir -p /workspace/source\"; output "}

Showing logs for build [32mentando-entando-engine-pr-95-pr-wjsgt-1[0m stage [32mfrom-build-pack[0m and container [32mstep-place-tools[0m

Showing logs for build [32mentando-entando-engine-pr-95-pr-wjsgt-1[0m stage [32mfrom-build-pack[0m and container [32mstep-git-source-entando-entando-engine-pr-95-pr-pm92r[0m
{"level":"warn","ts":1607634989.8136427,"logger":"fallback-logger","caller":"logging/config.go:69","msg":"Fetch GitHub commit ID from kodata failed: \"ref: refs/heads/0.8.0-**-support-backwards-incompats\" is not a valid GitHub commit ID"}
{"level":"info","ts":1607634996.1346533,"logger":"fallback-logger","caller":"git/git.go:103","msg":"Successfully cloned https://github.com/entando/entando-engine.git @ master in path /workspace/source"}

Showing logs for build [32mentando-entando-engine-pr-95-pr-wjsgt-1[0m stage [32mfrom-build-pack[0m and container [32mstep-git-merge[0m
Using SHAs from PULL_REFS=master:b5e5c500d2358e9c9aec3b3e84bf3489c270db71,95:41a796a188ba21a75954c28bcb6d9fe0a1dd1c2a
DEBUG: ran git fetch --unshallow origin 41a796a188ba21a75954c28bcb6d9fe0a1dd1c2a: b5e5c500d2358e9c9aec3b3e84bf3489c270db71: in 
DEBUG: ran git checkout master in 
DEBUG: ran git reset --hard b5e5c500d2358e9c9aec3b3e84bf3489c270db71 in 
DEBUG: ran clean --force -d . in 
DEBUG: ran git merge 41a796a188ba21a75954c28bcb6d9fe0a1dd1c2a in 
Merged SHA 41a796a188ba21a75954c28bcb6d9fe0a1dd1c2a with commit message 'BOM_UPDATE-2020-12-10_22-12-04' into base branch master

Showing logs for build [32mentando-entando-engine-pr-95-pr-wjsgt-1[0m stage [32mfrom-build-pack[0m and container [32mstep-build-set-version[0m
Picked up _JAVA_OPTIONS: -XX:+UnlockExperimentalVMOptions -Dsun.zip.disableMemoryMapping=true -XX:+UseParallelGC -XX:MinHeapFreeRatio=5 -XX:MaxHeapFreeRatio=10 -XX:GCTimeRatio=4 -XX:AdaptiveSizePolicyWeight=90 -Xms10m -Xmx8000m
[INFO] Scanning for projects...
[ERROR] [ERROR] Some problems were encountered while processing the POMs:
[WARNING] 'dependencies.dependency.(groupId:artifactId:type:classifier)' must be unique: org.apache.logging.log4j:log4j-core:jar -> duplicate declaration of version ${log4j-core.version} @ line 296, column 21
[FATAL] Non-resolvable parent POM for org.entando.entando:entando-engine:6.3.0-SNAPSHOT: Could not find artifact org.entando:entando-core-parent:pom:6.2.2w in nexus (http://nexus/repository/maven-group/) and 'parent.relativePath' points at wrong local POM @ line 5, column 13
 @ 
[ERROR] The build could not read 1 project -> [Help 1]
[ERROR]   
[ERROR]   The project org.entando.entando:entando-engine:6.3.0-SNAPSHOT (/workspace/source/pom.xml) has 1 error
[ERROR]     Non-resolvable parent POM for org.entando.entando:entando-engine:6.3.0-SNAPSHOT: Could not find artifact org.entando:entando-core-parent:pom:6.2.2w in nexus (http://nexus/repository/maven-group/) and 'parent.relativePath' points at wrong local POM @ line 5, column 13 -> [Help 2]
[ERROR] 
[ERROR] To see the full stack trace of the errors, re-run Maven with the -e switch.
[ERROR] Re-run Maven using the -X switch to enable full debug logging.
[ERROR] 
[ERROR] For more information about the errors and possible solutions, please read the following articles:
[ERROR] [Help 1] http://cwiki.apache.org/confluence/display/MAVEN/ProjectBuildingException
[ERROR] [Help 2] http://cwiki.apache.org/confluence/display/MAVEN/UnresolvableModelException
[31m
Pipeline failed on stage 'from-build-pack' : container 'step-build-set-version'. The execution of the pipeline has stopped.[0m
