
Showing logs for build [32mentando-entando-plugin-jacms-pr-p7pgh-2[0m stage [32mfrom-build-pack[0m and container [32mstep-credential-initializer-jz2kz[0m
{"level":"warn","ts":1607462370.3303616,"logger":"fallback-logger","caller":"logging/config.go:69","msg":"Fetch GitHub commit ID from kodata failed: \"ref: refs/heads/0.8.0-**-support-backwards-incompats\" is not a valid GitHub commit ID"}
{"level":"info","ts":1607462370.3412616,"logger":"fallback-logger","caller":"creds-init/main.go:40","msg":"Credentials initialized."}

Showing logs for build [32mentando-entando-plugin-jacms-pr-p7pgh-2[0m stage [32mfrom-build-pack[0m and container [32mstep-working-dir-initializer-k9c4x[0m
{"level":"warn","ts":1607462374.101201,"logger":"fallback-logger","caller":"logging/config.go:69","msg":"Fetch GitHub commit ID from kodata failed: open /var/run/ko/HEAD: no such file or directory"}
{"level":"info","ts":1607462374.11478,"logger":"fallback-logger","caller":"bash/main.go:64","msg":"Successfully e**cuted command \"sh -c mkdir -p /workspace/source\"; output "}

Showing logs for build [32mentando-entando-plugin-jacms-pr-p7pgh-2[0m stage [32mfrom-build-pack[0m and container [32mstep-place-tools[0m

Showing logs for build [32mentando-entando-plugin-jacms-pr-p7pgh-2[0m stage [32mfrom-build-pack[0m and container [32mstep-git-source-entando-entando-plugin-jacms-pr-x964d[0m
{"level":"warn","ts":1607462417.4064093,"logger":"fallback-logger","caller":"logging/config.go:69","msg":"Fetch GitHub commit ID from kodata failed: \"ref: refs/heads/0.8.0-**-support-backwards-incompats\" is not a valid GitHub commit ID"}
{"level":"info","ts":1607462419.730276,"logger":"fallback-logger","caller":"git/git.go:103","msg":"Successfully cloned https://github.com/entando/entando-plugin-jacms.git @ master in path /workspace/source"}

Showing logs for build [32mentando-entando-plugin-jacms-pr-p7pgh-2[0m stage [32mfrom-build-pack[0m and container [32mstep-git-merge[0m
Using SHAs from PULL_REFS=master:465256464765dd48a75a813ce4d6cd093f229e74,67:4bab3ad3f9a0e7b7fff3b0b182f6eb489513c84c
DEBUG: ran git fetch --unshallow origin 4bab3ad3f9a0e7b7fff3b0b182f6eb489513c84c: 465256464765dd48a75a813ce4d6cd093f229e74: in 
DEBUG: ran git checkout master in 
DEBUG: ran git reset --hard 465256464765dd48a75a813ce4d6cd093f229e74 in 
DEBUG: ran clean --force -d . in 
DEBUG: ran git merge 4bab3ad3f9a0e7b7fff3b0b182f6eb489513c84c in 
Merged SHA 4bab3ad3f9a0e7b7fff3b0b182f6eb489513c84c with commit message 'ENG-1638 added automatic aps-core lib tag injection when injecting nonce' into base branch master

Showing logs for build [32mentando-entando-plugin-jacms-pr-p7pgh-2[0m stage [32mfrom-build-pack[0m and container [32mstep-build-set-version[0m
Picked up _JAVA_OPTIONS: -XX:+UnlockExperimentalVMOptions -Dsun.zip.disableMemoryMapping=true -XX:+UseParallelGC -XX:MinHeapFreeRatio=5 -XX:MaxHeapFreeRatio=10 -XX:GCTimeRatio=4 -XX:AdaptiveSizePolicyWeight=90 -Xms10m -Xmx8000m
[INFO] Scanning for projects...
[ERROR] [ERROR] Some problems were encountered while processing the POMs:
[ERROR] Non-resolvable import POM: Could not find artifact org.entando:entando-core-bom:pom:6.2.180 in nexus (http://nexus/repository/maven-group/) @ line 94, column 25
[ERROR] 'dependencies.dependency.version' for org.entando.entando:entando-portal-ui:jar:classes is missing. @ line 187, column 21
[ERROR] 'dependencies.dependency.version' for org.entando.entando:entando-engine:test-jar is missing. @ line 276, column 21
[ERROR] 'dependencies.dependency.version' for org.entando.entando:entando-*****-console:test-jar is missing. @ line 281, column 21
[ERROR] 'dependencies.dependency.version' for org.entando.entando:entando-portal-ui:test-jar is missing. @ line 286, column 21
 @ 
[ERROR] The build could not read 1 project -> [Help 1]
[ERROR]   
[ERROR]   The project org.entando.entando.plugins:entando-plugin-jacms:6.3.0-SNAPSHOT (/workspace/source/pom.xml) has 5 errors
[ERROR]     Non-resolvable import POM: Could not find artifact org.entando:entando-core-bom:pom:6.2.180 in nexus (http://nexus/repository/maven-group/) @ line 94, column 25 -> [Help 2]
[ERROR]     'dependencies.dependency.version' for org.entando.entando:entando-portal-ui:jar:classes is missing. @ line 187, column 21
[ERROR]     'dependencies.dependency.version' for org.entando.entando:entando-engine:test-jar is missing. @ line 276, column 21
[ERROR]     'dependencies.dependency.version' for org.entando.entando:entando-*****-console:test-jar is missing. @ line 281, column 21
[ERROR]     'dependencies.dependency.version' for org.entando.entando:entando-portal-ui:test-jar is missing. @ line 286, column 21
[ERROR] 
[ERROR] To see the full stack trace of the errors, re-run Maven with the -e switch.
[ERROR] Re-run Maven using the -X switch to enable full debug logging.
[ERROR] 
[ERROR] For more information about the errors and possible solutions, please read the following articles:
[ERROR] [Help 1] http://cwiki.apache.org/confluence/display/MAVEN/ProjectBuildingException
[ERROR] [Help 2] http://cwiki.apache.org/confluence/display/MAVEN/UnresolvableModelException
[31m
Pipeline failed on stage 'from-build-pack' : container 'step-build-set-version'. The execution of the pipeline has stopped.[0m
