<?xml version="1.0" encoding="UTF-8"?><testsuites failures="0" name="dependency-check" tests="146"><testsuite failures="0" id="0" name="/home/jenkins/.mvnrepository/org/hdrhistogram/HdrHistogram/2.1.11/HdrHistogram-2.1.11.jar" package="HdrHistogram-2.1.11.jar" skipped="0" tests="1" timestamp="2021-01-05T09:55:59.938153"><testcase classname="dependency-check" name="HdrHistogram-2.1.11.jar"/></testsuite><testsuite failures="0" id="1" name="/home/jenkins/.mvnrepository/org/latencyutils/LatencyUtils/2.0.3/LatencyUtils-2.0.3.jar" package="LatencyUtils-2.0.3.jar" skipped="0" tests="1" timestamp="2021-01-05T09:55:59.938153"><testcase classname="dependency-check" name="LatencyUtils-2.0.3.jar"/></testsuite><testsuite failures="0" id="2" name="/home/jenkins/.mvnrepository/net/minidev/accessors-smart/1.2/accessors-smart-1.2.jar" package="accessors-smart-1.2.jar" skipped="0" tests="1" timestamp="2021-01-05T09:55:59.938153"><testcase classname="dependency-check" name="accessors-smart-1.2.jar"/></testsuite><testsuite failures="0" id="3" name="/home/jenkins/.mvnrepository/javax/activation/activation/1.1/activation-1.1.jar" package="activation-1.1.jar" skipped="0" tests="1" timestamp="2021-01-05T09:55:59.938153"><testcase classname="dependency-check" name="activation-1.1.jar"/></testsuite><testsuite failures="0" id="4" name="/home/jenkins/.mvnrepository/org/webjars/npm/angular__http/2.4.10/angular__http-2.4.10.jar" package="angular__http-2.4.10.jar" skipped="0" tests="1" timestamp="2021-01-05T09:55:59.938153"><testcase classname="dependency-check" name="angular__http-2.4.10.jar"/></testsuite><testsuite failures="0" id="5" name="/home/jenkins/.mvnrepository/org/webjars/npm/angular__http/2.4.10/angular__http-2.4.10.jar/META-INF/resources/webjars/angular__http/2.4.10/package.json" package="angular__http-2.4.10.jar: package.json" skipped="0" tests="1" timestamp="2021-01-05T09:55:59.938153"><testcase classname="dependency-check" name="angular__http-2.4.10.jar: package.json"/></testsuite><testsuite failures="0" id="6" name="/home/jenkins/.mvnrepository/org/webjars/npm/angular__http/2.4.10/angular__http-2.4.10.jar/META-INF/resources/webjars/angular__http/2.4.10/testing/package.json" package="angular__http-2.4.10.jar: package.json" skipped="0" tests="1" timestamp="2021-01-05T09:55:59.938153"><testcase classname="dependency-check" name="angular__http-2.4.10.jar: package.json"/></testsuite><testsuite failures="0" id="7" name="/home/jenkins/.mvnrepository/org/apiguardian/apiguardian-api/1.1.0/apiguardian-api-1.1.0.jar" package="apiguardian-api-1.1.0.jar" skipped="0" tests="1" timestamp="2021-01-05T09:55:59.938153"><testcase classname="dependency-check" name="apiguardian-api-1.1.0.jar"/></testsuite><testsuite failures="0" id="8" name="/home/jenkins/.mvnrepository/io/quarkus/arc/arc/1.2.0.Final/arc-1.2.0.Final.jar" package="arc-1.2.0.Final.jar" skipped="0" tests="1" timestamp="2021-01-05T09:55:59.938153"><testcase classname="dependency-check" name="arc-1.2.0.Final.jar"/></testsuite><testsuite failures="0" id="9" name="/home/jenkins/.mvnrepository/org/ow2/asm/asm/5.0.4/asm-5.0.4.jar" package="asm-5.0.4.jar" skipped="0" tests="1" timestamp="2021-01-05T09:55:59.938153"><testcase classname="dependency-check" name="asm-5.0.4.jar"/></testsuite><testsuite failures="0" id="10" name="/home/jenkins/.mvnrepository/dk/brics/automaton/automaton/1.11-8/automaton-1.11-8.jar" package="automaton-1.11-8.jar" skipped="0" tests="1" timestamp="2021-01-05T09:55:59.938153"><testcase classname="dependency-check" name="automaton-1.11-8.jar"/></testsuite><testsuite failures="0" id="11" name="/home/jenkins/.mvnrepository/org/bouncycastle/bcpkix-jdk15on/1.64/bcpkix-jdk15on-1.64.jar" package="bcpkix-jdk15on-1.64.jar" skipped="0" tests="1" timestamp="2021-01-05T09:55:59.938153"><testcase classname="dependency-check" name="bcpkix-jdk15on-1.64.jar"/></testsuite><testsuite failures="0" id="12" name="/home/jenkins/.mvnrepository/org/bouncycastle/bcprov-jdk15on/1.64/bcprov-jdk15on-1.64.jar" package="bcprov-jdk15on-1.64.jar" skipped="0" tests="1" timestamp="2021-01-05T09:55:59.938153"><testcase classname="dependency-check" name="bcprov-jdk15on-1.64.jar"/></testsuite><testsuite failures="0" id="13" name="/home/jenkins/.mvnrepository/io/github/classgraph/classgraph/4.8.44/classgraph-4.8.44.jar" package="classgraph-4.8.44.jar" skipped="0" tests="1" timestamp="2021-01-05T09:55:59.938153"><testcase classname="dependency-check" name="classgraph-4.8.44.jar"/></testsuite><testsuite failures="0" id="14" name="/home/jenkins/.mvnrepository/com/fasterxml/classmate/1.5.1/classmate-1.5.1.jar" package="classmate-1.5.1.jar" skipped="0" tests="1" timestamp="2021-01-05T09:55:59.938153"><testcase classname="dependency-check" name="classmate-1.5.1.jar"/></testsuite><testsuite failures="0" id="15" name="/home/jenkins/.mvnrepository/commons-codec/commons-codec/1.13/commons-codec-1.13.jar" package="commons-codec-1.13.jar" skipped="0" tests="1" timestamp="2021-01-05T09:55:59.938153"><testcase classname="dependency-check" name="commons-codec-1.13.jar"/></testsuite><testsuite failures="0" id="16" name="/home/jenkins/.mvnrepository/org/apache/commons/commons-lang3/3.9/commons-lang3-3.9.jar" package="commons-lang3-3.9.jar" skipped="0" tests="1" timestamp="2021-01-05T09:55:59.938153"><testcase classname="dependency-check" name="commons-lang3-3.9.jar"/></testsuite><testsuite failures="0" id="17" name="/home/jenkins/.mvnrepository/org/entando/entando-k8s-custom-model/6.2.0/entando-k8s-custom-model-6.2.0.jar" package="entando-k8s-custom-model-6.2.0.jar" skipped="0" tests="1" timestamp="2021-01-05T09:55:59.938153"><testcase classname="dependency-check" name="entando-k8s-custom-model-6.2.0.jar"/></testsuite><testsuite failures="0" id="18" name="/home/jenkins/.mvnrepository/org/atteo/evo-inflector/1.2.2/evo-inflector-1.2.2.jar" package="evo-inflector-1.2.2.jar" skipped="0" tests="1" timestamp="2021-01-05T09:55:59.938153"><testcase classname="dependency-check" name="evo-inflector-1.2.2.jar"/></testsuite><testsuite failures="0" id="19" name="/home/jenkins/.mvnrepository/org/zalando/faux-pas/0.8.0/faux-pas-0.8.0.jar" package="faux-pas-0.8.0.jar" skipped="0" tests="1" timestamp="2021-01-05T09:55:59.938153"><testcase classname="dependency-check" name="faux-pas-0.8.0.jar"/></testsuite><testsuite failures="0" id="20" name="/home/jenkins/.mvnrepository/com/github/mifmif/generex/1.0.2/generex-1.0.2.jar" package="generex-1.0.2.jar" skipped="0" tests="1" timestamp="2021-01-05T09:55:59.938153"><testcase classname="dependency-check" name="generex-1.0.2.jar"/></testsuite><testsuite failures="0" id="21" name="/home/jenkins/.mvnrepository/org/graalvm/sdk/graal-sdk/19.2.1/graal-sdk-19.2.1.jar" package="graal-sdk-19.2.1.jar" skipped="0" tests="1" timestamp="2021-01-05T09:55:59.938153"><testcase classname="dependency-check" name="graal-sdk-19.2.1.jar"/></testsuite><testsuite failures="0" id="22" name="/home/jenkins/.mvnrepository/org/hibernate/validator/hibernate-validator/6.0.20.Final/hibernate-validator-6.0.20.Final.jar" package="hibernate-validator-6.0.20.Final.jar" skipped="0" tests="1" timestamp="2021-01-05T09:55:59.938153"><testcase classname="dependency-check" name="hibernate-validator-6.0.20.Final.jar"/></testsuite><testsuite failures="0" id="23" name="/home/jenkins/.mvnrepository/com/sun/istack/istack-commons-runtime/3.0.11/istack-commons-runtime-3.0.11.jar" package="istack-commons-runtime-3.0.11.jar" skipped="0" tests="1" timestamp="2021-01-05T09:55:59.938153"><testcase classname="dependency-check" name="istack-commons-runtime-3.0.11.jar"/></testsuite><testsuite failures="0" id="24" name="/home/jenkins/.mvnrepository/com/fasterxml/jackson/core/jackson-annotations/2.10.5/jackson-annotations-2.10.5.jar" package="jackson-annotations-2.10.5.jar" skipped="0" tests="1" timestamp="2021-01-05T09:55:59.938153"><testcase classname="dependency-check" name="jackson-annotations-2.10.5.jar"/></testsuite><testsuite failures="0" id="25" name="/home/jenkins/.mvnrepository/com/fasterxml/jackson/core/jackson-core/2.10.5/jackson-core-2.10.5.jar" package="jackson-core-2.10.5.jar" skipped="0" tests="1" timestamp="2021-01-05T09:55:59.938153"><testcase classname="dependency-check" name="jackson-core-2.10.5.jar"/></testsuite><testsuite failures="0" id="26" name="/home/jenkins/.mvnrepository/com/fasterxml/jackson/core/jackson-databind/2.10.5.1/jackson-databind-2.10.5.1.jar" package="jackson-databind-2.10.5.1.jar" skipped="0" tests="1" timestamp="2021-01-05T09:55:59.938153"><testcase classname="dependency-check" name="jackson-databind-2.10.5.1.jar"/></testsuite><testsuite failures="0" id="27" name="/home/jenkins/.mvnrepository/com/fasterxml/jackson/dataformat/jackson-dataformat-yaml/2.9.9/jackson-dataformat-yaml-2.9.9.jar" package="jackson-dataformat-yaml-2.9.9.jar" skipped="0" tests="1" timestamp="2021-01-05T09:55:59.938153"><testcase classname="dependency-check" name="jackson-dataformat-yaml-2.9.9.jar"/></testsuite><testsuite failures="0" id="28" name="/home/jenkins/.mvnrepository/com/fasterxml/jackson/datatype/jackson-datatype-jdk8/2.10.5/jackson-datatype-jdk8-2.10.5.jar" package="jackson-datatype-jdk8-2.10.5.jar" skipped="0" tests="1" timestamp="2021-01-05T09:55:59.938153"><testcase classname="dependency-check" name="jackson-datatype-jdk8-2.10.5.jar"/></testsuite><testsuite failures="0" id="29" name="/home/jenkins/.mvnrepository/com/fasterxml/jackson/datatype/jackson-datatype-jsr310/2.10.5/jackson-datatype-jsr310-2.10.5.jar" package="jackson-datatype-jsr310-2.10.5.jar" skipped="0" tests="1" timestamp="2021-01-05T09:55:59.938153"><testcase classname="dependency-check" name="jackson-datatype-jsr310-2.10.5.jar"/></testsuite><testsuite failures="0" id="30" name="/home/jenkins/.mvnrepository/org/zalando/jackson-datatype-problem/0.23.0/jackson-datatype-problem-0.23.0.jar" package="jackson-datatype-problem-0.23.0.jar" skipped="0" tests="1" timestamp="2021-01-05T09:55:59.938153"><testcase classname="dependency-check" name="jackson-datatype-problem-0.23.0.jar"/></testsuite><testsuite failures="0" id="31" name="/home/jenkins/.mvnrepository/com/fasterxml/jackson/module/jackson-module-jaxb-annotations/2.10.5/jackson-module-jaxb-annotations-2.10.5.jar" package="jackson-module-jaxb-annotations-2.10.5.jar" skipped="0" tests="1" timestamp="2021-01-05T09:55:59.938153"><testcase classname="dependency-check" name="jackson-module-jaxb-annotations-2.10.5.jar"/></testsuite><testsuite failures="0" id="32" name="/home/jenkins/.mvnrepository/com/fasterxml/jackson/module/jackson-module-parameter-names/2.10.5/jackson-module-parameter-names-2.10.5.jar" package="jackson-module-parameter-names-2.10.5.jar" skipped="0" tests="1" timestamp="2021-01-05T09:55:59.938153"><testcase classname="dependency-check" name="jackson-module-parameter-names-2.10.5.jar"/></testsuite><testsuite failures="0" id="33" name="/home/jenkins/.mvnrepository/com/sun/activation/jakarta.activation/1.2.2/jakarta.activation-1.2.2.jar" package="jakarta.activation-1.2.2.jar" skipped="0" tests="1" timestamp="2021-01-05T09:55:59.938153"><testcase classname="dependency-check" name="jakarta.activation-1.2.2.jar"/></testsuite><testsuite failures="0" id="34" name="/home/jenkins/.mvnrepository/jakarta/activation/jakarta.activation-api/1.2.2/jakarta.activation-api-1.2.2.jar" package="jakarta.activation-api-1.2.2.jar" skipped="0" tests="1" timestamp="2021-01-05T09:55:59.938153"><testcase classname="dependency-check" name="jakarta.activation-api-1.2.2.jar"/></testsuite><testsuite failures="0" id="35" name="/home/jenkins/.mvnrepository/jakarta/annotation/jakarta.annotation-api/1.3.5/jakarta.annotation-api-1.3.5.jar" package="jakarta.annotation-api-1.3.5.jar" skipped="0" tests="1" timestamp="2021-01-05T09:55:59.938153"><testcase classname="dependency-check" name="jakarta.annotation-api-1.3.5.jar"/></testsuite><testsuite failures="0" id="36" name="/home/jenkins/.mvnrepository/jakarta/ejb/jakarta.ejb-api/3.2.6/jakarta.ejb-api-3.2.6.jar" package="jakarta.ejb-api-3.2.6.jar" skipped="0" tests="1" timestamp="2021-01-05T09:55:59.938153"><testcase classname="dependency-check" name="jakarta.ejb-api-3.2.6.jar"/></testsuite><testsuite failures="0" id="37" name="/home/jenkins/.mvnrepository/jakarta/el/jakarta.el-api/3.0.3/jakarta.el-api-3.0.3.jar" package="jakarta.el-api-3.0.3.jar" skipped="0" tests="1" timestamp="2021-01-05T09:55:59.938153"><testcase classname="dependency-check" name="jakarta.el-api-3.0.3.jar"/></testsuite><testsuite failures="0" id="38" name="/home/jenkins/.mvnrepository/jakarta/enterprise/jakarta.enterprise.cdi-api/2.0.2/jakarta.enterprise.cdi-api-2.0.2.jar" package="jakarta.enterprise.cdi-api-2.0.2.jar" skipped="0" tests="1" timestamp="2021-01-05T09:55:59.938153"><testcase classname="dependency-check" name="jakarta.enterprise.cdi-api-2.0.2.jar"/></testsuite><testsuite failures="0" id="39" name="/home/jenkins/.mvnrepository/jakarta/inject/jakarta.inject-api/1.0/jakarta.inject-api-1.0.jar" package="jakarta.inject-api-1.0.jar" skipped="0" tests="1" timestamp="2021-01-05T09:55:59.938153"><testcase classname="dependency-check" name="jakarta.inject-api-1.0.jar"/></testsuite><testsuite failures="0" id="40" name="/home/jenkins/.mvnrepository/jakarta/interceptor/jakarta.interceptor-api/1.2.5/jakarta.interceptor-api-1.2.5.jar" package="jakarta.interceptor-api-1.2.5.jar" skipped="0" tests="1" timestamp="2021-01-05T09:55:59.938153"><testcase classname="dependency-check" name="jakarta.interceptor-api-1.2.5.jar"/></testsuite><testsuite failures="0" id="41" name="/home/jenkins/.mvnrepository/com/sun/mail/jakarta.mail/1.6.5/jakarta.mail-1.6.5.jar" package="jakarta.mail-1.6.5.jar" skipped="0" tests="1" timestamp="2021-01-05T09:55:59.938153"><testcase classname="dependency-check" name="jakarta.mail-1.6.5.jar"/></testsuite><testsuite failures="0" id="42" name="/home/jenkins/.mvnrepository/jakarta/transaction/jakarta.transaction-api/1.3.3/jakarta.transaction-api-1.3.3.jar" package="jakarta.transaction-api-1.3.3.jar" skipped="0" tests="1" timestamp="2021-01-05T09:55:59.938153"><testcase classname="dependency-check" name="jakarta.transaction-api-1.3.3.jar"/></testsuite><testsuite failures="0" id="43" name="/home/jenkins/.mvnrepository/jakarta/validation/jakarta.validation-api/2.0.2/jakarta.validation-api-2.0.2.jar" package="jakarta.validation-api-2.0.2.jar" skipped="0" tests="1" timestamp="2021-01-05T09:55:59.938153"><testcase classname="dependency-check" name="jakarta.validation-api-2.0.2.jar"/></testsuite><testsuite failures="0" id="44" name="/home/jenkins/.mvnrepository/jakarta/xml/bind/jakarta.xml.bind-api/2.3.3/jakarta.xml.bind-api-2.3.3.jar" package="jakarta.xml.bind-api-2.3.3.jar" skipped="0" tests="1" timestamp="2021-01-05T09:55:59.938153"><testcase classname="dependency-check" name="jakarta.xml.bind-api-2.3.3.jar"/></testsuite><testsuite failures="0" id="45" name="/home/jenkins/.mvnrepository/javax/activation/javax.activation-api/1.2.0/javax.activation-api-1.2.0.jar" package="javax.activation-api-1.2.0.jar" skipped="0" tests="1" timestamp="2021-01-05T09:55:59.938153"><testcase classname="dependency-check" name="javax.activation-api-1.2.0.jar"/></testsuite><testsuite failures="0" id="46" name="/home/jenkins/.mvnrepository/javax/annotation/javax.annotation-api/1.3.2/javax.annotation-api-1.3.2.jar" package="javax.annotation-api-1.3.2.jar" skipped="0" tests="1" timestamp="2021-01-05T09:55:59.938153"><testcase classname="dependency-check" name="javax.annotation-api-1.3.2.jar"/></testsuite><testsuite failures="0" id="47" name="/home/jenkins/.mvnrepository/com/sun/mail/javax.mail/1.6.1/javax.mail-1.6.1.jar" package="javax.mail-1.6.1.jar" skipped="0" tests="1" timestamp="2021-01-05T09:55:59.938153"><testcase classname="dependency-check" name="javax.mail-1.6.1.jar"/></testsuite><testsuite failures="0" id="48" name="/home/jenkins/.mvnrepository/javax/xml/bind/jaxb-api/2.3.1/jaxb-api-2.3.1.jar" package="jaxb-api-2.3.1.jar" skipped="0" tests="1" timestamp="2021-01-05T09:55:59.938153"><testcase classname="dependency-check" name="jaxb-api-2.3.1.jar"/></testsuite><testsuite failures="0" id="49" name="/home/jenkins/.mvnrepository/org/glassfish/jaxb/jaxb-runtime/2.3.3/jaxb-runtime-2.3.3.jar" package="jaxb-runtime-2.3.3.jar" skipped="0" tests="1" timestamp="2021-01-05T09:55:59.938153"><testcase classname="dependency-check" name="jaxb-runtime-2.3.3.jar"/></testsuite><testsuite failures="0" id="50" name="/home/jenkins/.mvnrepository/org/jboss/spec/javax/xml/bind/jboss-jaxb-api_2.3_spec/2.0.0.Final/jboss-jaxb-api_2.3_spec-2.0.0.Final.jar" package="jboss-jaxb-api_2.3_spec-2.0.0.Final.jar" skipped="0" tests="1" timestamp="2021-01-05T09:55:59.938153"><testcase classname="dependency-check" name="jboss-jaxb-api_2.3_spec-2.0.0.Final.jar"/></testsuite><testsuite failures="0" id="51" name="/home/jenkins/.mvnrepository/org/jboss/logging/jboss-logging/3.4.1.Final/jboss-logging-3.4.1.Final.jar" package="jboss-logging-3.4.1.Final.jar" skipped="0" tests="1" timestamp="2021-01-05T09:55:59.938153"><testcase classname="dependency-check" name="jboss-logging-3.4.1.Final.jar"/></testsuite><testsuite failures="0" id="52" name="/home/jenkins/.mvnrepository/org/jboss/logging/jboss-logging-annotations/2.1.0.Final/jboss-logging-annotations-2.1.0.Final.jar" package="jboss-logging-annotations-2.1.0.Final.jar" skipped="0" tests="1" timestamp="2021-01-05T09:55:59.938153"><testcase classname="dependency-check" name="jboss-logging-annotations-2.1.0.Final.jar"/></testsuite><testsuite failures="0" id="53" name="/home/jenkins/.mvnrepository/org/jboss/logmanager/jboss-logmanager-embedded/1.0.4/jboss-logmanager-embedded-1.0.4.jar" package="jboss-logmanager-embedded-1.0.4.jar" skipped="0" tests="1" timestamp="2021-01-05T09:55:59.938153"><testcase classname="dependency-check" name="jboss-logmanager-embedded-1.0.4.jar"/></testsuite><testsuite failures="0" id="54" name="/home/jenkins/.mvnrepository/org/jboss/threads/jboss-threads/3.0.0.Final/jboss-threads-3.0.0.Final.jar" package="jboss-threads-3.0.0.Final.jar" skipped="0" tests="1" timestamp="2021-01-05T09:55:59.938153"><testcase classname="dependency-check" name="jboss-threads-3.0.0.Final.jar"/></testsuite><testsuite failures="0" id="55" name="/home/jenkins/.mvnrepository/com/github/stephenc/jcip/jcip-annotations/1.0-1/jcip-annotations-1.0-1.jar" package="jcip-annotations-1.0-1.jar" skipped="0" tests="1" timestamp="2021-01-05T09:55:59.938153"><testcase classname="dependency-check" name="jcip-annotations-1.0-1.jar"/></testsuite><testsuite failures="0" id="56" name="/home/jenkins/.mvnrepository/com/jayway/jsonpath/json-path/2.4.0/json-path-2.4.0.jar" package="json-path-2.4.0.jar" skipped="0" tests="1" timestamp="2021-01-05T09:55:59.938153"><testcase classname="dependency-check" name="json-path-2.4.0.jar"/></testsuite><testsuite failures="0" id="57" name="/home/jenkins/.mvnrepository/net/minidev/json-smart/2.3/json-smart-2.3.jar" package="json-smart-2.3.jar" skipped="0" tests="1" timestamp="2021-01-05T09:55:59.938153"><testcase classname="dependency-check" name="json-smart-2.3.jar"/></testsuite><testsuite failures="0" id="58" name="/home/jenkins/.mvnrepository/com/google/code/findbugs/jsr305/3.0.2/jsr305-3.0.2.jar" package="jsr305-3.0.2.jar" skipped="0" tests="1" timestamp="2021-01-05T09:55:59.938153"><testcase classname="dependency-check" name="jsr305-3.0.2.jar"/></testsuite><testsuite failures="0" id="59" name="/home/jenkins/.mvnrepository/org/slf4j/jul-to-slf4j/1.7.30/jul-to-slf4j-1.7.30.jar" package="jul-to-slf4j-1.7.30.jar" skipped="0" tests="1" timestamp="2021-01-05T09:55:59.938153"><testcase classname="dependency-check" name="jul-to-slf4j-1.7.30.jar"/></testsuite><testsuite failures="0" id="60" name="/home/jenkins/.mvnrepository/io/fabric8/kubernetes-client/4.7.0/kubernetes-client-4.7.0.jar" package="kubernetes-client-4.7.0.jar" skipped="0" tests="1" timestamp="2021-01-05T09:55:59.938153"><testcase classname="dependency-check" name="kubernetes-client-4.7.0.jar"/></testsuite><testsuite failures="0" id="61" name="/home/jenkins/.mvnrepository/io/fabric8/kubernetes-model/4.7.0/kubernetes-model-4.7.0.jar" package="kubernetes-model-4.7.0.jar" skipped="0" tests="1" timestamp="2021-01-05T09:55:59.938153"><testcase classname="dependency-check" name="kubernetes-model-4.7.0.jar"/></testsuite><testsuite failures="0" id="62" name="/home/jenkins/.mvnrepository/io/fabric8/kubernetes-model-common/4.7.0/kubernetes-model-common-4.7.0.jar" package="kubernetes-model-common-4.7.0.jar" skipped="0" tests="1" timestamp="2021-01-05T09:55:59.938153"><testcase classname="dependency-check" name="kubernetes-model-common-4.7.0.jar"/></testsuite><testsuite failures="0" id="63" name="/home/jenkins/.mvnrepository/com/nimbusds/lang-tag/1.5/lang-tag-1.5.jar" package="lang-tag-1.5.jar" skipped="4" tests="4" timestamp="2021-01-05T09:55:59.938153"><testcase classname="CVE-2020-29243" name="pkg:maven/com.nimbusds/lang-tag@1.5"><skipped message="--&gt;
            nothing new available" /><system-out>dhowden tag before 2020-11-19 allows &quot;panic: runtime error: index out of range&quot; via readAPICFrame.</system-out><system-err>location: /home/jenkins/.mvnrepository/com/nimbusds/lang-tag/1.5/lang-tag-1.5.jar</system-err></testcase><testcase classname="CVE-2020-29242" name="pkg:maven/com.nimbusds/lang-tag@1.5"><skipped message="--&gt;
            nothing new available" /><system-out>dhowden tag before 2020-11-19 allows &quot;panic: runtime error: index out of range&quot; via readPICFrame.</system-out><system-err>location: /home/jenkins/.mvnrepository/com/nimbusds/lang-tag/1.5/lang-tag-1.5.jar</system-err></testcase><testcase classname="CVE-2020-29245" name="pkg:maven/com.nimbusds/lang-tag@1.5"><skipped message="--&gt;
            nothing new available" /><system-out>dhowden tag before 2020-11-19 allows &quot;panic: runtime error: slice bounds out of range&quot; via readAtomData.</system-out><system-err>location: /home/jenkins/.mvnrepository/com/nimbusds/lang-tag/1.5/lang-tag-1.5.jar</system-err></testcase><testcase classname="CVE-2020-29244" name="pkg:maven/com.nimbusds/lang-tag@1.5"><skipped message="--&gt;
            nothing new available" /><system-out>dhowden tag before 2020-11-19 allows &quot;panic: runtime error: slice bounds out of range&quot; via readTextWithDescrFrame.</system-out><system-err>location: /home/jenkins/.mvnrepository/com/nimbusds/lang-tag/1.5/lang-tag-1.5.jar</system-err></testcase></testsuite><testsuite failures="0" id="64" name="/home/jenkins/.mvnrepository/org/apache/logging/log4j/log4j-api/2.13.2/log4j-api-2.13.2.jar" package="log4j-api-2.13.2.jar" skipped="0" tests="1" timestamp="2021-01-05T09:55:59.938153"><testcase classname="dependency-check" name="log4j-api-2.13.2.jar"/></testsuite><testsuite failures="0" id="65" name="/home/jenkins/.mvnrepository/org/apache/logging/log4j/log4j-to-slf4j/2.13.2/log4j-to-slf4j-2.13.2.jar" package="log4j-to-slf4j-2.13.2.jar" skipped="0" tests="1" timestamp="2021-01-05T09:55:59.938153"><testcase classname="dependency-check" name="log4j-to-slf4j-2.13.2.jar"/></testsuite><testsuite failures="0" id="66" name="/home/jenkins/.mvnrepository/ch/qos/logback/logback-classic/1.2.3/logback-classic-1.2.3.jar" package="logback-classic-1.2.3.jar" skipped="0" tests="1" timestamp="2021-01-05T09:55:59.938153"><testcase classname="dependency-check" name="logback-classic-1.2.3.jar"/></testsuite><testsuite failures="0" id="67" name="/home/jenkins/.mvnrepository/ch/qos/logback/logback-core/1.2.3/logback-core-1.2.3.jar" package="logback-core-1.2.3.jar" skipped="0" tests="1" timestamp="2021-01-05T09:55:59.938153"><testcase classname="dependency-check" name="logback-core-1.2.3.jar"/></testsuite><testsuite failures="0" id="68" name="/home/jenkins/.mvnrepository/com/squareup/okhttp3/logging-interceptor/3.14.9/logging-interceptor-3.14.9.jar" package="logging-interceptor-3.14.9.jar" skipped="0" tests="1" timestamp="2021-01-05T09:55:59.938153"><testcase classname="dependency-check" name="logging-interceptor-3.14.9.jar"/></testsuite><testsuite failures="0" id="69" name="/home/jenkins/.mvnrepository/org/projectlombok/lombok/1.18.12/lombok-1.18.12.jar" package="lombok-1.18.12.jar" skipped="0" tests="1" timestamp="2021-01-05T09:55:59.938153"><testcase classname="dependency-check" name="lombok-1.18.12.jar"/></testsuite><testsuite failures="0" id="70" name="/home/jenkins/.mvnrepository/io/micrometer/micrometer-core/1.3.14/micrometer-core-1.3.14.jar" package="micrometer-core-1.3.14.jar" skipped="0" tests="1" timestamp="2021-01-05T09:55:59.938153"><testcase classname="dependency-check" name="micrometer-core-1.3.14.jar"/></testsuite><testsuite failures="0" id="71" name="/home/jenkins/.mvnrepository/io/micrometer/micrometer-core/1.3.14/micrometer-core-1.3.14.jar/META-INF/maven/org.pcollections/pcollections/pom.xml" package="micrometer-core-1.3.14.jar (shaded: org.pcollections:pcollections:3.1.0)" skipped="0" tests="1" timestamp="2021-01-05T09:55:59.938153"><testcase classname="dependency-check" name="micrometer-core-1.3.14.jar (shaded: org.pcollections:pcollections:3.1.0)"/></testsuite><testsuite failures="0" id="72" name="/home/jenkins/.mvnrepository/org/eclipse/microprofile/config/microprofile-config-api/1.3/microprofile-config-api-1.3.jar" package="microprofile-config-api-1.3.jar" skipped="0" tests="1" timestamp="2021-01-05T09:55:59.938153"><testcase classname="dependency-check" name="microprofile-config-api-1.3.jar"/></testsuite><testsuite failures="0" id="73" name="/home/jenkins/.mvnrepository/org/eclipse/microprofile/context-propagation/microprofile-context-propagation-api/1.0.1/microprofile-context-propagation-api-1.0.1.jar" package="microprofile-context-propagation-api-1.0.1.jar" skipped="0" tests="1" timestamp="2021-01-05T09:55:59.938153"><testcase classname="dependency-check" name="microprofile-context-propagation-api-1.0.1.jar"/></testsuite><testsuite failures="0" id="74" name="/home/jenkins/.mvnrepository/com/nimbusds/nimbus-jose-jwt/7.8.1/nimbus-jose-jwt-7.8.1.jar" package="nimbus-jose-jwt-7.8.1.jar" skipped="1" tests="1" timestamp="2021-01-05T09:55:59.938153"><testcase classname="CVE-2019-17195" name="pkg:maven/com.nimbusds/nimbus-jose-jwt@7.8.1"><skipped message="file name: nimbus-jose-jwt-7.8.1.jar" /><system-out>Connect2id Nimbus JOSE+JWT before v7.9 can throw various uncaught exceptions while parsing a JWT, which could result in an application crash (potential information disclosure) or a potential authentication bypass.</system-out><system-err>location: /home/jenkins/.mvnrepository/com/nimbusds/nimbus-jose-jwt/7.8.1/nimbus-jose-jwt-7.8.1.jar</system-err></testcase></testsuite><testsuite failures="0" id="75" name="/home/jenkins/.mvnrepository/com/nimbusds/oauth2-oidc-sdk/6.14/oauth2-oidc-sdk-6.14.jar" package="oauth2-oidc-sdk-6.14.jar" skipped="0" tests="1" timestamp="2021-01-05T09:55:59.938153"><testcase classname="dependency-check" name="oauth2-oidc-sdk-6.14.jar"/></testsuite><testsuite failures="0" id="76" name="/home/jenkins/.mvnrepository/com/squareup/okhttp3/okhttp/3.14.9/okhttp-3.14.9.jar" package="okhttp-3.14.9.jar" skipped="0" tests="1" timestamp="2021-01-05T09:55:59.938153"><testcase classname="dependency-check" name="okhttp-3.14.9.jar"/></testsuite><testsuite failures="0" id="77" name="/home/jenkins/.mvnrepository/com/squareup/okio/okio/1.17.2/okio-1.17.2.jar" package="okio-1.17.2.jar" skipped="0" tests="1" timestamp="2021-01-05T09:55:59.938153"><testcase classname="dependency-check" name="okio-1.17.2.jar"/></testsuite><testsuite failures="0" id="78" name="/home/jenkins/.mvnrepository/org/osgi/org.osgi.annotation.versioning/1.0.0/org.osgi.annotation.versioning-1.0.0.jar" package="org.osgi.annotation.versioning-1.0.0.jar" skipped="0" tests="1" timestamp="2021-01-05T09:55:59.938153"><testcase classname="dependency-check" name="org.osgi.annotation.versioning-1.0.0.jar"/></testsuite><testsuite failures="0" id="79" name="/home/jenkins/.mvnrepository/org/zalando/problem/0.23.0/problem-0.23.0.jar" package="problem-0.23.0.jar" skipped="0" tests="1" timestamp="2021-01-05T09:55:59.938153"><testcase classname="dependency-check" name="problem-0.23.0.jar"/></testsuite><testsuite failures="0" id="80" name="/home/jenkins/.mvnrepository/org/zalando/problem-spring-common/0.25.2/problem-spring-common-0.25.2.jar" package="problem-spring-common-0.25.2.jar" skipped="0" tests="1" timestamp="2021-01-05T09:55:59.938153"><testcase classname="dependency-check" name="problem-spring-common-0.25.2.jar"/></testsuite><testsuite failures="0" id="81" name="/home/jenkins/.mvnrepository/org/zalando/problem-spring-web/0.25.2/problem-spring-web-0.25.2.jar" package="problem-spring-web-0.25.2.jar" skipped="0" tests="1" timestamp="2021-01-05T09:55:59.938153"><testcase classname="dependency-check" name="problem-spring-web-0.25.2.jar"/></testsuite><testsuite failures="0" id="82" name="/home/jenkins/.mvnrepository/org/zalando/problem-spring-web-autoconfigure/0.25.2/problem-spring-web-autoconfigure-0.25.2.jar" package="problem-spring-web-autoconfigure-0.25.2.jar" skipped="0" tests="1" timestamp="2021-01-05T09:55:59.938153"><testcase classname="dependency-check" name="problem-spring-web-autoconfigure-0.25.2.jar"/></testsuite><testsuite failures="0" id="83" name="/home/jenkins/.mvnrepository/org/zalando/problem-spring-web-starter/0.25.2/problem-spring-web-starter-0.25.2.jar" package="problem-spring-web-starter-0.25.2.jar" skipped="0" tests="1" timestamp="2021-01-05T09:55:59.938153"><testcase classname="dependency-check" name="problem-spring-web-starter-0.25.2.jar"/></testsuite><testsuite failures="0" id="84" name="/home/jenkins/.mvnrepository/org/zalando/problem-violations/0.25.2/problem-violations-0.25.2.jar" package="problem-violations-0.25.2.jar" skipped="0" tests="1" timestamp="2021-01-05T09:55:59.938153"><testcase classname="dependency-check" name="problem-violations-0.25.2.jar"/></testsuite><testsuite failures="0" id="85" name="/home/jenkins/.mvnrepository/io/quarkus/quarkus-arc/1.2.0.Final/quarkus-arc-1.2.0.Final.jar" package="quarkus-arc-1.2.0.Final.jar" skipped="0" tests="1" timestamp="2021-01-05T09:55:59.938153"><testcase classname="dependency-check" name="quarkus-arc-1.2.0.Final.jar"/></testsuite><testsuite failures="0" id="86" name="/home/jenkins/.mvnrepository/io/quarkus/quarkus-core/1.2.0.Final/quarkus-core-1.2.0.Final.jar" package="quarkus-core-1.2.0.Final.jar" skipped="0" tests="1" timestamp="2021-01-05T09:55:59.938153"><testcase classname="dependency-check" name="quarkus-core-1.2.0.Final.jar"/></testsuite><testsuite failures="0" id="87" name="/home/jenkins/.mvnrepository/io/quarkus/quarkus-jackson/1.2.0.Final/quarkus-jackson-1.2.0.Final.jar" package="quarkus-jackson-1.2.0.Final.jar" skipped="0" tests="1" timestamp="2021-01-05T09:55:59.938153"><testcase classname="dependency-check" name="quarkus-jackson-1.2.0.Final.jar"/></testsuite><testsuite failures="0" id="88" name="/home/jenkins/.mvnrepository/io/quarkus/quarkus-kubernetes-client/1.2.0.Final/quarkus-kubernetes-client-1.2.0.Final.jar" package="quarkus-kubernetes-client-1.2.0.Final.jar" skipped="16" tests="16" timestamp="2021-01-05T09:55:59.938153"><testcase classname="CVE-2019-11246" name="pkg:maven/io.quarkus/quarkus-kubernetes-client@1.2.0.Final"><skipped message="These vulnerabilities are K8S server side vulnerabilities related to specific versions of K8S. Somehow
        this version of Quarkus has been linked to certain versions of K8S. The client only needs to upgrade to
        later versions of the K8S to avoid these vulnerabilities" /><system-out>The kubectl cp command allows copying files between containers and the user machine. To copy files from a container, Kubernetes runs tar inside the container to create a tar archive, copies it over the network, and kubectl unpacks it on the user’s machine. If the tar binary in the container is malicious, it could run any code and output unexpected, malicious results. An attacker could use this to write files to any path on the user’s machine when kubectl cp is called, limited only by the system permissions of the local user. Kubernetes affected versions include versions prior to 1.12.9, versions prior to 1.13.6, versions prior to 1.14.2, and versions 1.1, 1.2, 1.4, 1.4, 1.5, 1.6, 1.7, 1.8, 1.9, 1.10, 1.11.</system-out><system-err>location: /home/jenkins/.mvnrepository/io/quarkus/quarkus-kubernetes-client/1.2.0.Final/quarkus-kubernetes-client-1.2.0.Final.jar</system-err></testcase><testcase classname="CVE-2020-8555" name="pkg:maven/io.quarkus/quarkus-kubernetes-client@1.2.0.Final"><skipped message="These vulnerabilities are K8S server side vulnerabilities related to specific versions of K8S. Somehow
        this version of Quarkus has been linked to certain versions of K8S. The client only needs to upgrade to
        later versions of the K8S to avoid these vulnerabilities" /><system-out>The Kubernetes kube-controller-manager in versions v1.0-1.14, versions prior to v1.15.12, v1.16.9, v1.17.5, and version v1.18.0 are vulnerable to a Server Side Request Forgery (SSRF) that allows certain authorized users to leak up to 500 bytes of arbitrary information from unprotected endpoints within the master&apos;s host network (such as link-local or loopback services).</system-out><system-err>location: /home/jenkins/.mvnrepository/io/quarkus/quarkus-kubernetes-client/1.2.0.Final/quarkus-kubernetes-client-1.2.0.Final.jar</system-err></testcase><testcase classname="CVE-2019-11254" name="pkg:maven/io.quarkus/quarkus-kubernetes-client@1.2.0.Final"><skipped message="These vulnerabilities are K8S server side vulnerabilities related to specific versions of K8S. Somehow
        this version of Quarkus has been linked to certain versions of K8S. The client only needs to upgrade to
        later versions of the K8S to avoid these vulnerabilities" /><system-out>The Kubernetes API Server component in versions 1.1-1.14, and versions prior to 1.15.10, 1.16.7 and 1.17.3 allows an authorized user who sends malicious YAML payloads to cause the kube-apiserver to consume excessive CPU cycles while parsing YAML.</system-out><system-err>location: /home/jenkins/.mvnrepository/io/quarkus/quarkus-kubernetes-client/1.2.0.Final/quarkus-kubernetes-client-1.2.0.Final.jar</system-err></testcase><testcase classname="CVE-2019-1002100" name="pkg:maven/io.quarkus/quarkus-kubernetes-client@1.2.0.Final"><skipped message="These vulnerabilities are K8S server side vulnerabilities related to specific versions of K8S. Somehow
        this version of Quarkus has been linked to certain versions of K8S. The client only needs to upgrade to
        later versions of the K8S to avoid these vulnerabilities" /><system-out>In all Kubernetes versions prior to v1.11.8, v1.12.6, and v1.13.4, users that are authorized to make patch requests to the Kubernetes API Server can send a specially crafted patch of type &quot;json-patch&quot; (e.g. `kubectl patch --type json` or `&quot;Content-Type: application/json-patch+json&quot;`) that consumes excessive resources while processing, causing a Denial of Service on the API Server.</system-out><system-err>location: /home/jenkins/.mvnrepository/io/quarkus/quarkus-kubernetes-client/1.2.0.Final/quarkus-kubernetes-client-1.2.0.Final.jar</system-err></testcase><testcase classname="CVE-2019-11249" name="pkg:maven/io.quarkus/quarkus-kubernetes-client@1.2.0.Final"><skipped message="These vulnerabilities are K8S server side vulnerabilities related to specific versions of K8S. Somehow
        this version of Quarkus has been linked to certain versions of K8S. The client only needs to upgrade to
        later versions of the K8S to avoid these vulnerabilities" /><system-out>The kubectl cp command allows copying files between containers and the user machine. To copy files from a container, Kubernetes runs tar inside the container to create a tar archive, copies it over the network, and kubectl unpacks it on the user’s machine. If the tar binary in the container is malicious, it could run any code and output unexpected, malicious results. An attacker could use this to write files to any path on the user’s machine when kubectl cp is called, limited only by the system permissions of the local user. Kubernetes affected versions include versions prior to 1.13.9, versions prior to 1.14.5, versions prior to 1.15.2, and versions 1.1, 1.2, 1.4, 1.4, 1.5, 1.6, 1.7, 1.8, 1.9, 1.10, 1.11, 1.12.</system-out><system-err>location: /home/jenkins/.mvnrepository/io/quarkus/quarkus-kubernetes-client/1.2.0.Final/quarkus-kubernetes-client-1.2.0.Final.jar</system-err></testcase><testcase classname="CVE-2020-8552" name="pkg:maven/io.quarkus/quarkus-kubernetes-client@1.2.0.Final"><skipped message="These vulnerabilities are K8S server side vulnerabilities related to specific versions of K8S. Somehow
        this version of Quarkus has been linked to certain versions of K8S. The client only needs to upgrade to
        later versions of the K8S to avoid these vulnerabilities" /><system-out>The Kubernetes API server component in versions prior to 1.15.9, 1.16.0-1.16.6, and 1.17.0-1.17.2 has been found to be vulnerable to a denial of service attack via successful API requests.</system-out><system-err>location: /home/jenkins/.mvnrepository/io/quarkus/quarkus-kubernetes-client/1.2.0.Final/quarkus-kubernetes-client-1.2.0.Final.jar</system-err></testcase><testcase classname="CVE-2020-8563" name="pkg:maven/io.quarkus/quarkus-kubernetes-client@1.2.0.Final"><skipped message="These vulnerabilities are K8S server side vulnerabilities related to specific versions of K8S. Somehow
        this version of Quarkus has been linked to certain versions of K8S. The client only needs to upgrade to
        later versions of the K8S to avoid these vulnerabilities" /><system-out>In Kubernetes clusters using VSphere as a cloud provider, with a logging level set to 4 or above, VSphere cloud credentials will be leaked in the cloud controller manager&apos;s log. This affects &lt; v1.19.3.</system-out><system-err>location: /home/jenkins/.mvnrepository/io/quarkus/quarkus-kubernetes-client/1.2.0.Final/quarkus-kubernetes-client-1.2.0.Final.jar</system-err></testcase><testcase classname="CVE-2019-11248" name="pkg:maven/io.quarkus/quarkus-kubernetes-client@1.2.0.Final"><skipped message="These vulnerabilities are K8S server side vulnerabilities related to specific versions of K8S. Somehow
        this version of Quarkus has been linked to certain versions of K8S. The client only needs to upgrade to
        later versions of the K8S to avoid these vulnerabilities" /><system-out>The debugging endpoint /debug/pprof is exposed over the unauthenticated Kubelet healthz port. The go pprof endpoint is exposed over the Kubelet&apos;s healthz port. This debugging endpoint can potentially leak sensitive information such as internal Kubelet memory addresses and configuration, or for limited denial of service. Versions prior to 1.15.0, 1.14.4, 1.13.8, and 1.12.10 are affected. The issue is of medium severity, but not exposed by the default configuration.</system-out><system-err>location: /home/jenkins/.mvnrepository/io/quarkus/quarkus-kubernetes-client/1.2.0.Final/quarkus-kubernetes-client-1.2.0.Final.jar</system-err></testcase><testcase classname="CVE-2019-9946" name="pkg:maven/io.quarkus/quarkus-kubernetes-client@1.2.0.Final"><skipped message="These vulnerabilities are K8S server side vulnerabilities related to specific versions of K8S. Somehow
        this version of Quarkus has been linked to certain versions of K8S. The client only needs to upgrade to
        later versions of the K8S to avoid these vulnerabilities" /><system-out>Cloud Native Computing Foundation (CNCF) CNI (Container Networking Interface) 0.7.4 has a network firewall misconfiguration which affects Kubernetes. The CNI &apos;portmap&apos; plugin, used to setup HostPorts for CNI, inserts rules at the front of the iptables nat chains; which take precedence over the KUBE- SERVICES chain. Because of this, the HostPort/portmap rule could match incoming traffic even if there were better fitting, more specific service definition rules like NodePorts later in the chain. The issue is fixed in CNI 0.7.5 and Kubernetes 1.11.9, 1.12.7, 1.13.5, and 1.14.0.</system-out><system-err>location: /home/jenkins/.mvnrepository/io/quarkus/quarkus-kubernetes-client/1.2.0.Final/quarkus-kubernetes-client-1.2.0.Final.jar</system-err></testcase><testcase classname="CVE-2018-1002105" name="pkg:maven/io.quarkus/quarkus-kubernetes-client@1.2.0.Final"><skipped message="These vulnerabilities are K8S server side vulnerabilities related to specific versions of K8S. Somehow
        this version of Quarkus has been linked to certain versions of K8S. The client only needs to upgrade to
        later versions of the K8S to avoid these vulnerabilities" /><system-out>In all Kubernetes versions prior to v1.10.11, v1.11.5, and v1.12.3, incorrect handling of error responses to proxied upgrade requests in the kube-apiserver allowed specially crafted requests to establish a connection through the Kubernetes API server to backend servers, then send arbitrary requests over the same connection directly to the backend, authenticated with the Kubernetes API server&apos;s TLS credentials used to establish the backend connection.</system-out><system-err>location: /home/jenkins/.mvnrepository/io/quarkus/quarkus-kubernetes-client/1.2.0.Final/quarkus-kubernetes-client-1.2.0.Final.jar</system-err></testcase><testcase classname="CVE-2019-11252" name="pkg:maven/io.quarkus/quarkus-kubernetes-client@1.2.0.Final"><skipped message="These vulnerabilities are K8S server side vulnerabilities related to specific versions of K8S. Somehow
        this version of Quarkus has been linked to certain versions of K8S. The client only needs to upgrade to
        later versions of the K8S to avoid these vulnerabilities" /><system-out>The Kubernetes kube-controller-manager in versions v1.0-v1.17 is vulnerable to a credential leakage via error messages in mount failure logs and events for AzureFile and CephFS volumes.</system-out><system-err>location: /home/jenkins/.mvnrepository/io/quarkus/quarkus-kubernetes-client/1.2.0.Final/quarkus-kubernetes-client-1.2.0.Final.jar</system-err></testcase><testcase classname="CVE-2019-11253" name="pkg:maven/io.quarkus/quarkus-kubernetes-client@1.2.0.Final"><skipped message="These vulnerabilities are K8S server side vulnerabilities related to specific versions of K8S. Somehow
        this version of Quarkus has been linked to certain versions of K8S. The client only needs to upgrade to
        later versions of the K8S to avoid these vulnerabilities" /><system-out>Improper input validation in the Kubernetes API server in versions v1.0-1.12 and versions prior to v1.13.12, v1.14.8, v1.15.5, and v1.16.2 allows authorized users to send malicious YAML or JSON payloads, causing the API server to consume excessive CPU or memory, potentially crashing and becoming unavailable. Prior to v1.14.0, default RBAC policy authorized anonymous users to submit requests that could trigger this vulnerability. Clusters upgraded from a version prior to v1.14.0 keep the more permissive policy by default for backwards compatibility.</system-out><system-err>location: /home/jenkins/.mvnrepository/io/quarkus/quarkus-kubernetes-client/1.2.0.Final/quarkus-kubernetes-client-1.2.0.Final.jar</system-err></testcase><testcase classname="CVE-2015-7528" name="pkg:maven/io.quarkus/quarkus-kubernetes-client@1.2.0.Final"><skipped message="These vulnerabilities are K8S server side vulnerabilities related to specific versions of K8S. Somehow
        this version of Quarkus has been linked to certain versions of K8S. The client only needs to upgrade to
        later versions of the K8S to avoid these vulnerabilities" /><system-out>Kubernetes before 1.2.0-alpha.5 allows remote attackers to read arbitrary pod logs via a container name.</system-out><system-err>location: /home/jenkins/.mvnrepository/io/quarkus/quarkus-kubernetes-client/1.2.0.Final/quarkus-kubernetes-client-1.2.0.Final.jar</system-err></testcase><testcase classname="CVE-2019-11250" name="pkg:maven/io.quarkus/quarkus-kubernetes-client@1.2.0.Final"><skipped message="These vulnerabilities are K8S server side vulnerabilities related to specific versions of K8S. Somehow
        this version of Quarkus has been linked to certain versions of K8S. The client only needs to upgrade to
        later versions of the K8S to avoid these vulnerabilities" /><system-out>The Kubernetes client-go library logs request headers at verbosity levels of 7 or higher. This can disclose credentials to unauthorized users via logs or command output. Kubernetes components (such as kube-apiserver) prior to v1.16.0, which make use of basic or bearer token authentication, and run at high verbosity levels, are affected.</system-out><system-err>location: /home/jenkins/.mvnrepository/io/quarkus/quarkus-kubernetes-client/1.2.0.Final/quarkus-kubernetes-client-1.2.0.Final.jar</system-err></testcase><testcase classname="CVE-2020-8558" name="pkg:maven/io.quarkus/quarkus-kubernetes-client@1.2.0.Final"><skipped message="These vulnerabilities are K8S server side vulnerabilities related to specific versions of K8S. Somehow
        this version of Quarkus has been linked to certain versions of K8S. The client only needs to upgrade to
        later versions of the K8S to avoid these vulnerabilities" /><system-out>The Kubelet and kube-proxy components in versions 1.1.0-1.16.10, 1.17.0-1.17.6, and 1.18.0-1.18.3 were found to contain a security issue which allows adjacent hosts to reach TCP and UDP services bound to 127.0.0.1 running on the node or in the node&apos;s network namespace. Such a service is generally thought to be reachable only by other processes on the same host, but due to this defeect, could be reachable by other hosts on the same LAN as the node, or by containers running on the same node as the service.</system-out><system-err>location: /home/jenkins/.mvnrepository/io/quarkus/quarkus-kubernetes-client/1.2.0.Final/quarkus-kubernetes-client-1.2.0.Final.jar</system-err></testcase><testcase classname="CVE-2020-8557" name="pkg:maven/io.quarkus/quarkus-kubernetes-client@1.2.0.Final"><skipped message="These vulnerabilities are K8S server side vulnerabilities related to specific versions of K8S. Somehow
        this version of Quarkus has been linked to certain versions of K8S. The client only needs to upgrade to
        later versions of the K8S to avoid these vulnerabilities" /><system-out>The Kubernetes kubelet component in versions 1.1-1.16.12, 1.17.0-1.17.8 and 1.18.0-1.18.5 do not account for disk usage by a pod which writes to its own /etc/hosts file. The /etc/hosts file mounted in a pod by kubelet is not included by the kubelet eviction manager when calculating ephemeral storage usage by a pod. If a pod writes a large amount of data to the /etc/hosts file, it could fill the storage space of the node and cause the node to fail.</system-out><system-err>location: /home/jenkins/.mvnrepository/io/quarkus/quarkus-kubernetes-client/1.2.0.Final/quarkus-kubernetes-client-1.2.0.Final.jar</system-err></testcase></testsuite><testsuite failures="0" id="89" name="/home/jenkins/.mvnrepository/org/slf4j/slf4j-api/1.7.30/slf4j-api-1.7.30.jar" package="slf4j-api-1.7.30.jar" skipped="0" tests="1" timestamp="2021-01-05T09:55:59.938153"><testcase classname="dependency-check" name="slf4j-api-1.7.30.jar"/></testsuite><testsuite failures="0" id="90" name="/home/jenkins/.mvnrepository/io/smallrye/config/smallrye-config/1.5.1/smallrye-config-1.5.1.jar" package="smallrye-config-1.5.1.jar" skipped="0" tests="1" timestamp="2021-01-05T09:55:59.938153"><testcase classname="dependency-check" name="smallrye-config-1.5.1.jar"/></testsuite><testsuite failures="0" id="91" name="/home/jenkins/.mvnrepository/io/smallrye/config/smallrye-config-common/1.5.1/smallrye-config-common-1.5.1.jar" package="smallrye-config-common-1.5.1.jar" skipped="0" tests="1" timestamp="2021-01-05T09:55:59.938153"><testcase classname="dependency-check" name="smallrye-config-common-1.5.1.jar"/></testsuite><testsuite failures="0" id="92" name="/home/jenkins/.mvnrepository/org/yaml/snakeyaml/1.27/snakeyaml-1.27.jar" package="snakeyaml-1.27.jar" skipped="0" tests="1" timestamp="2021-01-05T09:55:59.938153"><testcase classname="dependency-check" name="snakeyaml-1.27.jar"/></testsuite><testsuite failures="0" id="93" name="/home/jenkins/.mvnrepository/org/springframework/spring-aop/5.2.9.RELEASE/spring-aop-5.2.9.RELEASE.jar" package="spring-aop-5.2.9.RELEASE.jar" skipped="0" tests="1" timestamp="2021-01-05T09:55:59.938153"><testcase classname="dependency-check" name="spring-aop-5.2.9.RELEASE.jar"/></testsuite><testsuite failures="0" id="94" name="/home/jenkins/.mvnrepository/org/springframework/spring-beans/5.2.9.RELEASE/spring-beans-5.2.9.RELEASE.jar" package="spring-beans-5.2.9.RELEASE.jar" skipped="0" tests="1" timestamp="2021-01-05T09:55:59.938153"><testcase classname="dependency-check" name="spring-beans-5.2.9.RELEASE.jar"/></testsuite><testsuite failures="0" id="95" name="/home/jenkins/.mvnrepository/org/springframework/boot/spring-boot/2.2.10.RELEASE/spring-boot-2.2.10.RELEASE.jar" package="spring-boot-2.2.10.RELEASE.jar" skipped="0" tests="1" timestamp="2021-01-05T09:55:59.938153"><testcase classname="dependency-check" name="spring-boot-2.2.10.RELEASE.jar"/></testsuite><testsuite failures="0" id="96" name="/home/jenkins/.mvnrepository/org/springframework/boot/spring-boot-actuator/2.2.10.RELEASE/spring-boot-actuator-2.2.10.RELEASE.jar" package="spring-boot-actuator-2.2.10.RELEASE.jar" skipped="0" tests="1" timestamp="2021-01-05T09:55:59.938153"><testcase classname="dependency-check" name="spring-boot-actuator-2.2.10.RELEASE.jar"/></testsuite><testsuite failures="0" id="97" name="/home/jenkins/.mvnrepository/org/springframework/boot/spring-boot-actuator-autoconfigure/2.2.10.RELEASE/spring-boot-actuator-autoconfigure-2.2.10.RELEASE.jar" package="spring-boot-actuator-autoconfigure-2.2.10.RELEASE.jar" skipped="0" tests="1" timestamp="2021-01-05T09:55:59.938153"><testcase classname="dependency-check" name="spring-boot-actuator-autoconfigure-2.2.10.RELEASE.jar"/></testsuite><testsuite failures="0" id="98" name="/home/jenkins/.mvnrepository/org/springframework/boot/spring-boot-autoconfigure/2.2.10.RELEASE/spring-boot-autoconfigure-2.2.10.RELEASE.jar" package="spring-boot-autoconfigure-2.2.10.RELEASE.jar" skipped="0" tests="1" timestamp="2021-01-05T09:55:59.938153"><testcase classname="dependency-check" name="spring-boot-autoconfigure-2.2.10.RELEASE.jar"/></testsuite><testsuite failures="0" id="99" name="/home/jenkins/.mvnrepository/org/springframework/boot/spring-boot-starter/2.2.10.RELEASE/spring-boot-starter-2.2.10.RELEASE.jar" package="spring-boot-starter-2.2.10.RELEASE.jar" skipped="0" tests="1" timestamp="2021-01-05T09:55:59.938153"><testcase classname="dependency-check" name="spring-boot-starter-2.2.10.RELEASE.jar"/></testsuite><testsuite failures="0" id="100" name="/home/jenkins/.mvnrepository/org/springframework/boot/spring-boot-starter-actuator/2.2.10.RELEASE/spring-boot-starter-actuator-2.2.10.RELEASE.jar" package="spring-boot-starter-actuator-2.2.10.RELEASE.jar" skipped="0" tests="1" timestamp="2021-01-05T09:55:59.938153"><testcase classname="dependency-check" name="spring-boot-starter-actuator-2.2.10.RELEASE.jar"/></testsuite><testsuite failures="0" id="101" name="/home/jenkins/.mvnrepository/org/springframework/boot/spring-boot-starter-hateoas/2.2.10.RELEASE/spring-boot-starter-hateoas-2.2.10.RELEASE.jar" package="spring-boot-starter-hateoas-2.2.10.RELEASE.jar" skipped="0" tests="1" timestamp="2021-01-05T09:55:59.938153"><testcase classname="dependency-check" name="spring-boot-starter-hateoas-2.2.10.RELEASE.jar"/></testsuite><testsuite failures="0" id="102" name="/home/jenkins/.mvnrepository/org/springframework/boot/spring-boot-starter-json/2.2.10.RELEASE/spring-boot-starter-json-2.2.10.RELEASE.jar" package="spring-boot-starter-json-2.2.10.RELEASE.jar" skipped="0" tests="1" timestamp="2021-01-05T09:55:59.938153"><testcase classname="dependency-check" name="spring-boot-starter-json-2.2.10.RELEASE.jar"/></testsuite><testsuite failures="0" id="103" name="/home/jenkins/.mvnrepository/org/springframework/boot/spring-boot-starter-logging/2.2.10.RELEASE/spring-boot-starter-logging-2.2.10.RELEASE.jar" package="spring-boot-starter-logging-2.2.10.RELEASE.jar" skipped="0" tests="1" timestamp="2021-01-05T09:55:59.938153"><testcase classname="dependency-check" name="spring-boot-starter-logging-2.2.10.RELEASE.jar"/></testsuite><testsuite failures="0" id="104" name="/home/jenkins/.mvnrepository/org/springframework/boot/spring-boot-starter-oauth2-client/2.2.10.RELEASE/spring-boot-starter-oauth2-client-2.2.10.RELEASE.jar" package="spring-boot-starter-oauth2-client-2.2.10.RELEASE.jar" skipped="0" tests="1" timestamp="2021-01-05T09:55:59.938153"><testcase classname="dependency-check" name="spring-boot-starter-oauth2-client-2.2.10.RELEASE.jar"/></testsuite><testsuite failures="0" id="105" name="/home/jenkins/.mvnrepository/org/springframework/boot/spring-boot-starter-oauth2-resource-server/2.2.10.RELEASE/spring-boot-starter-oauth2-resource-server-2.2.10.RELEASE.jar" package="spring-boot-starter-oauth2-resource-server-2.2.10.RELEASE.jar" skipped="0" tests="1" timestamp="2021-01-05T09:55:59.938153"><testcase classname="dependency-check" name="spring-boot-starter-oauth2-resource-server-2.2.10.RELEASE.jar"/></testsuite><testsuite failures="0" id="106" name="/home/jenkins/.mvnrepository/org/springframework/boot/spring-boot-starter-security/2.2.10.RELEASE/spring-boot-starter-security-2.2.10.RELEASE.jar" package="spring-boot-starter-security-2.2.10.RELEASE.jar" skipped="0" tests="1" timestamp="2021-01-05T09:55:59.938153"><testcase classname="dependency-check" name="spring-boot-starter-security-2.2.10.RELEASE.jar"/></testsuite><testsuite failures="0" id="107" name="/home/jenkins/.mvnrepository/org/springframework/boot/spring-boot-starter-tomcat/2.2.10.RELEASE/spring-boot-starter-tomcat-2.2.10.RELEASE.jar" package="spring-boot-starter-tomcat-2.2.10.RELEASE.jar" skipped="0" tests="1" timestamp="2021-01-05T09:55:59.938153"><testcase classname="dependency-check" name="spring-boot-starter-tomcat-2.2.10.RELEASE.jar"/></testsuite><testsuite failures="0" id="108" name="/home/jenkins/.mvnrepository/org/springframework/boot/spring-boot-starter-validation/2.2.10.RELEASE/spring-boot-starter-validation-2.2.10.RELEASE.jar" package="spring-boot-starter-validation-2.2.10.RELEASE.jar" skipped="0" tests="1" timestamp="2021-01-05T09:55:59.938153"><testcase classname="dependency-check" name="spring-boot-starter-validation-2.2.10.RELEASE.jar"/></testsuite><testsuite failures="0" id="109" name="/home/jenkins/.mvnrepository/org/springframework/boot/spring-boot-starter-web/2.2.10.RELEASE/spring-boot-starter-web-2.2.10.RELEASE.jar" package="spring-boot-starter-web-2.2.10.RELEASE.jar" skipped="0" tests="1" timestamp="2021-01-05T09:55:59.938153"><testcase classname="dependency-check" name="spring-boot-starter-web-2.2.10.RELEASE.jar"/></testsuite><testsuite failures="0" id="110" name="/home/jenkins/.mvnrepository/org/springframework/spring-context/5.2.9.RELEASE/spring-context-5.2.9.RELEASE.jar" package="spring-context-5.2.9.RELEASE.jar" skipped="0" tests="1" timestamp="2021-01-05T09:55:59.938153"><testcase classname="dependency-check" name="spring-context-5.2.9.RELEASE.jar"/></testsuite><testsuite failures="0" id="111" name="/home/jenkins/.mvnrepository/org/springframework/spring-core/5.2.9.RELEASE/spring-core-5.2.9.RELEASE.jar" package="spring-core-5.2.9.RELEASE.jar" skipped="0" tests="1" timestamp="2021-01-05T09:55:59.938153"><testcase classname="dependency-check" name="spring-core-5.2.9.RELEASE.jar"/></testsuite><testsuite failures="0" id="112" name="/home/jenkins/.mvnrepository/org/springframework/spring-expression/5.2.9.RELEASE/spring-expression-5.2.9.RELEASE.jar" package="spring-expression-5.2.9.RELEASE.jar" skipped="0" tests="1" timestamp="2021-01-05T09:55:59.938153"><testcase classname="dependency-check" name="spring-expression-5.2.9.RELEASE.jar"/></testsuite><testsuite failures="0" id="113" name="/home/jenkins/.mvnrepository/org/springframework/hateoas/spring-hateoas/1.0.5.RELEASE/spring-hateoas-1.0.5.RELEASE.jar" package="spring-hateoas-1.0.5.RELEASE.jar" skipped="0" tests="1" timestamp="2021-01-05T09:55:59.938153"><testcase classname="dependency-check" name="spring-hateoas-1.0.5.RELEASE.jar"/></testsuite><testsuite failures="0" id="114" name="/home/jenkins/.mvnrepository/org/springframework/spring-jcl/5.2.9.RELEASE/spring-jcl-5.2.9.RELEASE.jar" package="spring-jcl-5.2.9.RELEASE.jar" skipped="0" tests="1" timestamp="2021-01-05T09:55:59.938153"><testcase classname="dependency-check" name="spring-jcl-5.2.9.RELEASE.jar"/></testsuite><testsuite failures="0" id="115" name="/home/jenkins/.mvnrepository/org/springframework/plugin/spring-plugin-core/2.0.0.RELEASE/spring-plugin-core-2.0.0.RELEASE.jar" package="spring-plugin-core-2.0.0.RELEASE.jar" skipped="0" tests="1" timestamp="2021-01-05T09:55:59.938153"><testcase classname="dependency-check" name="spring-plugin-core-2.0.0.RELEASE.jar"/></testsuite><testsuite failures="0" id="116" name="/home/jenkins/.mvnrepository/org/springframework/security/spring-security-config/5.2.6.RELEASE/spring-security-config-5.2.6.RELEASE.jar" package="spring-security-config-5.2.6.RELEASE.jar" skipped="1" tests="1" timestamp="2021-01-05T09:55:59.938153"><testcase classname="CVE-2018-1258" name="pkg:maven/org.springframework.security/spring-security-config@5.2.6.RELEASE"><skipped message="--&gt;
            spring-security-oauth*@5.2.2.RELEASE" /><system-out>Spring Framework version 5.0.5 when used in combination with any versions of Spring Security contains an authorization bypass when using method security. An unauthorized malicious user can gain unauthorized access to methods that should be restricted.</system-out><system-err>location: /home/jenkins/.mvnrepository/org/springframework/security/spring-security-config/5.2.6.RELEASE/spring-security-config-5.2.6.RELEASE.jar</system-err></testcase></testsuite><testsuite failures="0" id="117" name="/home/jenkins/.mvnrepository/org/springframework/security/spring-security-core/5.2.6.RELEASE/spring-security-core-5.2.6.RELEASE.jar" package="spring-security-core-5.2.6.RELEASE.jar" skipped="1" tests="1" timestamp="2021-01-05T09:55:59.938153"><testcase classname="CVE-2018-1258" name="pkg:maven/org.springframework.security/spring-security-core@5.2.6.RELEASE"><skipped message="--&gt;
            spring-security-oauth*@5.2.2.RELEASE" /><system-out>Spring Framework version 5.0.5 when used in combination with any versions of Spring Security contains an authorization bypass when using method security. An unauthorized malicious user can gain unauthorized access to methods that should be restricted.</system-out><system-err>location: /home/jenkins/.mvnrepository/org/springframework/security/spring-security-core/5.2.6.RELEASE/spring-security-core-5.2.6.RELEASE.jar</system-err></testcase></testsuite><testsuite failures="0" id="118" name="/home/jenkins/.mvnrepository/org/springframework/security/spring-security-jwt/1.0.11.RELEASE/spring-security-jwt-1.0.11.RELEASE.jar" package="spring-security-jwt-1.0.11.RELEASE.jar" skipped="1" tests="1" timestamp="2021-01-05T09:55:59.938153"><testcase classname="CVE-2018-1258" name="pkg:maven/org.springframework.security/spring-security-jwt@1.0.11.RELEASE"><skipped message="--&gt;
            spring-security-*@5.2.2.RELEASE" /><system-out>Spring Framework version 5.0.5 when used in combination with any versions of Spring Security contains an authorization bypass when using method security. An unauthorized malicious user can gain unauthorized access to methods that should be restricted.</system-out><system-err>location: /home/jenkins/.mvnrepository/org/springframework/security/spring-security-jwt/1.0.11.RELEASE/spring-security-jwt-1.0.11.RELEASE.jar</system-err></testcase></testsuite><testsuite failures="0" id="119" name="/home/jenkins/.mvnrepository/org/springframework/security/oauth/spring-security-oauth2/2.4.0.RELEASE/spring-security-oauth2-2.4.0.RELEASE.jar" package="spring-security-oauth2-2.4.0.RELEASE.jar" skipped="0" tests="1" timestamp="2021-01-05T09:55:59.938153"><testcase classname="dependency-check" name="spring-security-oauth2-2.4.0.RELEASE.jar"/></testsuite><testsuite failures="0" id="120" name="/home/jenkins/.mvnrepository/org/springframework/security/oauth/boot/spring-security-oauth2-autoconfigure/2.2.10.RELEASE/spring-security-oauth2-autoconfigure-2.2.10.RELEASE.jar" package="spring-security-oauth2-autoconfigure-2.2.10.RELEASE.jar" skipped="0" tests="1" timestamp="2021-01-05T09:55:59.938153"><testcase classname="dependency-check" name="spring-security-oauth2-autoconfigure-2.2.10.RELEASE.jar"/></testsuite><testsuite failures="0" id="121" name="/home/jenkins/.mvnrepository/org/springframework/security/spring-security-oauth2-client/5.2.6.RELEASE/spring-security-oauth2-client-5.2.6.RELEASE.jar" package="spring-security-oauth2-client-5.2.6.RELEASE.jar" skipped="1" tests="1" timestamp="2021-01-05T09:55:59.938153"><testcase classname="CVE-2018-1258" name="pkg:maven/org.springframework.security/spring-security-oauth2-client@5.2.6.RELEASE"><skipped message="--&gt;
            spring-security-oauth*@5.2.2.RELEASE" /><system-out>Spring Framework version 5.0.5 when used in combination with any versions of Spring Security contains an authorization bypass when using method security. An unauthorized malicious user can gain unauthorized access to methods that should be restricted.</system-out><system-err>location: /home/jenkins/.mvnrepository/org/springframework/security/spring-security-oauth2-client/5.2.6.RELEASE/spring-security-oauth2-client-5.2.6.RELEASE.jar</system-err></testcase></testsuite><testsuite failures="0" id="122" name="/home/jenkins/.mvnrepository/org/springframework/security/spring-security-oauth2-core/5.2.6.RELEASE/spring-security-oauth2-core-5.2.6.RELEASE.jar" package="spring-security-oauth2-core-5.2.6.RELEASE.jar" skipped="1" tests="1" timestamp="2021-01-05T09:55:59.938153"><testcase classname="CVE-2018-1258" name="pkg:maven/org.springframework.security/spring-security-oauth2-core@5.2.6.RELEASE"><skipped message="--&gt;
            spring-security-oauth*@5.2.2.RELEASE" /><system-out>Spring Framework version 5.0.5 when used in combination with any versions of Spring Security contains an authorization bypass when using method security. An unauthorized malicious user can gain unauthorized access to methods that should be restricted.</system-out><system-err>location: /home/jenkins/.mvnrepository/org/springframework/security/spring-security-oauth2-core/5.2.6.RELEASE/spring-security-oauth2-core-5.2.6.RELEASE.jar</system-err></testcase></testsuite><testsuite failures="0" id="123" name="/home/jenkins/.mvnrepository/org/springframework/security/spring-security-oauth2-jose/5.2.6.RELEASE/spring-security-oauth2-jose-5.2.6.RELEASE.jar" package="spring-security-oauth2-jose-5.2.6.RELEASE.jar" skipped="1" tests="1" timestamp="2021-01-05T09:55:59.938153"><testcase classname="CVE-2018-1258" name="pkg:maven/org.springframework.security/spring-security-oauth2-jose@5.2.6.RELEASE"><skipped message="--&gt;
            spring-security-oauth*@5.2.2.RELEASE" /><system-out>Spring Framework version 5.0.5 when used in combination with any versions of Spring Security contains an authorization bypass when using method security. An unauthorized malicious user can gain unauthorized access to methods that should be restricted.</system-out><system-err>location: /home/jenkins/.mvnrepository/org/springframework/security/spring-security-oauth2-jose/5.2.6.RELEASE/spring-security-oauth2-jose-5.2.6.RELEASE.jar</system-err></testcase></testsuite><testsuite failures="0" id="124" name="/home/jenkins/.mvnrepository/org/springframework/security/spring-security-oauth2-resource-server/5.2.6.RELEASE/spring-security-oauth2-resource-server-5.2.6.RELEASE.jar" package="spring-security-oauth2-resource-server-5.2.6.RELEASE.jar" skipped="1" tests="1" timestamp="2021-01-05T09:55:59.938153"><testcase classname="CVE-2018-1258" name="pkg:maven/org.springframework.security/spring-security-oauth2-resource-server@5.2.6.RELEASE"><skipped message="--&gt;
            spring-security-oauth*@5.2.2.RELEASE" /><system-out>Spring Framework version 5.0.5 when used in combination with any versions of Spring Security contains an authorization bypass when using method security. An unauthorized malicious user can gain unauthorized access to methods that should be restricted.</system-out><system-err>location: /home/jenkins/.mvnrepository/org/springframework/security/spring-security-oauth2-resource-server/5.2.6.RELEASE/spring-security-oauth2-resource-server-5.2.6.RELEASE.jar</system-err></testcase></testsuite><testsuite failures="0" id="125" name="/home/jenkins/.mvnrepository/org/springframework/security/spring-security-web/5.2.6.RELEASE/spring-security-web-5.2.6.RELEASE.jar" package="spring-security-web-5.2.6.RELEASE.jar" skipped="1" tests="1" timestamp="2021-01-05T09:55:59.938153"><testcase classname="CVE-2018-1258" name="pkg:maven/org.springframework.security/spring-security-web@5.2.6.RELEASE"><skipped message="--&gt;
            spring-security-oauth*@5.2.2.RELEASE" /><system-out>Spring Framework version 5.0.5 when used in combination with any versions of Spring Security contains an authorization bypass when using method security. An unauthorized malicious user can gain unauthorized access to methods that should be restricted.</system-out><system-err>location: /home/jenkins/.mvnrepository/org/springframework/security/spring-security-web/5.2.6.RELEASE/spring-security-web-5.2.6.RELEASE.jar</system-err></testcase></testsuite><testsuite failures="0" id="126" name="/home/jenkins/.mvnrepository/org/springframework/spring-web/5.2.9.RELEASE/spring-web-5.2.9.RELEASE.jar" package="spring-web-5.2.9.RELEASE.jar" skipped="0" tests="1" timestamp="2021-01-05T09:55:59.938153"><testcase classname="dependency-check" name="spring-web-5.2.9.RELEASE.jar"/></testsuite><testsuite failures="0" id="127" name="/home/jenkins/.mvnrepository/org/springframework/spring-webmvc/5.2.9.RELEASE/spring-webmvc-5.2.9.RELEASE.jar" package="spring-webmvc-5.2.9.RELEASE.jar" skipped="0" tests="1" timestamp="2021-01-05T09:55:59.938153"><testcase classname="dependency-check" name="spring-webmvc-5.2.9.RELEASE.jar"/></testsuite><testsuite failures="0" id="128" name="/home/jenkins/.mvnrepository/org/springdoc/springdoc-openapi-common/1.2.32/springdoc-openapi-common-1.2.32.jar" package="springdoc-openapi-common-1.2.32.jar" skipped="0" tests="1" timestamp="2021-01-05T09:55:59.938153"><testcase classname="dependency-check" name="springdoc-openapi-common-1.2.32.jar"/></testsuite><testsuite failures="0" id="129" name="/home/jenkins/.mvnrepository/org/springdoc/springdoc-openapi-ui/1.2.32/springdoc-openapi-ui-1.2.32.jar" package="springdoc-openapi-ui-1.2.32.jar" skipped="0" tests="1" timestamp="2021-01-05T09:55:59.938153"><testcase classname="dependency-check" name="springdoc-openapi-ui-1.2.32.jar"/></testsuite><testsuite failures="0" id="130" name="/home/jenkins/.mvnrepository/org/springdoc/springdoc-openapi-webmvc-core/1.2.32/springdoc-openapi-webmvc-core-1.2.32.jar" package="springdoc-openapi-webmvc-core-1.2.32.jar" skipped="0" tests="1" timestamp="2021-01-05T09:55:59.938153"><testcase classname="dependency-check" name="springdoc-openapi-webmvc-core-1.2.32.jar"/></testsuite><testsuite failures="0" id="131" name="/home/jenkins/.mvnrepository/io/swagger/core/v3/swagger-annotations/2.1.1/swagger-annotations-2.1.1.jar" package="swagger-annotations-2.1.1.jar" skipped="0" tests="1" timestamp="2021-01-05T09:55:59.938153"><testcase classname="dependency-check" name="swagger-annotations-2.1.1.jar"/></testsuite><testsuite failures="0" id="132" name="/home/jenkins/.mvnrepository/io/swagger/core/v3/swagger-core/2.1.1/swagger-core-2.1.1.jar" package="swagger-core-2.1.1.jar" skipped="0" tests="1" timestamp="2021-01-05T09:55:59.938153"><testcase classname="dependency-check" name="swagger-core-2.1.1.jar"/></testsuite><testsuite failures="0" id="133" name="/home/jenkins/.mvnrepository/io/swagger/core/v3/swagger-integration/2.1.1/swagger-integration-2.1.1.jar" package="swagger-integration-2.1.1.jar" skipped="0" tests="1" timestamp="2021-01-05T09:55:59.938153"><testcase classname="dependency-check" name="swagger-integration-2.1.1.jar"/></testsuite><testsuite failures="0" id="134" name="/home/jenkins/.mvnrepository/io/swagger/core/v3/swagger-models/2.1.1/swagger-models-2.1.1.jar" package="swagger-models-2.1.1.jar" skipped="0" tests="1" timestamp="2021-01-05T09:55:59.938153"><testcase classname="dependency-check" name="swagger-models-2.1.1.jar"/></testsuite><testsuite failures="0" id="135" name="/home/jenkins/.mvnrepository/org/webjars/swagger-ui/3.25.0/swagger-ui-3.25.0.jar" package="swagger-ui-3.25.0.jar" skipped="0" tests="1" timestamp="2021-01-05T09:55:59.938153"><testcase classname="dependency-check" name="swagger-ui-3.25.0.jar"/></testsuite><testsuite failures="0" id="136" name="/home/jenkins/.mvnrepository/org/apache/tomcat/tomcat-annotations-api/9.0.38/tomcat-annotations-api-9.0.38.jar" package="tomcat-annotations-api-9.0.38.jar" skipped="0" tests="1" timestamp="2021-01-05T09:55:59.938153"><testcase classname="dependency-check" name="tomcat-annotations-api-9.0.38.jar"/></testsuite><testsuite failures="0" id="137" name="/home/jenkins/.mvnrepository/org/apache/tomcat/embed/tomcat-embed-core/9.0.40/tomcat-embed-core-9.0.40.jar" package="tomcat-embed-core-9.0.40.jar" skipped="0" tests="1" timestamp="2021-01-05T09:55:59.938153"><testcase classname="dependency-check" name="tomcat-embed-core-9.0.40.jar"/></testsuite><testsuite failures="0" id="138" name="/home/jenkins/.mvnrepository/org/apache/tomcat/embed/tomcat-embed-el/9.0.40/tomcat-embed-el-9.0.40.jar" package="tomcat-embed-el-9.0.40.jar" skipped="0" tests="1" timestamp="2021-01-05T09:55:59.938153"><testcase classname="dependency-check" name="tomcat-embed-el-9.0.40.jar"/></testsuite><testsuite failures="0" id="139" name="/home/jenkins/.mvnrepository/org/apache/tomcat/embed/tomcat-embed-websocket/9.0.40/tomcat-embed-websocket-9.0.40.jar" package="tomcat-embed-websocket-9.0.40.jar" skipped="0" tests="1" timestamp="2021-01-05T09:55:59.938153"><testcase classname="dependency-check" name="tomcat-embed-websocket-9.0.40.jar"/></testsuite><testsuite failures="0" id="140" name="/home/jenkins/.mvnrepository/org/glassfish/jaxb/txw2/2.3.3/txw2-2.3.3.jar" package="txw2-2.3.3.jar" skipped="0" tests="1" timestamp="2021-01-05T09:55:59.938153"><testcase classname="dependency-check" name="txw2-2.3.3.jar"/></testsuite><testsuite failures="0" id="141" name="/home/jenkins/.mvnrepository/javax/validation/validation-api/2.0.1.Final/validation-api-2.0.1.Final.jar" package="validation-api-2.0.1.Final.jar" skipped="0" tests="1" timestamp="2021-01-05T09:55:59.938153"><testcase classname="dependency-check" name="validation-api-2.0.1.Final.jar"/></testsuite><testsuite failures="0" id="142" name="/home/jenkins/.mvnrepository/org/webjars/webjars-locator/0.38/webjars-locator-0.38.jar" package="webjars-locator-0.38.jar" skipped="0" tests="1" timestamp="2021-01-05T09:55:59.938153"><testcase classname="dependency-check" name="webjars-locator-0.38.jar"/></testsuite><testsuite failures="0" id="143" name="/home/jenkins/.mvnrepository/org/webjars/webjars-locator-core/0.41/webjars-locator-core-0.41.jar" package="webjars-locator-core-0.41.jar" skipped="0" tests="1" timestamp="2021-01-05T09:55:59.938153"><testcase classname="dependency-check" name="webjars-locator-core-0.41.jar"/></testsuite><testsuite failures="0" id="144" name="/home/jenkins/.mvnrepository/org/wildfly/common/wildfly-common/1.5.0.Final-format-001/wildfly-common-1.5.0.Final-format-001.jar" package="wildfly-common-1.5.0.Final-format-001.jar" skipped="0" tests="1" timestamp="2021-01-05T09:55:59.938153"><testcase classname="dependency-check" name="wildfly-common-1.5.0.Final-format-001.jar"/></testsuite><testsuite failures="0" id="145" name="/home/jenkins/.mvnrepository/io/fabric8/zjsonpatch/0.3.0/zjsonpatch-0.3.0.jar" package="zjsonpatch-0.3.0.jar" skipped="0" tests="1" timestamp="2021-01-05T09:55:59.938153"><testcase classname="dependency-check" name="zjsonpatch-0.3.0.jar"/></testsuite></testsuites>