
Showing logs for build [32mentando-k8s-entando-de-app-pr-1-84cdd-2[0m stage [32mfrom-build-pack[0m and container [32mstep-credential-initializer-b6n9r[0m
{"level":"warn","ts":1605787585.888202,"logger":"fallback-logger","caller":"logging/config.go:69","msg":"Fetch GitHub commit ID from kodata failed: \"ref: refs/heads/0.8.0-**-support-backwards-incompats\" is not a valid GitHub commit ID"}
{"level":"info","ts":1605787585.892045,"logger":"fallback-logger","caller":"creds-init/main.go:40","msg":"Credentials initialized."}

Showing logs for build [32mentando-k8s-entando-de-app-pr-1-84cdd-2[0m stage [32mfrom-build-pack[0m and container [32mstep-working-dir-initializer-g6vtr[0m
{"level":"warn","ts":1605787589.1565614,"logger":"fallback-logger","caller":"logging/config.go:69","msg":"Fetch GitHub commit ID from kodata failed: open /var/run/ko/HEAD: no such file or directory"}
{"level":"info","ts":1605787589.1613953,"logger":"fallback-logger","caller":"bash/main.go:64","msg":"Successfully e**cuted command \"sh -c mkdir -p /workspace/source\"; output "}

Showing logs for build [32mentando-k8s-entando-de-app-pr-1-84cdd-2[0m stage [32mfrom-build-pack[0m and container [32mstep-place-tools[0m

Showing logs for build [32mentando-k8s-entando-de-app-pr-1-84cdd-2[0m stage [32mfrom-build-pack[0m and container [32mstep-git-source-entando-k8s-entando-de-app-pr-1-zvhz6[0m
{"level":"warn","ts":1605787613.4368274,"logger":"fallback-logger","caller":"logging/config.go:69","msg":"Fetch GitHub commit ID from kodata failed: \"ref: refs/heads/0.8.0-**-support-backwards-incompats\" is not a valid GitHub commit ID"}
{"level":"info","ts":1605787617.366648,"logger":"fallback-logger","caller":"git/git.go:103","msg":"Successfully cloned https://github.com/entando-k8s/entando-de-app.git @ master in path /workspace/source"}

Showing logs for build [32mentando-k8s-entando-de-app-pr-1-84cdd-2[0m stage [32mfrom-build-pack[0m and container [32mstep-git-merge[0m
Using SHAs from PULL_REFS=master:9afc3d9f2564c9d51a1ac89632dafebd192f9232,152:91994529bbb2dfb097062bd91b3c4d025aebc3e3
DEBUG: ran git fetch --unshallow origin 91994529bbb2dfb097062bd91b3c4d025aebc3e3: 9afc3d9f2564c9d51a1ac89632dafebd192f9232: in 
DEBUG: ran git checkout master in 
DEBUG: ran git reset --hard 9afc3d9f2564c9d51a1ac89632dafebd192f9232 in 
DEBUG: ran clean --force -d . in 
DEBUG: ran git merge 91994529bbb2dfb097062bd91b3c4d025aebc3e3 in 
Merged SHA 91994529bbb2dfb097062bd91b3c4d025aebc3e3 with commit message 'ENG-1506 amend content template edit link to open AppBuilder instead of AdminConsole' into base branch master

Showing logs for build [32mentando-k8s-entando-de-app-pr-1-84cdd-2[0m stage [32mfrom-build-pack[0m and container [32mstep-build-set-version[0m
Picked up _JAVA_OPTIONS: -XX:+UnlockExperimentalVMOptions -Dsun.zip.disableMemoryMapping=true -XX:+UseParallelGC -XX:MinHeapFreeRatio=5 -XX:MaxHeapFreeRatio=10 -XX:GCTimeRatio=4 -XX:AdaptiveSizePolicyWeight=90 -Xms1000m -Xmx12000m
[INFO] Scanning for projects...
[INFO] 
[INFO] -----------------< org.entando.entando:entando-de-app >-----------------
[INFO] Building entando-de-app 6.2.0-SNAPSHOT
[INFO] --------------------------------[ war ]---------------------------------
[INFO] 
[INFO] --- versions-maven-plugin:2.8.1:set (default-cli) @ entando-de-app ---
[INFO] Local aggregation ****: /workspace/source
[INFO] Processing change of org.entando.entando:entando-de-app:6.2.0-SNAPSHOT -> 0.0.0-SNAPSHOT-PR-152-2
[INFO] Processing org.entando.entando:entando-de-app
[INFO]     Updating project org.entando.entando:entando-de-app
[INFO]         from version 6.2.0-SNAPSHOT to 0.0.0-SNAPSHOT-PR-152-2
[INFO] 
[INFO] ------------------------------------------------------------------------
[INFO] BUILD SUCCESS
[INFO] ------------------------------------------------------------------------
[INFO] Total time:  8.234 s
[INFO] Finished at: 2020-11-19T12:07:10Z
[INFO] ------------------------------------------------------------------------

Showing logs for build [32mentando-k8s-entando-de-app-pr-1-84cdd-2[0m stage [32mfrom-build-pack[0m and container [32mstep-build-mvn-verify[0m
Picked up _JAVA_OPTIONS: -XX:+UnlockExperimentalVMOptions -Dsun.zip.disableMemoryMapping=true -XX:+UseParallelGC -XX:MinHeapFreeRatio=5 -XX:MaxHeapFreeRatio=10 -XX:GCTimeRatio=4 -XX:AdaptiveSizePolicyWeight=90 -Xms1000m -Xmx12000m
[INFO] Scanning for projects...
[INFO] 
[INFO] -----------------< org.entando.entando:entando-de-app >-----------------
[INFO] Building entando-de-app 0.0.0-SNAPSHOT-PR-152-2
[INFO] --------------------------------[ war ]---------------------------------
[WARNING] The POM for org.entando.entando.plugins:entando-plugin-jacms:jar:classes:6.2.67 is missing, no dependency information available
[WARNING] The POM for org.entando.entando.plugins:entando-plugin-jacms:war:6.2.67 is missing, no dependency information available
[INFO] ------------------------------------------------------------------------
[INFO] BUILD FAILURE
[INFO] ------------------------------------------------------------------------
[INFO] Total time:  14.337 s
[INFO] Finished at: 2020-11-19T12:07:27Z
[INFO] ------------------------------------------------------------------------
[ERROR] Failed to e**cute goal on project entando-de-app: Could not resolve dependencies for project org.entando.entando:entando-de-app:war:0.0.0-SNAPSHOT-PR-152-2: The following artifacts could not be resolved: org.entando.entando.plugins:entando-plugin-jacms:jar:classes:6.2.67, org.entando.entando.plugins:entando-plugin-jacms:war:6.2.67: Could not find artifact org.entando.entando.plugins:entando-plugin-jacms:jar:classes:6.2.67 in nexus (http://nexus/repository/maven-group/) -> [Help 1]
[ERROR] 
[ERROR] To see the full stack trace of the errors, re-run Maven with the -e switch.
[ERROR] Re-run Maven using the -X switch to enable full debug logging.
[ERROR] 
[ERROR] For more information about the errors and possible solutions, please read the following articles:
[ERROR] [Help 1] http://cwiki.apache.org/confluence/display/MAVEN/DependencyResolutionException
[31m
Pipeline failed on stage 'from-build-pack' : container 'step-build-mvn-verify'. The execution of the pipeline has stopped.[0m
