
Showing logs for build [32mentando-entando-plugin-jacms-pr-r2szw-20[0m stage [32mfrom-build-pack[0m and container [32mstep-credential-initializer-7zldg[0m
{"level":"warn","ts":1606146410.1632705,"logger":"fallback-logger","caller":"logging/config.go:69","msg":"Fetch GitHub commit ID from kodata failed: \"ref: refs/heads/0.8.0-**-support-backwards-incompats\" is not a valid GitHub commit ID"}
{"level":"info","ts":1606146410.172735,"logger":"fallback-logger","caller":"creds-init/main.go:40","msg":"Credentials initialized."}

Showing logs for build [32mentando-entando-plugin-jacms-pr-r2szw-20[0m stage [32mfrom-build-pack[0m and container [32mstep-working-dir-initializer-wkvw4[0m
{"level":"warn","ts":1606146412.509139,"logger":"fallback-logger","caller":"logging/config.go:69","msg":"Fetch GitHub commit ID from kodata failed: open /var/run/ko/HEAD: no such file or directory"}
{"level":"info","ts":1606146412.5211196,"logger":"fallback-logger","caller":"bash/main.go:64","msg":"Successfully e**cuted command \"sh -c mkdir -p /workspace/source\"; output "}

Showing logs for build [32mentando-entando-plugin-jacms-pr-r2szw-20[0m stage [32mfrom-build-pack[0m and container [32mstep-place-tools[0m

Showing logs for build [32mentando-entando-plugin-jacms-pr-r2szw-20[0m stage [32mfrom-build-pack[0m and container [32mstep-git-source-entando-entando-plugin-jacms-pr-fc6bd[0m
{"level":"warn","ts":1606146522.7163522,"logger":"fallback-logger","caller":"logging/config.go:69","msg":"Fetch GitHub commit ID from kodata failed: \"ref: refs/heads/0.8.0-**-support-backwards-incompats\" is not a valid GitHub commit ID"}
{"level":"info","ts":1606146525.0328484,"logger":"fallback-logger","caller":"git/git.go:103","msg":"Successfully cloned https://github.com/entando/entando-plugin-jacms.git @ master in path /workspace/source"}

Showing logs for build [32mentando-entando-plugin-jacms-pr-r2szw-20[0m stage [32mfrom-build-pack[0m and container [32mstep-git-merge[0m
Using SHAs from PULL_REFS=master:12aba9161355a1a76009d8146fe23796a6ccf647,49:0042eebf9a0c98eaf550c277a6ec17bad3805cad
DEBUG: ran git fetch --unshallow origin 0042eebf9a0c98eaf550c277a6ec17bad3805cad: 12aba9161355a1a76009d8146fe23796a6ccf647: in 
DEBUG: ran git checkout master in 
DEBUG: ran git reset --hard 12aba9161355a1a76009d8146fe23796a6ccf647 in 
DEBUG: ran clean --force -d . in 
DEBUG: ran git merge 0042eebf9a0c98eaf550c277a6ec17bad3805cad in 
Merged SHA 0042eebf9a0c98eaf550c277a6ec17bad3805cad with commit message 'Merge branch 'master' into ENG-1410_fixSearchEngineBug' into base branch master
Merged SHA 02e72cc7d9ca3cd60953f9c743b7781920858608 with commit message 'Merge branch 'master' into ENG-1410_fixSearchEngineBug' into base branch master
Merged SHA 26f63fb3a80be6d1a9f769c620c07b7ab282e4df with commit message 'ENG-1410: Bon version upgrade' into base branch master
Merged SHA c8c91c11ccfd0de43de2e9739cb3255c4f5dc925 with commit message 'ENG-1410: Fix Index of date values' into base branch master
Merged SHA c685c15c5338d7ef5b424ed08ab20072c9bc7609 with commit message 'ENG-1410: Improvement search by number' into base branch master
Merged SHA 8aeedc23a4be8d72577ca40f91528edb93c90438 with commit message 'Merge branch 'master' into ENG-1410_fixSearchEngineBug' into base branch master
Merged SHA 5e25561468c11892af83df4cda5c336e13992c30 with commit message 'Merge branch 'master' into ENG-1410_fixSearchEngineBug' into base branch master
Merged SHA 2b6be8d55aaa37d355e0e376de56811cfcd08f0d with commit message 'Merge branch 'master' into ENG-1410_fixSearchEngineBug' into base branch master
Merged SHA 3699ee9932bf3087f63e6c1cb9258a1d2bb8be04 with commit message 'ENG-1410: Bom version upgrade' into base branch master
Merged SHA 722f9284ef4b5ba80f82d5f698a59adad58fc51d with commit message 'ENG-1410: Added/improved Junit tests' into base branch master
Merged SHA b23b02cc3757a6098aa01f6668d0d0a1b9fd2537 with commit message 'ENG-1410: Added/improved Junit tests' into base branch master
Merged SHA 8623cf57185569042893b4f4b16a0730b785c1e2 with commit message 'Merge branch 'master' into ENG-1410_fixSearchEngineBug' into base branch master
Merged SHA fbea7f437e4d3cb09b0de791d885261a50505af8 with commit message 'ENG-1410: Added Junit test for coverage' into base branch master
Merged SHA e574513c13fa581d0c30f2d438d4296c8cc6a622 with commit message 'Merge branch 'master' into ENG-1410_fixSearchEngineBug' into base branch master
Merged SHA c5208f6ddad78b2c414b2493e36c7bd1eb1d7d65 with commit message 'ENG-1410: Improvement of testing coverage' into base branch master
Merged SHA 8285c5a7aa2a7b1095348bdbd27c3e21829d196f with commit message 'ENG-1410: Fix junit tests' into base branch master
Merged SHA e9ca781e7669cacade449aacd4bf8cbc8ea01fbf with commit message 'ENG-1410: Fix wrong exception' into base branch master
Merged SHA 8aa39f80519a6f14e80506f25faad3b72e7926d8 with commit message 'ENG-1410: Bom version upgrade' into base branch master
Merged SHA e3204a2a3116a893829cf704fdc308f19d72a8cb with commit message 'ENG-1410: Fix bug on search engine' into base branch master

Showing logs for build [32mentando-entando-plugin-jacms-pr-r2szw-20[0m stage [32mfrom-build-pack[0m and container [32mstep-build-set-version[0m
Picked up _JAVA_OPTIONS: -XX:+UnlockExperimentalVMOptions -Dsun.zip.disableMemoryMapping=true -XX:+UseParallelGC -XX:MinHeapFreeRatio=5 -XX:MaxHeapFreeRatio=10 -XX:GCTimeRatio=4 -XX:AdaptiveSizePolicyWeight=90 -Xms10m -Xmx8000m
[INFO] Scanning for projects...
[ERROR] [ERROR] Some problems were encountered while processing the POMs:
[FATAL] Non-parseable POM /workspace/source/pom.xml: Duplicated tag: 'version' (position: START_TAG seen ...</version>\n                <version>... @98:26)  @ line 98, column 26
 @ 
[ERROR] The build could not read 1 project -> [Help 1]
[ERROR]   
[ERROR]   The project  (/workspace/source/pom.xml) has 1 error
[ERROR]     Non-parseable POM /workspace/source/pom.xml: Duplicated tag: 'version' (position: START_TAG seen ...</version>\n                <version>... @98:26)  @ line 98, column 26 -> [Help 2]
[ERROR] 
[ERROR] To see the full stack trace of the errors, re-run Maven with the -e switch.
[ERROR] Re-run Maven using the -X switch to enable full debug logging.
[ERROR] 
[ERROR] For more information about the errors and possible solutions, please read the following articles:
[ERROR] [Help 1] http://cwiki.apache.org/confluence/display/MAVEN/ProjectBuildingException
[ERROR] [Help 2] http://cwiki.apache.org/confluence/display/MAVEN/ModelParseException
[31m
Pipeline failed on stage 'from-build-pack' : container 'step-build-set-version'. The execution of the pipeline has stopped.[0m
