
Showing logs for build [32mentando-entando-plugin-jpseo-pr-pl2w9-2[0m stage [32mfrom-build-pack[0m and container [32mstep-credential-initializer-rjm54[0m
{"level":"warn","ts":1607646809.5842917,"logger":"fallback-logger","caller":"logging/config.go:69","msg":"Fetch GitHub commit ID from kodata failed: \"ref: refs/heads/0.8.0-**-support-backwards-incompats\" is not a valid GitHub commit ID"}
{"level":"info","ts":1607646809.5902545,"logger":"fallback-logger","caller":"creds-init/main.go:40","msg":"Credentials initialized."}

Showing logs for build [32mentando-entando-plugin-jpseo-pr-pl2w9-2[0m stage [32mfrom-build-pack[0m and container [32mstep-working-dir-initializer-kv4bn[0m
{"level":"warn","ts":1607646811.9369953,"logger":"fallback-logger","caller":"logging/config.go:69","msg":"Fetch GitHub commit ID from kodata failed: open /var/run/ko/HEAD: no such file or directory"}
{"level":"info","ts":1607646811.9662435,"logger":"fallback-logger","caller":"bash/main.go:64","msg":"Successfully e**cuted command \"sh -c mkdir -p /workspace/source\"; output "}

Showing logs for build [32mentando-entando-plugin-jpseo-pr-pl2w9-2[0m stage [32mfrom-build-pack[0m and container [32mstep-place-tools[0m

Showing logs for build [32mentando-entando-plugin-jpseo-pr-pl2w9-2[0m stage [32mfrom-build-pack[0m and container [32mstep-git-source-entando-entando-plugin-jpseo-pr-xtsgt[0m
{"level":"warn","ts":1607646855.2679865,"logger":"fallback-logger","caller":"logging/config.go:69","msg":"Fetch GitHub commit ID from kodata failed: \"ref: refs/heads/0.8.0-**-support-backwards-incompats\" is not a valid GitHub commit ID"}
{"level":"info","ts":1607646857.3062127,"logger":"fallback-logger","caller":"git/git.go:103","msg":"Successfully cloned https://github.com/entando/entando-plugin-jpseo.git @ master in path /workspace/source"}

Showing logs for build [32mentando-entando-plugin-jpseo-pr-pl2w9-2[0m stage [32mfrom-build-pack[0m and container [32mstep-git-merge[0m
Using SHAs from PULL_REFS=master:6c6a08701a4393af32701c36e78c99518419308a,28:157fe3b5fc2d6af6cad36e63a36cd65848d16dc9
DEBUG: ran git fetch --unshallow origin 157fe3b5fc2d6af6cad36e63a36cd65848d16dc9: 6c6a08701a4393af32701c36e78c99518419308a: in 
DEBUG: ran git checkout master in 
DEBUG: ran git reset --hard 6c6a08701a4393af32701c36e78c99518419308a in 
DEBUG: ran clean --force -d . in 
DEBUG: ran git merge 157fe3b5fc2d6af6cad36e63a36cd65848d16dc9 in 
Merged SHA 157fe3b5fc2d6af6cad36e63a36cd65848d16dc9 with commit message 'AUTO-2020-12-11_01-29-52' into base branch master
Merged SHA 1e0f250388578f5740ed9dedb5560c7c374a7e74 with commit message 'AUTO-2020-12-11_00-56-18' into base branch master

Showing logs for build [32mentando-entando-plugin-jpseo-pr-pl2w9-2[0m stage [32mfrom-build-pack[0m and container [32mstep-build-set-version[0m
Picked up _JAVA_OPTIONS: -XX:+UnlockExperimentalVMOptions -Dsun.zip.disableMemoryMapping=true -XX:+UseParallelGC -XX:MinHeapFreeRatio=5 -XX:MaxHeapFreeRatio=10 -XX:GCTimeRatio=4 -XX:AdaptiveSizePolicyWeight=90 -Xms10m -Xmx8000m
[INFO] Scanning for projects...
[ERROR] [ERROR] Some problems were encountered while processing the POMs:
[ERROR] Non-resolvable import POM: Could not find artifact org.entando:entando-core-bom:pom:v6.2.185 in nexus (http://nexus/repository/maven-group/) @ line 94, column 25
[ERROR] 'dependencies.dependency.version' for org.entando.entando.plugins:entando-plugin-jacms:jar:classes is missing. @ line 105, column 21
[ERROR] 'dependencies.dependency.version' for org.entando.entando:entando-portal-ui:jar:classes is missing. @ line 110, column 21
[ERROR] 'dependencies.dependency.version' for org.entando.entando.plugins:entando-plugin-jacms:test-jar is missing. @ line 127, column 21
[ERROR] 'dependencies.dependency.version' for org.entando.entando:entando-portal-ui:test-jar is missing. @ line 132, column 21
[ERROR] 'dependencies.dependency.version' for org.entando.entando:entando-engine:test-jar is missing. @ line 137, column 21
[ERROR] 'dependencies.dependency.version' for org.entando.entando:entando-*****-console:test-jar is missing. @ line 142, column 21
 @ 
[ERROR] The build could not read 1 project -> [Help 1]
[ERROR]   
[ERROR]   The project org.entando.entando.plugins:entando-plugin-jpseo:6.3.0-SNAPSHOT (/workspace/source/pom.xml) has 7 errors
[ERROR]     Non-resolvable import POM: Could not find artifact org.entando:entando-core-bom:pom:v6.2.185 in nexus (http://nexus/repository/maven-group/) @ line 94, column 25 -> [Help 2]
[ERROR]     'dependencies.dependency.version' for org.entando.entando.plugins:entando-plugin-jacms:jar:classes is missing. @ line 105, column 21
[ERROR]     'dependencies.dependency.version' for org.entando.entando:entando-portal-ui:jar:classes is missing. @ line 110, column 21
[ERROR]     'dependencies.dependency.version' for org.entando.entando.plugins:entando-plugin-jacms:test-jar is missing. @ line 127, column 21
[ERROR]     'dependencies.dependency.version' for org.entando.entando:entando-portal-ui:test-jar is missing. @ line 132, column 21
[ERROR]     'dependencies.dependency.version' for org.entando.entando:entando-engine:test-jar is missing. @ line 137, column 21
[ERROR]     'dependencies.dependency.version' for org.entando.entando:entando-*****-console:test-jar is missing. @ line 142, column 21
[ERROR] 
[ERROR] To see the full stack trace of the errors, re-run Maven with the -e switch.
[ERROR] Re-run Maven using the -X switch to enable full debug logging.
[ERROR] 
[ERROR] For more information about the errors and possible solutions, please read the following articles:
[ERROR] [Help 1] http://cwiki.apache.org/confluence/display/MAVEN/ProjectBuildingException
[ERROR] [Help 2] http://cwiki.apache.org/confluence/display/MAVEN/UnresolvableModelException
[31m
Pipeline failed on stage 'from-build-pack' : container 'step-build-set-version'. The execution of the pipeline has stopped.[0m
