
Showing logs for build [32mentando-entando-plugin-jpmail-p-zmbwl-2[0m stage [32mfrom-build-pack[0m and container [32mstep-credential-initializer-2p6pz[0m
{"level":"warn","ts":1607646761.0423088,"logger":"fallback-logger","caller":"logging/config.go:69","msg":"Fetch GitHub commit ID from kodata failed: \"ref: refs/heads/0.8.0-**-support-backwards-incompats\" is not a valid GitHub commit ID"}
{"level":"info","ts":1607646761.051031,"logger":"fallback-logger","caller":"creds-init/main.go:40","msg":"Credentials initialized."}

Showing logs for build [32mentando-entando-plugin-jpmail-p-zmbwl-2[0m stage [32mfrom-build-pack[0m and container [32mstep-working-dir-initializer-9jg52[0m
{"level":"warn","ts":1607646763.953231,"logger":"fallback-logger","caller":"logging/config.go:69","msg":"Fetch GitHub commit ID from kodata failed: open /var/run/ko/HEAD: no such file or directory"}
{"level":"info","ts":1607646763.967686,"logger":"fallback-logger","caller":"bash/main.go:64","msg":"Successfully e**cuted command \"sh -c mkdir -p /workspace/source\"; output "}

Showing logs for build [32mentando-entando-plugin-jpmail-p-zmbwl-2[0m stage [32mfrom-build-pack[0m and container [32mstep-place-tools[0m

Showing logs for build [32mentando-entando-plugin-jpmail-p-zmbwl-2[0m stage [32mfrom-build-pack[0m and container [32mstep-git-source-entando-entando-plugin-jpmail-p-ft42f[0m
{"level":"warn","ts":1607646804.7351859,"logger":"fallback-logger","caller":"logging/config.go:69","msg":"Fetch GitHub commit ID from kodata failed: \"ref: refs/heads/0.8.0-**-support-backwards-incompats\" is not a valid GitHub commit ID"}
{"level":"info","ts":1607646806.2637665,"logger":"fallback-logger","caller":"git/git.go:103","msg":"Successfully cloned https://github.com/entando/entando-plugin-jpmail.git @ master in path /workspace/source"}

Showing logs for build [32mentando-entando-plugin-jpmail-p-zmbwl-2[0m stage [32mfrom-build-pack[0m and container [32mstep-git-merge[0m
Using SHAs from PULL_REFS=master:1ae02592b929fbe7999ff1813e25eef68276ea4c,15:260580ee6a6628dbc9ffa70813c3df7f41f237e8
DEBUG: ran git fetch --unshallow origin 260580ee6a6628dbc9ffa70813c3df7f41f237e8: 1ae02592b929fbe7999ff1813e25eef68276ea4c: in 
DEBUG: ran git checkout master in 
DEBUG: ran git reset --hard 1ae02592b929fbe7999ff1813e25eef68276ea4c in 
DEBUG: ran clean --force -d . in 
DEBUG: ran git merge 260580ee6a6628dbc9ffa70813c3df7f41f237e8 in 
Merged SHA 260580ee6a6628dbc9ffa70813c3df7f41f237e8 with commit message 'AUTO-2020-12-11_01-29-52' into base branch master
Merged SHA 70a93307789b191587da5bfb9a638d3f58fc7c99 with commit message 'AUTO-2020-12-11_00-56-18' into base branch master

Showing logs for build [32mentando-entando-plugin-jpmail-p-zmbwl-2[0m stage [32mfrom-build-pack[0m and container [32mstep-build-set-version[0m
Picked up _JAVA_OPTIONS: -XX:+UnlockExperimentalVMOptions -Dsun.zip.disableMemoryMapping=true -XX:+UseParallelGC -XX:MinHeapFreeRatio=5 -XX:MaxHeapFreeRatio=10 -XX:GCTimeRatio=4 -XX:AdaptiveSizePolicyWeight=90 -Xms10m -Xmx8000m
[INFO] Scanning for projects...
[ERROR] [ERROR] Some problems were encountered while processing the POMs:
[ERROR] Non-resolvable import POM: Could not find artifact org.entando:entando-core-bom:pom:v6.2.185 in nexus (http://nexus/repository/maven-group/) @ line 99, column 25
[ERROR] 'dependencies.dependency.version' for org.entando.entando:entando-*****-console:jar:classes is missing. @ line 109, column 21
[ERROR] 'dependencies.dependency.version' for org.entando.entando:entando-engine:test-jar is missing. @ line 154, column 21
[ERROR] 'dependencies.dependency.version' for org.entando.entando:entando-*****-console:test-jar is missing. @ line 159, column 21
[ERROR] 'dependencies.dependency.version' for org.entando.entando:entando-portal-ui:test-jar is missing. @ line 164, column 21
 @ 
[ERROR] The build could not read 1 project -> [Help 1]
[ERROR]   
[ERROR]   The project org.entando.entando.plugins:entando-plugin-jpmail:6.3.0-SNAPSHOT (/workspace/source/pom.xml) has 5 errors
[ERROR]     Non-resolvable import POM: Could not find artifact org.entando:entando-core-bom:pom:v6.2.185 in nexus (http://nexus/repository/maven-group/) @ line 99, column 25 -> [Help 2]
[ERROR]     'dependencies.dependency.version' for org.entando.entando:entando-*****-console:jar:classes is missing. @ line 109, column 21
[ERROR]     'dependencies.dependency.version' for org.entando.entando:entando-engine:test-jar is missing. @ line 154, column 21
[ERROR]     'dependencies.dependency.version' for org.entando.entando:entando-*****-console:test-jar is missing. @ line 159, column 21
[ERROR]     'dependencies.dependency.version' for org.entando.entando:entando-portal-ui:test-jar is missing. @ line 164, column 21
[ERROR] 
[ERROR] To see the full stack trace of the errors, re-run Maven with the -e switch.
[ERROR] Re-run Maven using the -X switch to enable full debug logging.
[ERROR] 
[ERROR] For more information about the errors and possible solutions, please read the following articles:
[ERROR] [Help 1] http://cwiki.apache.org/confluence/display/MAVEN/ProjectBuildingException
[ERROR] [Help 2] http://cwiki.apache.org/confluence/display/MAVEN/UnresolvableModelException
[31m
Pipeline failed on stage 'from-build-pack' : container 'step-build-set-version'. The execution of the pipeline has stopped.[0m
