GROUP,PACKAGE,CLASS,INSTRUCTION_MISSED,INSTRUCTION_COVERED,BRANCH_MISSED,BRANCH_COVERED,LINE_MISSED,LINE_COVERED,COMPLEXITY_MISSED,COMPLEXITY_COVERED,METHOD_MISSED,METHOD_COVERED
Entando Core: Engine,com.agiletec.aps.system.common.model.dao,SearcherDaoPaginatedResult,41,0,2,0,16,0,8,0,7,0
Entando Core: Engine,org.entando.entando.aps.system.services.widgettype,WidgetTypeParameter,34,0,0,0,13,0,7,0,7,0
Entando Core: Engine,org.entando.entando.aps.system.services.widgettype,WidgetTypeManager,566,0,62,0,144,0,51,0,20,0
Entando Core: Engine,org.entando.entando.aps.system.services.widgettype,WidgetTypeDOM,308,0,28,0,80,0,28,0,14,0
Entando Core: Engine,org.entando.entando.aps.system.services.widgettype,WidgetTypeListProcessor,110,0,11,0,17,0,24,0,15,0
Entando Core: Engine,org.entando.entando.aps.system.services.widgettype,WidgetService,956,0,72,0,213,0,72,0,36,0
Entando Core: Engine,org.entando.entando.aps.system.services.widgettype,WidgetType,809,0,162,0,195,0,120,0,39,0
Entando Core: Engine,org.entando.entando.aps.system.services.widgettype,WidgetTypeDAO,630,0,42,0,160,0,32,0,11,0
Entando Core: Engine,org.entando.entando.web.language,LanguageController,98,0,2,0,21,0,9,0,8,0
Entando Core: Engine,org.entando.entando.web.common.model,RestNamedId,125,0,22,0,21,0,18,0,7,0
Entando Core: Engine,org.entando.entando.web.common.model,SimpleRestResponse,18,0,0,0,6,0,3,0,3,0
Entando Core: Engine,org.entando.entando.web.common.model,RestError,26,0,0,0,11,0,6,0,6,0
Entando Core: Engine,org.entando.entando.web.common.model,RestResponse,69,0,2,0,25,0,12,0,11,0
Entando Core: Engine,org.entando.entando.web.common.model,PagedRestResponse,16,0,0,0,6,0,3,0,3,0
Entando Core: Engine,org.entando.entando.web.common.model,RestListRequest,555,0,98,0,117,0,79,0,30,0
Entando Core: Engine,org.entando.entando.web.common.model,Filter,425,0,58,0,99,0,53,0,24,0
Entando Core: Engine,org.entando.entando.web.common.model,PagedMetadata,713,0,70,0,137,0,76,0,41,0
Entando Core: Engine,org.entando.entando.web.common.model,RestEntityListRequest,120,0,22,0,21,0,17,0,6,0
Entando Core: Engine,org.entando.entando.web.common.model,FilterType.new FilterType() {...},9,0,0,0,2,0,2,0,2,0
Entando Core: Engine,org.entando.entando.web.common.model,FilterType.new FilterType() {...},11,0,0,0,2,0,2,0,2,0
Entando Core: Engine,org.entando.entando.web.common.model,FilterType.new FilterType() {...},12,0,0,0,2,0,2,0,2,0
Entando Core: Engine,org.entando.entando.web.common.model,FilterType.new FilterType() {...},17,0,0,0,3,0,2,0,2,0
Entando Core: Engine,org.entando.entando.web.common.model,ErrorRestResponse,24,0,0,0,6,0,3,0,3,0
Entando Core: Engine,org.entando.entando.web.common.model,DateRange,88,0,14,0,28,0,15,0,8,0
Entando Core: Engine,org.entando.entando.web.common.model,FilterOperator,105,0,4,0,14,0,6,0,4,0
Entando Core: Engine,org.entando.entando.web.common.model,FilterType,94,0,4,0,13,0,6,0,4,0
Entando Core: Engine,com.agiletec.aps.system.services.lang.cache,LangManagerCacheWrapper,169,0,10,0,39,0,17,0,12,0
Entando Core: Engine,org.entando.entando.aps.system.common.entity.model.attribute,EnumeratorMapAttribute,383,0,54,0,87,0,42,0,15,0
Entando Core: Engine,org.entando.entando.aps.system.common.entity.model.attribute,JAXBEnumeratorMapAttribute,10,0,0,0,4,0,3,0,3,0
Entando Core: Engine,org.entando.entando.aps.system.common.entity.model.attribute,JAXBEnumeratorMapValue,17,0,0,0,7,0,5,0,5,0
Entando Core: Engine,org.entando.entando.aps.system.common.entity.model.attribute,EmailAttribute,26,0,0,0,8,0,4,0,4,0
Entando Core: Engine,org.entando.entando.aps.system.services.pagesettings.model,PageSettingsDto,3,0,0,0,2,0,1,0,1,0
Entando Core: Engine,org.entando.entando.aps.system.services.pagesettings.model,PageSettingsDtoBuilder,82,0,0,0,8,0,5,0,5,0
Entando Core: Engine,org.entando.entando.aps.system.services.userprofile,UserProfileTypeService,109,0,0,0,23,0,19,0,19,0
Entando Core: Engine,org.entando.entando.aps.system.services.userprofile,UserProfileManagerAspect,127,0,18,0,44,0,17,0,8,0
Entando Core: Engine,org.entando.entando.aps.system.services.userprofile,UserProfileManager,210,0,8,0,66,0,23,0,19,0
Entando Core: Engine,org.entando.entando.aps.system.services.userprofile,UserProfileDAO,141,0,6,0,41,0,16,0,13,0
Entando Core: Engine,org.entando.entando.aps.system.services.userprofile,UserProfileSearcherDAO,89,0,10,0,23,0,15,0,10,0
Entando Core: Engine,org.entando.entando.aps.system.services.userprofile,UserProfileService,65,0,0,0,15,0,7,0,7,0
Entando Core: Engine,com.agiletec.aps.system.common.entity.parse,AbstractAttributeSupportObjectDOM,138,0,4,0,32,0,6,0,4,0
Entando Core: Engine,com.agiletec.aps.system.common.entity.parse,AttributeRoleDOM,86,0,4,0,20,0,6,0,4,0
Entando Core: Engine,com.agiletec.aps.system.common.entity.parse,EntityHandler,500,0,58,0,134,0,60,0,31,0
Entando Core: Engine,com.agiletec.aps.system.common.entity.parse,AttributeDisablingCodesDOM,54,0,2,0,13,0,5,0,4,0
Entando Core: Engine,com.agiletec.aps.system.common.entity.parse,ApsEntityDOM,230,0,6,0,56,0,22,0,19,0
Entando Core: Engine,com.agiletec.aps.system.common.entity.parse,EntityTypeDOM,665,0,30,0,155,0,43,0,28,0
Entando Core: Engine,com.agiletec.aps.system.common.entity.parse,EntityTypeFactory,98,0,0,0,26,0,8,0,8,0
Entando Core: Engine,org.entando.entando.aps.system.common.entity.api.response,EntityTypeResponse,11,0,0,0,3,0,3,0,3,0
Entando Core: Engine,org.entando.entando.aps.system.common.entity.api.response,EntityTypeResponseResult,7,0,0,0,2,0,2,0,2,0
Entando Core: Engine,org.entando.entando.aps.system.services.role.model,PermissionDto,17,0,0,0,7,0,5,0,5,0
Entando Core: Engine,org.entando.entando.aps.system.services.role.model,RoleDto,82,0,2,0,21,0,12,0,11,0
Entando Core: Engine,com.agiletec.aps.system.services.category.thread,NotifyingThread,41,0,2,0,13,0,6,0,5,0
Entando Core: Engine,org.entando.entando.aps.system.services.actionlog.model,ActionLogRecordDto,283,0,17,0,73,0,34,0,25,0
Entando Core: Engine,org.entando.entando.aps.system.services.actionlog.model,ActionLogRecordApiSearchBean,31,0,0,0,13,0,9,0,9,0
Entando Core: Engine,org.entando.entando.aps.system.services.actionlog.model,ActivityStreamSeachBean,10,0,0,0,4,0,3,0,3,0
Entando Core: Engine,org.entando.entando.aps.system.services.actionlog.model,ActionLogRecordDtoBuilder,68,0,0,0,16,0,7,0,7,0
Entando Core: Engine,org.entando.entando.aps.system.services.actionlog.model,ActionLogRecordDto.LikeInfo,29,0,0,0,11,0,6,0,6,0
Entando Core: Engine,org.entando.entando.aps.system.services.actionlog.model,ActionLogRecord,59,0,0,0,25,0,17,0,17,0
Entando Core: Engine,org.entando.entando.aps.system.services.actionlog.model,ActionLogRecordDto.CommentInfo,38,0,0,0,14,0,8,0,8,0
Entando Core: Engine,org.entando.entando.aps.system.services.actionlog.model,ActionLogRecordSearchBean,66,0,0,0,28,0,19,0,19,0
Entando Core: Engine,org.entando.entando.aps.system.services.actionlog.model,ManagerConfiguration,36,0,0,0,13,0,7,0,7,0
Entando Core: Engine,org.entando.entando.aps.system.services.actionlog.model,ActivityStreamInfo,89,0,6,0,34,0,23,0,20,0
Entando Core: Engine,org.entando.entando.aps.system.services.pagemodel,PageModelService,917,0,78,0,207,0,67,0,28,0
Entando Core: Engine,org.entando.entando.web.page,PageConfigurationController,308,0,10,0,57,0,16,0,11,0
Entando Core: Engine,org.entando.entando.web.page,PageController,655,0,34,0,120,0,38,0,21,0
Entando Core: Engine,org.entando.entando.web.page,PageDtoToRequestConverter,53,0,0,0,14,0,2,0,2,0
Entando Core: Engine,com.agiletec.aps.system.services.category.cache,CategoryManagerCacheWrapper,566,0,40,0,128,0,37,0,17,0
Entando Core: Engine,org.entando.entando.aps.system.services.dataobject.api.model,ApiDataObjectListBean,127,0,12,0,34,0,15,0,9,0
Entando Core: Engine,org.entando.entando.aps.system.services.dataobject.api.model,JAXBDataObjectAttribute,31,0,0,0,14,0,9,0,9,0
Entando Core: Engine,org.entando.entando.aps.system.services.dataobject.api.model,JAXBDataObject,52,0,0,0,20,0,10,0,10,0
Entando Core: Engine,org.entando.entando.aps.system.services.dataobject.api.model,JAXBDataObjectType,21,0,0,0,10,0,6,0,6,0
Entando Core: Engine,org.entando.entando.aps.system.common.command.constants,ApsCommandStatus,54,0,0,0,6,0,1,0,1,0
Entando Core: Engine,org.entando.entando.aps.system.common.command.constants,ApsCommandWarningCode,14,0,0,0,2,0,1,0,1,0
Entando Core: Engine,org.entando.entando.aps.system.common.command.constants,ApsCommandErrorCode,54,0,0,0,6,0,1,0,1,0
Entando Core: Engine,org.entando.entando.aps.servlet,ProtectedResourceWardenServlet,61,0,4,0,17,0,5,0,3,0
Entando Core: Engine,org.entando.entando.aps.servlet,StartupListener,93,0,10,0,20,0,8,0,3,0
Entando Core: Engine,com.agiletec.aps.system.services.category,Category,215,0,24,0,55,0,24,0,12,0
Entando Core: Engine,com.agiletec.aps.system.services.category,CategoryManager,664,0,58,0,162,0,59,0,30,0
Entando Core: Engine,com.agiletec.aps.system.services.category,ReloadingCategoryReferencesThread,48,0,0,0,19,0,8,0,8,0
Entando Core: Engine,com.agiletec.aps.system.services.category,CategoryDAO,328,0,2,0,94,0,13,0,12,0
Entando Core: Engine,org.entando.entando.aps.system.common.command.tracer,DefaultBulkCommandTracer,44,0,4,0,11,0,9,0,7,0
Entando Core: Engine,org.entando.entando.web.filebrowser.validator,FileBrowserValidator,143,0,14,0,30,0,12,0,5,0
Entando Core: Engine,com.agiletec.aps.system.services.keygenerator.cache,KeyGeneratorManagerCacheWrapper,82,0,0,0,22,0,8,0,8,0
Entando Core: Engine,org.entando.entando.aps.system.services.page.serializer,WidgetConfigPropertiesDeserializer,218,0,18,0,40,0,15,0,6,0
Entando Core: Engine,org.entando.entando.aps.system.services.page.serializer,WidgetConfigPropertiesSerializer,366,0,34,0,83,0,31,0,14,0
Entando Core: Engine,org.entando.entando.web.guifragment.validator,GuiFragmentValidator,122,0,10,0,25,0,10,0,5,0
Entando Core: Engine,com.agiletec.aps.system.services.url,AbstractURLManager,104,0,10,0,27,0,11,0,6,0
Entando Core: Engine,com.agiletec.aps.system.services.url,PageURL,124,0,18,0,40,0,23,0,14,0
Entando Core: Engine,com.agiletec.aps.system.services.url,URLManager,425,0,52,0,99,0,47,0,21,0
Entando Core: Engine,org.entando.entando.aps.system.services.i18n.inlinediting,ApiI18nLabelInterface,175,0,22,0,43,0,15,0,4,0
Entando Core: Engine,com.agiletec.aps.system.services.page.events,PageChangedEvent,45,0,0,0,19,0,13,0,13,0
Entando Core: Engine,org.entando.entando.aps.system.services.dataobjectsearchengine,IndexerDAO,438,0,38,0,110,0,34,0,15,0
Entando Core: Engine,org.entando.entando.aps.system.services.dataobjectsearchengine,SearchEngineDAOFactory,319,0,26,0,81,0,35,0,22,0
Entando Core: Engine,org.entando.entando.aps.system.services.dataobjectsearchengine,SearcherDAO,622,0,86,0,138,0,56,0,13,0
Entando Core: Engine,org.entando.entando.aps.system.services.dataobjectsearchengine,IndexLoaderThread,107,0,4,0,34,0,7,0,5,0
Entando Core: Engine,org.entando.entando.aps.system.services.dataobjectsearchengine,LastReloadInfo,17,0,0,0,7,0,5,0,5,0
Entando Core: Engine,org.entando.entando.aps.system.services.dataobjectsearchengine,SearchEngineManager,519,0,58,0,143,0,58,0,28,0
Entando Core: Engine,org.entando.entando.aps.system.services.guifragment,GuiFragmentService,427,0,24,0,101,0,32,0,20,0
Entando Core: Engine,org.entando.entando.aps.system.services.guifragment,GuiFragmentDAO,504,0,20,0,138,0,27,0,17,0
Entando Core: Engine,org.entando.entando.aps.system.services.guifragment,GuiFragment,94,0,2,0,34,0,18,0,17,0
Entando Core: Engine,org.entando.entando.aps.system.services.guifragment,GuiFragmentManager,553,0,26,0,136,0,33,0,20,0
Entando Core: Engine,com.agiletec.aps.system.common.util,EntityAttributeIterator,71,0,6,0,16,0,8,0,5,0
Entando Core: Engine,org.entando.entando.aps.system.services.api.cache,ApiResourceCacheWrapper,62,0,0,0,17,0,8,0,8,0
Entando Core: Engine,org.entando.entando.aps.system.services.api.cache,ApiServiceCacheWrapper,114,0,4,0,29,0,12,0,10,0
Entando Core: Engine,org.entando.entando.web.usersettings,UserSettingsController,58,0,2,0,13,0,6,0,5,0
Entando Core: Engine,org.entando.entando.aps.system.services.dataobject.api.response,DataObjectTypeResponse,11,0,0,0,3,0,3,0,3,0
Entando Core: Engine,org.entando.entando.aps.system.services.dataobject.api.response,DataObjectTypeResponseResult,7,0,0,0,2,0,2,0,2,0
Entando Core: Engine,org.entando.entando.aps.system.services.dataobject.api.response,DataObjectResponseResult,7,0,0,0,2,0,2,0,2,0
Entando Core: Engine,org.entando.entando.aps.system.services.dataobject.api.response,DataObjectResponse,11,0,0,0,3,0,3,0,3,0
Entando Core: Engine,com.agiletec.aps.system.services.page.cache,PageManagerCacheWrapper,2251,0,264,0,440,0,175,0,43,0
Entando Core: Engine,org.entando.entando.web.common,EntandoMessageCodesResolver,123,0,8,0,27,0,11,0,7,0
Entando Core: Engine,org.entando.entando.aps.system.services.usersettings,UserSettingsService,97,0,0,0,26,0,8,0,8,0
Entando Core: Engine,org.entando.entando.web.dataobject,DataTypeController,652,0,28,0,119,0,36,0,22,0
Entando Core: Engine,org.entando.entando.aps.system.common.command,BaseBulkCommand,223,0,22,0,63,0,36,0,25,0
Entando Core: Engine,org.entando.entando.aps.system.services.dataobjectmapper,DataObjectPageMapper,35,0,0,0,10,0,6,0,6,0
Entando Core: Engine,org.entando.entando.aps.system.services.dataobjectmapper,DataObjectPageMapperManager,73,0,2,0,24,0,12,0,11,0
Entando Core: Engine,org.entando.entando.aps.system.services.usersettings.model,UserSettingsDtoBuilder,63,0,4,0,13,0,6,0,4,0
Entando Core: Engine,org.entando.entando.aps.system.services.usersettings.model,UserSettingsDto,38,0,0,0,16,0,11,0,11,0
Entando Core: Engine,org.entando.entando.web.group.validator,GroupValidator,52,0,4,0,10,0,6,0,4,0
Entando Core: Engine,org.entando.entando.web.api.oauth2,ApiConsumerResourceController,89,0,0,0,17,0,7,0,7,0
Entando Core: Engine,org.entando.entando.web.category,CategoryController,224,0,6,0,46,0,15,0,12,0
Entando Core: Engine,com.agiletec.aps.system.services.lang.events,LangsChangedEvent,10,0,0,0,4,0,3,0,3,0
Entando Core: Engine,org.entando.entando.aps.system.services.widgettype.model,WidgetDto.GuiFragmentRef,27,0,0,0,10,0,7,0,7,0
Entando Core: Engine,org.entando.entando.aps.system.services.widgettype.model,WidgetDetails,31,0,0,0,14,0,9,0,9,0
Entando Core: Engine,org.entando.entando.aps.system.services.widgettype.model,WidgetInfoDto,53,0,0,0,20,0,11,0,11,0
Entando Core: Engine,org.entando.entando.aps.system.services.widgettype.model,WidgetDto.WidgetParameter,26,0,0,0,11,0,6,0,6,0
Entando Core: Engine,org.entando.entando.aps.system.services.widgettype.model,WidgetDto,195,0,2,0,73,0,41,0,40,0
Entando Core: Engine,org.entando.entando.aps.system.services.widgettype.model,WidgetDtoBuilder,265,0,22,0,58,0,23,0,12,0
Entando Core: Engine,org.entando.entando.aps.system.services.widgettype.model,WidgetDtoBuilder.new TypeReference() {...},6,0,0,0,1,0,1,0,1,0
Entando Core: Engine,org.entando.entando.web.widget.validator,WidgetValidator,180,0,36,0,30,0,23,0,5,0
Entando Core: Engine,org.entando.entando.web.widget.validator,NavigatorWidgetConfigValidator,184,0,28,0,26,0,21,0,7,0
Entando Core: Engine,org.entando.entando.web.dataobject.validator,DataTypeValidator,13,0,0,0,5,0,4,0,4,0
Entando Core: Engine,org.entando.entando.web.userpreferences.validator,UserPreferencesValidator,71,0,8,0,16,0,8,0,4,0
Entando Core: Engine,org.entando.entando.aps.system.common.entity.api,JAXBEntityType,169,0,10,0,46,0,17,0,12,0
Entando Core: Engine,org.entando.entando.aps.system.common.entity.api,ApiEntityTypeInterface,400,0,16,0,90,0,21,0,13,0
Entando Core: Engine,org.entando.entando.web.usersettings.model,UserSettingsRequest,91,0,2,0,26,0,13,0,12,0
Entando Core: Engine,org.entando.entando.aps.system.services.widgettype.cache,WidgetTypeManagerCacheWrapper,101,0,4,0,29,0,13,0,11,0
Entando Core: Engine,org.entando.entando.web.common.handlers,RestExceptionHandler,375,0,14,0,66,0,26,0,19,0
Entando Core: Engine,com.agiletec.aps.tags.util,PagerVO,141,0,4,0,49,0,31,0,29,0
Entando Core: Engine,com.agiletec.aps.tags.util,PagerTagHelper,363,0,38,0,98,0,28,0,9,0
Entando Core: Engine,com.agiletec.aps.tags.util,BaseFrameDecoratorContainer,50,0,0,0,22,0,15,0,15,0
Entando Core: Engine,com.agiletec.aps.tags.util,SmallCategory,23,0,0,0,8,0,6,0,6,0
Entando Core: Engine,com.agiletec.aps.tags.util,HeadInfoContainer,41,0,4,0,11,0,5,0,3,0
Entando Core: Engine,org.entando.entando.web.user.validator,UserAuthorityValidator,21,0,4,0,3,0,6,0,4,0
Entando Core: Engine,org.entando.entando.web.user.validator,UserValidator,488,0,56,0,108,0,54,0,26,0
Entando Core: Engine,org.entando.entando.web.dataobject.model,DataTypesBodyResponse,26,0,0,0,9,0,4,0,4,0
Entando Core: Engine,org.entando.entando.web.dataobject.model,DataTypeDtoRequest,72,0,2,0,24,0,10,0,9,0
Entando Core: Engine,org.entando.entando.web.dataobject.model,DataTypeRefreshRequest,15,0,0,0,5,0,3,0,3,0
Entando Core: Engine,org.entando.entando.aps.system.services.dataobject.helper,BaseDataListHelper,372,0,54,0,86,0,42,0,15,0
Entando Core: Engine,org.entando.entando.aps.system.services.dataobject.helper,DataObjectHelper,131,0,12,0,33,0,13,0,7,0
Entando Core: Engine,org.entando.entando.aps.system.services.dataobject.helper,PublicDataTypeAuthorizationInfo,145,0,16,0,39,0,17,0,9,0
Entando Core: Engine,org.entando.entando.aps.system.services.dataobject.helper,DataAuthorizationHelper,237,0,26,0,64,0,31,0,18,0
Entando Core: Engine,org.entando.entando.web.common.assembler,PagedMetadataMapper,47,0,2,0,10,0,5,0,4,0
Entando Core: Engine,org.entando.entando.web.common.assembler,PageSearchMapper,44,0,2,0,11,0,4,0,3,0
Entando Core: Engine,org.entando.entando.aps.system.services.i18n.inlinediting.model,JAXBI18nLabel.JAXBLabel,26,0,0,0,12,0,6,0,6,0
Entando Core: Engine,org.entando.entando.aps.system.services.i18n.inlinediting.model,JAXBI18nLabel,90,0,8,0,26,0,11,0,7,0
Entando Core: Engine,org.entando.entando.aps.system.services,DtoBuilder,41,0,6,0,12,0,6,0,3,0
Entando Core: Engine,org.entando.entando.aps.system.services,RequestListProcessor,136,0,28,0,31,0,21,0,7,0
Entando Core: Engine,com.agiletec.aps.system.services.i18n.wrapper,I18nLabelBuilder,47,0,8,0,11,0,7,0,3,0
Entando Core: Engine,org.entando.entando.web.analysis,AnalysisController,98,0,10,0,21,0,12,0,3,0
Entando Core: Engine,org.entando.entando.web.analysis,IAnalysisController,185,0,12,0,40,0,11,0,4,0
Entando Core: Engine,org.entando.entando.web.analysis,AnalysisResponse.ObjectType,104,0,0,0,3,0,1,0,1,0
Entando Core: Engine,org.entando.entando.web.analysis,AnalysisResponse,6,0,0,0,3,0,1,0,1,0
Entando Core: Engine,org.entando.entando.web.analysis,AnalysisResponse.Status,34,0,0,0,2,0,1,0,1,0
Entando Core: Engine,org.entando.entando.web.dashboard,DashboardController,133,0,12,0,39,0,17,0,11,0
Entando Core: Engine,com.agiletec.aps.system.common.entity.event,ReloadingEntitiesReferencesEvent,10,0,0,0,4,0,3,0,3,0
Entando Core: Engine,com.agiletec.aps.system.common.entity.event,EntityTypesChangingEvent,38,0,0,0,16,0,11,0,11,0
Entando Core: Engine,org.entando.entando.aps.system.services.storage.model,BasicFileAttributeViewDto,111,0,8,0,35,0,19,0,15,0
Entando Core: Engine,org.entando.entando.web.pagemodel.validator,PageModelValidator,121,0,12,0,27,0,13,0,7,0
Entando Core: Engine,org.entando.entando.web.language.model,LanguageRequest,19,0,2,0,6,0,5,0,4,0
Entando Core: Engine,com.agiletec.aps.system.common.entity.parse.attribute,TimestampAttributeHandler,39,0,8,0,12,0,9,0,5,0
Entando Core: Engine,com.agiletec.aps.system.common.entity.parse.attribute,NumberAttributeHandler,42,0,8,0,13,0,9,0,5,0
Entando Core: Engine,com.agiletec.aps.system.common.entity.parse.attribute,AbstractAttributeHandler,76,0,4,0,17,0,8,0,6,0
Entando Core: Engine,com.agiletec.aps.system.common.entity.parse.attribute,AbstractMLAttributeHandler,10,0,0,0,4,0,3,0,3,0
Entando Core: Engine,com.agiletec.aps.system.common.entity.parse.attribute,DateAttributeHandler,39,0,8,0,12,0,9,0,5,0
Entando Core: Engine,com.agiletec.aps.system.common.entity.parse.attribute,HypertextAttributeHandler,20,0,4,0,7,0,5,0,3,0
Entando Core: Engine,com.agiletec.aps.system.common.entity.parse.attribute,ListAttributeHandler,131,0,18,0,34,0,18,0,9,0
Entando Core: Engine,com.agiletec.aps.system.common.entity.parse.attribute,CompositeAttributeHandler,101,0,14,0,27,0,14,0,7,0
Entando Core: Engine,com.agiletec.aps.system.common.entity.parse.attribute,BooleanAttributeHandler,38,0,8,0,12,0,9,0,5,0
Entando Core: Engine,com.agiletec.aps.system.common.entity.parse.attribute,MonoTextAttributeHandler,35,0,8,0,11,0,9,0,5,0
Entando Core: Engine,com.agiletec.aps.system.common.entity.parse.attribute,TextAttributeHandler,50,0,8,0,14,0,9,0,5,0
Entando Core: Engine,org.entando.entando.web.dataobjectmodel,DataModelDtoToRequestConverter,29,0,0,0,8,0,2,0,2,0
Entando Core: Engine,org.entando.entando.web.dataobjectmodel,DataObjectModelController,369,0,26,0,71,0,25,0,12,0
Entando Core: Engine,org.entando.entando.web.system,ReloadConfigurationController,44,0,0,0,13,0,2,0,2,0
Entando Core: Engine,org.entando.entando.web.permission.validator,PermissionValidator,8,0,0,0,3,0,3,0,3,0
Entando Core: Engine,org.entando.entando.aps.system.services.dataobjectmodel.api,DataObjectModelResponse,11,0,0,0,3,0,3,0,3,0
Entando Core: Engine,org.entando.entando.aps.system.services.dataobjectmodel.api,ApiDataObjectModelInterface,372,0,26,0,71,0,20,0,7,0
Entando Core: Engine,org.entando.entando.aps.system.services.dataobjectmodel.api,DataObjectModelResponseResult,7,0,0,0,2,0,2,0,2,0
Entando Core: Engine,com.agiletec.aps.system.services.role.cache,PermissionCacheWrapper,99,0,2,0,26,0,13,0,12,0
Entando Core: Engine,com.agiletec.aps.system.services.role.cache,RoleCacheWrapper,81,0,0,0,22,0,11,0,11,0
Entando Core: Engine,org.entando.entando.aps.system.services.label.model,LabelDto,26,0,0,0,12,0,6,0,6,0
Entando Core: Engine,org.entando.entando.web.userpreferences.model,UserPreferencesDto,61,0,0,0,15,0,8,0,8,0
Entando Core: Engine,org.entando.entando.web.userpreferences.model,UserPreferencesRequest,46,0,0,0,11,0,8,0,8,0
Entando Core: Engine,org.entando.entando.web.dataobjectmodel.validator,DataObjectModelValidator,263,0,24,0,63,0,22,0,10,0
Entando Core: Engine,org.entando.entando.web.guifragment,GuiFragmentController,252,0,10,0,50,0,18,0,13,0
Entando Core: Engine,org.entando.entando.web.guifragment,GuiFragmentSettingsController,93,0,2,0,24,0,6,0,5,0
Entando Core: Engine,org.entando.entando.web.language.validator,LanguageValidator,8,0,0,0,3,0,3,0,3,0
Entando Core: Engine,org.entando.entando.aps.system.services.dataobjectmodel.cache,DataObjectModelCacheWrapper,118,0,2,0,28,0,12,0,11,0
Entando Core: Engine,org.entando.entando.aps.system.services.oauth2,ApiOAuth2TokenManager,222,0,0,0,55,0,23,0,23,0
Entando Core: Engine,org.entando.entando.aps.system.services.oauth2,OAuth2TokenDAO,597,0,34,0,144,0,33,0,16,0
Entando Core: Engine,org.entando.entando.aps.system.services.oauth2,OAuthConsumerDAO,496,0,22,0,120,0,26,0,15,0
Entando Core: Engine,org.entando.entando.aps.system.services.oauth2,ScheduledDeleteExpiredTokenThread,31,0,0,0,12,0,3,0,3,0
Entando Core: Engine,org.entando.entando.aps.system.services.oauth2,IOAuthConsumerManager,26,0,0,0,1,0,1,0,1,0
Entando Core: Engine,org.entando.entando.aps.system.services.oauth2,ApiConsumerServiceImpl,155,0,8,0,35,0,14,0,10,0
Entando Core: Engine,org.entando.entando.aps.system.services.oauth2,AbstractOAuthManager,23,0,0,0,9,0,5,0,5,0
Entando Core: Engine,org.entando.entando.aps.system.services.oauth2,OAuthConsumerManager,287,0,12,0,67,0,18,0,12,0
Entando Core: Engine,org.entando.entando.aps.system.services.dataobject.api,AbstractApiDataObjectInterface,17,0,0,0,7,0,5,0,5,0
Entando Core: Engine,org.entando.entando.aps.system.services.dataobject.api,ApiDataObjectTypeInterface,218,0,16,0,58,0,25,0,17,0
Entando Core: Engine,org.entando.entando.aps.system.services.dataobject.api,ApiDataObjectInterface,1339,0,94,0,308,0,89,0,42,0
Entando Core: Engine,org.entando.entando.web.category.validator,CategoryValidator,162,0,22,0,27,0,19,0,8,0
Entando Core: Engine,org.entando.entando.web.userprofile,ProfileTypeController,678,0,28,0,123,0,37,0,23,0
Entando Core: Engine,org.entando.entando.web.userprofile,ProfileController,209,0,16,0,46,0,18,0,10,0
Entando Core: Engine,org.entando.entando.web.swagger,SwaggerConfig,185,0,2,0,44,0,8,0,7,0
Entando Core: Engine,org.entando.entando.web.swagger,SwaggerMvcAdapter,36,0,0,0,6,0,2,0,2,0
Entando Core: Engine,org.entando.entando.aps.system.services.dataobjectmodel.model,DataModelDtoBuilder,13,0,2,0,4,0,3,0,2,0
Entando Core: Engine,org.entando.entando.aps.system.services.dataobjectmodel.model,DataModelDto,76,0,3,0,28,0,15,0,13,0
Entando Core: Engine,org.entando.entando.web.role,RoleController,220,0,8,0,44,0,16,0,12,0
Entando Core: Engine,org.entando.entando.web.role,RoleDtotoRoleRequestConverter,21,0,0,0,6,0,2,0,2,0
Entando Core: Engine,com.agiletec.aps.system.common.notify,NotifyManager,106,0,6,0,28,0,10,0,7,0
Entando Core: Engine,com.agiletec.aps.system.common.notify,NotifyingEventThread,15,0,0,0,6,0,2,0,2,0
Entando Core: Engine,com.agiletec.aps.system.common.notify,ApsEvent,14,0,0,0,6,0,3,0,3,0
Entando Core: Engine,org.entando.entando.web.guifragment.model,GuiFragmentSettingsBody,16,0,0,0,8,0,4,0,4,0
Entando Core: Engine,org.entando.entando.web.guifragment.model,GuiFragmentRequestBody,26,0,0,0,12,0,6,0,6,0
Entando Core: Engine,org.entando.entando.web.common.validator,StringValidator,47,0,6,0,10,0,6,0,3,0
Entando Core: Engine,org.entando.entando.web.common.validator,AbstractPaginationValidator,388,0,40,0,71,0,37,0,17,0
Entando Core: Engine,org.entando.entando.aps.system.services.jsonpatch,JsonPatchService,45,0,0,0,11,0,5,0,5,0
Entando Core: Engine,org.entando.entando.web.dataobjectmodel.model,DataObjectModelRequest,38,0,0,0,17,0,11,0,11,0
Entando Core: Engine,org.entando.entando.aps.system.services.health,HealthService,38,0,4,0,13,0,5,0,3,0
Entando Core: Engine,org.entando.entando.aps.system.services.user.model,UserDto,330,0,34,0,91,0,46,0,29,0
Entando Core: Engine,org.entando.entando.aps.system.services.user.model,ProfileTypeDto,23,0,0,0,10,0,5,0,5,0
Entando Core: Engine,org.entando.entando.aps.system.services.user.model,UserAuthorityDto,44,0,4,0,16,0,8,0,6,0
Entando Core: Engine,org.entando.entando.aps.system.services.user.model,UserDtoBuilder,8,0,0,0,2,0,2,0,2,0
Entando Core: Engine,com.agiletec.aps.system.services.pagemodel.events,PageModelChangedEvent,24,0,0,0,10,0,7,0,7,0
Entando Core: Engine,org.entando.entando.aps.system.init,DatabaseDumperThread,20,0,0,0,9,0,3,0,3,0
Entando Core: Engine,org.entando.entando.aps.system.init,AbstractInitializerManager,72,0,0,0,25,0,11,0,11,0
Entando Core: Engine,org.entando.entando.aps.system.init,AbstractDatabaseUtils,154,0,8,0,42,0,21,0,17,0
Entando Core: Engine,org.entando.entando.aps.system.init,IDatabaseManager.DatabaseType,64,0,0,0,1,0,1,0,1,0
Entando Core: Engine,org.entando.entando.aps.system.init,AbstractInitializerManager.Environment,34,0,0,0,1,0,1,0,1,0
Entando Core: Engine,org.entando.entando.aps.system.init,ComponentManager,203,0,22,0,59,0,28,0,17,0
Entando Core: Engine,org.entando.entando.aps.system.init,SelfRestCaller,480,0,50,0,112,0,37,0,12,0
Entando Core: Engine,org.entando.entando.aps.system.init,DatabaseRestorer,437,0,32,0,103,0,25,0,9,0
Entando Core: Engine,org.entando.entando.aps.system.init,InstallationReportDAO,184,0,2,0,53,0,6,0,5,0
Entando Core: Engine,org.entando.entando.aps.system.init,DatabaseManager,2070,0,182,0,448,0,135,0,44,0
Entando Core: Engine,org.entando.entando.aps.system.init,SwaggerInitializer,89,0,2,0,25,0,5,0,4,0
Entando Core: Engine,org.entando.entando.aps.system.init,SystemPostProcessor,13,0,2,0,5,0,4,0,3,0
Entando Core: Engine,org.entando.entando.aps.system.init,DatabaseDumper,495,0,34,0,111,0,26,0,9,0
Entando Core: Engine,org.entando.entando.aps.system.init,InitializerManager,342,0,38,0,91,0,35,0,16,0
Entando Core: Engine,org.entando.entando.aps.system.services.group,GroupService,623,0,50,0,142,0,52,0,27,0
Entando Core: Engine,org.entando.entando.aps.system.services.searchengine,SearchEngineFilter,139,0,10,0,45,0,23,0,18,0
Entando Core: Engine,org.entando.entando.aps.system.services.searchengine,SearchEngineFilter.TextSearchOption,44,0,0,0,1,0,1,0,1,0
Entando Core: Engine,org.entando.entando.aps.system.services.searchengine,FacetedContentsResult,17,0,0,0,7,0,5,0,5,0
Entando Core: Engine,org.entando.entando.web.pagesettings,PageSettingsController,58,0,4,0,13,0,7,0,5,0
Entando Core: Engine,com.agiletec.aps.system,SystemConstants,32,0,0,0,3,0,1,0,1,0
Entando Core: Engine,com.agiletec.aps.system,RequestContext,59,0,0,0,20,0,10,0,10,0
Entando Core: Engine,com.agiletec.aps.system,ApsSystemUtils,285,0,16,0,68,0,15,0,7,0
Entando Core: Engine,org.entando.entando.web.pagesettings.model,PageSettingsRequest,3,0,0,0,2,0,1,0,1,0
Entando Core: Engine,org.entando.entando.web.health,HealthController,26,0,2,0,6,0,3,0,2,0
Entando Core: Engine,org.entando.entando.aps.system.services.dataobject.widget,IDataObjectListWidgetHelper,39,0,0,0,2,0,1,0,1,0
Entando Core: Engine,org.entando.entando.aps.system.services.dataobject.widget,DataObjectListHelper,832,0,130,0,174,0,90,0,25,0
Entando Core: Engine,org.entando.entando.aps.system.services.dataobject.widget,UserFilterOptionBean.AttributeFormFieldError,30,0,0,0,10,0,5,0,5,0
Entando Core: Engine,org.entando.entando.aps.system.services.dataobject.widget,DataObjectViewerHelper,396,0,66,0,103,0,53,0,20,0
Entando Core: Engine,org.entando.entando.aps.system.services.dataobject.widget,UserFilterOptionBean,1150,0,152,0,244,0,111,0,35,0
Entando Core: Engine,org.entando.entando.aps.system.services.dataobjectmapper.cache,DataObjectMapperCacheWrapper,139,0,18,0,35,0,16,0,7,0
Entando Core: Engine,org.entando.entando.aps.system.services.database,DatabaseService,431,0,14,0,91,0,22,0,15,0
Entando Core: Engine,org.entando.entando.aps.system.services.userprofile.model,UserProfileRecord,10,0,0,0,4,0,3,0,3,0
Entando Core: Engine,org.entando.entando.aps.system.services.userprofile.model,UserProfileTypeDto,8,0,0,0,4,0,2,0,2,0
Entando Core: Engine,org.entando.entando.aps.system.services.userprofile.model,UserProfileTypeDtoBuilder,11,0,0,0,3,0,2,0,2,0
Entando Core: Engine,org.entando.entando.aps.system.services.userprofile.model,UserProfile,164,0,28,0,44,0,25,0,11,0
Entando Core: Engine,org.entando.entando.aps.system.common.entity.parse.attribute,EnumeratorMapAttributeHandler,54,0,12,0,17,0,13,0,7,0
Entando Core: Engine,org.entando.entando.aps.system.services.language.utils,LanguageRequestListProcessor,92,0,9,0,15,0,20,0,13,0
Entando Core: Engine,org.entando.entando.web.permission.model,PermissionRequest,9,0,0,0,3,0,3,0,3,0
Entando Core: Engine,org.entando.entando.aps.util,FilterUtils,331,0,48,0,68,0,43,0,15,0
Entando Core: Engine,org.entando.entando.aps.util,PageUtils,141,0,36,0,38,0,23,0,5,0
Entando Core: Engine,org.entando.entando.aps.util,GenericResourceUtils,58,0,20,0,13,0,13,0,3,0
Entando Core: Engine,org.entando.entando.aps.util,HttpSessionHelper,26,0,2,0,6,0,4,0,3,0
Entando Core: Engine,org.entando.entando.aps.system.services.api.response,ServicesResponse,11,0,0,0,3,0,3,0,3,0
Entando Core: Engine,org.entando.entando.aps.system.services.api.response,ServicesResponseResult,27,0,2,0,7,0,3,0,2,0
Entando Core: Engine,org.entando.entando.aps.system.services.api.response,ServicesResponseResult.new ListResponse() {...},7,0,0,0,1,0,1,0,1,0
Entando Core: Engine,org.entando.entando.aps.system.services.page,PageAuthorizationService,100,0,2,0,21,0,14,0,13,0
Entando Core: Engine,org.entando.entando.aps.system.services.page,IPageService,6,0,0,0,1,0,1,0,1,0
Entando Core: Engine,org.entando.entando.aps.system.services.page,PageService,2214,0,157,0,461,0,151,0,72,0
Entando Core: Engine,org.entando.entando.aps.system.services.page,PageTokenManager,274,0,6,0,49,0,17,0,14,0
Entando Core: Engine,org.entando.entando.web.page.validator,PageValidator,360,0,40,0,69,0,34,0,14,0
Entando Core: Engine,org.entando.entando.web.page.validator,PageConfigurationValidator,35,0,6,0,8,0,7,0,4,0
Entando Core: Engine,org.entando.entando.aps.system.services.widgettype.api,WidgetTypeResponseResult,7,0,0,0,2,0,2,0,2,0
Entando Core: Engine,org.entando.entando.aps.system.services.widgettype.api,ApiWidgetTypeInterface,904,0,102,0,202,0,71,0,20,0
Entando Core: Engine,org.entando.entando.aps.system.services.widgettype.api,JAXBWidgetType,297,0,28,0,93,0,44,0,30,0
Entando Core: Engine,org.entando.entando.aps.system.services.widgettype.api,WidgetTypeResponse,15,0,0,0,5,0,4,0,4,0
Entando Core: Engine,com.agiletec.aps.system.services.baseconfig.cache,ConfigManagerCacheWrapper,196,0,10,0,45,0,16,0,11,0
Entando Core: Engine,com.agiletec.aps.system.services.baseconfig,BaseConfigManager,441,0,28,0,98,0,35,0,21,0
Entando Core: Engine,com.agiletec.aps.system.services.baseconfig,ConfigItemDAO,190,0,2,0,53,0,6,0,5,0
Entando Core: Engine,com.agiletec.aps.system.services.baseconfig,SystemParamsUtils,240,0,20,0,65,0,20,0,10,0
Entando Core: Engine,com.agiletec.aps.system.services.i18n.cache,I18nManagerCacheWrapper,75,0,0,0,21,0,10,0,10,0
Entando Core: Engine,org.entando.entando.aps.system.services.pagemodel.model,PageModelConfigurationDto,57,0,6,0,13,0,9,0,6,0
Entando Core: Engine,org.entando.entando.aps.system.services.pagemodel.model,DefaultWidgetDto,22,0,0,0,8,0,5,0,5,0
Entando Core: Engine,org.entando.entando.aps.system.services.pagemodel.model,FrameDto,48,0,0,0,18,0,11,0,11,0
Entando Core: Engine,org.entando.entando.aps.system.services.pagemodel.model,PageModelDto,251,0,24,0,59,0,33,0,20,0
Entando Core: Engine,org.entando.entando.aps.system.services.pagemodel.model,PageModelDtoBuilder,117,0,8,0,31,0,10,0,6,0
Entando Core: Engine,org.entando.entando.aps.system.services.category,CategoryService,693,0,44,0,140,0,47,0,25,0
Entando Core: Engine,org.entando.entando.aps.system.services.category,CategoryService.CategoryDtoBuilder,17,0,0,0,4,0,3,0,3,0
Entando Core: Engine,com.agiletec.aps.system.exception,ApsSystemException,9,0,0,0,4,0,2,0,2,0
Entando Core: Engine,com.agiletec.aps.system.exception,EntRuntimeException,9,0,0,0,4,0,2,0,2,0
Entando Core: Engine,com.agiletec.aps.system.exception,ApsException,9,0,0,0,4,0,2,0,2,0
Entando Core: Engine,org.entando.entando.aps.system.services.userprofile.parse,UserProfileTypeDOM,7,0,0,0,3,0,3,0,3,0
Entando Core: Engine,org.entando.entando.aps.system.services.storage.api,BasicFileAttributeViewApiResponse,15,0,0,0,5,0,4,0,4,0
Entando Core: Engine,org.entando.entando.aps.system.services.storage.api,JAXBStorageResource,31,0,0,0,13,0,9,0,9,0
Entando Core: Engine,org.entando.entando.aps.system.services.storage.api,LocalStorageManagerInterface,662,0,74,0,136,0,48,0,11,0
Entando Core: Engine,org.entando.entando.aps.system.services.storage.api,JAXBBasicFileAttributeView,71,0,2,0,27,0,13,0,12,0
Entando Core: Engine,org.entando.entando.aps.system.services.storage.api,BasicFileAttributeViewApiResponseResult,7,0,0,0,2,0,2,0,2,0
Entando Core: Engine,com.agiletec.aps.system.common.entity,ApsEntityManager,1145,0,82,0,300,0,97,0,56,0
Entando Core: Engine,com.agiletec.aps.system.common.entity,ReloadingReferencesThread,53,0,4,0,19,0,6,0,4,0
Entando Core: Engine,com.agiletec.aps.system.common.entity,AbstractEntitySearcherDAO,1380,0,182,0,286,0,119,0,28,0
Entando Core: Engine,com.agiletec.aps.system.common.entity,AbstractEntityDAO,608,0,22,0,169,0,31,0,20,0
Entando Core: Engine,org.entando.entando.aps.util.crypto,DefaultTextEncryptor,106,0,2,0,26,0,5,0,4,0
Entando Core: Engine,org.entando.entando.aps.util.crypto,Argon2PasswordEncoder,110,0,12,0,25,0,10,0,4,0
Entando Core: Engine,org.entando.entando.aps.util.crypto,CryptoException,9,0,0,0,4,0,2,0,2,0
Entando Core: Engine,org.entando.entando.aps.util.crypto,CryptoBeansConfig,17,0,0,0,4,0,4,0,4,0
Entando Core: Engine,org.entando.entando.aps.util.crypto,CompatiblePasswordEncoder,57,0,4,0,13,0,7,0,5,0
Entando Core: Engine,com.agiletec.aps.system.services.role,RoleDAO,368,0,14,0,112,0,16,0,9,0
Entando Core: Engine,com.agiletec.aps.system.services.role,Role,84,0,10,0,23,0,13,0,8,0
Entando Core: Engine,com.agiletec.aps.system.services.role,Permission,24,0,0,0,8,0,6,0,6,0
Entando Core: Engine,com.agiletec.aps.system.services.role,RoleManager,266,0,6,0,88,0,27,0,24,0
Entando Core: Engine,com.agiletec.aps.system.services.role,PermissionDAO,235,0,2,0,72,0,9,0,8,0
Entando Core: Engine,org.entando.entando.aps.system.services.dataobject,DataObjectUpdaterService,196,0,8,0,55,0,17,0,13,0
Entando Core: Engine,org.entando.entando.aps.system.services.dataobject,DataObjectSearcherDAO,320,0,28,0,76,0,28,0,14,0
Entando Core: Engine,org.entando.entando.aps.system.services.dataobject,DataObjectManager,720,0,40,0,206,0,62,0,42,0
Entando Core: Engine,org.entando.entando.aps.system.services.dataobject,DataObjectsStatus,62,0,0,0,15,0,11,0,11,0
Entando Core: Engine,org.entando.entando.aps.system.services.dataobject,DataObjectService.new DtoBuilder() {...},36,0,0,0,9,0,2,0,2,0
Entando Core: Engine,org.entando.entando.aps.system.services.dataobject,DataObjectDAO,1466,0,40,0,375,0,65,0,45,0
Entando Core: Engine,org.entando.entando.aps.system.services.dataobject,DataObjectUpdaterDAO,57,0,2,0,14,0,3,0,2,0
Entando Core: Engine,org.entando.entando.aps.system.services.dataobject,AbstractDataObjectSearcherDAO,487,0,66,0,115,0,51,0,18,0
Entando Core: Engine,org.entando.entando.aps.system.services.dataobject,DataObjectService,395,0,24,0,86,0,44,0,32,0
Entando Core: Engine,org.entando.entando.aps.system.services.dataobjectmodel.dictionary,DataModelDictionary,188,0,10,0,42,0,15,0,10,0
Entando Core: Engine,org.entando.entando.aps.system.services.dataobjectmodel.dictionary,DataModelDictionaryProvider,59,0,0,0,19,0,13,0,13,0
Entando Core: Engine,org.entando.entando.web.entity.model,EntityTypeDtoRequest,58,0,2,0,15,0,6,0,5,0
Entando Core: Engine,org.entando.entando.web.api.oauth2.validator,ApiConsumerValidator,153,0,18,0,32,0,17,0,8,0
Entando Core: Engine,org.entando.entando.ent.exception,EntException,9,0,0,0,4,0,2,0,2,0
Entando Core: Engine,org.entando.entando.ent.exception,EntRuntimeException,9,0,0,0,4,0,2,0,2,0
Entando Core: Engine,com.agiletec.aps.system.services,AbstractService,3,0,0,0,1,0,1,0,1,0
Entando Core: Engine,com.agiletec.aps.system.services,AbstractDAO,3,0,0,0,1,0,1,0,1,0
Entando Core: Engine,org.entando.entando.aps.system.init.model.servdb,DataObjectAttributeRole,44,0,2,0,8,0,3,0,2,0
Entando Core: Engine,org.entando.entando.aps.system.init.model.servdb,UserProfileSearch,57,0,2,0,8,0,3,0,2,0
Entando Core: Engine,org.entando.entando.aps.system.init.model.servdb,DataObject,3,0,0,0,2,0,1,0,1,0
Entando Core: Engine,org.entando.entando.aps.system.init.model.servdb,UserShortcut,3,0,0,0,1,0,1,0,1,0
Entando Core: Engine,org.entando.entando.aps.system.init.model.servdb,Group,3,0,0,0,1,0,1,0,1,0
Entando Core: Engine,org.entando.entando.aps.system.init.model.servdb,RolePermissionReference,91,0,2,0,10,0,3,0,2,0
Entando Core: Engine,org.entando.entando.aps.system.init.model.servdb,ApiOAuthConsumer,3,0,0,0,1,0,1,0,1,0
Entando Core: Engine,org.entando.entando.aps.system.init.model.servdb,ActionLogRecord,3,0,0,0,1,0,1,0,1,0
Entando Core: Engine,org.entando.entando.aps.system.init.model.servdb,ApiCatalogMethod,61,0,2,0,7,0,3,0,2,0
Entando Core: Engine,org.entando.entando.aps.system.init.model.servdb,Role,3,0,0,0,1,0,1,0,1,0
Entando Core: Engine,org.entando.entando.aps.system.init.model.servdb,UserProfile,3,0,0,0,1,0,1,0,1,0
Entando Core: Engine,org.entando.entando.aps.system.init.model.servdb,ActionLogRecordRelation,48,0,2,0,8,0,3,0,2,0
Entando Core: Engine,org.entando.entando.aps.system.init.model.servdb,ApiOAuthToken,3,0,0,0,1,0,1,0,1,0
Entando Core: Engine,org.entando.entando.aps.system.init.model.servdb,UserGroupRoleReference,91,0,2,0,10,0,3,0,2,0
Entando Core: Engine,org.entando.entando.aps.system.init.model.servdb,UserProfileAttributeRole,48,0,2,0,8,0,3,0,2,0
Entando Core: Engine,org.entando.entando.aps.system.init.model.servdb,DataObjectModel,3,0,0,0,2,0,1,0,1,0
Entando Core: Engine,org.entando.entando.aps.system.init.model.servdb,ActionLogCommentRecord,53,0,2,0,7,0,3,0,2,0
Entando Core: Engine,org.entando.entando.aps.system.init.model.servdb,ActionLogLikeRecord,53,0,2,0,8,0,3,0,2,0
Entando Core: Engine,org.entando.entando.aps.system.init.model.servdb,ApiCatalogService,91,0,2,0,9,0,3,0,2,0
Entando Core: Engine,org.entando.entando.aps.system.init.model.servdb,DataObjectRelation,3,0,0,0,2,0,1,0,1,0
Entando Core: Engine,org.entando.entando.aps.system.init.model.servdb,Permission,3,0,0,0,1,0,1,0,1,0
Entando Core: Engine,org.entando.entando.aps.system.init.model.servdb,DataObjectSearch,57,0,2,0,8,0,3,0,2,0
Entando Core: Engine,org.entando.entando.aps.system.init.model.servdb,User,3,0,0,0,2,0,1,0,1,0
Entando Core: Engine,org.entando.entando.aps.system.init.util,ApsDerbyEmbeddedDatabaseType,23,0,0,0,7,0,4,0,4,0
Entando Core: Engine,org.entando.entando.aps.system.init.util,ComponentDefDOM,150,0,4,0,45,0,7,0,5,0
Entando Core: Engine,org.entando.entando.aps.system.init.util,TableDataUtils,669,0,105,0,199,0,78,0,11,0
Entando Core: Engine,org.entando.entando.aps.system.init.util,ApsOracleDatabaseType,24,0,0,0,8,0,5,0,5,0
Entando Core: Engine,org.entando.entando.aps.system.init.util,TableFactory,591,0,34,0,125,0,33,0,16,0
Entando Core: Engine,org.entando.entando.aps.system.init.util,QueryExtractor,227,0,24,0,54,0,22,0,10,0
Entando Core: Engine,org.entando.entando.aps.system.init.util,ApsTableUtils,667,0,64,0,144,0,42,0,10,0
Entando Core: Engine,org.entando.entando.aps.system.init.util,ComponentLoader,131,0,10,0,36,0,9,0,4,0
Entando Core: Engine,org.entando.entando.web.pagemodel.model,DefaultWidgetReq,22,0,0,0,8,0,5,0,5,0
Entando Core: Engine,org.entando.entando.web.pagemodel.model,PageModelConfigurationRequest,21,0,0,0,7,0,4,0,4,0
Entando Core: Engine,org.entando.entando.web.pagemodel.model,PageModelFrameReq,57,0,0,0,22,0,12,0,12,0
Entando Core: Engine,org.entando.entando.web.pagemodel.model,PageModelRequest,43,0,0,0,17,0,11,0,11,0
Entando Core: Engine,org.entando.entando.web.common.interceptor,EntandoOauth2Interceptor,242,0,28,0,60,0,25,0,11,0
Entando Core: Engine,org.entando.entando.web.common.interceptor,EntandoBearerTokenExtractor,7,0,0,0,2,0,2,0,2,0
Entando Core: Engine,org.entando.entando.web.common.interceptor,ActivityStreamInterceptor,371,0,40,0,79,0,28,0,8,0
Entando Core: Engine,org.entando.entando.web.widget,WidgetController,251,0,8,0,51,0,17,0,13,0
Entando Core: Engine,org.entando.entando.web.widget,NavigatorWidgetConfigController,134,0,8,0,30,0,13,0,9,0
Entando Core: Engine,com.agiletec.aps.system.common.entity.model.attribute.util,AbstractAttributeValidationRules,159,0,32,0,41,0,32,0,16,0
Entando Core: Engine,com.agiletec.aps.system.common.entity.model.attribute.util,BaseAttributeValidationRules,275,0,34,0,71,0,31,0,14,0
Entando Core: Engine,com.agiletec.aps.system.common.entity.model.attribute.util,DateAttributeValidationRules,363,0,44,0,74,0,29,0,7,0
Entando Core: Engine,com.agiletec.aps.system.common.entity.model.attribute.util,TextAttributeValidationRules,572,0,92,0,108,0,62,0,16,0
Entando Core: Engine,com.agiletec.aps.system.common.entity.model.attribute.util,NumberAttributeValidationRules,330,0,46,0,65,0,30,0,7,0
Entando Core: Engine,com.agiletec.aps.system.common.entity.model.attribute.util,OgnlValidationRule,445,0,50,0,104,0,44,0,19,0
Entando Core: Engine,com.agiletec.aps.system.services.group,GroupDAO,274,0,2,0,87,0,13,0,12,0
Entando Core: Engine,com.agiletec.aps.system.services.group,Group,35,0,4,0,10,0,9,0,7,0
Entando Core: Engine,com.agiletec.aps.system.services.group,GroupManager,204,0,4,0,58,0,17,0,15,0
Entando Core: Engine,org.entando.entando.aps.system.services.role,RoleService.new DtoBuilder() {...},20,0,0,0,5,0,2,0,2,0
Entando Core: Engine,org.entando.entando.aps.system.services.role,RoleDtoBuilder,21,0,0,0,6,0,5,0,5,0
Entando Core: Engine,org.entando.entando.aps.system.services.role,RoleService,802,0,62,0,159,0,66,0,35,0
Entando Core: Engine,org.entando.entando.web.component,ComponentUsage.Builder,32,0,0,0,9,0,5,0,5,0
Entando Core: Engine,org.entando.entando.web.component,ComponentUsageEntity,48,0,0,0,20,0,9,0,9,0
Entando Core: Engine,org.entando.entando.web.component,ComponentUsage,14,0,0,0,5,0,4,0,4,0
Entando Core: Engine,org.entando.entando.web.userprofile.validator,ProfileValidator,10,0,0,0,3,0,3,0,3,0
Entando Core: Engine,org.entando.entando.web.userprofile.validator,ProfileTypeValidator,6,0,0,0,2,0,2,0,2,0
Entando Core: Engine,org.entando.entando.aps.system.services.dataobject.event,PublicDataChangedEvent,24,0,0,0,10,0,7,0,7,0
Entando Core: Engine,com.agiletec.aps.system.services.page,PageDAO,2116,0,90,0,505,0,92,0,47,0
Entando Core: Engine,com.agiletec.aps.system.services.page,PageRecord,269,0,48,0,78,0,45,0,21,0
Entando Core: Engine,com.agiletec.aps.system.services.page,PageExtraConfigDOM,280,0,32,0,71,0,24,0,8,0
Entando Core: Engine,com.agiletec.aps.system.services.page,PageManager,1606,0,160,0,364,0,134,0,54,0
Entando Core: Engine,com.agiletec.aps.system.services.page,Widget,138,0,30,0,38,0,23,0,8,0
Entando Core: Engine,com.agiletec.aps.system.services.page,PagesStatus,69,0,0,0,18,0,13,0,13,0
Entando Core: Engine,com.agiletec.aps.system.services.page,PageMetadata,485,0,76,0,125,0,67,0,29,0
Entando Core: Engine,com.agiletec.aps.system.services.page,Page,362,0,40,0,107,0,58,0,38,0
Entando Core: Engine,com.agiletec.aps.system.services.page,PageDAO.WidgetConfigDest,24,0,0,0,2,0,1,0,1,0
Entando Core: Engine,com.agiletec.aps.system.services.page,PageUtils,75,0,10,0,14,0,8,0,3,0
Entando Core: Engine,org.entando.entando.aps.system.services.guifragment.event,GuiFragmentChangedEvent,24,0,0,0,10,0,7,0,7,0
Entando Core: Engine,org.entando.entando.web.database,DatabaseController,295,0,0,0,56,0,13,0,13,0
Entando Core: Engine,com.agiletec.aps.system.services.group.cache,GroupManagerCacheWrapper,72,0,0,0,21,0,11,0,11,0
Entando Core: Engine,org.entando.entando.aps.system.services.dataobject.widget.util,FilterUtils,221,0,10,0,44,0,16,0,11,0
Entando Core: Engine,org.entando.entando.aps.system.services.dataobject.widget.util,EntitySearchFilterDOM,41,0,0,0,9,0,6,0,6,0
Entando Core: Engine,com.agiletec.aps.system.services.health,HealthDAO,86,0,2,0,26,0,10,0,9,0
Entando Core: Engine,org.entando.entando.aps.system.services.dataobjectmodel,DataObjectModel,60,0,4,0,22,0,14,0,12,0
Entando Core: Engine,org.entando.entando.aps.system.services.dataobjectmodel,DataObjectModelDAO,394,0,4,0,103,0,16,0,14,0
Entando Core: Engine,org.entando.entando.aps.system.services.dataobjectmodel,DataObjectModelService,400,0,24,0,98,0,32,0,20,0
Entando Core: Engine,org.entando.entando.aps.system.services.dataobjectmodel,DataObjectModelManager,482,0,42,0,123,0,45,0,24,0
Entando Core: Engine,org.entando.entando.web.group,GroupController,195,0,6,0,40,0,15,0,12,0
Entando Core: Engine,org.entando.entando.aps.system.services.userprofile.api,ApiMyUserProfileInterface,41,0,2,0,11,0,4,0,3,0
Entando Core: Engine,org.entando.entando.aps.system.services.userprofile.api,ApiUserProfileInterface,510,0,24,0,122,0,26,0,14,0
Entando Core: Engine,org.entando.entando.aps.system.services.userprofile.api,ApiUserProfileTypeInterface,326,0,16,0,70,0,16,0,8,0
Entando Core: Engine,org.entando.entando.ent.util,EntSanitization.JavaSecS5145,13,0,0,0,2,0,2,0,2,0
Entando Core: Engine,org.entando.entando.ent.util,EntSanitization.NopSanitizer,12,0,0,0,2,0,2,0,2,0
Entando Core: Engine,org.entando.entando.ent.util,EntLogging.EntLogger,1163,0,134,0,231,0,144,0,76,0
Entando Core: Engine,org.entando.entando.ent.util,EntLogging.EntLogFactory,17,0,0,0,3,0,3,0,3,0
Entando Core: Engine,org.entando.entando.ent.util,EntSafeXmlUtils,64,0,0,0,20,0,4,0,4,0
Entando Core: Engine,org.entando.entando.ent.util,EntSanitization,15,0,2,0,1,0,2,0,1,0
Entando Core: Engine,org.entando.entando.ent.util,EntLogging.SanitizedLogger,4,0,0,0,1,0,1,0,1,0
Entando Core: Engine,org.entando.entando.ent.util,EntLogging.EntLogger.SanitizationLevel,34,0,0,0,4,0,1,0,1,0
Entando Core: Engine,com.agiletec.aps.system.services.pagemodel.cache,PageModelManagerCacheWrapper,77,0,0,0,22,0,11,0,11,0
Entando Core: Engine,org.entando.entando.aps.system.services.label,LabelDtoBuilder,67,0,0,0,13,0,10,0,10,0
Entando Core: Engine,org.entando.entando.aps.system.services.label,LabelService,574,0,42,0,123,0,44,0,23,0
Entando Core: Engine,org.entando.entando.aps.system.services.label,LabelRequestListProcessor,46,0,3,0,8,0,10,0,8,0
Entando Core: Engine,org.entando.entando.aps.system.services.api.model,LinkedListApiResponseResult.new ListResponse() {...},7,0,0,0,1,0,1,0,1,0
Entando Core: Engine,org.entando.entando.aps.system.services.api.model,LinkedListItem,17,0,0,0,7,0,5,0,5,0
Entando Core: Engine,org.entando.entando.aps.system.services.api.model,BaseApiResponse,22,0,2,0,7,0,5,0,4,0
Entando Core: Engine,org.entando.entando.aps.system.services.api.model,AbstractApiResponseResult,22,0,2,0,9,0,6,0,5,0
Entando Core: Engine,org.entando.entando.aps.system.services.api.model,ApiMethod.HttpMethod,44,0,0,0,2,0,1,0,1,0
Entando Core: Engine,org.entando.entando.aps.system.services.api.model,ApiResource,254,0,36,0,74,0,43,0,25,0
Entando Core: Engine,org.entando.entando.aps.system.services.api.model,ApiMethod,648,0,50,0,181,0,80,0,55,0
Entando Core: Engine,org.entando.entando.aps.system.services.api.model,ApiException,132,0,0,0,30,0,11,0,11,0
Entando Core: Engine,org.entando.entando.aps.system.services.api.model,ServiceParameterInfo,38,0,0,0,14,0,8,0,8,0
Entando Core: Engine,org.entando.entando.aps.system.services.api.model,ServiceInfo,60,0,2,0,21,0,11,0,10,0
Entando Core: Engine,org.entando.entando.aps.system.services.api.model,CDataXmlTypeAdapter,9,0,0,0,3,0,3,0,3,0
Entando Core: Engine,org.entando.entando.aps.system.services.api.model,CDataAdapter,77,0,12,0,15,0,10,0,4,0
Entando Core: Engine,org.entando.entando.aps.system.services.api.model,ApiError,45,0,0,0,19,0,9,0,9,0
Entando Core: Engine,org.entando.entando.aps.system.services.api.model,StringListApiResponseResult.new ListResponse() {...},7,0,0,0,1,0,1,0,1,0
Entando Core: Engine,org.entando.entando.aps.system.services.api.model,ApiService,255,0,26,0,77,0,41,0,28,0
Entando Core: Engine,org.entando.entando.aps.system.services.api.model,CDataCharacterEscapeHandler,33,0,2,0,8,0,4,0,3,0
Entando Core: Engine,org.entando.entando.aps.system.services.api.model,ListResponse,20,0,2,0,7,0,4,0,3,0
Entando Core: Engine,org.entando.entando.aps.system.services.api.model,StringApiResponse,26,0,2,0,9,0,6,0,5,0
Entando Core: Engine,org.entando.entando.aps.system.services.api.model,StringListApiResponse,15,0,0,0,5,0,4,0,4,0
Entando Core: Engine,org.entando.entando.aps.system.services.api.model,AbstractApiResponse,50,0,4,0,18,0,9,0,7,0
Entando Core: Engine,org.entando.entando.aps.system.services.api.model,ApiMethodParameter,78,0,0,0,25,0,11,0,11,0
Entando Core: Engine,org.entando.entando.aps.system.services.api.model,LinkedListApiResponseResult,27,0,2,0,7,0,3,0,2,0
Entando Core: Engine,org.entando.entando.aps.system.services.api.model,ApiMethodRelatedWidget,104,0,4,0,29,0,11,0,9,0
Entando Core: Engine,org.entando.entando.aps.system.services.api.model,LinkedListApiResponse,15,0,0,0,5,0,4,0,4,0
Entando Core: Engine,org.entando.entando.aps.system.services.api.model,CDataCharacterEscapeHandler.StandardEscapeHandler,90,0,28,0,23,0,18,0,2,0
Entando Core: Engine,org.entando.entando.aps.system.services.api.model,ApiMethodResult,42,0,2,0,14,0,8,0,7,0
Entando Core: Engine,org.entando.entando.aps.system.services.api.model,StringListApiResponseResult,27,0,2,0,7,0,3,0,2,0
Entando Core: Engine,org.entando.entando.aps.system.init.model.portdb,LocalString,10,0,0,0,2,0,2,0,2,0
Entando Core: Engine,org.entando.entando.aps.system.init.model.portdb,WidgetCatalog,3,0,0,0,1,0,1,0,1,0
Entando Core: Engine,org.entando.entando.aps.system.init.model.portdb,Category,3,0,0,0,1,0,1,0,1,0
Entando Core: Engine,org.entando.entando.aps.system.init.model.portdb,Page,3,0,0,0,2,0,1,0,1,0
Entando Core: Engine,org.entando.entando.aps.system.init.model.portdb,PageMetadataDraft,5,0,0,0,2,0,2,0,2,0
Entando Core: Engine,org.entando.entando.aps.system.init.model.portdb,PageModel,3,0,0,0,1,0,1,0,1,0
Entando Core: Engine,org.entando.entando.aps.system.init.model.portdb,PageMetadataOnline,5,0,0,0,2,0,2,0,2,0
Entando Core: Engine,org.entando.entando.aps.system.init.model.portdb,UserPreferences,3,0,0,0,1,0,1,0,1,0
Entando Core: Engine,org.entando.entando.aps.system.init.model.portdb,Uniquekeys,3,0,0,0,1,0,1,0,1,0
Entando Core: Engine,org.entando.entando.aps.system.init.model.portdb,WidgetConfig,97,0,2,0,13,0,3,0,2,0
Entando Core: Engine,org.entando.entando.aps.system.init.model.portdb,Sysconfig,10,0,0,0,2,0,2,0,2,0
Entando Core: Engine,org.entando.entando.aps.system.init.model.portdb,GuiFragment,59,0,2,0,9,0,3,0,2,0
Entando Core: Engine,org.entando.entando.aps.system.init.model.portdb,AbstractPageMetadata,81,0,2,0,10,0,3,0,2,0
Entando Core: Engine,org.entando.entando.aps.system.init.model.portdb,WidgetConfigDraft,97,0,2,0,13,0,3,0,2,0
Entando Core: Engine,org.entando.entando.web.pagemodel,PageModelController,211,0,8,0,47,0,15,0,11,0
Entando Core: Engine,org.entando.entando.web.widget.model,NavigatorConfigDto,17,0,0,0,7,0,5,0,5,0
Entando Core: Engine,org.entando.entando.web.widget.model,WidgetRequest,73,0,0,0,31,0,21,0,21,0
Entando Core: Engine,org.entando.entando.web.widget.model,NavigatorExpressionDto,231,0,6,0,55,0,21,0,18,0
Entando Core: Engine,org.entando.entando.aps.system.services.dataobject.model,DataObject,249,0,8,0,75,0,32,0,28,0
Entando Core: Engine,org.entando.entando.aps.system.services.dataobject.model,DataObjectDto,45,0,0,0,19,0,13,0,13,0
Entando Core: Engine,org.entando.entando.aps.system.services.dataobject.model,DataTypeDtoBuilder,11,0,0,0,3,0,2,0,2,0
Entando Core: Engine,org.entando.entando.aps.system.services.dataobject.model,DataObjectRecordVO,94,0,0,0,40,0,27,0,27,0
Entando Core: Engine,org.entando.entando.aps.system.services.dataobject.model,DataObjectCategoryReferenceDto,56,0,2,0,21,0,11,0,10,0
Entando Core: Engine,org.entando.entando.aps.system.services.dataobject.model,DataTypeDto,41,0,0,0,16,0,8,0,8,0
Entando Core: Engine,org.entando.entando.aps.system.services.dataobject.model,SmallDataType,10,0,0,0,4,0,3,0,3,0
Entando Core: Engine,org.entando.entando.aps.system.services.group.model,GroupDtoBuilder,17,0,0,0,5,0,2,0,2,0
Entando Core: Engine,org.entando.entando.aps.system.services.group.model,GroupDto,58,0,3,0,23,0,12,0,10,0
Entando Core: Engine,org.entando.entando.aps.system.services.guifragment.model,GuiFragmentDto,101,0,4,0,30,0,14,0,12,0
Entando Core: Engine,org.entando.entando.aps.system.services.guifragment.model,GuiFragmentDtoBuilder,138,0,14,0,36,0,15,0,8,0
Entando Core: Engine,org.entando.entando.aps.system.services.guifragment.model,GuiFragmentDtoSmallBuilder,44,0,4,0,14,0,8,0,6,0
Entando Core: Engine,org.entando.entando.aps.system.services.guifragment.model,GuiFragmentDto.PageModelRef,26,0,0,0,10,0,5,0,5,0
Entando Core: Engine,org.entando.entando.aps.system.services.guifragment.model,GuiFragmentDtoSmall,94,0,4,0,26,0,13,0,11,0
Entando Core: Engine,org.entando.entando.aps.system.services.guifragment.model,GuiFragmentDtoSmall.WidgetTypeRef,32,0,0,0,12,0,6,0,6,0
Entando Core: Engine,org.entando.entando.aps.system.services.guifragment.model,GuiFragmentDto.FragmentRef,16,0,0,0,6,0,3,0,3,0
Entando Core: Engine,org.entando.entando.web.user,UserController,478,0,34,0,90,0,33,0,16,0
Entando Core: Engine,org.entando.entando.aps.system.services.userprofile.api.model,JAXBUserProfile,84,0,8,0,26,0,12,0,8,0
Entando Core: Engine,org.entando.entando.aps.system.services.userprofile.api.model,JAXBUserDetails,52,0,4,0,17,0,10,0,8,0
Entando Core: Engine,org.entando.entando.aps.system.services.userprofile.api.model,JAXBUserProfileType,7,0,0,0,3,0,2,0,2,0
Entando Core: Engine,org.entando.entando.aps.system.services.api,UnmarshalUtils,116,0,4,0,26,0,9,0,7,0
Entando Core: Engine,org.entando.entando.aps.system.services.api,ApiCatalogManager,931,0,68,0,218,0,66,0,32,0
Entando Core: Engine,org.entando.entando.aps.system.services.api,ApiResourceLoader,151,0,12,0,39,0,10,0,4,0
Entando Core: Engine,org.entando.entando.aps.system.services.api,ApiResourcesDefDOM,369,0,22,0,98,0,18,0,7,0
Entando Core: Engine,org.entando.entando.aps.system.services.api,ServiceExtraConfigDOM,175,0,18,0,44,0,17,0,8,0
Entando Core: Engine,org.entando.entando.aps.system.services.api,ApiServiceInterface,419,0,52,0,97,0,40,0,14,0
Entando Core: Engine,org.entando.entando.aps.system.services.api,ApiCatalogDAO,916,0,72,0,206,0,49,0,13,0
Entando Core: Engine,org.entando.entando.aps.system.services.page.model,PageConfigurationDto,167,0,6,0,51,0,25,0,22,0
Entando Core: Engine,org.entando.entando.aps.system.services.page.model,PageDtoBuilder,28,0,0,0,8,0,5,0,5,0
Entando Core: Engine,org.entando.entando.aps.system.services.page.model,PagesStatusDto,65,0,2,0,23,0,11,0,10,0
Entando Core: Engine,org.entando.entando.aps.system.services.page.model,WidgetConfigurationDto,38,0,0,0,16,0,7,0,7,0
Entando Core: Engine,org.entando.entando.aps.system.services.page.model,PageSearchDto,83,0,2,0,20,0,5,0,4,0
Entando Core: Engine,org.entando.entando.aps.system.services.page.model,PageDto,408,0,15,0,113,0,62,0,54,0
Entando Core: Engine,org.entando.entando.aps.system.services.page.model,PageMetadataDto,102,0,0,0,34,0,18,0,18,0
Entando Core: Engine,org.entando.entando.aps.system.services.dataobjectdispenser,DataObjectRenderizationInfo,142,0,8,0,44,0,19,0,15,0
Entando Core: Engine,org.entando.entando.aps.system.services.dataobjectdispenser,BaseDataObjectDispenser,308,0,24,0,76,0,31,0,19,0
Entando Core: Engine,org.entando.entando.aps.system,XmlWebApplicationContext,3,0,0,0,1,0,1,0,1,0
Entando Core: Engine,org.entando.entando.aps.system.services.pagemodel.api,PageModelResponse,15,0,0,0,5,0,4,0,4,0
Entando Core: Engine,org.entando.entando.aps.system.services.pagemodel.api,ApiPageModelInterface,397,0,32,0,97,0,28,0,12,0
Entando Core: Engine,org.entando.entando.aps.system.services.pagemodel.api,PageModelResponseResult,7,0,0,0,2,0,2,0,2,0
Entando Core: Engine,org.entando.entando.aps.system.common.command.report,DefaultBulkCommandReport,53,0,0,0,13,0,11,0,11,0
Entando Core: Engine,org.entando.entando.aps.system.common.command.context,BaseBulkCommandContext,23,0,0,0,10,0,5,0,5,0
Entando Core: Engine,org.entando.entando.aps.tags,GuiFragmentTag,189,0,10,0,46,0,15,0,10,0
Entando Core: Engine,org.entando.entando.aps.tags,ExtendedTagSupport,43,0,4,0,17,0,8,0,6,0
Entando Core: Engine,org.entando.entando.aps.tags,FreemarkerTemplateParameterTag,166,0,16,0,53,0,19,0,11,0
Entando Core: Engine,org.entando.entando.aps.tags,UserProfileAttributeTag,139,0,12,0,42,0,19,0,13,0
Entando Core: Engine,org.entando.entando.aps.tags,CurrentUserProfileAttributeTag,37,0,6,0,8,0,6,0,3,0
Entando Core: Engine,org.entando.entando.aps.system.services.entity.model,EntityTypesStatusDto,94,0,8,0,24,0,11,0,7,0
Entando Core: Engine,org.entando.entando.aps.system.services.entity.model,AttributePropertyDto,66,0,10,0,21,0,13,0,8,0
Entando Core: Engine,org.entando.entando.aps.system.services.entity.model,EntityAttributeDto,526,0,58,0,110,0,56,0,27,0
Entando Core: Engine,org.entando.entando.aps.system.services.entity.model,AbstractEntityTypeDtoBuilder,13,0,0,0,6,0,3,0,3,0
Entando Core: Engine,org.entando.entando.aps.system.services.entity.model,EntityTypeFullDtoBuilder,11,0,0,0,3,0,2,0,2,0
Entando Core: Engine,org.entando.entando.aps.system.services.entity.model,EntityTypeAttributeFullDto,142,0,12,0,44,0,22,0,16,0
Entando Core: Engine,org.entando.entando.aps.system.services.entity.model,EntityTypeShortDto,129,0,12,0,24,0,17,0,11,0
Entando Core: Engine,org.entando.entando.aps.system.services.entity.model,EntityDto,599,0,64,0,153,0,68,0,36,0
Entando Core: Engine,org.entando.entando.aps.system.services.entity.model,AttributeTypeDto,280,0,6,0,81,0,42,0,39,0
Entando Core: Engine,org.entando.entando.aps.system.services.entity.model,EntityTypeAttributeOgnlValidationDto,165,0,10,0,45,0,21,0,16,0
Entando Core: Engine,org.entando.entando.aps.system.services.entity.model,EntityTypeFullDto,32,0,2,0,9,0,3,0,2,0
Entando Core: Engine,org.entando.entando.aps.system.services.entity.model,EntityTypeAttributeValidationDto,652,0,68,0,172,0,84,0,50,0
Entando Core: Engine,org.entando.entando.aps.system.services.entity.model,EntityTypeDto,58,0,2,0,15,0,6,0,5,0
Entando Core: Engine,org.entando.entando.aps.system.services.entity.model,EntityTypeAttributeDto,261,0,32,0,64,0,37,0,21,0
Entando Core: Engine,org.entando.entando.aps.system.services.entity.model,EntityManagerDto,73,0,2,0,19,0,7,0,6,0
Entando Core: Engine,org.entando.entando.aps.system.services.analysis.component_existence,ComponentExistenceAnalysis.ServiceParams,9,0,0,0,4,0,1,0,1,0
Entando Core: Engine,org.entando.entando.aps.system.services.analysis.component_existence,ComponentExistenceAnalysis.Status,34,0,0,0,2,0,1,0,1,0
Entando Core: Engine,org.entando.entando.aps.system.services.analysis.component_existence,ComponentExistenceAnalysis,91,0,8,0,18,0,7,0,3,0
Entando Core: Engine,org.entando.entando.aps.system.services.analysis.component_existence,ComponentExistenceAnalysis.ComponentStatusMap,11,0,0,0,3,0,2,0,2,0
Entando Core: Engine,org.entando.entando.aps.system.services.analysis.component_existence,ComponentExistenceAnalysis.ComponentExistenceAnalysisResult,11,0,0,0,3,0,2,0,2,0
Entando Core: Engine,org.entando.entando.aps.system.services.actionlog,ActionLogManager,545,0,36,0,133,0,44,0,26,0
Entando Core: Engine,org.entando.entando.aps.system.services.actionlog,ActionLogDAO,1411,0,122,0,320,0,89,0,28,0
Entando Core: Engine,org.entando.entando.aps.system.services.actionlog,ActivityStreamCleanerThread,45,0,4,0,16,0,5,0,3,0
Entando Core: Engine,org.entando.entando.aps.system.services.actionlog,ActivityStreamInfoDOM,86,0,0,0,22,0,4,0,4,0
Entando Core: Engine,org.entando.entando.aps.system.services.actionlog,ActionLogAppenderThread,25,0,0,0,10,0,3,0,3,0
Entando Core: Engine,org.entando.entando.aps.system.services.command.util,BulkCommandContainer,17,0,0,0,7,0,5,0,5,0
Entando Core: Engine,com.agiletec.aps.system.common.entity.model,ApsEntity,517,0,40,0,146,0,57,0,37,0
Entando Core: Engine,com.agiletec.aps.system.common.entity.model,JAXBEntity,309,0,38,0,85,0,40,0,21,0
Entando Core: Engine,com.agiletec.aps.system.common.entity.model,AttributeTracer,438,0,22,0,103,0,33,0,22,0
Entando Core: Engine,com.agiletec.aps.system.common.entity.model,ApsEntityRecord,38,0,2,0,13,0,9,0,8,0
Entando Core: Engine,com.agiletec.aps.system.common.entity.model,AttributeSearchInfo,27,0,0,0,10,0,5,0,5,0
Entando Core: Engine,com.agiletec.aps.system.common.entity.model,AttributeFieldError,83,0,6,0,23,0,11,0,8,0
Entando Core: Engine,com.agiletec.aps.system.common.entity.model,EntitySearchFilter,1066,0,176,0,276,0,121,0,33,0
Entando Core: Engine,com.agiletec.aps.system.common.entity.model,FieldError,37,0,0,0,16,0,9,0,9,0
Entando Core: Engine,com.agiletec.aps.system.common.entity.model,SmallEntityType,32,0,0,0,12,0,7,0,7,0
Entando Core: Engine,org.entando.entando.aps.servlet.security,OAuth2SecurityConfiguration,35,0,0,0,12,0,4,0,4,0
Entando Core: Engine,org.entando.entando.aps.servlet.security,CsrfFilter,250,0,44,0,57,0,37,0,15,0
Entando Core: Engine,org.entando.entando.aps.servlet.security,AuthorizationServerConfiguration,39,0,2,0,10,0,5,0,4,0
Entando Core: Engine,org.entando.entando.aps.servlet.security,SecurityWebApplicationInitializer,18,0,0,0,4,0,2,0,2,0
Entando Core: Engine,org.entando.entando.web.permission,PermissionController,56,0,0,0,14,0,6,0,6,0
Entando Core: Engine,com.agiletec.aps.system.services.user,UserManager,356,0,14,0,109,0,31,0,24,0
Entando Core: Engine,com.agiletec.aps.system.services.user,User,166,0,16,0,53,0,28,0,20,0
Entando Core: Engine,com.agiletec.aps.system.services.user,AbstractUser,93,0,6,0,33,0,23,0,20,0
Entando Core: Engine,com.agiletec.aps.system.services.user,UserGroupPermissions,25,0,0,0,10,0,5,0,5,0
Entando Core: Engine,com.agiletec.aps.system.services.user,UserDAO,779,0,42,0,197,0,39,0,18,0
Entando Core: Engine,com.agiletec.aps.system.services.user,AuthenticationProviderManager,300,0,32,0,76,0,32,0,16,0
Entando Core: Engine,org.entando.entando.aps.system.services.activitystream,SocialActivityStreamManager,317,0,14,0,84,0,25,0,18,0
Entando Core: Engine,org.entando.entando.aps.system.services.activitystream,SocialActivityStreamDAO,496,0,6,0,134,0,14,0,11,0
Entando Core: Engine,org.entando.entando.aps.system.services.activitystream,ActivityStreamService,479,0,36,0,100,0,35,0,17,0
Entando Core: Engine,org.entando.entando.aps.system.init.cache,InitializerManagerCacheWrapper,65,0,0,0,20,0,7,0,7,0
Entando Core: Engine,org.entando.entando.web.userprofile.model,ProfileTypesBodyResponse,16,0,0,0,8,0,4,0,4,0
Entando Core: Engine,org.entando.entando.web.userprofile.model,ProfileTypeRefreshRequest,15,0,0,0,5,0,3,0,3,0
Entando Core: Engine,org.entando.entando.web.userprofile.model,ProfileTypeDtoRequest,36,0,2,0,11,0,4,0,3,0
Entando Core: Engine,org.entando.entando.aps.system.services.pagesettings,PageSettingsService,101,0,0,0,26,0,9,0,9,0
Entando Core: Engine,com.agiletec.aps.system.services.keygenerator,KeyGeneratorDAO,99,0,2,0,32,0,5,0,4,0
Entando Core: Engine,com.agiletec.aps.system.services.keygenerator,KeyGeneratorManager,51,0,0,0,15,0,8,0,8,0
Entando Core: Engine,org.entando.entando.aps.system.services.api.provider.json,ApsJSONUtils.IgnoreMixedContentWriter,159,0,20,0,40,0,16,0,6,0
Entando Core: Engine,org.entando.entando.aps.system.services.api.provider.json,ApsJSONUtils.IgnoreContentJettisonWriter,99,0,18,0,28,0,15,0,6,0
Entando Core: Engine,org.entando.entando.aps.system.services.api.provider.json,CDataMappedXMLStreamWriter,19,0,2,0,8,0,3,0,2,0
Entando Core: Engine,org.entando.entando.aps.system.services.api.provider.json,ApsJSONUtils,89,0,16,0,18,0,13,0,5,0
Entando Core: Engine,org.entando.entando.aps.system.services.api.provider.json,CDataIgnoreNamespacesWriter,19,0,2,0,8,0,3,0,2,0
Entando Core: Engine,org.entando.entando.aps.system.services.api.provider.json,JSONProvider,623,0,102,0,159,0,77,0,26,0
Entando Core: Engine,org.entando.entando.aps.system.services.api.provider.json,CDataOutTransformWriter,23,0,2,0,8,0,3,0,2,0
Entando Core: Engine,org.entando.entando.aps.system.init.model,SystemInstallationReport,433,0,48,0,111,0,44,0,20,0
Entando Core: Engine,org.entando.entando.aps.system.init.model,DataSourceDumpReport,474,0,30,0,116,0,33,0,18,0
Entando Core: Engine,org.entando.entando.aps.system.init.model,SelfRestCallPostProcess,256,0,24,0,78,0,38,0,26,0
Entando Core: Engine,org.entando.entando.aps.system.init.model,DataInstallationReport,119,0,10,0,29,0,9,0,4,0
Entando Core: Engine,org.entando.entando.aps.system.init.model,Component,293,0,30,0,80,0,37,0,22,0
Entando Core: Engine,org.entando.entando.aps.system.init.model,ComponentInstallationReport,304,0,42,0,80,0,38,0,17,0
Entando Core: Engine,org.entando.entando.aps.system.init.model,DataSourceInstallationReport,177,0,10,0,38,0,9,0,4,0
Entando Core: Engine,org.entando.entando.aps.system.init.model,AbstractComponentModule,166,0,20,0,45,0,20,0,10,0
Entando Core: Engine,org.entando.entando.aps.system.init.model,ComponentEnvironmentImpl,53,0,0,0,18,0,6,0,6,0
Entando Core: Engine,org.entando.entando.aps.system.init.model,InvalidPostProcessResultException,66,0,0,0,19,0,10,0,10,0
Entando Core: Engine,org.entando.entando.aps.system.init.model,TableDumpReport,81,0,0,0,25,0,9,0,9,0
Entando Core: Engine,org.entando.entando.aps.system.init.model,ComponentUninstallerInfo,79,0,4,0,22,0,6,0,4,0
Entando Core: Engine,org.entando.entando.aps.system.init.model,SystemInstallationReport.Status,84,0,0,0,2,0,1,0,1,0
Entando Core: Engine,org.entando.entando.aps.system.init.model,AbstractReport,57,0,10,0,16,0,9,0,4,0
Entando Core: Engine,com.agiletec.aps.tags,WidgetTag,100,0,6,0,23,0,8,0,5,0
Entando Core: Engine,com.agiletec.aps.tags,CheckPermissionTag,146,0,32,0,33,0,25,0,9,0
Entando Core: Engine,com.agiletec.aps.tags,CurrentWidgetTag,241,0,28,0,67,0,28,0,14,0
Entando Core: Engine,com.agiletec.aps.tags,HeadInfoTag,154,0,20,0,48,0,21,0,11,0
Entando Core: Engine,com.agiletec.aps.tags,ImgURLTag,8,0,0,0,3,0,2,0,2,0
Entando Core: Engine,com.agiletec.aps.tags,PageWithWidgetTag,193,0,26,0,52,0,28,0,15,0
Entando Core: Engine,com.agiletec.aps.tags,PageInfoTag,405,0,48,0,105,0,47,0,23,0
Entando Core: Engine,com.agiletec.aps.tags,HeadInfoOutputterTag,76,0,4,0,23,0,9,0,7,0
Entando Core: Engine,com.agiletec.aps.tags,CssURLTag,11,0,0,0,4,0,2,0,2,0
Entando Core: Engine,com.agiletec.aps.tags,CategoriesTag,252,0,24,0,60,0,26,0,14,0
Entando Core: Engine,com.agiletec.aps.tags,InternalServletTag.ResponseWrapper,83,0,8,0,20,0,12,0,8,0
Entando Core: Engine,com.agiletec.aps.tags,ParameterTag,80,0,6,0,27,0,12,0,9,0
Entando Core: Engine,com.agiletec.aps.tags,InternalServletTag,365,0,56,0,95,0,41,0,13,0
Entando Core: Engine,com.agiletec.aps.tags,URLTag,188,0,12,0,59,0,23,0,17,0
Entando Core: Engine,com.agiletec.aps.tags,PagerTag,151,0,6,0,47,0,22,0,19,0
Entando Core: Engine,com.agiletec.aps.tags,CheckHeadInfoOutputterTag,42,0,4,0,13,0,7,0,5,0
Entando Core: Engine,com.agiletec.aps.tags,ResourceURLTag,71,0,4,0,19,0,9,0,7,0
Entando Core: Engine,com.agiletec.aps.tags,ContentNegotiationTag,5,0,0,0,3,0,3,0,3,0
Entando Core: Engine,com.agiletec.aps.tags,CurrentPageTag,244,0,42,0,56,0,28,0,7,0
Entando Core: Engine,com.agiletec.aps.tags,ActionURLTag,157,0,8,0,44,0,15,0,11,0
Entando Core: Engine,com.agiletec.aps.tags,ExternalFrameworkTag,3,0,0,0,1,0,1,0,1,0
Entando Core: Engine,com.agiletec.aps.tags,HeadInfoPrinterTag,35,0,0,0,11,0,3,0,3,0
Entando Core: Engine,com.agiletec.aps.tags,URLParTag,3,0,0,0,1,0,1,0,1,0
Entando Core: Engine,com.agiletec.aps.tags,NavigatorTag,180,0,10,0,45,0,16,0,11,0
Entando Core: Engine,com.agiletec.aps.tags,I18nTag,190,0,14,0,54,0,21,0,14,0
Entando Core: Engine,com.agiletec.aps.tags,InfoTag,284,0,30,0,72,0,27,0,12,0
Entando Core: Engine,org.entando.entando.web.common.json,BooleanStringDeserializer,79,0,12,0,19,0,9,0,3,0
Entando Core: Engine,org.entando.entando.web.common.json,JsonDateSerializer,19,0,2,0,6,0,3,0,2,0
Entando Core: Engine,org.entando.entando.web.common.json,JsonDateDeserializer,26,0,2,0,8,0,3,0,2,0
Entando Core: Engine,com.agiletec.aps.system.common,AbstractService,46,0,0,0,20,0,13,0,13,0
Entando Core: Engine,com.agiletec.aps.system.common,AbstractDAO,172,0,10,0,60,0,17,0,12,0
Entando Core: Engine,com.agiletec.aps.system.common,FieldSearchFilter,450,0,72,0,106,0,77,0,41,0
Entando Core: Engine,com.agiletec.aps.system.common,FieldSearchFilter.Order,24,0,0,0,3,0,1,0,1,0
Entando Core: Engine,com.agiletec.aps.system.common,AbstractCacheWrapper,37,0,2,0,11,0,8,0,7,0
Entando Core: Engine,com.agiletec.aps.system.common,AbstractGenericCacheWrapper,327,0,28,0,70,0,26,0,12,0
Entando Core: Engine,com.agiletec.aps.system.common,AbstractSearcherDAO,942,0,126,0,207,0,89,0,26,0
Entando Core: Engine,com.agiletec.aps.system.common,AbstractCacheWrapper.Action,34,0,0,0,4,0,1,0,1,0
Entando Core: Engine,com.agiletec.aps.system.common,QueryLimitResolver,138,0,10,0,26,0,10,0,5,0
Entando Core: Engine,com.agiletec.aps.system.common,AbstractGenericCacheWrapper.Action,34,0,0,0,2,0,1,0,1,0
Entando Core: Engine,com.agiletec.aps.system.common,FieldSearchFilter.LikeOptionType,34,0,0,0,4,0,1,0,1,0
Entando Core: Engine,org.entando.entando.aps.system.services.database.model,ShortDumpReportDto,42,0,0,0,16,0,8,0,8,0
Entando Core: Engine,org.entando.entando.aps.system.services.database.model,ComponentInstallationReportDto,82,0,2,0,29,0,15,0,14,0
Entando Core: Engine,org.entando.entando.aps.system.services.database.model,TableDumpReportDto,41,0,0,0,16,0,8,0,8,0
Entando Core: Engine,org.entando.entando.aps.system.services.database.model,ComponentDto,160,0,6,0,50,0,18,0,15,0
Entando Core: Engine,org.entando.entando.aps.system.services.database.model,DumpReportDto,115,0,6,0,25,0,10,0,7,0
Entando Core: Engine,org.entando.entando.web.database.validator,DatabaseValidator,6,0,0,0,3,0,3,0,3,0
Entando Core: Engine,org.entando.entando.aps.system.services.i18n,ApiI18nLabelInterface,343,0,26,0,79,0,24,0,11,0
Entando Core: Engine,org.entando.entando.aps.system.services.widgettype.events,WidgetTypeChangedEvent,31,0,0,0,13,0,9,0,9,0
Entando Core: Engine,com.agiletec.aps.util,ApsPropertiesDOM,181,0,8,0,49,0,12,0,8,0
Entando Core: Engine,com.agiletec.aps.util,ApsProperties,70,0,8,0,24,0,10,0,6,0
Entando Core: Engine,com.agiletec.aps.util,MapSupportRule,29,0,0,0,10,0,4,0,4,0
Entando Core: Engine,com.agiletec.aps.util,CheckFormatUtil,51,0,8,0,16,0,8,0,4,0
Entando Core: Engine,com.agiletec.aps.util,DateConverter,77,0,10,0,21,0,10,0,5,0
Entando Core: Engine,com.agiletec.aps.util,HtmlHandler,10,0,0,0,3,0,2,0,2,0
Entando Core: Engine,com.agiletec.aps.util,AbstractConfigLoader,139,0,12,0,39,0,15,0,9,0
Entando Core: Engine,com.agiletec.aps.util,ApsWebApplicationUtils,119,0,4,0,37,0,16,0,14,0
Entando Core: Engine,com.agiletec.aps.util,SelectItem,26,0,0,0,10,0,5,0,5,0
Entando Core: Engine,com.agiletec.aps.util,FileTextReader,243,0,24,0,64,0,20,0,8,0
Entando Core: Engine,com.agiletec.aps.system.services.page.widget,NavigatorExpression,451,0,42,0,110,0,46,0,22,0
Entando Core: Engine,com.agiletec.aps.system.services.page.widget,NavigatorTarget,139,0,20,0,35,0,20,0,10,0
Entando Core: Engine,com.agiletec.aps.system.services.page.widget,NavigatorParser,631,0,120,0,135,0,74,0,14,0
Entando Core: Engine,org.entando.entando.aps.system.services.activitystream.model,ActivityStreamLikeInfo,17,0,0,0,7,0,5,0,5,0
Entando Core: Engine,org.entando.entando.aps.system.services.activitystream.model,ActivityStreamComment,38,0,0,0,16,0,11,0,11,0
Entando Core: Engine,org.entando.entando.aps.system.services.activitystream.model,ActivityStreamLikeInfos,23,0,4,0,8,0,4,0,2,0
Entando Core: Engine,com.agiletec.aps.system.common.entity.loader,AttributeDisablingCodesLoader,140,0,8,0,43,0,14,0,10,0
Entando Core: Engine,com.agiletec.aps.system.common.entity.loader,ExtraAttributeDisablingCodesWrapper,82,0,6,0,19,0,6,0,3,0
Entando Core: Engine,com.agiletec.aps.system.common.entity.loader,AbstractExtraAttributeSupportObject,71,0,4,0,25,0,11,0,9,0
Entando Core: Engine,com.agiletec.aps.system.common.entity.loader,AttributeRolesLoader,140,0,8,0,43,0,14,0,10,0
Entando Core: Engine,com.agiletec.aps.system.common.entity.loader,ExtraAttributeLoader,90,0,8,0,25,0,8,0,4,0
Entando Core: Engine,com.agiletec.aps.system.common.entity.loader,ExtraAttributeRolesWrapper,81,0,6,0,19,0,6,0,3,0
Entando Core: Engine,com.agiletec.aps.system.common.entity.loader,ExtraAttributeWrapper,24,0,0,0,10,0,6,0,6,0
Entando Core: Engine,org.entando.entando.aps.system.services.jsonpatch.validator,JsonPatchValidator,67,0,4,0,16,0,5,0,3,0
Entando Core: Engine,com.agiletec.aps.system.common.entity.model.attribute,CheckBoxAttribute,15,0,4,0,2,0,4,0,2,0
Entando Core: Engine,com.agiletec.aps.system.common.entity.model.attribute,AbstractComplexAttribute,11,0,0,0,5,0,5,0,5,0
Entando Core: Engine,com.agiletec.aps.system.common.entity.model.attribute,ThreeStateAttribute,32,0,4,0,7,0,7,0,5,0
Entando Core: Engine,com.agiletec.aps.system.common.entity.model.attribute,AttributeRole,55,0,0,0,17,0,7,0,7,0
Entando Core: Engine,com.agiletec.aps.system.common.entity.model.attribute,DateAttribute,227,0,22,0,59,0,34,0,23,0
Entando Core: Engine,com.agiletec.aps.system.common.entity.model.attribute,ListAttribute,390,0,40,0,107,0,35,0,15,0
Entando Core: Engine,com.agiletec.aps.system.common.entity.model.attribute,JAXBNumberAttribute,10,0,0,0,4,0,3,0,3,0
Entando Core: Engine,com.agiletec.aps.system.common.entity.model.attribute,JAXBListAttributeType,74,0,4,0,13,0,6,0,4,0
Entando Core: Engine,com.agiletec.aps.system.common.entity.model.attribute,AbstractListAttribute,242,0,18,0,60,0,24,0,15,0
Entando Core: Engine,com.agiletec.aps.system.common.entity.model.attribute,AttributeRole.FormFieldTypes,44,0,0,0,1,0,1,0,1,0
Entando Core: Engine,com.agiletec.aps.system.common.entity.model.attribute,TimestampAttribute,87,0,12,0,22,0,16,0,10,0
Entando Core: Engine,com.agiletec.aps.system.common.entity.model.attribute,AttributeInterface.Status,34,0,0,0,2,0,1,0,1,0
Entando Core: Engine,com.agiletec.aps.system.common.entity.model.attribute,JAXBDateAttribute,10,0,0,0,4,0,3,0,3,0
Entando Core: Engine,com.agiletec.aps.system.common.entity.model.attribute,DefaultJAXBAttributeType,223,0,16,0,54,0,28,0,20,0
Entando Core: Engine,com.agiletec.aps.system.common.entity.model.attribute,AbstractJAXBAttribute,38,0,0,0,16,0,11,0,11,0
Entando Core: Engine,com.agiletec.aps.system.common.entity.model.attribute,HypertextAttribute,198,0,30,0,48,0,25,0,10,0
Entando Core: Engine,com.agiletec.aps.system.common.entity.model.attribute,AbstractTextAttribute,144,0,22,0,38,0,23,0,12,0
Entando Core: Engine,com.agiletec.aps.system.common.entity.model.attribute,JAXBCompositeAttributeType,77,0,6,0,16,0,7,0,4,0
Entando Core: Engine,com.agiletec.aps.system.common.entity.model.attribute,AbstractAttribute,1106,0,118,0,254,0,122,0,63,0
Entando Core: Engine,com.agiletec.aps.system.common.entity.model.attribute,JAXBListAttribute,13,0,0,0,5,0,3,0,3,0
Entando Core: Engine,com.agiletec.aps.system.common.entity.model.attribute,EnumeratorAttribute,337,0,38,0,88,0,41,0,22,0
Entando Core: Engine,com.agiletec.aps.system.common.entity.model.attribute,NumberAttribute,180,0,20,0,49,0,28,0,18,0
Entando Core: Engine,com.agiletec.aps.system.common.entity.model.attribute,MonoTextAttribute,123,0,16,0,34,0,21,0,13,0
Entando Core: Engine,com.agiletec.aps.system.common.entity.model.attribute,MonoListAttribute,288,0,28,0,75,0,28,0,14,0
Entando Core: Engine,com.agiletec.aps.system.common.entity.model.attribute,CompositeAttribute,527,0,50,0,139,0,50,0,25,0
Entando Core: Engine,com.agiletec.aps.system.common.entity.model.attribute,JAXBEnumeratorAttributeType,43,0,0,0,15,0,8,0,8,0
Entando Core: Engine,com.agiletec.aps.system.common.entity.model.attribute,JAXBBooleanAttribute,10,0,0,0,4,0,3,0,3,0
Entando Core: Engine,com.agiletec.aps.system.common.entity.model.attribute,JAXBCompositeAttribute,13,0,0,0,5,0,3,0,3,0
Entando Core: Engine,com.agiletec.aps.system.common.entity.model.attribute,TextAttribute,251,0,34,0,62,0,33,0,16,0
Entando Core: Engine,com.agiletec.aps.system.common.entity.model.attribute,BooleanAttribute,114,0,10,0,34,0,19,0,14,0
Entando Core: Engine,com.agiletec.aps.system.common.entity.model.attribute,JAXBTextAttribute,10,0,0,0,4,0,3,0,3,0
Entando Core: Engine,com.agiletec.aps.system.common.entity.model.attribute,JAXBHypertextAttribute,10,0,0,0,4,0,3,0,3,0
Entando Core: Engine,org.entando.entando.web.entity.validator,EntityManagerValidator,6,0,0,0,3,0,3,0,3,0
Entando Core: Engine,org.entando.entando.web.entity.validator,AbstractEntityTypeValidator,59,0,6,0,11,0,8,0,5,0
Entando Core: Engine,org.entando.entando.web.entity.validator,EntityValidator,100,0,8,0,18,0,9,0,5,0
Entando Core: Engine,org.entando.entando.web.page.model,PageSearchRequest,48,0,0,0,9,0,5,0,5,0
Entando Core: Engine,org.entando.entando.web.page.model,PageRequest,152,0,0,0,37,0,24,0,24,0
Entando Core: Engine,org.entando.entando.web.page.model,WidgetConfigurationRequest,29,0,0,0,11,0,7,0,7,0
Entando Core: Engine,org.entando.entando.web.page.model,PagePositionRequest,46,0,0,0,11,0,8,0,8,0
Entando Core: Engine,org.entando.entando.web.page.model,PageStatusRequest,22,0,0,0,5,0,4,0,4,0
Entando Core: Engine,org.entando.entando.aps.system.services.cache,EntandoCacheManager,49,0,6,0,15,0,9,0,6,0
Entando Core: Engine,org.entando.entando.aps.system.services.cache,ExpressionEvaluator,125,0,4,0,25,0,8,0,6,0
Entando Core: Engine,org.entando.entando.aps.system.services.cache,CustomConcurrentMapCacheFactoryBean,59,0,4,0,18,0,11,0,9,0
Entando Core: Engine,org.entando.entando.aps.system.services.cache,ExpressionEvaluator.CacheExpressionRootObject,46,0,0,0,15,0,7,0,7,0
Entando Core: Engine,org.entando.entando.aps.system.services.cache,CustomConcurrentMapCache,41,0,4,0,14,0,7,0,5,0
Entando Core: Engine,org.entando.entando.aps.system.services.cache,ExpressionEvaluator.LazyParamAwareEvaluationContext,166,0,16,0,39,0,12,0,4,0
Entando Core: Engine,org.entando.entando.aps.system.services.cache,ExternalCachesContainer,10,0,0,0,4,0,3,0,3,0
Entando Core: Engine,org.entando.entando.aps.system.services.cache,CacheInfoManager,794,0,80,0,180,0,70,0,30,0
Entando Core: Engine,org.entando.entando.aps.system.services.i18n.model,JAXBI18nLabel.JAXBLabel,26,0,0,0,11,0,6,0,6,0
Entando Core: Engine,org.entando.entando.aps.system.services.i18n.model,JAXBI18nLabel,90,0,8,0,26,0,11,0,7,0
Entando Core: Engine,com.agiletec.aps.system.services.authorization,AbstractAuthority,17,0,0,0,7,0,5,0,5,0
Entando Core: Engine,com.agiletec.aps.system.services.authorization,AuthorizationService,148,0,4,0,40,0,15,0,13,0
Entando Core: Engine,com.agiletec.aps.system.services.authorization,Authorization,124,0,28,0,22,0,22,0,8,0
Entando Core: Engine,com.agiletec.aps.system.services.authorization,AuthorizationManager,1635,0,332,0,378,0,224,0,58,0
Entando Core: Engine,com.agiletec.aps.system.services.authorization,AuthorizationDAO,360,0,30,0,85,0,29,0,14,0
Entando Core: Engine,com.agiletec.aps.system.services.pagemodel,Frame,260,0,34,0,55,0,37,0,20,0
Entando Core: Engine,com.agiletec.aps.system.services.pagemodel,PageModelDOM,627,0,56,0,147,0,41,0,13,0
Entando Core: Engine,com.agiletec.aps.system.services.pagemodel,PageModel,382,0,48,0,83,0,50,0,26,0
Entando Core: Engine,com.agiletec.aps.system.services.pagemodel,PageModelDAO,406,0,14,0,112,0,21,0,14,0
Entando Core: Engine,com.agiletec.aps.system.services.pagemodel,PageModelManager,325,0,16,0,91,0,24,0,16,0
Entando Core: Engine,com.agiletec.aps.system.services.pagemodel,Frame.JAXBDefaultWidget,64,0,6,0,24,0,10,0,7,0
Entando Core: Engine,com.agiletec.aps.system.services.pagemodel,FrameSketch,44,0,0,0,18,0,10,0,10,0
Entando Core: Engine,org.entando.entando.aps.system.services.userprofile.api.response,UserProfileTypeResponseResult,11,0,0,0,4,0,3,0,3,0
Entando Core: Engine,org.entando.entando.aps.system.services.userprofile.api.response,UserProfileResponse,15,0,0,0,5,0,4,0,4,0
Entando Core: Engine,org.entando.entando.aps.system.services.userprofile.api.response,UserProfileResponseResult,11,0,0,0,4,0,3,0,3,0
Entando Core: Engine,org.entando.entando.aps.system.services.userprofile.api.response,UserProfileTypeResponse,15,0,0,0,5,0,4,0,4,0
Entando Core: Engine,org.entando.entando.aps.system.exception,CSRFProtectionException,9,0,0,0,4,0,2,0,2,0
Entando Core: Engine,org.entando.entando.aps.system.exception,ResourceNotFoundException,65,0,0,0,27,0,12,0,12,0
Entando Core: Engine,org.entando.entando.aps.system.exception,RestServerError,12,0,0,0,5,0,2,0,2,0
Entando Core: Engine,org.entando.entando.aps.system.exception,CacheItemNotFoundException,24,0,0,0,6,0,3,0,3,0
Entando Core: Engine,com.agiletec.aps.system.services.lang,LangManager,191,0,12,0,58,0,22,0,16,0
Entando Core: Engine,com.agiletec.aps.system.services.lang,Lang,34,0,0,0,12,0,8,0,8,0
Entando Core: Engine,com.agiletec.aps.system.services.lang,LangDOM,228,0,12,0,61,0,14,0,8,0
Entando Core: Engine,org.entando.entando.aps.system.services.userpreferences,UserPreferencesManager,27,0,0,0,10,0,6,0,6,0
Entando Core: Engine,org.entando.entando.aps.system.services.userpreferences,UserPreferences,60,0,0,0,14,0,10,0,10,0
Entando Core: Engine,org.entando.entando.aps.system.services.userpreferences,UserPreferencesDAO,283,0,20,0,69,0,16,0,6,0
Entando Core: Engine,org.entando.entando.aps.system.services.userpreferences,UserPreferencesService,143,0,10,0,37,0,10,0,5,0
Entando Core: Engine,org.entando.entando.aps.system.services.oauth2.model,ApiConsumer,176,0,4,0,55,0,25,0,23,0
Entando Core: Engine,org.entando.entando.aps.system.services.oauth2.model,OAuth2AccessTokenImpl,25,0,0,0,11,0,7,0,7,0
Entando Core: Engine,org.entando.entando.aps.system.services.oauth2.model,ConsumerRecordVO,66,0,0,0,28,0,19,0,19,0
Entando Core: Engine,org.entando.entando.web.filebrowser,FileBrowserController,429,0,22,0,87,0,27,0,16,0
Entando Core: Engine,org.entando.entando.aps.system.services.controller.executor,ExecutorBeanContainer,23,0,0,0,10,0,5,0,5,0
Entando Core: Engine,org.entando.entando.aps.system.services.i18n.response,I18nLabelResponseResult,7,0,0,0,2,0,2,0,2,0
Entando Core: Engine,org.entando.entando.aps.system.services.i18n.response,I18nLabelResponse,15,0,0,0,5,0,4,0,4,0
Entando Core: Engine,org.entando.entando.web.role.validator,RoleValidator,71,0,6,0,16,0,8,0,5,0
Entando Core: Engine,org.entando.entando.aps.system.services.user,UserService,774,0,66,0,167,0,69,0,36,0
Entando Core: Engine,org.entando.entando.aps.system.services.dataobject.parse,DataObjectDOM,76,0,8,0,26,0,12,0,8,0
Entando Core: Engine,org.entando.entando.aps.system.services.dataobject.parse,DataTypeDOM,104,0,10,0,27,0,11,0,6,0
Entando Core: Engine,org.entando.entando.aps.system.services.dataobject.parse,DataObjectHandler,230,0,36,0,71,0,34,0,16,0
Entando Core: Engine,org.entando.entando.aps.system.services.dataobjectrenderer,SystemInfoWrapper,202,0,6,0,63,0,14,0,11,0
Entando Core: Engine,org.entando.entando.aps.system.services.dataobjectrenderer,DataObjectWrapper,138,0,14,0,38,0,19,0,12,0
Entando Core: Engine,org.entando.entando.aps.system.services.dataobjectrenderer,BaseDataObjectRenderer,149,0,8,0,40,0,12,0,8,0
Entando Core: Engine,org.entando.entando.aps.system.services.api.server,ApiRestServer,688,0,54,0,147,0,50,0,23,0
Entando Core: Engine,org.entando.entando.aps.system.services.api.server,ApiRestStatusServer.ApiStatus,44,0,0,0,2,0,1,0,1,0
Entando Core: Engine,org.entando.entando.aps.system.services.api.server,ApiRestStatusServer,136,0,4,0,28,0,7,0,5,0
Entando Core: Engine,org.entando.entando.aps.system.services.api.server,ResponseBuilder,1120,0,76,0,235,0,65,0,27,0
Entando Core: Engine,org.entando.entando.web.filebrowser.model,FileBrowserRequest,17,0,0,0,7,0,5,0,5,0
Entando Core: Engine,org.entando.entando.web.filebrowser.model,FileBrowserFileRequest,17,0,0,0,7,0,5,0,5,0
Entando Core: Engine,org.entando.entando.aps.system.services.dataobjectmodel.event,DataObjectModelChangedEvent,24,0,0,0,10,0,7,0,7,0
Entando Core: Engine,org.entando.entando.web.user.model,UserPasswordRequest,36,0,0,0,11,0,8,0,8,0
Entando Core: Engine,org.entando.entando.web.user.model,UserAuthoritiesRequest,24,0,0,0,2,0,3,0,3,0
Entando Core: Engine,org.entando.entando.web.user.model,UserRequest,74,0,0,0,18,0,12,0,12,0
Entando Core: Engine,org.entando.entando.web.user.model,UserAuthority,34,0,0,0,8,0,6,0,6,0
Entando Core: Engine,org.entando.entando.aps.system.services.command,BulkCommandManager,338,0,34,0,84,0,36,0,19,0
Entando Core: Engine,org.entando.entando.aps.system.services.storage,BasicFileAttributeView,94,0,10,0,29,0,17,0,12,0
Entando Core: Engine,org.entando.entando.aps.system.services.storage,StorageManagerUtil,227,0,50,0,67,0,35,0,10,0
Entando Core: Engine,org.entando.entando.aps.system.services.storage,LocalStorageManager,958,0,130,0,202,0,103,0,38,0
Entando Core: Engine,org.entando.entando.aps.system.services.storage,RootFolderAttributeView,20,0,0,0,8,0,3,0,3,0
Entando Core: Engine,org.entando.entando.aps.system.services.storage,FileBrowserService,548,0,26,0,122,0,31,0,18,0
Entando Core: Engine,org.entando.entando.aps.system.services.storage,FileBrowserService.new DtoBuilder() {...},11,0,0,0,2,0,2,0,2,0
Entando Core: Engine,com.agiletec.aps.system.common.renderer,TextAttributeCharReplaceInfo,41,0,0,0,16,0,8,0,8,0
Entando Core: Engine,com.agiletec.aps.system.common.renderer,DefaultVelocityRenderer,145,0,12,0,49,0,18,0,10,0
Entando Core: Engine,com.agiletec.aps.system.common.renderer,EntityWrapper,167,0,6,0,47,0,28,0,25,0
Entando Core: Engine,com.agiletec.aps.system.common.renderer,BaseEntityRenderer,209,0,28,0,59,0,25,0,11,0
Entando Core: Engine,org.entando.entando.web.userpreferences,UserPreferencesController,60,0,0,0,10,0,3,0,3,0
Entando Core: Engine,org.entando.entando.aps.system.services.category.model,CategoryDto,182,0,3,0,43,0,23,0,21,0
Entando Core: Engine,org.entando.entando.aps.system.services.widgettype.validators,NoOpWidgetConfigurationProcessor,23,0,2,0,8,0,5,0,4,0
Entando Core: Engine,org.entando.entando.aps.system.services.widgettype.validators,NoOpWidgetConfigurationValidator,26,0,0,0,6,0,3,0,3,0
Entando Core: Engine,org.entando.entando.aps.system.services.widgettype.validators,WidgetValidatorFactory,29,0,0,0,9,0,4,0,4,0
Entando Core: Engine,org.entando.entando.aps.system.services.widgettype.validators,WidgetProcessorFactory,29,0,0,0,9,0,4,0,4,0
Entando Core: Engine,org.entando.entando.aps.system.services.auth,AbstractAuthorizationService,12,0,0,0,3,0,2,0,2,0
Entando Core: Engine,org.entando.entando.web.label,LabelValidator,32,0,2,0,7,0,6,0,5,0
Entando Core: Engine,org.entando.entando.web.label,LabelController,150,0,2,0,30,0,11,0,10,0
Entando Core: Engine,org.entando.entando.web.label,LabelRequest,9,0,0,0,3,0,3,0,3,0
Entando Core: Engine,com.agiletec.aps.system.services.i18n,I18nManager,344,0,46,0,99,0,45,0,22,0
Entando Core: Engine,com.agiletec.aps.system.services.i18n,I18nManagerWrapper,41,0,4,0,13,0,5,0,3,0
Entando Core: Engine,com.agiletec.aps.system.services.i18n,I18nDAO,318,0,6,0,94,0,12,0,9,0
Entando Core: Engine,org.entando.entando.web.common.exceptions,EntandoAuthorizationException,24,0,0,0,9,0,5,0,5,0
Entando Core: Engine,org.entando.entando.web.common.exceptions,ResourcePermissionsException,35,0,0,0,15,0,7,0,7,0
Entando Core: Engine,org.entando.entando.web.common.exceptions,ValidationGenericException,9,0,0,0,4,0,2,0,2,0
Entando Core: Engine,org.entando.entando.web.common.exceptions,ValidationConflictException,9,0,0,0,4,0,2,0,2,0
Entando Core: Engine,org.entando.entando.web.common.exceptions,EntandoTokenException,6,0,0,0,2,0,1,0,1,0
Entando Core: Engine,org.entando.entando.web.common.exceptions,ValidationUpdateSelfException,9,0,0,0,4,0,2,0,2,0
Entando Core: Engine,com.agiletec.aps.system.common.entity.helper,BaseFilterUtils,363,0,38,0,84,0,28,0,9,0
Entando Core: Engine,com.agiletec.aps.system.common.entity.cache,EntityManagerCacheWrapper,73,0,6,0,18,0,10,0,7,0
Entando Core: Engine,org.entando.entando.web.role.model,RoleRequest,29,0,0,0,11,0,7,0,7,0
Entando Core: Engine,org.entando.entando.aps.system.services.guifragment.api,ApiGuiFragmentInterface,558,0,46,0,128,0,37,0,14,0
Entando Core: Engine,org.entando.entando.aps.system.services.guifragment.api,GuiFragmentResponseResult,7,0,0,0,2,0,2,0,2,0
Entando Core: Engine,org.entando.entando.aps.system.services.guifragment.api,GuiFragmentResponse,15,0,0,0,5,0,4,0,4,0
Entando Core: Engine,org.entando.entando.aps.system.services.guifragment.api,JAXBGuiFragment,102,0,0,0,36,0,15,0,15,0
Entando Core: Engine,com.agiletec.aps.system.common.tree,TreeNode,415,0,42,0,106,0,55,0,34,0
Entando Core: Engine,org.entando.entando.aps.system.services.userprofile.event,ProfileChangedEvent,24,0,0,0,10,0,7,0,7,0
Entando Core: Engine,org.entando.entando.aps.system.common.command.thread,ApsCommandThread,23,0,0,0,11,0,4,0,4,0
Entando Core: Engine,org.entando.entando.web.activitystream,ActivityStreamCommentRequest,17,0,0,0,7,0,5,0,5,0
Entando Core: Engine,org.entando.entando.web.activitystream,ActivityStreamController,172,0,2,0,29,0,11,0,10,0
Entando Core: Engine,org.entando.entando.web.activitystream.valiator,ActivityStreamValidator,33,0,2,0,7,0,6,0,5,0
Entando Core: Engine,org.entando.entando.web.entity,EntityManagerController,70,0,0,0,16,0,7,0,7,0
Entando Core: Engine,org.entando.entando.web.group.model,GroupRequest,17,0,0,0,8,0,5,0,5,0
Entando Core: Engine,org.entando.entando.aps.system.services.entity,AbstractEntityTypeService,1845,0,162,0,398,0,127,0,46,0
Entando Core: Engine,org.entando.entando.aps.system.services.entity,AbstractEntityTypeService.new DtoBuilder() {...},11,0,0,0,2,0,2,0,2,0
Entando Core: Engine,org.entando.entando.aps.system.services.entity,AbstractEntityTypeService.new DtoBuilder() {...},11,0,0,0,2,0,2,0,2,0
Entando Core: Engine,org.entando.entando.aps.system.services.entity,EntityManagerService,123,0,2,0,25,0,13,0,12,0
Entando Core: Engine,org.entando.entando.aps.system.services.entity,AbstractEntityService,628,0,56,0,125,0,43,0,15,0
Entando Core: Engine,org.entando.entando.aps.system.services.entity,AttributeTypeRequestListProcessor,36,0,2,0,8,0,8,0,7,0
Entando Core: Engine,org.entando.entando.aps.system.services.language,LanguageStatusEnum,24,0,0,0,3,0,1,0,1,0
Entando Core: Engine,org.entando.entando.aps.system.services.language,LanguageDto,86,0,3,0,29,0,14,0,12,0
Entando Core: Engine,org.entando.entando.aps.system.services.language,LanguageService,351,0,18,0,64,0,26,0,17,0
Entando Core: Engine,org.entando.entando.aps.system.services.language,LanguageDtoBuilder,31,0,0,0,5,0,5,0,5,0
